#
# There is insufficient memory for the Java Runtime Environment to continue.
# Native memory allocation (malloc) failed to allocate 1277456 bytes for Chunk::new
# Possible reasons:
#   The system is out of physical RAM or swap space
#   The process is running with CompressedOops enabled, and the Java Heap may be blocking the growth of the native heap
# Possible solutions:
#   Reduce memory load on the system
#   Increase physical memory or swap space
#   Check if swap backing store is full
#   Decrease Java heap size (-Xmx/-Xms)
#   Decrease number of Java threads
#   Decrease Java thread stack sizes (-Xss)
#   Set larger code cache with -XX:ReservedCodeCacheSize=
#   JVM is running with Unscaled Compressed Oops mode in which the Java heap is
#     placed in the first 4GB address space. The Java Heap base address is the
#     maximum limit for the native heap growth. Please use -XX:HeapBaseMinAddress
#     to set the Java Heap base and to place the Java Heap above 4GB virtual address.
# This output file may be truncated or incomplete.
#
#  Out of Memory Error (./src/hotspot/share/memory/arena.cpp:197), pid=1556, tid=5536
#
# JRE version: OpenJDK Runtime Environment (11.0.8+10) (build 11.0.8+10-b944.6842174)
# Java VM: OpenJDK 64-Bit Server VM (11.0.8+10-b944.6842174, mixed mode, tiered, compressed oops, g1 gc, windows-amd64)
# No core dump will be written. Minidumps are not enabled by default on client versions of Windows
#

---------------  S U M M A R Y ------------

Command Line: --add-opens=java.base/java.util=ALL-UNNAMED --add-opens=java.base/java.lang=ALL-UNNAMED --add-opens=java.base/java.lang.invoke=ALL-UNNAMED --add-opens=java.prefs/java.util.prefs=ALL-UNNAMED -Xmx2048m -Dfile.encoding=UTF-8 -Duser.country=US -Duser.language=en -Duser.variant org.gradle.launcher.daemon.bootstrap.GradleDaemon 6.7.1

Host: Intel(R) Core(TM) M-5Y10c CPU @ 0.80GHz, 4 cores, 3G,  Windows 10 , 64 bit Build 15063 (10.0.15063.0)
Time: Sun Sep 19 08:42:18 2021 Pacific Daylight Time elapsed time: 142 seconds (0d 0h 2m 22s)

---------------  T H R E A D  ---------------

Current thread (0x000001e06ee42800):  JavaThread "C2 CompilerThread0" daemon [_thread_in_native, id=5536, stack(0x0000005f48100000,0x0000005f48200000)]


Current CompileTask:
C2: 142185 16096   !   4       java.nio.file.FileTreeWalker::visit (204 bytes)

Stack: [0x0000005f48100000,0x0000005f48200000]
Native frames: (J=compiled Java code, j=interpreted, Vv=VM code, C=native code)
V  [jvm.dll+0x5de50a]
V  [jvm.dll+0x7122f5]
V  [jvm.dll+0x71384d]
V  [jvm.dll+0x713f03]
V  [jvm.dll+0x23e728]
V  [jvm.dll+0xb899c]
V  [jvm.dll+0xb8e9c]
V  [jvm.dll+0x35024d]
V  [jvm.dll+0x193cbc]
V  [jvm.dll+0x1f780e]
V  [jvm.dll+0x1f68d4]
V  [jvm.dll+0x17f32c]
V  [jvm.dll+0x205047]
V  [jvm.dll+0x203891]
V  [jvm.dll+0x6dad3f]
V  [jvm.dll+0x6d3895]
V  [jvm.dll+0x5dd4a6]
C  [ucrtbase.dll+0x20369]
C  [KERNEL32.DLL+0x12774]
C  [ntdll.dll+0x70d61]


---------------  P R O C E S S  ---------------

Threads class SMR info:
_java_thread_list=0x000001e07591cbe0, length=50, elements={
0x000001e054aa7800, 0x000001e06e4d9800, 0x000001e06e4db000, 0x000001e06ee40800,
0x000001e06ee41000, 0x000001e06ee42800, 0x000001e06ee47800, 0x000001e06ee4e000,
0x000001e06efa0800, 0x000001e06efba000, 0x000001e07012e800, 0x000001e070998000,
0x000001e07049a800, 0x000001e07049b000, 0x000001e06fdd0800, 0x000001e0705a5800,
0x000001e0705fb800, 0x000001e0705fc000, 0x000001e0705fd800, 0x000001e0705bf800,
0x000001e0705bd000, 0x000001e0705c0000, 0x000001e0705c1000, 0x000001e0705bb800,
0x000001e0705c2000, 0x000001e0705bc000, 0x000001e0705be800, 0x000001e0705c3800,
0x000001e0705c7800, 0x000001e0705c4800, 0x000001e0705ca000, 0x000001e0705c6000,
0x000001e0705c9000, 0x000001e075903000, 0x000001e075904800, 0x000001e075901000,
0x000001e075900800, 0x000001e075905000, 0x000001e075907800, 0x000001e075906000,
0x000001e075907000, 0x000001e075902000, 0x000001e07590b000, 0x000001e07590d800,
0x000001e07590c800, 0x000001e075908800, 0x000001e06fc9e800, 0x000001e06fc9f800,
0x000001e06fca0000, 0x000001e0704c0000
}

Java Threads: ( => current thread )
  0x000001e054aa7800 JavaThread "main" [_thread_blocked, id=6372, stack(0x0000005f47600000,0x0000005f47700000)]
  0x000001e06e4d9800 JavaThread "Reference Handler" daemon [_thread_blocked, id=9304, stack(0x0000005f47d00000,0x0000005f47e00000)]
  0x000001e06e4db000 JavaThread "Finalizer" daemon [_thread_blocked, id=9908, stack(0x0000005f47e00000,0x0000005f47f00000)]
  0x000001e06ee40800 JavaThread "Signal Dispatcher" daemon [_thread_blocked, id=6184, stack(0x0000005f47f00000,0x0000005f48000000)]
  0x000001e06ee41000 JavaThread "Attach Listener" daemon [_thread_blocked, id=4896, stack(0x0000005f48000000,0x0000005f48100000)]
=>0x000001e06ee42800 JavaThread "C2 CompilerThread0" daemon [_thread_in_native, id=5536, stack(0x0000005f48100000,0x0000005f48200000)]
  0x000001e06ee47800 JavaThread "C1 CompilerThread0" daemon [_thread_blocked, id=8480, stack(0x0000005f48200000,0x0000005f48300000)]
  0x000001e06ee4e000 JavaThread "Sweeper thread" daemon [_thread_blocked, id=7488, stack(0x0000005f48300000,0x0000005f48400000)]
  0x000001e06efa0800 JavaThread "Common-Cleaner" daemon [_thread_blocked, id=9620, stack(0x0000005f48400000,0x0000005f48500000)]
  0x000001e06efba000 JavaThread "Service Thread" daemon [_thread_blocked, id=6928, stack(0x0000005f48500000,0x0000005f48600000)]
  0x000001e07012e800 JavaThread "Daemon health stats" [_thread_blocked, id=9104, stack(0x0000005f48a00000,0x0000005f48b00000)]
  0x000001e070998000 JavaThread "Incoming local TCP Connector on port 50173" [_thread_in_native, id=6512, stack(0x0000005f49100000,0x0000005f49200000)]
  0x000001e07049a800 JavaThread "Daemon periodic checks" [_thread_blocked, id=5044, stack(0x0000005f49200000,0x0000005f49300000)]
  0x000001e07049b000 JavaThread "Daemon" [_thread_blocked, id=3812, stack(0x0000005f49300000,0x0000005f49400000)]
  0x000001e06fdd0800 JavaThread "Handler for socket connection from /127.0.0.1:50173 to /127.0.0.1:50174" [_thread_in_native, id=1664, stack(0x0000005f49400000,0x0000005f49500000)]
  0x000001e0705a5800 JavaThread "Cancel handler" [_thread_blocked, id=4644, stack(0x0000005f49500000,0x0000005f49600000)]
  0x000001e0705fb800 JavaThread "Daemon worker" [_thread_in_Java, id=6916, stack(0x0000005f49600000,0x0000005f49700000)]
  0x000001e0705fc000 JavaThread "Asynchronous log dispatcher for DefaultDaemonConnection: socket connection from /127.0.0.1:50173 to /127.0.0.1:50174" [_thread_blocked, id=7980, stack(0x0000005f49700000,0x0000005f49800000)]
  0x000001e0705fd800 JavaThread "Thread-8" [_thread_blocked, id=4520, stack(0x0000005f49900000,0x0000005f49a00000)]
  0x000001e0705bf800 JavaThread "Cache worker for file hash cache (C:\Users\Mirza Sahb\.gradle\caches\6.7.1\fileHashes)" [_thread_blocked, id=2208, stack(0x0000005f49a00000,0x0000005f49b00000)]
  0x000001e0705bd000 JavaThread "File lock request listener" [_thread_in_native, id=2308, stack(0x0000005f49b00000,0x0000005f49c00000)]
  0x000001e0705c0000 JavaThread "Cache worker for journal cache (C:\Users\Mirza Sahb\.gradle\caches\journal-1)" [_thread_blocked, id=3820, stack(0x0000005f49c00000,0x0000005f49d00000)]
  0x000001e0705c1000 JavaThread "Cache worker for file hash cache (F:\setups\Android_Studio_Projects\login_ui_apk\.gradle\6.7.1\fileHashes)" [_thread_blocked, id=2284, stack(0x0000005f49e00000,0x0000005f49f00000)]
  0x000001e0705bb800 JavaThread "Cache worker for checksums cache (F:\setups\Android_Studio_Projects\login_ui_apk\.gradle\checksums)" [_thread_blocked, id=10100, stack(0x0000005f49f00000,0x0000005f4a000000)]
  0x000001e0705c2000 JavaThread "Cache worker for cache directory md-supplier (C:\Users\Mirza Sahb\.gradle\caches\6.7.1\md-supplier)" [_thread_blocked, id=7240, stack(0x0000005f4a000000,0x0000005f4a100000)]
  0x000001e0705bc000 JavaThread "Cache worker for cache directory md-rule (C:\Users\Mirza Sahb\.gradle\caches\6.7.1\md-rule)" [_thread_blocked, id=7008, stack(0x0000005f4a200000,0x0000005f4a300000)]
  0x000001e0705be800 JavaThread "Cache worker for execution history cache (C:\Users\Mirza Sahb\.gradle\caches\6.7.1\executionHistory)" [_thread_blocked, id=9816, stack(0x0000005f4a300000,0x0000005f4a400000)]
  0x000001e0705c3800 JavaThread "Cache worker for file content cache (C:\Users\Mirza Sahb\.gradle\caches\6.7.1\fileContent)" [_thread_blocked, id=5724, stack(0x0000005f4a600000,0x0000005f4a700000)]
  0x000001e0705c7800 JavaThread "Cache worker for Build Output Cleanup Cache (F:\setups\Android_Studio_Projects\login_ui_apk\.gradle\buildOutputCleanup)" [_thread_blocked, id=1012, stack(0x0000005f4a700000,0x0000005f4a800000)]
  0x000001e0705c4800 JavaThread "Build operations" [_thread_blocked, id=4020, stack(0x0000005f4a800000,0x0000005f4a900000)]
  0x000001e0705ca000 JavaThread "Build operations Thread 2" [_thread_blocked, id=5508, stack(0x0000005f4a900000,0x0000005f4aa00000)]
  0x000001e0705c6000 JavaThread "Build operations Thread 3" [_thread_blocked, id=3904, stack(0x0000005f4aa00000,0x0000005f4ab00000)]
  0x000001e0705c9000 JavaThread "Build operations Thread 4" [_thread_blocked, id=6460, stack(0x0000005f4ab00000,0x0000005f4ac00000)]
  0x000001e075903000 JavaThread "Memory manager" [_thread_blocked, id=5764, stack(0x0000005f50d00000,0x0000005f50e00000)]
  0x000001e075904800 JavaThread "build event listener" [_thread_blocked, id=6064, stack(0x0000005f51100000,0x0000005f51200000)]
  0x000001e075901000 JavaThread "build event listener" [_thread_blocked, id=3436, stack(0x0000005f51200000,0x0000005f51300000)]
  0x000001e075900800 JavaThread "Execution worker for ':'" [_thread_blocked, id=2072, stack(0x0000005f51300000,0x0000005f51400000)]
  0x000001e075905000 JavaThread "Execution worker for ':' Thread 2" [_thread_blocked, id=9824, stack(0x0000005f51400000,0x0000005f51500000)]
  0x000001e075907800 JavaThread "Execution worker for ':' Thread 3" [_thread_blocked, id=6380, stack(0x0000005f51500000,0x0000005f51600000)]
  0x000001e075906000 JavaThread "Cache worker for execution history cache (F:\setups\Android_Studio_Projects\login_ui_apk\.gradle\6.7.1\executionHistory)" [_thread_blocked, id=5188, stack(0x0000005f51600000,0x0000005f51700000)]
  0x000001e075907000 JavaThread "WorkerExecutor Queue" [_thread_blocked, id=404, stack(0x0000005f51c00000,0x0000005f51d00000)]
  0x000001e075902000 JavaThread "WorkerExecutor Queue Thread 2" [_thread_blocked, id=7604, stack(0x0000005f51e00000,0x0000005f51f00000)]
  0x000001e07590b000 JavaThread "WorkerExecutor Queue Thread 4" [_thread_blocked, id=7396, stack(0x0000005f52000000,0x0000005f52100000)]
  0x000001e07590d800 JavaThread "pool-4-thread-1" [_thread_blocked, id=7972, stack(0x0000005f52300000,0x0000005f52400000)]
  0x000001e07590c800 JavaThread "stderr" [_thread_in_native, id=7964, stack(0x0000005f52400000,0x0000005f52500000)]
  0x000001e075908800 JavaThread "stdout" [_thread_in_native, id=8856, stack(0x0000005f52500000,0x0000005f52600000)]
  0x000001e06fc9e800 JavaThread "WorkerExecutor Queue Thread 5" [_thread_blocked, id=9064, stack(0x0000005f52700000,0x0000005f52800000)]
  0x000001e06fc9f800 JavaThread "Cache worker for Java compile cache (C:\Users\Mirza Sahb\.gradle\caches\6.7.1\javaCompile)" [_thread_blocked, id=2420, stack(0x0000005f53300000,0x0000005f53400000)]
  0x000001e06fca0000 JavaThread "Cache worker for Java compile cache (F:\setups\Android_Studio_Projects\login_ui_apk\.gradle\6.7.1\javaCompile)" [_thread_blocked, id=3868, stack(0x0000005f53400000,0x0000005f53500000)]
  0x000001e0704c0000 JavaThread "C2 CompilerThread1" daemon [_thread_in_native, id=8756, stack(0x0000005f53600000,0x0000005f53700000)]

Other Threads:
  0x000001e06e4d2800 VMThread "VM Thread" [stack: 0x0000005f47c00000,0x0000005f47d00000] [id=1216]
  0x000001e06efbb000 WatcherThread [stack: 0x0000005f48600000,0x0000005f48700000] [id=8244]
  0x000001e054ac0000 GCTaskThread "GC Thread#0" [stack: 0x0000005f47700000,0x0000005f47800000] [id=7036]
  0x000001e06f2ca000 GCTaskThread "GC Thread#1" [stack: 0x0000005f48800000,0x0000005f48900000] [id=10000]
  0x000001e070378800 GCTaskThread "GC Thread#2" [stack: 0x0000005f48b00000,0x0000005f48c00000] [id=1568]
  0x000001e070961000 GCTaskThread "GC Thread#3" [stack: 0x0000005f48c00000,0x0000005f48d00000] [id=7280]
  0x000001e054af1800 ConcurrentGCThread "G1 Main Marker" [stack: 0x0000005f47800000,0x0000005f47900000] [id=6812]
  0x000001e054af3000 ConcurrentGCThread "G1 Conc#0" [stack: 0x0000005f47900000,0x0000005f47a00000] [id=5080]
  0x000001e054b51000 ConcurrentGCThread "G1 Refine#0" [stack: 0x0000005f47a00000,0x0000005f47b00000] [id=8544]
  0x000001e071a9d800 ConcurrentGCThread "G1 Refine#1" [stack: 0x0000005f51d00000,0x0000005f51e00000] [id=1152]
  0x000001e070fe6000 ConcurrentGCThread "G1 Refine#2" [stack: 0x0000005f52d00000,0x0000005f52e00000] [id=2952]
  0x000001e054b52000 ConcurrentGCThread "G1 Young RemSet Sampling" [stack: 0x0000005f47b00000,0x0000005f47c00000] [id=9564]

Threads with active compile tasks:
C2 CompilerThread0 142358 16096   !   4       java.nio.file.FileTreeWalker::visit (204 bytes)
C2 CompilerThread1 142358 16061   !   4       java.nio.file.FileTreeWalker::next (144 bytes)

VM state:not at safepoint (normal execution)

VM Mutex/Monitor currently owned by a thread: None

Heap address: 0x0000000080000000, size: 2048 MB, Compressed Oops mode: 32-bit
Narrow klass base: 0x0000000000000000, Narrow klass shift: 3
Compressed class space size: 1073741824 Address: 0x0000000100000000

Heap:
 garbage-first heap   total 249856K, used 158287K [0x0000000080000000, 0x0000000100000000)
  region size 1024K, 6 young (6144K), 5 survivors (5120K)
 Metaspace       used 105023K, capacity 107543K, committed 107724K, reserved 1142784K
  class space    used 13303K, capacity 14213K, committed 14336K, reserved 1048576K
Heap Regions: E=young(eden), S=young(survivor), O=old, HS=humongous(starts), HC=humongous(continues), CS=collection set, F=free, A=archive, TAMS=top-at-mark-start (previous, next)
|   0|0x0000000080000000, 0x0000000080100000, 0x0000000080100000|100%| O|  |TAMS 0x0000000080100000, 0x0000000080000000| Untracked 
|   1|0x0000000080100000, 0x0000000080200000, 0x0000000080200000|100%| O|  |TAMS 0x0000000080200000, 0x0000000080100000| Untracked 
|   2|0x0000000080200000, 0x0000000080300000, 0x0000000080300000|100%| O|  |TAMS 0x0000000080300000, 0x0000000080200000| Untracked 
|   3|0x0000000080300000, 0x0000000080400000, 0x0000000080400000|100%|HS|  |TAMS 0x0000000080400000, 0x0000000080300000| Complete 
|   4|0x0000000080400000, 0x0000000080500000, 0x0000000080500000|100%|HC|  |TAMS 0x0000000080500000, 0x0000000080400000| Complete 
|   5|0x0000000080500000, 0x0000000080600000, 0x0000000080600000|100%|HC|  |TAMS 0x0000000080600000, 0x0000000080500000| Complete 
|   6|0x0000000080600000, 0x0000000080700000, 0x0000000080700000|100%| O|  |TAMS 0x0000000080700000, 0x0000000080600000| Untracked 
|   7|0x0000000080700000, 0x0000000080800000, 0x0000000080800000|100%| O|  |TAMS 0x0000000080800000, 0x0000000080700000| Untracked 
|   8|0x0000000080800000, 0x0000000080900000, 0x0000000080900000|100%| O|  |TAMS 0x0000000080900000, 0x0000000080800000| Untracked 
|   9|0x0000000080900000, 0x0000000080a00000, 0x0000000080a00000|100%| O|  |TAMS 0x0000000080a00000, 0x0000000080900000| Untracked 
|  10|0x0000000080a00000, 0x0000000080b00000, 0x0000000080b00000|100%| O|  |TAMS 0x0000000080b00000, 0x0000000080a00000| Untracked 
|  11|0x0000000080b00000, 0x0000000080c00000, 0x0000000080c00000|100%| O|  |TAMS 0x0000000080c00000, 0x0000000080b00000| Untracked 
|  12|0x0000000080c00000, 0x0000000080d00000, 0x0000000080d00000|100%| O|  |TAMS 0x0000000080d00000, 0x0000000080c00000| Untracked 
|  13|0x0000000080d00000, 0x0000000080e00000, 0x0000000080e00000|100%| O|  |TAMS 0x0000000080e00000, 0x0000000080d00000| Untracked 
|  14|0x0000000080e00000, 0x0000000080f00000, 0x0000000080f00000|100%| O|  |TAMS 0x0000000080f00000, 0x0000000080e00000| Untracked 
|  15|0x0000000080f00000, 0x0000000081000000, 0x0000000081000000|100%| O|  |TAMS 0x0000000081000000, 0x0000000080f00000| Untracked 
|  16|0x0000000081000000, 0x0000000081100000, 0x0000000081100000|100%| O|  |TAMS 0x0000000081100000, 0x0000000081000000| Untracked 
|  17|0x0000000081100000, 0x0000000081200000, 0x0000000081200000|100%| O|  |TAMS 0x0000000081200000, 0x0000000081100000| Untracked 
|  18|0x0000000081200000, 0x0000000081300000, 0x0000000081300000|100%| O|  |TAMS 0x0000000081300000, 0x0000000081200000| Untracked 
|  19|0x0000000081300000, 0x0000000081400000, 0x0000000081400000|100%| O|  |TAMS 0x0000000081400000, 0x0000000081300000| Untracked 
|  20|0x0000000081400000, 0x0000000081500000, 0x0000000081500000|100%| O|  |TAMS 0x0000000081500000, 0x0000000081400000| Untracked 
|  21|0x0000000081500000, 0x0000000081600000, 0x0000000081600000|100%| O|  |TAMS 0x0000000081600000, 0x0000000081500000| Untracked 
|  22|0x0000000081600000, 0x0000000081700000, 0x0000000081700000|100%| O|  |TAMS 0x0000000081700000, 0x0000000081600000| Untracked 
|  23|0x0000000081700000, 0x0000000081800000, 0x0000000081800000|100%|HS|  |TAMS 0x0000000081800000, 0x0000000081700000| Complete 
|  24|0x0000000081800000, 0x0000000081900000, 0x0000000081900000|100%|HS|  |TAMS 0x0000000081900000, 0x0000000081800000| Complete 
|  25|0x0000000081900000, 0x0000000081a00000, 0x0000000081a00000|100%|HC|  |TAMS 0x0000000081a00000, 0x0000000081900000| Complete 
|  26|0x0000000081a00000, 0x0000000081b00000, 0x0000000081b00000|100%| O|  |TAMS 0x0000000081b00000, 0x0000000081a00000| Untracked 
|  27|0x0000000081b00000, 0x0000000081c00000, 0x0000000081c00000|100%| O|  |TAMS 0x0000000081c00000, 0x0000000081b00000| Untracked 
|  28|0x0000000081c00000, 0x0000000081d00000, 0x0000000081d00000|100%| O|  |TAMS 0x0000000081d00000, 0x0000000081c00000| Untracked 
|  29|0x0000000081d00000, 0x0000000081e00000, 0x0000000081e00000|100%| O|  |TAMS 0x0000000081e00000, 0x0000000081d00000| Untracked 
|  30|0x0000000081e00000, 0x0000000081f00000, 0x0000000081f00000|100%| O|  |TAMS 0x0000000081f00000, 0x0000000081e00000| Untracked 
|  31|0x0000000081f00000, 0x0000000082000000, 0x0000000082000000|100%| O|  |TAMS 0x0000000082000000, 0x0000000081f00000| Untracked 
|  32|0x0000000082000000, 0x0000000082100000, 0x0000000082100000|100%| O|  |TAMS 0x0000000082100000, 0x0000000082000000| Untracked 
|  33|0x0000000082100000, 0x0000000082200000, 0x0000000082200000|100%| O|  |TAMS 0x0000000082200000, 0x0000000082100000| Untracked 
|  34|0x0000000082200000, 0x0000000082300000, 0x0000000082300000|100%| O|  |TAMS 0x0000000082300000, 0x0000000082200000| Untracked 
|  35|0x0000000082300000, 0x0000000082400000, 0x0000000082400000|100%| O|  |TAMS 0x0000000082400000, 0x0000000082300000| Untracked 
|  36|0x0000000082400000, 0x0000000082500000, 0x0000000082500000|100%| O|  |TAMS 0x0000000082500000, 0x0000000082400000| Untracked 
|  37|0x0000000082500000, 0x0000000082600000, 0x0000000082600000|100%| O|  |TAMS 0x0000000082600000, 0x0000000082500000| Untracked 
|  38|0x0000000082600000, 0x0000000082700000, 0x0000000082700000|100%| O|  |TAMS 0x0000000082700000, 0x0000000082600000| Untracked 
|  39|0x0000000082700000, 0x0000000082800000, 0x0000000082800000|100%| O|  |TAMS 0x0000000082800000, 0x0000000082700000| Untracked 
|  40|0x0000000082800000, 0x0000000082900000, 0x0000000082900000|100%| O|  |TAMS 0x0000000082900000, 0x0000000082800000| Untracked 
|  41|0x0000000082900000, 0x0000000082a00000, 0x0000000082a00000|100%| O|  |TAMS 0x0000000082a00000, 0x0000000082900000| Untracked 
|  42|0x0000000082a00000, 0x0000000082b00000, 0x0000000082b00000|100%| O|  |TAMS 0x0000000082b00000, 0x0000000082a00000| Untracked 
|  43|0x0000000082b00000, 0x0000000082c00000, 0x0000000082c00000|100%| O|  |TAMS 0x0000000082c00000, 0x0000000082b00000| Untracked 
|  44|0x0000000082c00000, 0x0000000082d00000, 0x0000000082d00000|100%| O|  |TAMS 0x0000000082d00000, 0x0000000082c00000| Untracked 
|  45|0x0000000082d00000, 0x0000000082e00000, 0x0000000082e00000|100%| O|  |TAMS 0x0000000082e00000, 0x0000000082d00000| Untracked 
|  46|0x0000000082e00000, 0x0000000082f00000, 0x0000000082f00000|100%| O|  |TAMS 0x0000000082f00000, 0x0000000082e00000| Untracked 
|  47|0x0000000082f00000, 0x0000000083000000, 0x0000000083000000|100%| O|  |TAMS 0x0000000083000000, 0x0000000082f00000| Untracked 
|  48|0x0000000083000000, 0x0000000083100000, 0x0000000083100000|100%| O|  |TAMS 0x0000000083100000, 0x0000000083000000| Untracked 
|  49|0x0000000083100000, 0x0000000083200000, 0x0000000083200000|100%| O|  |TAMS 0x0000000083200000, 0x0000000083100000| Untracked 
|  50|0x0000000083200000, 0x0000000083300000, 0x0000000083300000|100%| O|  |TAMS 0x0000000083300000, 0x0000000083200000| Untracked 
|  51|0x0000000083300000, 0x0000000083400000, 0x0000000083400000|100%| O|  |TAMS 0x0000000083400000, 0x0000000083300000| Untracked 
|  52|0x0000000083400000, 0x0000000083500000, 0x0000000083500000|100%| O|  |TAMS 0x0000000083500000, 0x0000000083400000| Untracked 
|  53|0x0000000083500000, 0x0000000083600000, 0x0000000083600000|100%| O|  |TAMS 0x0000000083600000, 0x0000000083500000| Untracked 
|  54|0x0000000083600000, 0x0000000083700000, 0x0000000083700000|100%| O|  |TAMS 0x0000000083700000, 0x0000000083600000| Untracked 
|  55|0x0000000083700000, 0x0000000083800000, 0x0000000083800000|100%| O|  |TAMS 0x0000000083800000, 0x0000000083700000| Untracked 
|  56|0x0000000083800000, 0x0000000083900000, 0x0000000083900000|100%| O|  |TAMS 0x0000000083900000, 0x0000000083800000| Untracked 
|  57|0x0000000083900000, 0x0000000083a00000, 0x0000000083a00000|100%| O|  |TAMS 0x0000000083a00000, 0x0000000083900000| Untracked 
|  58|0x0000000083a00000, 0x0000000083b00000, 0x0000000083b00000|100%| O|  |TAMS 0x0000000083a00000, 0x0000000083a00000| Untracked 
|  59|0x0000000083b00000, 0x0000000083c00000, 0x0000000083c00000|100%|HS|  |TAMS 0x0000000083c00000, 0x0000000083b00000| Complete 
|  60|0x0000000083c00000, 0x0000000083d00000, 0x0000000083d00000|100%| O|  |TAMS 0x0000000083d00000, 0x0000000083c00000| Untracked 
|  61|0x0000000083d00000, 0x0000000083e00000, 0x0000000083e00000|100%| O|  |TAMS 0x0000000083e00000, 0x0000000083d00000| Untracked 
|  62|0x0000000083e00000, 0x0000000083f00000, 0x0000000083f00000|100%| O|  |TAMS 0x0000000083f00000, 0x0000000083e00000| Untracked 
|  63|0x0000000083f00000, 0x0000000084000000, 0x0000000084000000|100%| O|  |TAMS 0x0000000084000000, 0x0000000083f00000| Untracked 
|  64|0x0000000084000000, 0x0000000084100000, 0x0000000084100000|100%| O|  |TAMS 0x0000000084100000, 0x0000000084000000| Untracked 
|  65|0x0000000084100000, 0x0000000084200000, 0x0000000084200000|100%| O|  |TAMS 0x0000000084200000, 0x0000000084100000| Untracked 
|  66|0x0000000084200000, 0x0000000084300000, 0x0000000084300000|100%| O|  |TAMS 0x0000000084300000, 0x0000000084200000| Untracked 
|  67|0x0000000084300000, 0x0000000084400000, 0x0000000084400000|100%|HS|  |TAMS 0x0000000084400000, 0x0000000084300000| Complete 
|  68|0x0000000084400000, 0x0000000084500000, 0x0000000084500000|100%|HS|  |TAMS 0x0000000084500000, 0x0000000084400000| Complete 
|  69|0x0000000084500000, 0x0000000084600000, 0x0000000084600000|100%|HS|  |TAMS 0x0000000084600000, 0x0000000084500000| Complete 
|  70|0x0000000084600000, 0x0000000084700000, 0x0000000084700000|100%|HS|  |TAMS 0x0000000084700000, 0x0000000084600000| Complete 
|  71|0x0000000084700000, 0x0000000084800000, 0x0000000084800000|100%|HC|  |TAMS 0x0000000084800000, 0x0000000084700000| Complete 
|  72|0x0000000084800000, 0x0000000084900000, 0x0000000084900000|100%|HS|  |TAMS 0x0000000084900000, 0x0000000084800000| Complete 
|  73|0x0000000084900000, 0x0000000084a00000, 0x0000000084a00000|100%|HS|  |TAMS 0x0000000084a00000, 0x0000000084900000| Complete 
|  74|0x0000000084a00000, 0x0000000084b00000, 0x0000000084b00000|100%| O|  |TAMS 0x0000000084b00000, 0x0000000084a00000| Untracked 
|  75|0x0000000084b00000, 0x0000000084c00000, 0x0000000084c00000|100%| O|  |TAMS 0x0000000084c00000, 0x0000000084b00000| Untracked 
|  76|0x0000000084c00000, 0x0000000084d00000, 0x0000000084d00000|100%| O|  |TAMS 0x0000000084c00000, 0x0000000084c00000| Untracked 
|  77|0x0000000084d00000, 0x0000000084e00000, 0x0000000084e00000|100%|HS|  |TAMS 0x0000000084e00000, 0x0000000084d00000| Complete 
|  78|0x0000000084e00000, 0x0000000084f00000, 0x0000000084f00000|100%| O|  |TAMS 0x0000000084f00000, 0x0000000084e00000| Untracked 
|  79|0x0000000084f00000, 0x0000000085000000, 0x0000000085000000|100%| O|  |TAMS 0x0000000085000000, 0x0000000084f00000| Untracked 
|  80|0x0000000085000000, 0x0000000085100000, 0x0000000085100000|100%| O|  |TAMS 0x0000000085100000, 0x0000000085000000| Untracked 
|  81|0x0000000085100000, 0x0000000085200000, 0x0000000085200000|100%|HS|  |TAMS 0x0000000085100000, 0x0000000085100000| Complete 
|  82|0x0000000085200000, 0x0000000085300000, 0x0000000085300000|100%| O|  |TAMS 0x0000000085300000, 0x0000000085200000| Untracked 
|  83|0x0000000085300000, 0x0000000085400000, 0x0000000085400000|100%| O|  |TAMS 0x0000000085400000, 0x0000000085300000| Untracked 
|  84|0x0000000085400000, 0x0000000085500000, 0x0000000085500000|100%| O|  |TAMS 0x0000000085500000, 0x0000000085400000| Untracked 
|  85|0x0000000085500000, 0x0000000085600000, 0x0000000085600000|100%| O|  |TAMS 0x0000000085600000, 0x0000000085500000| Untracked 
|  86|0x0000000085600000, 0x0000000085700000, 0x0000000085700000|100%| O|  |TAMS 0x0000000085700000, 0x0000000085600000| Untracked 
|  87|0x0000000085700000, 0x0000000085800000, 0x0000000085800000|100%| O|  |TAMS 0x0000000085800000, 0x0000000085700000| Untracked 
|  88|0x0000000085800000, 0x0000000085900000, 0x0000000085900000|100%| O|  |TAMS 0x0000000085900000, 0x0000000085800000| Untracked 
|  89|0x0000000085900000, 0x0000000085a00000, 0x0000000085a00000|100%| O|  |TAMS 0x0000000085a00000, 0x0000000085900000| Untracked 
|  90|0x0000000085a00000, 0x0000000085b00000, 0x0000000085b00000|100%| O|  |TAMS 0x0000000085b00000, 0x0000000085a00000| Untracked 
|  91|0x0000000085b00000, 0x0000000085c00000, 0x0000000085c00000|100%| O|  |TAMS 0x0000000085c00000, 0x0000000085b00000| Untracked 
|  92|0x0000000085c00000, 0x0000000085d00000, 0x0000000085d00000|100%| O|  |TAMS 0x0000000085d00000, 0x0000000085c00000| Untracked 
|  93|0x0000000085d00000, 0x0000000085e00000, 0x0000000085e00000|100%| O|  |TAMS 0x0000000085e00000, 0x0000000085d00000| Untracked 
|  94|0x0000000085e00000, 0x0000000085f00000, 0x0000000085f00000|100%| O|  |TAMS 0x0000000085f00000, 0x0000000085e00000| Untracked 
|  95|0x0000000085f00000, 0x0000000086000000, 0x0000000086000000|100%| O|  |TAMS 0x0000000086000000, 0x0000000085f00000| Untracked 
|  96|0x0000000086000000, 0x0000000086100000, 0x0000000086100000|100%| O|  |TAMS 0x0000000086100000, 0x0000000086000000| Untracked 
|  97|0x0000000086100000, 0x0000000086200000, 0x0000000086200000|100%| O|  |TAMS 0x0000000086200000, 0x0000000086100000| Untracked 
|  98|0x0000000086200000, 0x0000000086300000, 0x0000000086300000|100%| O|  |TAMS 0x0000000086300000, 0x0000000086200000| Untracked 
|  99|0x0000000086300000, 0x0000000086400000, 0x0000000086400000|100%| O|  |TAMS 0x0000000086400000, 0x0000000086300000| Untracked 
| 100|0x0000000086400000, 0x0000000086500000, 0x0000000086500000|100%| O|  |TAMS 0x0000000086500000, 0x0000000086400000| Untracked 
| 101|0x0000000086500000, 0x0000000086600000, 0x0000000086600000|100%| O|  |TAMS 0x0000000086600000, 0x0000000086500000| Untracked 
| 102|0x0000000086600000, 0x00000000866ab400, 0x0000000086700000| 66%| O|  |TAMS 0x0000000086600000, 0x0000000086600000| Untracked 
| 103|0x0000000086700000, 0x0000000086800000, 0x0000000086800000|100%| O|  |TAMS 0x0000000086800000, 0x0000000086700000| Untracked 
| 104|0x0000000086800000, 0x0000000086900000, 0x0000000086900000|100%| O|  |TAMS 0x0000000086900000, 0x0000000086800000| Untracked 
| 105|0x0000000086900000, 0x0000000086a00000, 0x0000000086a00000|100%| O|  |TAMS 0x0000000086a00000, 0x0000000086900000| Untracked 
| 106|0x0000000086a00000, 0x0000000086b00000, 0x0000000086b00000|100%| O|  |TAMS 0x0000000086b00000, 0x0000000086a00000| Untracked 
| 107|0x0000000086b00000, 0x0000000086c00000, 0x0000000086c00000|100%| O|  |TAMS 0x0000000086c00000, 0x0000000086b00000| Untracked 
| 108|0x0000000086c00000, 0x0000000086d00000, 0x0000000086d00000|100%| O|  |TAMS 0x0000000086d00000, 0x0000000086c00000| Untracked 
| 109|0x0000000086d00000, 0x0000000086e00000, 0x0000000086e00000|100%| O|  |TAMS 0x0000000086e00000, 0x0000000086d00000| Untracked 
| 110|0x0000000086e00000, 0x0000000086f00000, 0x0000000086f00000|100%| O|  |TAMS 0x0000000086f00000, 0x0000000086e00000| Untracked 
| 111|0x0000000086f00000, 0x0000000087000000, 0x0000000087000000|100%| O|  |TAMS 0x0000000087000000, 0x0000000086f00000| Untracked 
| 112|0x0000000087000000, 0x0000000087100000, 0x0000000087100000|100%| O|  |TAMS 0x0000000087100000, 0x0000000087000000| Untracked 
| 113|0x0000000087100000, 0x0000000087200000, 0x0000000087200000|100%| O|  |TAMS 0x0000000087200000, 0x0000000087100000| Untracked 
| 114|0x0000000087200000, 0x0000000087300000, 0x0000000087300000|100%| O|  |TAMS 0x0000000087300000, 0x0000000087200000| Untracked 
| 115|0x0000000087300000, 0x0000000087400000, 0x0000000087400000|100%| O|  |TAMS 0x0000000087400000, 0x0000000087300000| Untracked 
| 116|0x0000000087400000, 0x0000000087500000, 0x0000000087500000|100%| O|  |TAMS 0x0000000087500000, 0x0000000087400000| Untracked 
| 117|0x0000000087500000, 0x0000000087600000, 0x0000000087600000|100%| O|  |TAMS 0x0000000087600000, 0x0000000087500000| Untracked 
| 118|0x0000000087600000, 0x0000000087700000, 0x0000000087700000|100%| O|  |TAMS 0x0000000087700000, 0x0000000087600000| Untracked 
| 119|0x0000000087700000, 0x0000000087800000, 0x0000000087800000|100%| O|  |TAMS 0x0000000087800000, 0x0000000087700000| Untracked 
| 120|0x0000000087800000, 0x0000000087900000, 0x0000000087900000|100%| O|  |TAMS 0x0000000087900000, 0x0000000087800000| Untracked 
| 121|0x0000000087900000, 0x0000000087a00000, 0x0000000087a00000|100%| O|  |TAMS 0x0000000087a00000, 0x0000000087900000| Untracked 
| 122|0x0000000087a00000, 0x0000000087b00000, 0x0000000087b00000|100%| O|  |TAMS 0x0000000087b00000, 0x0000000087a00000| Untracked 
| 123|0x0000000087b00000, 0x0000000087c00000, 0x0000000087c00000|100%| O|  |TAMS 0x0000000087c00000, 0x0000000087b00000| Untracked 
| 124|0x0000000087c00000, 0x0000000087d00000, 0x0000000087d00000|100%| O|  |TAMS 0x0000000087d00000, 0x0000000087c00000| Untracked 
| 125|0x0000000087d00000, 0x0000000087e00000, 0x0000000087e00000|100%| O|  |TAMS 0x0000000087e00000, 0x0000000087d00000| Untracked 
| 126|0x0000000087e00000, 0x0000000087f00000, 0x0000000087f00000|100%|HS|  |TAMS 0x0000000087e00000, 0x0000000087e00000| Complete 
| 127|0x0000000087f00000, 0x0000000088000000, 0x0000000088000000|100%|HS|  |TAMS 0x0000000087f00000, 0x0000000087f00000| Complete 
| 128|0x0000000088000000, 0x0000000088100000, 0x0000000088100000|100%|HS|  |TAMS 0x0000000088000000, 0x0000000088000000| Complete 
| 129|0x0000000088100000, 0x0000000088200000, 0x0000000088200000|100%|HC|  |TAMS 0x0000000088100000, 0x0000000088100000| Complete 
| 130|0x0000000088200000, 0x0000000088300000, 0x0000000088300000|100%|HC|  |TAMS 0x0000000088200000, 0x0000000088200000| Complete 
| 131|0x0000000088300000, 0x0000000088400000, 0x0000000088400000|100%|HC|  |TAMS 0x0000000088300000, 0x0000000088300000| Complete 
| 132|0x0000000088400000, 0x0000000088500000, 0x0000000088500000|100%|HC|  |TAMS 0x0000000088400000, 0x0000000088400000| Complete 
| 133|0x0000000088500000, 0x0000000088600000, 0x0000000088600000|100%|HC|  |TAMS 0x0000000088500000, 0x0000000088500000| Complete 
| 134|0x0000000088600000, 0x0000000088700000, 0x0000000088700000|100%| O|  |TAMS 0x0000000088600000, 0x0000000088600000| Untracked 
| 135|0x0000000088700000, 0x0000000088800000, 0x0000000088800000|100%| O|  |TAMS 0x0000000088700000, 0x0000000088700000| Untracked 
| 136|0x0000000088800000, 0x0000000088900000, 0x0000000088900000|100%| O|  |TAMS 0x0000000088800000, 0x0000000088800000| Untracked 
| 137|0x0000000088900000, 0x0000000088a00000, 0x0000000088a00000|100%| O|  |TAMS 0x0000000088900000, 0x0000000088900000| Untracked 
| 138|0x0000000088a00000, 0x0000000088b00000, 0x0000000088b00000|100%| O|  |TAMS 0x0000000088a00000, 0x0000000088a00000| Untracked 
| 139|0x0000000088b00000, 0x0000000088c00000, 0x0000000088c00000|100%| O|  |TAMS 0x0000000088b00000, 0x0000000088b00000| Untracked 
| 140|0x0000000088c00000, 0x0000000088d00000, 0x0000000088d00000|100%| O|  |TAMS 0x0000000088c00000, 0x0000000088c00000| Untracked 
| 141|0x0000000088d00000, 0x0000000088e00000, 0x0000000088e00000|100%| O|  |TAMS 0x0000000088d00000, 0x0000000088d00000| Untracked 
| 142|0x0000000088e00000, 0x0000000088f00000, 0x0000000088f00000|100%| O|  |TAMS 0x0000000088e00000, 0x0000000088e00000| Untracked 
| 143|0x0000000088f00000, 0x0000000089000000, 0x0000000089000000|100%| O|  |TAMS 0x0000000088f00000, 0x0000000088f00000| Untracked 
| 144|0x0000000089000000, 0x0000000089100000, 0x0000000089100000|100%| O|  |TAMS 0x0000000089000000, 0x0000000089000000| Untracked 
| 145|0x0000000089100000, 0x0000000089200000, 0x0000000089200000|100%| O|  |TAMS 0x0000000089100000, 0x0000000089100000| Untracked 
| 146|0x0000000089200000, 0x0000000089300000, 0x0000000089300000|100%| O|  |TAMS 0x0000000089200000, 0x0000000089200000| Untracked 
| 147|0x0000000089300000, 0x0000000089400000, 0x0000000089400000|100%| O|  |TAMS 0x0000000089300000, 0x0000000089300000| Untracked 
| 148|0x0000000089400000, 0x0000000089500000, 0x0000000089500000|100%|HS|  |TAMS 0x0000000089400000, 0x0000000089400000| Complete 
| 149|0x0000000089500000, 0x0000000089600000, 0x0000000089600000|100%|HC|  |TAMS 0x0000000089500000, 0x0000000089500000| Complete 
| 150|0x0000000089600000, 0x0000000089600000, 0x0000000089700000|  0%| F|  |TAMS 0x0000000089600000, 0x0000000089600000| Untracked 
| 151|0x0000000089700000, 0x0000000089700000, 0x0000000089800000|  0%| F|  |TAMS 0x0000000089700000, 0x0000000089700000| Untracked 
| 152|0x0000000089800000, 0x0000000089800000, 0x0000000089900000|  0%| F|  |TAMS 0x0000000089800000, 0x0000000089800000| Untracked 
| 153|0x0000000089900000, 0x0000000089900000, 0x0000000089a00000|  0%| F|  |TAMS 0x0000000089900000, 0x0000000089900000| Untracked 
| 154|0x0000000089a00000, 0x0000000089a00000, 0x0000000089b00000|  0%| F|  |TAMS 0x0000000089a00000, 0x0000000089a00000| Untracked 
| 155|0x0000000089b00000, 0x0000000089b00000, 0x0000000089c00000|  0%| F|  |TAMS 0x0000000089b00000, 0x0000000089b00000| Untracked 
| 156|0x0000000089c00000, 0x0000000089c00000, 0x0000000089d00000|  0%| F|  |TAMS 0x0000000089c00000, 0x0000000089c00000| Untracked 
| 157|0x0000000089d00000, 0x0000000089d00000, 0x0000000089e00000|  0%| F|  |TAMS 0x0000000089d00000, 0x0000000089d00000| Untracked 
| 158|0x0000000089e00000, 0x0000000089e00000, 0x0000000089f00000|  0%| F|  |TAMS 0x0000000089e00000, 0x0000000089e00000| Untracked 
| 159|0x0000000089f00000, 0x0000000089f00000, 0x000000008a000000|  0%| F|  |TAMS 0x0000000089f00000, 0x0000000089f00000| Untracked 
| 160|0x000000008a000000, 0x000000008a000000, 0x000000008a100000|  0%| F|  |TAMS 0x000000008a000000, 0x000000008a000000| Untracked 
| 161|0x000000008a100000, 0x000000008a100000, 0x000000008a200000|  0%| F|  |TAMS 0x000000008a100000, 0x000000008a100000| Untracked 
| 162|0x000000008a200000, 0x000000008a200000, 0x000000008a300000|  0%| F|  |TAMS 0x000000008a200000, 0x000000008a200000| Untracked 
| 163|0x000000008a300000, 0x000000008a300000, 0x000000008a400000|  0%| F|  |TAMS 0x000000008a300000, 0x000000008a300000| Untracked 
| 164|0x000000008a400000, 0x000000008a400000, 0x000000008a500000|  0%| F|  |TAMS 0x000000008a400000, 0x000000008a400000| Untracked 
| 165|0x000000008a500000, 0x000000008a500000, 0x000000008a600000|  0%| F|  |TAMS 0x000000008a500000, 0x000000008a500000| Untracked 
| 166|0x000000008a600000, 0x000000008a600000, 0x000000008a700000|  0%| F|  |TAMS 0x000000008a600000, 0x000000008a600000| Untracked 
| 167|0x000000008a700000, 0x000000008a700000, 0x000000008a800000|  0%| F|  |TAMS 0x000000008a700000, 0x000000008a700000| Untracked 
| 168|0x000000008a800000, 0x000000008a800000, 0x000000008a900000|  0%| F|  |TAMS 0x000000008a800000, 0x000000008a800000| Untracked 
| 169|0x000000008a900000, 0x000000008a900000, 0x000000008aa00000|  0%| F|  |TAMS 0x000000008a900000, 0x000000008a900000| Untracked 
| 170|0x000000008aa00000, 0x000000008aa00000, 0x000000008ab00000|  0%| F|  |TAMS 0x000000008aa00000, 0x000000008aa00000| Untracked 
| 171|0x000000008ab00000, 0x000000008ab00000, 0x000000008ac00000|  0%| F|  |TAMS 0x000000008ab00000, 0x000000008ab00000| Untracked 
| 172|0x000000008ac00000, 0x000000008ac00000, 0x000000008ad00000|  0%| F|  |TAMS 0x000000008ac00000, 0x000000008ac00000| Untracked 
| 173|0x000000008ad00000, 0x000000008ad00000, 0x000000008ae00000|  0%| F|  |TAMS 0x000000008ad00000, 0x000000008ad00000| Untracked 
| 174|0x000000008ae00000, 0x000000008ae00000, 0x000000008af00000|  0%| F|  |TAMS 0x000000008ae00000, 0x000000008ae00000| Untracked 
| 175|0x000000008af00000, 0x000000008af00000, 0x000000008b000000|  0%| F|  |TAMS 0x000000008af00000, 0x000000008af00000| Untracked 
| 176|0x000000008b000000, 0x000000008b000000, 0x000000008b100000|  0%| F|  |TAMS 0x000000008b000000, 0x000000008b000000| Untracked 
| 177|0x000000008b100000, 0x000000008b100000, 0x000000008b200000|  0%| F|  |TAMS 0x000000008b100000, 0x000000008b100000| Untracked 
| 178|0x000000008b200000, 0x000000008b200000, 0x000000008b300000|  0%| F|  |TAMS 0x000000008b200000, 0x000000008b200000| Untracked 
| 179|0x000000008b300000, 0x000000008b300000, 0x000000008b400000|  0%| F|  |TAMS 0x000000008b300000, 0x000000008b300000| Untracked 
| 180|0x000000008b400000, 0x000000008b400000, 0x000000008b500000|  0%| F|  |TAMS 0x000000008b400000, 0x000000008b400000| Untracked 
| 181|0x000000008b500000, 0x000000008b500000, 0x000000008b600000|  0%| F|  |TAMS 0x000000008b500000, 0x000000008b500000| Untracked 
| 182|0x000000008b600000, 0x000000008b600000, 0x000000008b700000|  0%| F|  |TAMS 0x000000008b600000, 0x000000008b600000| Untracked 
| 183|0x000000008b700000, 0x000000008b700000, 0x000000008b800000|  0%| F|  |TAMS 0x000000008b700000, 0x000000008b700000| Untracked 
| 184|0x000000008b800000, 0x000000008b800000, 0x000000008b900000|  0%| F|  |TAMS 0x000000008b800000, 0x000000008b800000| Untracked 
| 185|0x000000008b900000, 0x000000008b900000, 0x000000008ba00000|  0%| F|  |TAMS 0x000000008b900000, 0x000000008b900000| Untracked 
| 186|0x000000008ba00000, 0x000000008ba00000, 0x000000008bb00000|  0%| F|  |TAMS 0x000000008ba00000, 0x000000008ba00000| Untracked 
| 187|0x000000008bb00000, 0x000000008bb00000, 0x000000008bc00000|  0%| F|  |TAMS 0x000000008bb00000, 0x000000008bb00000| Untracked 
| 188|0x000000008bc00000, 0x000000008bc00000, 0x000000008bd00000|  0%| F|  |TAMS 0x000000008bc00000, 0x000000008bc00000| Untracked 
| 189|0x000000008bd00000, 0x000000008bd00000, 0x000000008be00000|  0%| F|  |TAMS 0x000000008bd00000, 0x000000008bd00000| Untracked 
| 190|0x000000008be00000, 0x000000008be00000, 0x000000008bf00000|  0%| F|  |TAMS 0x000000008be00000, 0x000000008be00000| Untracked 
| 191|0x000000008bf00000, 0x000000008bf00000, 0x000000008c000000|  0%| F|  |TAMS 0x000000008bf00000, 0x000000008bf00000| Untracked 
| 192|0x000000008c000000, 0x000000008c0e8878, 0x000000008c100000| 90%| S|CS|TAMS 0x000000008c000000, 0x000000008c000000| Complete 
| 193|0x000000008c100000, 0x000000008c200000, 0x000000008c200000|100%| S|CS|TAMS 0x000000008c100000, 0x000000008c100000| Complete 
| 194|0x000000008c200000, 0x000000008c300000, 0x000000008c300000|100%| S|CS|TAMS 0x000000008c200000, 0x000000008c200000| Complete 
| 195|0x000000008c300000, 0x000000008c400000, 0x000000008c400000|100%| S|CS|TAMS 0x000000008c300000, 0x000000008c300000| Complete 
| 196|0x000000008c400000, 0x000000008c500000, 0x000000008c500000|100%| S|CS|TAMS 0x000000008c400000, 0x000000008c400000| Complete 
| 197|0x000000008c500000, 0x000000008c500000, 0x000000008c600000|  0%| F|  |TAMS 0x000000008c500000, 0x000000008c500000| Untracked 
| 198|0x000000008c600000, 0x000000008c600000, 0x000000008c700000|  0%| F|  |TAMS 0x000000008c600000, 0x000000008c600000| Untracked 
| 199|0x000000008c700000, 0x000000008c700000, 0x000000008c800000|  0%| F|  |TAMS 0x000000008c700000, 0x000000008c700000| Untracked 
| 200|0x000000008c800000, 0x000000008c800000, 0x000000008c900000|  0%| F|  |TAMS 0x000000008c800000, 0x000000008c800000| Untracked 
| 201|0x000000008c900000, 0x000000008c900000, 0x000000008ca00000|  0%| F|  |TAMS 0x000000008c900000, 0x000000008c900000| Untracked 
| 202|0x000000008ca00000, 0x000000008ca00000, 0x000000008cb00000|  0%| F|  |TAMS 0x000000008ca00000, 0x000000008ca00000| Untracked 
| 203|0x000000008cb00000, 0x000000008cb00000, 0x000000008cc00000|  0%| F|  |TAMS 0x000000008cb00000, 0x000000008cb00000| Untracked 
| 204|0x000000008cc00000, 0x000000008cc00000, 0x000000008cd00000|  0%| F|  |TAMS 0x000000008cc00000, 0x000000008cc00000| Untracked 
| 205|0x000000008cd00000, 0x000000008cd00000, 0x000000008ce00000|  0%| F|  |TAMS 0x000000008cd00000, 0x000000008cd00000| Untracked 
| 206|0x000000008ce00000, 0x000000008ce00000, 0x000000008cf00000|  0%| F|  |TAMS 0x000000008ce00000, 0x000000008ce00000| Untracked 
| 207|0x000000008cf00000, 0x000000008cf00000, 0x000000008d000000|  0%| F|  |TAMS 0x000000008cf00000, 0x000000008cf00000| Untracked 
| 208|0x000000008d000000, 0x000000008d000000, 0x000000008d100000|  0%| F|  |TAMS 0x000000008d000000, 0x000000008d000000| Untracked 
| 209|0x000000008d100000, 0x000000008d100000, 0x000000008d200000|  0%| F|  |TAMS 0x000000008d100000, 0x000000008d100000| Untracked 
| 210|0x000000008d200000, 0x000000008d200000, 0x000000008d300000|  0%| F|  |TAMS 0x000000008d200000, 0x000000008d200000| Untracked 
| 211|0x000000008d300000, 0x000000008d300000, 0x000000008d400000|  0%| F|  |TAMS 0x000000008d300000, 0x000000008d300000| Untracked 
| 212|0x000000008d400000, 0x000000008d400000, 0x000000008d500000|  0%| F|  |TAMS 0x000000008d400000, 0x000000008d400000| Untracked 
| 213|0x000000008d500000, 0x000000008d500000, 0x000000008d600000|  0%| F|  |TAMS 0x000000008d500000, 0x000000008d500000| Untracked 
| 214|0x000000008d600000, 0x000000008d600000, 0x000000008d700000|  0%| F|  |TAMS 0x000000008d600000, 0x000000008d600000| Untracked 
| 215|0x000000008d700000, 0x000000008d700000, 0x000000008d800000|  0%| F|  |TAMS 0x000000008d700000, 0x000000008d700000| Untracked 
| 216|0x000000008d800000, 0x000000008d800000, 0x000000008d900000|  0%| F|  |TAMS 0x000000008d800000, 0x000000008d800000| Untracked 
| 217|0x000000008d900000, 0x000000008d900000, 0x000000008da00000|  0%| F|  |TAMS 0x000000008d900000, 0x000000008d900000| Untracked 
| 218|0x000000008da00000, 0x000000008da00000, 0x000000008db00000|  0%| F|  |TAMS 0x000000008da00000, 0x000000008da00000| Untracked 
| 219|0x000000008db00000, 0x000000008db00000, 0x000000008dc00000|  0%| F|  |TAMS 0x000000008db00000, 0x000000008db00000| Untracked 
| 220|0x000000008dc00000, 0x000000008dc00000, 0x000000008dd00000|  0%| F|  |TAMS 0x000000008dc00000, 0x000000008dc00000| Untracked 
| 221|0x000000008dd00000, 0x000000008dd00000, 0x000000008de00000|  0%| F|  |TAMS 0x000000008dd00000, 0x000000008dd00000| Untracked 
| 222|0x000000008de00000, 0x000000008de00000, 0x000000008df00000|  0%| F|  |TAMS 0x000000008de00000, 0x000000008de00000| Untracked 
| 223|0x000000008df00000, 0x000000008df00000, 0x000000008e000000|  0%| F|  |TAMS 0x000000008df00000, 0x000000008df00000| Untracked 
| 224|0x000000008e000000, 0x000000008e000000, 0x000000008e100000|  0%| F|  |TAMS 0x000000008e000000, 0x000000008e000000| Untracked 
| 225|0x000000008e100000, 0x000000008e100000, 0x000000008e200000|  0%| F|  |TAMS 0x000000008e100000, 0x000000008e100000| Untracked 
| 226|0x000000008e200000, 0x000000008e200000, 0x000000008e300000|  0%| F|  |TAMS 0x000000008e200000, 0x000000008e200000| Untracked 
| 227|0x000000008e300000, 0x000000008e300000, 0x000000008e400000|  0%| F|  |TAMS 0x000000008e300000, 0x000000008e300000| Untracked 
| 228|0x000000008e400000, 0x000000008e400000, 0x000000008e500000|  0%| F|  |TAMS 0x000000008e400000, 0x000000008e400000| Untracked 
| 229|0x000000008e500000, 0x000000008e500000, 0x000000008e600000|  0%| F|  |TAMS 0x000000008e500000, 0x000000008e500000| Untracked 
| 230|0x000000008e600000, 0x000000008e600000, 0x000000008e700000|  0%| F|  |TAMS 0x000000008e600000, 0x000000008e600000| Untracked 
| 231|0x000000008e700000, 0x000000008e700000, 0x000000008e800000|  0%| F|  |TAMS 0x000000008e700000, 0x000000008e700000| Untracked 
| 232|0x000000008e800000, 0x000000008e800000, 0x000000008e900000|  0%| F|  |TAMS 0x000000008e800000, 0x000000008e800000| Untracked 
| 233|0x000000008e900000, 0x000000008e900000, 0x000000008ea00000|  0%| F|  |TAMS 0x000000008e900000, 0x000000008e900000| Untracked 
| 234|0x000000008ea00000, 0x000000008ea00000, 0x000000008eb00000|  0%| F|  |TAMS 0x000000008ea00000, 0x000000008ea00000| Untracked 
| 235|0x000000008eb00000, 0x000000008eb00000, 0x000000008ec00000|  0%| F|  |TAMS 0x000000008eb00000, 0x000000008eb00000| Untracked 
| 236|0x000000008ec00000, 0x000000008ec00000, 0x000000008ed00000|  0%| F|  |TAMS 0x000000008ec00000, 0x000000008ec00000| Untracked 
| 237|0x000000008ed00000, 0x000000008ed00000, 0x000000008ee00000|  0%| F|  |TAMS 0x000000008ed00000, 0x000000008ed00000| Untracked 
| 238|0x000000008ee00000, 0x000000008ee00000, 0x000000008ef00000|  0%| F|  |TAMS 0x000000008ee00000, 0x000000008ee00000| Untracked 
| 239|0x000000008ef00000, 0x000000008ef00000, 0x000000008f000000|  0%| F|  |TAMS 0x000000008ef00000, 0x000000008ef00000| Untracked 
| 240|0x000000008f000000, 0x000000008f000000, 0x000000008f100000|  0%| F|  |TAMS 0x000000008f000000, 0x000000008f000000| Untracked 
| 241|0x000000008f100000, 0x000000008f100000, 0x000000008f200000|  0%| F|  |TAMS 0x000000008f100000, 0x000000008f100000| Untracked 
| 242|0x000000008f200000, 0x000000008f200000, 0x000000008f300000|  0%| F|  |TAMS 0x000000008f200000, 0x000000008f200000| Untracked 
| 243|0x000000008f300000, 0x000000008f3cf558, 0x000000008f400000| 80%| E|  |TAMS 0x000000008f300000, 0x000000008f300000| Complete 

Card table byte_map: [0x000001e067820000,0x000001e067c20000] _byte_map_base: 0x000001e067420000

Marking Bits (Prev, Next): (CMBitMap*) 0x000001e054ae8ef0, (CMBitMap*) 0x000001e054ae8eb8
 Prev Bits: [0x000001e06a020000, 0x000001e06c020000)
 Next Bits: [0x000001e068020000, 0x000001e06a020000)

Polling page: 0x000001e052960000

Metaspace:

Usage:
  Non-class:     91.14 MB capacity,    89.57 MB ( 98%) used,     1.29 MB (  1%) free+waste,   287.44 KB ( <1%) overhead. 
      Class:     13.88 MB capacity,    12.99 MB ( 94%) used,   780.32 KB (  5%) free+waste,   129.06 KB ( <1%) overhead. 
       Both:    105.02 MB capacity,   102.56 MB ( 98%) used,     2.05 MB (  2%) free+waste,   416.50 KB ( <1%) overhead. 

Virtual space:
  Non-class space:       92.00 MB reserved,      91.20 MB (>99%) committed 
      Class space:        1.00 GB reserved,      14.00 MB (  1%) committed 
             Both:        1.09 GB reserved,     105.20 MB (  9%) committed 

Chunk freelists:
   Non-Class:  58.00 KB
       Class:  0 bytes
        Both:  58.00 KB

MaxMetaspaceSize: 17179869184.00 GB
CompressedClassSpaceSize: 1.00 GB

CodeHeap 'non-profiled nmethods': size=120064Kb used=9224Kb max_used=9224Kb free=110839Kb
 bounds [0x000001e05fee0000, 0x000001e0607f0000, 0x000001e067420000]
CodeHeap 'profiled nmethods': size=120000Kb used=30267Kb max_used=30267Kb free=89732Kb
 bounds [0x000001e0589b0000, 0x000001e05a780000, 0x000001e05fee0000]
CodeHeap 'non-nmethods': size=5696Kb used=2297Kb max_used=2354Kb free=3398Kb
 bounds [0x000001e058420000, 0x000001e058690000, 0x000001e0589b0000]
 total_blobs=15226 nmethods=14319 adapters=818
 compilation: enabled
              stopped_count=0, restarted_count=0
 full_count=0

Compilation events (20 events):
Event: 141.791 Thread 0x000001e06ee47800 16135       3       com.sun.tools.javac.file.CacheFSInfo::getEntry (76 bytes)
Event: 141.794 Thread 0x000001e06ee47800 nmethod 16135 0x000001e059c5ba10 code [0x000001e059c5bca0, 0x000001e059c5c8f8]
Event: 141.794 Thread 0x000001e06ee47800 16136       3       java.util.Collections$SingletonMap::get (20 bytes)
Event: 141.795 Thread 0x000001e06ee47800 nmethod 16136 0x000001e059c24090 code [0x000001e059c24260, 0x000001e059c245a8]
Event: 141.822 Thread 0x000001e06ee47800 16137       3       java.nio.file.Files::newByteChannel (36 bytes)
Event: 141.824 Thread 0x000001e06ee47800 nmethod 16137 0x000001e059c4f890 code [0x000001e059c4fae0, 0x000001e059c50438]
Event: 141.882 Thread 0x000001e06ee47800 16138       3       jdk.nio.zipfs.ZipPath::equals (42 bytes)
Event: 141.884 Thread 0x000001e06ee47800 nmethod 16138 0x000001e059c23890 code [0x000001e059c23a80, 0x000001e059c23fa8]
Event: 141.894 Thread 0x000001e06ee47800 16139       3       java.nio.file.SimpleFileVisitor::postVisitDirectory (15 bytes)
Event: 141.895 Thread 0x000001e06ee47800 nmethod 16139 0x000001e059c37a10 code [0x000001e059c37be0, 0x000001e059c37e88]
Event: 141.937 Thread 0x000001e06ee47800 16140       3       java.util.RegularEnumSet::<init> (12 bytes)
Event: 141.938 Thread 0x000001e06ee47800 nmethod 16140 0x000001e059c38a90 code [0x000001e059c38c60, 0x000001e059c38f98]
Event: 142.035 Thread 0x000001e06ee47800 16141       3       java.util.EnumSet::noneOf (63 bytes)
Event: 142.040 Thread 0x000001e06ee47800 nmethod 16141 0x000001e059c59d10 code [0x000001e059c5a040, 0x000001e059c5b398]
Event: 142.086 Thread 0x000001e06ee47800 16143       3       jdk.nio.zipfs.ZipFileSystem::beginWrite (15 bytes)
Event: 142.088 Thread 0x000001e06ee47800 nmethod 16143 0x000001e059c3a690 code [0x000001e059c3a8a0, 0x000001e059c3adf8]
Event: 142.088 Thread 0x000001e06ee47800 16144       3       java.util.concurrent.locks.ReentrantReadWriteLock$WriteLock::lock (9 bytes)
Event: 142.089 Thread 0x000001e06ee47800 nmethod 16144 0x000001e059c59510 code [0x000001e059c59700, 0x000001e059c59b38]
Event: 142.100 Thread 0x000001e06ee47800 16145       3       java.io.FileDescriptor::setHandle (33 bytes)
Event: 142.101 Thread 0x000001e06ee47800 nmethod 16145 0x000001e059c4ef10 code [0x000001e059c4f0e0, 0x000001e059c4f368]

GC Heap History (20 events):
Event: 102.701 GC heap after
{Heap after GC invocations=44 (full 0):
 garbage-first heap   total 199680K, used 116488K [0x0000000080000000, 0x0000000100000000)
  region size 1024K, 8 young (8192K), 8 survivors (8192K)
 Metaspace       used 93244K, capacity 95466K, committed 95564K, reserved 1132544K
  class space    used 11851K, capacity 12594K, committed 12672K, reserved 1048576K
}
Event: 102.852 GC heap before
{Heap before GC invocations=44 (full 0):
 garbage-first heap   total 199680K, used 117512K [0x0000000080000000, 0x0000000100000000)
  region size 1024K, 9 young (9216K), 8 survivors (8192K)
 Metaspace       used 93246K, capacity 95466K, committed 95564K, reserved 1132544K
  class space    used 11851K, capacity 12594K, committed 12672K, reserved 1048576K
}
Event: 102.957 GC heap after
{Heap after GC invocations=45 (full 0):
 garbage-first heap   total 199680K, used 113444K [0x0000000080000000, 0x0000000100000000)
  region size 1024K, 2 young (2048K), 2 survivors (2048K)
 Metaspace       used 93246K, capacity 95466K, committed 95564K, reserved 1132544K
  class space    used 11851K, capacity 12594K, committed 12672K, reserved 1048576K
}
Event: 105.936 GC heap before
{Heap before GC invocations=45 (full 0):
 garbage-first heap   total 199680K, used 150308K [0x0000000080000000, 0x0000000100000000)
  region size 1024K, 39 young (39936K), 2 survivors (2048K)
 Metaspace       used 95077K, capacity 97408K, committed 97612K, reserved 1134592K
  class space    used 12117K, capacity 12927K, committed 12928K, reserved 1048576K
}
Event: 106.077 GC heap after
{Heap after GC invocations=46 (full 0):
 garbage-first heap   total 199680K, used 129932K [0x0000000080000000, 0x0000000100000000)
  region size 1024K, 5 young (5120K), 5 survivors (5120K)
 Metaspace       used 95077K, capacity 97408K, committed 97612K, reserved 1134592K
  class space    used 12117K, capacity 12927K, committed 12928K, reserved 1048576K
}
Event: 109.945 GC heap before
{Heap before GC invocations=47 (full 0):
 garbage-first heap   total 199680K, used 151436K [0x0000000080000000, 0x0000000100000000)
  region size 1024K, 31 young (31744K), 5 survivors (5120K)
 Metaspace       used 95939K, capacity 98263K, committed 98508K, reserved 1134592K
  class space    used 12222K, capacity 13033K, committed 13056K, reserved 1048576K
}
Event: 110.030 GC heap after
{Heap after GC invocations=48 (full 0):
 garbage-first heap   total 249856K, used 129252K [0x0000000080000000, 0x0000000100000000)
  region size 1024K, 4 young (4096K), 4 survivors (4096K)
 Metaspace       used 95939K, capacity 98263K, committed 98508K, reserved 1134592K
  class space    used 12222K, capacity 13033K, committed 13056K, reserved 1048576K
}
Event: 110.386 GC heap before
{Heap before GC invocations=48 (full 0):
 garbage-first heap   total 249856K, used 137444K [0x0000000080000000, 0x0000000100000000)
  region size 1024K, 12 young (12288K), 4 survivors (4096K)
 Metaspace       used 96001K, capacity 98334K, committed 98508K, reserved 1134592K
  class space    used 12230K, capacity 13035K, committed 13056K, reserved 1048576K
}
Event: 110.440 GC heap after
{Heap after GC invocations=49 (full 0):
 garbage-first heap   total 249856K, used 125808K [0x0000000080000000, 0x0000000100000000)
  region size 1024K, 2 young (2048K), 2 survivors (2048K)
 Metaspace       used 96001K, capacity 98334K, committed 98508K, reserved 1134592K
  class space    used 12230K, capacity 13035K, committed 13056K, reserved 1048576K
}
Event: 116.776 GC heap before
{Heap before GC invocations=49 (full 0):
 garbage-first heap   total 249856K, used 179056K [0x0000000080000000, 0x0000000100000000)
  region size 1024K, 49 young (50176K), 2 survivors (2048K)
 Metaspace       used 96552K, capacity 98976K, committed 99148K, reserved 1134592K
  class space    used 12287K, capacity 13110K, committed 13184K, reserved 1048576K
}
Event: 116.829 GC heap after
{Heap after GC invocations=50 (full 0):
 garbage-first heap   total 249856K, used 135196K [0x0000000080000000, 0x0000000100000000)
  region size 1024K, 7 young (7168K), 7 survivors (7168K)
 Metaspace       used 96552K, capacity 98976K, committed 99148K, reserved 1134592K
  class space    used 12287K, capacity 13110K, committed 13184K, reserved 1048576K
}
Event: 120.602 GC heap before
{Heap before GC invocations=51 (full 0):
 garbage-first heap   total 249856K, used 189868K [0x0000000080000000, 0x0000000100000000)
  region size 1024K, 53 young (54272K), 7 survivors (7168K)
 Metaspace       used 96741K, capacity 99149K, committed 99404K, reserved 1136640K
  class space    used 12300K, capacity 13142K, committed 13184K, reserved 1048576K
}
Event: 120.679 GC heap after
{Heap after GC invocations=52 (full 0):
 garbage-first heap   total 249856K, used 151008K [0x0000000080000000, 0x0000000100000000)
  region size 1024K, 7 young (7168K), 7 survivors (7168K)
 Metaspace       used 96741K, capacity 99149K, committed 99404K, reserved 1136640K
  class space    used 12300K, capacity 13142K, committed 13184K, reserved 1048576K
}
Event: 120.890 GC heap before
{Heap before GC invocations=52 (full 0):
 garbage-first heap   total 249856K, used 156128K [0x0000000080000000, 0x0000000100000000)
  region size 1024K, 12 young (12288K), 7 survivors (7168K)
 Metaspace       used 96746K, capacity 99155K, committed 99404K, reserved 1136640K
  class space    used 12301K, capacity 13143K, committed 13184K, reserved 1048576K
}
Event: 120.949 GC heap after
{Heap after GC invocations=53 (full 0):
 garbage-first heap   total 249856K, used 149353K [0x0000000080000000, 0x0000000100000000)
  region size 1024K, 1 young (1024K), 1 survivors (1024K)
 Metaspace       used 96746K, capacity 99155K, committed 99404K, reserved 1136640K
  class space    used 12301K, capacity 13143K, committed 13184K, reserved 1048576K
}
Event: 124.676 GC heap before
{Heap before GC invocations=53 (full 0):
 garbage-first heap   total 249856K, used 192361K [0x0000000080000000, 0x0000000100000000)
  region size 1024K, 43 young (44032K), 1 survivors (1024K)
 Metaspace       used 97589K, capacity 100046K, committed 100300K, reserved 1136640K
  class space    used 12390K, capacity 13253K, committed 13312K, reserved 1048576K
}
Event: 124.712 GC heap after
{Heap after GC invocations=54 (full 0):
 garbage-first heap   total 249856K, used 152824K [0x0000000080000000, 0x0000000100000000)
  region size 1024K, 5 young (5120K), 5 survivors (5120K)
 Metaspace       used 97589K, capacity 100046K, committed 100300K, reserved 1136640K
  class space    used 12390K, capacity 13253K, committed 13312K, reserved 1048576K
}
Event: 134.414 GC heap before
{Heap before GC invocations=54 (full 0):
 garbage-first heap   total 249856K, used 194808K [0x0000000080000000, 0x0000000100000000)
  region size 1024K, 47 young (48128K), 5 survivors (5120K)
 Metaspace       used 98372K, capacity 100847K, committed 101196K, reserved 1136640K
  class space    used 12447K, capacity 13323K, committed 13440K, reserved 1048576K
}
Event: 134.435 GC heap after
{Heap after GC invocations=55 (full 0):
 garbage-first heap   total 249856K, used 152231K [0x0000000080000000, 0x0000000100000000)
  region size 1024K, 1 young (1024K), 1 survivors (1024K)
 Metaspace       used 98372K, capacity 100847K, committed 101196K, reserved 1136640K
  class space    used 12447K, capacity 13323K, committed 13440K, reserved 1048576K
}
Event: 142.149 GC heap before
{Heap before GC invocations=55 (full 0):
 garbage-first heap   total 249856K, used 200359K [0x0000000080000000, 0x0000000100000000)
  region size 1024K, 47 young (48128K), 1 survivors (1024K)
 Metaspace       used 105023K, capacity 107543K, committed 107724K, reserved 1142784K
  class space    used 13303K, capacity 14213K, committed 14336K, reserved 1048576K
}

Deoptimization events (20 events):
Event: 141.143 Thread 0x000001e0705fb800 Uncommon trap: trap_request=0xffffff4d fr.pc=0x000001e0607dee00 relative=0x0000000000000260
Event: 141.143 Thread 0x000001e0705fb800 Uncommon trap: reason=unstable_if action=reinterpret pc=0x000001e0607dee00 method=jdk.nio.zipfs.ZipPath.<init>(Ljdk/nio/zipfs/ZipFileSystem;[BZ)V @ 20 c2
Event: 141.143 Thread 0x000001e0705fb800 DEOPT PACKING pc=0x000001e0607dee00 sp=0x0000005f496f6be0
Event: 141.143 Thread 0x000001e0705fb800 DEOPT UNPACKING pc=0x000001e0584474af sp=0x0000005f496f6bb0 mode 2
Event: 141.143 Thread 0x000001e0705fb800 Uncommon trap: trap_request=0xffffff4d fr.pc=0x000001e0607d79f4 relative=0x00000000000000d4
Event: 141.143 Thread 0x000001e0705fb800 Uncommon trap: reason=unstable_if action=reinterpret pc=0x000001e0607d79f4 method=jdk.nio.zipfs.ZipConstants.pkSigAt([BIII)Z @ 5 c2
Event: 141.143 Thread 0x000001e0705fb800 DEOPT PACKING pc=0x000001e0607d79f4 sp=0x0000005f496f6a40
Event: 141.143 Thread 0x000001e0705fb800 DEOPT UNPACKING pc=0x000001e0584474af sp=0x0000005f496f69e8 mode 2
Event: 141.144 Thread 0x000001e0705fb800 Uncommon trap: trap_request=0xffffff4d fr.pc=0x000001e0607e17a8 relative=0x00000000000006c8
Event: 141.144 Thread 0x000001e0705fb800 Uncommon trap: reason=unstable_if action=reinterpret pc=0x000001e0607e17a8 method=jdk.nio.zipfs.ZipPath.resolve([B)Ljdk/nio/zipfs/ZipPath; @ 26 c2
Event: 141.144 Thread 0x000001e0705fb800 DEOPT PACKING pc=0x000001e0607e17a8 sp=0x0000005f496f69c0
Event: 141.144 Thread 0x000001e0705fb800 DEOPT UNPACKING pc=0x000001e0584474af sp=0x0000005f496f6928 mode 2
Event: 141.145 Thread 0x000001e0705fb800 Uncommon trap: trap_request=0xffffff4d fr.pc=0x000001e0607e2970 relative=0x0000000000000630
Event: 141.145 Thread 0x000001e0705fb800 Uncommon trap: reason=unstable_if action=reinterpret pc=0x000001e0607e2970 method=jdk.nio.zipfs.ZipPath.resolve([B)Ljdk/nio/zipfs/ZipPath; @ 26 c2
Event: 141.145 Thread 0x000001e0705fb800 DEOPT PACKING pc=0x000001e0607e2970 sp=0x0000005f496f6940
Event: 141.145 Thread 0x000001e0705fb800 DEOPT UNPACKING pc=0x000001e0584474af sp=0x0000005f496f6918 mode 2
Event: 141.145 Thread 0x000001e0705fb800 Uncommon trap: trap_request=0xffffff4d fr.pc=0x000001e0607de774 relative=0x00000000000005b4
Event: 141.145 Thread 0x000001e0705fb800 Uncommon trap: reason=unstable_if action=reinterpret pc=0x000001e0607de774 method=jdk.nio.zipfs.ZipPath.getFileName()Ljdk/nio/zipfs/ZipPath; @ 12 c2
Event: 141.145 Thread 0x000001e0705fb800 DEOPT PACKING pc=0x000001e0607de774 sp=0x0000005f496f6be0
Event: 141.145 Thread 0x000001e0705fb800 DEOPT UNPACKING pc=0x000001e0584474af sp=0x0000005f496f6b98 mode 2

Classes redefined (0 events):
No events

Internal exceptions (20 events):
Event: 105.506 Thread 0x000001e06fca1000 Exception <a 'java/lang/NoSuchMethodError'{0x000000008a5de300}: 'void java.lang.invoke.DirectMethodHandle$Holder.invokeSpecial(java.lang.Object, java.lang.Object, int, java.lang.Object)'> (0x000000008a5de300) thrown at [./src/hotspot/share/interpreter/linkResolver.cpp, line 773]
Event: 107.679 Thread 0x000001e06fc9e800 Exception <a 'java/lang/NoSuchMethodError'{0x000000008bf81668}: 'java.lang.Object java.lang.invoke.DirectMethodHandle$Holder.invokeSpecial(java.lang.Object, java.lang.Object, java.lang.Object, java.lang.Object, java.lang.Object, java.lang.Object, java.lang.Object, java.lang.Object, java.lang.Object, java.lang.Object)'> (0x000000008bf81668) thrown at [./src/hotspot/share/interpreter/linkResolver.cpp, line 773]
Event: 107.680 Thread 0x000001e06fc9e800 Exception <a 'java/lang/NoSuchMethodError'{0x000000008bf898e8}: 'java.lang.Object java.lang.invoke.Invokers$Holder.linkToTargetMethod(java.lang.Object, java.lang.Object, java.lang.Object, java.lang.Object, java.lang.Object, java.lang.Object, java.lang.Object, java.lang.Object, java.lang.Object)'> (0x000000008bf898e8) thrown at [./src/hotspot/share/interpreter/linkResolver.cpp, line 773]
Event: 109.423 Thread 0x000001e07590b000 Exception <a 'java/lang/NoSuchMethodError'{0x000000008ad2c668}: 'java.lang.Object java.lang.invoke.DirectMethodHandle$Holder.invokeVirtual(java.lang.Object, java.lang.Object, int)'> (0x000000008ad2c668) thrown at [./src/hotspot/share/interpreter/linkResolver.cpp, line 773]
Event: 121.249 Thread 0x000001e06fc9f800 Exception <a 'java/lang/NoSuchMethodError'{0x000000008eabb198}: 'void java.lang.invoke.DirectMethodHandle$Holder.invokeVirtual(java.lang.Object, java.lang.Object, int)'> (0x000000008eabb198) thrown at [./src/hotspot/share/interpreter/linkResolver.cpp, line 773]
Event: 124.315 Thread 0x000001e06fc9f800 Exception <a 'sun/nio/fs/WindowsException'{0x000000008cc0e9c0}> (0x000000008cc0e9c0) thrown at [./src/hotspot/share/prims/jni.cpp, line 615]
Event: 124.805 Thread 0x000001e075907000 Exception <a 'sun/nio/fs/WindowsException'{0x000000008f12b890}> (0x000000008f12b890) thrown at [./src/hotspot/share/prims/jni.cpp, line 615]
Event: 124.812 Thread 0x000001e075907000 Exception <a 'sun/nio/fs/WindowsException'{0x000000008f1406e8}> (0x000000008f1406e8) thrown at [./src/hotspot/share/prims/jni.cpp, line 615]
Event: 124.812 Thread 0x000001e075907000 Exception <a 'sun/nio/fs/WindowsException'{0x000000008f1407d0}> (0x000000008f1407d0) thrown at [./src/hotspot/share/prims/jni.cpp, line 615]
Event: 134.697 Thread 0x000001e0705fb800 Exception <a 'sun/nio/fs/WindowsException'{0x000000008ee9a6e8}> (0x000000008ee9a6e8) thrown at [./src/hotspot/share/prims/jni.cpp, line 615]
Event: 134.697 Thread 0x000001e0705fb800 Exception <a 'sun/nio/fs/WindowsException'{0x000000008ee9bdd0}> (0x000000008ee9bdd0) thrown at [./src/hotspot/share/prims/jni.cpp, line 615]
Event: 134.699 Thread 0x000001e0705fb800 Exception <a 'java/lang/NoSuchMethodError'{0x000000008ee9eed0}: 'int java.lang.invoke.DirectMethodHandle$Holder.invokeSpecial(java.lang.Object, java.lang.Object, java.lang.Object, java.lang.Object, java.lang.Object)'> (0x000000008ee9eed0) thrown at [./src/hotspot/share/interpreter/linkResolver.cpp, line 773]
Event: 134.712 Thread 0x000001e0705fb800 Exception <a 'sun/nio/fs/WindowsException'{0x000000008eecc0d8}> (0x000000008eecc0d8) thrown at [./src/hotspot/share/prims/jni.cpp, line 615]
Event: 134.713 Thread 0x000001e0705fb800 Exception <a 'sun/nio/fs/WindowsException'{0x000000008eecd800}> (0x000000008eecd800) thrown at [./src/hotspot/share/prims/jni.cpp, line 615]
Event: 134.714 Thread 0x000001e0705fb800 Exception <a 'sun/nio/fs/WindowsException'{0x000000008eed03b0}> (0x000000008eed03b0) thrown at [./src/hotspot/share/prims/jni.cpp, line 615]
Event: 134.714 Thread 0x000001e0705fb800 Exception <a 'sun/nio/fs/WindowsException'{0x000000008eed1ae8}> (0x000000008eed1ae8) thrown at [./src/hotspot/share/prims/jni.cpp, line 615]
Event: 138.836 Thread 0x000001e0705fb800 Exception <a 'java/lang/NoSuchMethodError'{0x000000008e2a9738}: 'java.lang.Object java.lang.invoke.Invokers$Holder.linkToTargetMethod(java.lang.Object, java.lang.Object, java.lang.Object, int, int, java.lang.Object)'> (0x000000008e2a9738) thrown at [./src/hotspot/share/interpreter/linkResolver.cpp, line 773]
Event: 140.617 Thread 0x000001e0705fb800 Exception <a 'sun/nio/fs/WindowsException'{0x000000008d0bfc70}> (0x000000008d0bfc70) thrown at [./src/hotspot/share/prims/jni.cpp, line 615]
Event: 140.618 Thread 0x000001e0705fb800 Exception <a 'sun/nio/fs/WindowsException'{0x000000008d0bfd58}> (0x000000008d0bfd58) thrown at [./src/hotspot/share/prims/jni.cpp, line 615]
Event: 140.644 Thread 0x000001e0705fb800 Implicit null exception at 0x000001e06064252c to 0x000001e0606426da

Events (20 events):
Event: 140.649 loading class sun/nio/fs/WindowsFileStore
Event: 140.650 loading class sun/nio/fs/WindowsFileStore done
Event: 140.661 loading class java/nio/file/AccessDeniedException
Event: 140.661 loading class java/nio/file/AccessDeniedException done
Event: 140.720 Thread 0x000001e0704c0000 Thread added: 0x000001e0704c0000
Event: 140.783 loading class java/time/DateTimeException
Event: 140.784 loading class java/time/DateTimeException done
Event: 140.784 loading class java/util/regex/PatternSyntaxException
Event: 140.784 loading class java/util/regex/PatternSyntaxException done
Event: 140.789 loading class java/nio/file/SimpleFileVisitor
Event: 140.789 loading class java/nio/file/SimpleFileVisitor done
Event: 140.791 loading class java/nio/file/ClosedDirectoryStreamException
Event: 140.792 loading class java/nio/file/ClosedDirectoryStreamException done
Event: 140.792 loading class java/nio/file/DirectoryIteratorException
Event: 140.792 loading class java/nio/file/DirectoryIteratorException done
Event: 141.153 loading class com/sun/tools/javac/code/Symbol$PackageSymbol
Event: 141.153 loading class com/sun/tools/javac/code/Symbol$PackageSymbol done
Event: 141.154 loading class com/sun/tools/javac/code/ClassFinder
Event: 141.154 loading class com/sun/tools/javac/code/ClassFinder done
Event: 142.149 Executing VM operation: G1CollectForAllocation


Dynamic libraries:
0x00007ff714790000 - 0x00007ff71479a000 	F:\setups\Android Studio\jre\bin\java.exe
0x00007ffc898b0000 - 0x00007ffc89a8b000 	C:\WINDOWS\SYSTEM32\ntdll.dll
0x00007ffc88aa0000 - 0x00007ffc88b4e000 	C:\WINDOWS\System32\KERNEL32.DLL
0x00007ffc85dd0000 - 0x00007ffc86019000 	C:\WINDOWS\System32\KERNELBASE.dll
0x00007ffc861a0000 - 0x00007ffc86296000 	C:\WINDOWS\System32\ucrtbase.dll
0x00007ffc7a830000 - 0x00007ffc7a847000 	F:\setups\Android Studio\jre\bin\VCRUNTIME140.dll
0x00007ffc77a80000 - 0x00007ffc77a99000 	F:\setups\Android Studio\jre\bin\jli.dll
0x00007ffc88510000 - 0x00007ffc8865a000 	C:\WINDOWS\System32\USER32.dll
0x00007ffc86340000 - 0x00007ffc8635e000 	C:\WINDOWS\System32\win32u.dll
0x00007ffc88f10000 - 0x00007ffc88f37000 	C:\WINDOWS\System32\GDI32.dll
0x00007ffc75210000 - 0x00007ffc75477000 	C:\WINDOWS\WinSxS\amd64_microsoft.windows.common-controls_6595b64144ccf1df_6.0.15063.0_none_108e4f62dfe5d999\COMCTL32.dll
0x00007ffc86360000 - 0x00007ffc864e9000 	C:\WINDOWS\System32\gdi32full.dll
0x00007ffc88fc0000 - 0x00007ffc8905d000 	C:\WINDOWS\System32\msvcrt.dll
0x00007ffc862a0000 - 0x00007ffc8633a000 	C:\WINDOWS\System32\msvcp_win.dll
0x00007ffc88b50000 - 0x00007ffc88e49000 	C:\WINDOWS\System32\combase.dll
0x00007ffc89720000 - 0x00007ffc89845000 	C:\WINDOWS\System32\RPCRT4.dll
0x00007ffc86130000 - 0x00007ffc8619a000 	C:\WINDOWS\System32\bcryptPrimitives.dll
0x00007ffc86ee0000 - 0x00007ffc86f0d000 	C:\WINDOWS\System32\IMM32.DLL
0x00007ffc68530000 - 0x00007ffc685cd000 	F:\setups\Android Studio\jre\bin\msvcp140.dll
0x00007ffc58a30000 - 0x00007ffc594ec000 	F:\setups\Android Studio\jre\bin\server\jvm.dll
0x00007ffc88710000 - 0x00007ffc887b1000 	C:\WINDOWS\System32\ADVAPI32.dll
0x00007ffc86f20000 - 0x00007ffc86f79000 	C:\WINDOWS\System32\sechost.dll
0x00007ffc89060000 - 0x00007ffc89068000 	C:\WINDOWS\System32\PSAPI.DLL
0x00007ffc81c30000 - 0x00007ffc81c39000 	C:\WINDOWS\SYSTEM32\WSOCK32.dll
0x00007ffc840d0000 - 0x00007ffc840f3000 	C:\WINDOWS\SYSTEM32\WINMM.dll
0x00007ffc81ff0000 - 0x00007ffc81ffa000 	C:\WINDOWS\SYSTEM32\VERSION.dll
0x00007ffc89270000 - 0x00007ffc892dc000 	C:\WINDOWS\System32\WS2_32.dll
0x00007ffc83e10000 - 0x00007ffc83e3b000 	C:\WINDOWS\SYSTEM32\WINMMBASE.dll
0x00007ffc86dc0000 - 0x00007ffc86e09000 	C:\WINDOWS\System32\cfgmgr32.dll
0x00007ffc85db0000 - 0x00007ffc85dc1000 	C:\WINDOWS\System32\kernel.appcore.dll
0x00007ffc76790000 - 0x00007ffc767a1000 	F:\setups\Android Studio\jre\bin\verify.dll
0x00007ffc79240000 - 0x00007ffc793e9000 	C:\WINDOWS\SYSTEM32\DBGHELP.DLL
0x00007ffc79730000 - 0x00007ffc79759000 	C:\WINDOWS\SYSTEM32\dbgcore.DLL
0x00007ffc76760000 - 0x00007ffc76789000 	F:\setups\Android Studio\jre\bin\java.dll
0x00007ffc781d0000 - 0x00007ffc781db000 	F:\setups\Android Studio\jre\bin\jimage.dll
0x00007ffc76740000 - 0x00007ffc76758000 	F:\setups\Android Studio\jre\bin\zip.dll
0x00007ffc86f80000 - 0x00007ffc883b7000 	C:\WINDOWS\System32\SHELL32.dll
0x00007ffc86e10000 - 0x00007ffc86eba000 	C:\WINDOWS\System32\shcore.dll
0x00007ffc864f0000 - 0x00007ffc86be2000 	C:\WINDOWS\System32\windows.storage.dll
0x00007ffc88a40000 - 0x00007ffc88a91000 	C:\WINDOWS\System32\shlwapi.dll
0x00007ffc85d40000 - 0x00007ffc85d8c000 	C:\WINDOWS\System32\powrprof.dll
0x00007ffc85d20000 - 0x00007ffc85d35000 	C:\WINDOWS\System32\profapi.dll
0x00007ffc710f0000 - 0x00007ffc7110a000 	F:\setups\Android Studio\jre\bin\net.dll
0x00007ffc78d90000 - 0x00007ffc78e67000 	C:\WINDOWS\SYSTEM32\WINHTTP.dll
0x00007ffc855d0000 - 0x00007ffc8562c000 	C:\WINDOWS\system32\mswsock.dll
0x00007ffc710d0000 - 0x00007ffc710e4000 	F:\setups\Android Studio\jre\bin\nio.dll
0x00007ffc810b0000 - 0x00007ffc810d7000 	C:\Users\Mirza Sahb\.gradle\native\fdc75f09e3144964f2cf3f50f0aa648679c211496f362492102eb8c894070792\windows-amd64\native-platform.dll
0x00007ffc60f60000 - 0x00007ffc610f6000 	C:\Users\Mirza Sahb\.gradle\native\12488b8bf47d2d4c9fbf2f6322a914ad602e24e48041cd04a747c6da556b65c4\windows-amd64\native-platform-file-events.dll
0x00007ffc76830000 - 0x00007ffc7683a000 	F:\setups\Android Studio\jre\bin\management.dll
0x00007ffc756c0000 - 0x00007ffc756cc000 	F:\setups\Android Studio\jre\bin\management_ext.dll
0x00007ffc85770000 - 0x00007ffc85787000 	C:\WINDOWS\SYSTEM32\CRYPTSP.dll
0x00007ffc851f0000 - 0x00007ffc85224000 	C:\WINDOWS\system32\rsaenh.dll
0x00007ffc85bf0000 - 0x00007ffc85c15000 	C:\WINDOWS\SYSTEM32\bcrypt.dll
0x00007ffc85c50000 - 0x00007ffc85c79000 	C:\WINDOWS\SYSTEM32\USERENV.dll
0x00007ffc85790000 - 0x00007ffc8579b000 	C:\WINDOWS\SYSTEM32\CRYPTBASE.dll
0x00007ffc85370000 - 0x00007ffc853a7000 	C:\WINDOWS\SYSTEM32\IPHLPAPI.DLL
0x00007ffc86f10000 - 0x00007ffc86f18000 	C:\WINDOWS\System32\NSI.dll
0x00007ffc7a880000 - 0x00007ffc7a896000 	C:\WINDOWS\SYSTEM32\dhcpcsvc6.DLL
0x00007ffc7a860000 - 0x00007ffc7a87a000 	C:\WINDOWS\SYSTEM32\dhcpcsvc.DLL
0x00007ffc7aad0000 - 0x00007ffc7aadb000 	C:\WINDOWS\SYSTEM32\WINNSI.DLL

dbghelp: loaded successfully - version: 4.0.5 - missing functions: none
symbol engine: initialized successfully - sym options: 0x614 - pdb path: .;F:\setups\Android Studio\jre\bin;C:\WINDOWS\SYSTEM32;C:\WINDOWS\WinSxS\amd64_microsoft.windows.common-controls_6595b64144ccf1df_6.0.15063.0_none_108e4f62dfe5d999;F:\setups\Android Studio\jre\bin\server;C:\Users\Mirza Sahb\.gradle\native\fdc75f09e3144964f2cf3f50f0aa648679c211496f362492102eb8c894070792\windows-amd64;C:\Users\Mirza Sahb\.gradle\native\12488b8bf47d2d4c9fbf2f6322a914ad602e24e48041cd04a747c6da556b65c4\windows-amd64

VM Arguments:
jvm_args: --add-opens=java.base/java.util=ALL-UNNAMED --add-opens=java.base/java.lang=ALL-UNNAMED --add-opens=java.base/java.lang.invoke=ALL-UNNAMED --add-opens=java.prefs/java.util.prefs=ALL-UNNAMED -Xmx2048m -Dfile.encoding=UTF-8 -Duser.country=US -Duser.language=en -Duser.variant 
java_command: org.gradle.launcher.daemon.bootstrap.GradleDaemon 6.7.1
java_class_path (initial): C:\Users\Mirza Sahb\.gradle\wrapper\dists\gradle-6.7.1-bin\bwlcbys1h7rz3272sye1xwiv6\gradle-6.7.1\lib\gradle-launcher-6.7.1.jar
Launcher Type: SUN_STANDARD

[Global flags]
     intx CICompilerCount                          = 3                                         {product} {ergonomic}
     uint ConcGCThreads                            = 1                                         {product} {ergonomic}
     uint G1ConcRefinementThreads                  = 4                                         {product} {ergonomic}
   size_t G1HeapRegionSize                         = 1048576                                   {product} {ergonomic}
    uintx GCDrainStackTargetSize                   = 64                                        {product} {ergonomic}
   size_t InitialHeapSize                          = 67108864                                  {product} {ergonomic}
   size_t MarkStackSize                            = 4194304                                   {product} {ergonomic}
   size_t MaxHeapSize                              = 2147483648                                {product} {command line}
   size_t MaxNewSize                               = 1287651328                                {product} {ergonomic}
   size_t MinHeapDeltaBytes                        = 1048576                                   {product} {ergonomic}
    uintx NonNMethodCodeHeapSize                   = 5830732                                {pd product} {ergonomic}
    uintx NonProfiledCodeHeapSize                  = 122913754                              {pd product} {ergonomic}
    uintx ProfiledCodeHeapSize                     = 122913754                              {pd product} {ergonomic}
    uintx ReservedCodeCacheSize                    = 251658240                              {pd product} {ergonomic}
     bool SegmentedCodeCache                       = true                                      {product} {ergonomic}
     bool UseCompressedClassPointers               = true                                 {lp64_product} {ergonomic}
     bool UseCompressedOops                        = true                                 {lp64_product} {ergonomic}
     bool UseG1GC                                  = true                                      {product} {ergonomic}
     bool UseLargePagesIndividualAllocation        = false                                  {pd product} {ergonomic}

Logging:
Log output configuration:
 #0: stdout all=warning uptime,level,tags
 #1: stderr all=off uptime,level,tags

Environment Variables:
JAVA_HOME=D:\setups\Java\JRE
PATH=C:\Program Files (x86)\Common Files\Oracle\Java\javapath;C:\WINDOWS\system32;C:\WINDOWS;C:\WINDOWS\System32\Wbem;C:\WINDOWS\System32\WindowsPowerShell\v1.0\;C:\Program Files\nodejs\;C:\Users\Mirza Sahb\AppData\Local\Microsoft\WindowsApps;D:\setups\flutter\bin;C:\Users\Mirza Sahb\AppData\Local\Android\Sdk\platform-tools;C:\Users\Mirza Sahb\AppData\Roaming\npm
USERNAME=Mirza Sahb
OS=Windows_NT
PROCESSOR_IDENTIFIER=Intel64 Family 6 Model 61 Stepping 4, GenuineIntel



---------------  S Y S T E M  ---------------

OS: Windows 10 , 64 bit Build 15063 (10.0.15063.0)
OS uptime: 0 days 2:46 hours

CPU:total 4 (initial active 4) (2 cores per cpu, 2 threads per core) family 6 model 61 stepping 4, cmov, cx8, fxsr, mmx, sse, sse2, sse3, ssse3, sse4.1, sse4.2, popcnt, avx, avx2, aes, clmul, erms, 3dnowpref, lzcnt, ht, tsc, tscinvbit, bmi1, bmi2, adx, fma

Memory: 4k page, system-wide physical 4011M (434M free)
TotalPageFile size 5319M (AvailPageFile size 5M)
current process WorkingSet (physical memory assigned to process): 529M, peak: 535M
current process commit charge ("private bytes"): 565M, peak: 566M

vm_info: OpenJDK 64-Bit Server VM (11.0.8+10-b944.6842174) for windows-amd64 JRE (11.0.8+10-b944.6842174), built on Sep 19 2020 01:11:42 by "builder" with MS VC++ 14.0 (VS2015)

END.
