#
# There is insufficient memory for the Java Runtime Environment to continue.
# Native memory allocation (mmap) failed to map 170917888 bytes for Failed to commit area from 0x0000000093600000 to 0x000000009d900000 of length 170917888.
# Possible reasons:
#   The system is out of physical RAM or swap space
#   The process is running with CompressedOops enabled, and the Java Heap may be blocking the growth of the native heap
# Possible solutions:
#   Reduce memory load on the system
#   Increase physical memory or swap space
#   Check if swap backing store is full
#   Decrease Java heap size (-Xmx/-Xms)
#   Decrease number of Java threads
#   Decrease Java thread stack sizes (-Xss)
#   Set larger code cache with -XX:ReservedCodeCacheSize=
#   JVM is running with Unscaled Compressed Oops mode in which the Java heap is
#     placed in the first 4GB address space. The Java Heap base address is the
#     maximum limit for the native heap growth. Please use -XX:HeapBaseMinAddress
#     to set the Java Heap base and to place the Java Heap above 4GB virtual address.
# This output file may be truncated or incomplete.
#
#  Out of Memory Error (./src/hotspot/os/windows/os_windows.cpp:3303), pid=1004, tid=8020
#
# JRE version: OpenJDK Runtime Environment (11.0.8+10) (build 11.0.8+10-b944.6842174)
# Java VM: OpenJDK 64-Bit Server VM (11.0.8+10-b944.6842174, mixed mode, tiered, compressed oops, g1 gc, windows-amd64)
# No core dump will be written. Minidumps are not enabled by default on client versions of Windows
#

---------------  S U M M A R Y ------------

Command Line: --add-opens=java.base/java.util=ALL-UNNAMED --add-opens=java.base/java.lang=ALL-UNNAMED --add-opens=java.base/java.lang.invoke=ALL-UNNAMED --add-opens=java.prefs/java.util.prefs=ALL-UNNAMED -Xmx2048m -Dfile.encoding=UTF-8 -Duser.country=US -Duser.language=en -Duser.variant org.gradle.launcher.daemon.bootstrap.GradleDaemon 6.7.1

Host: Intel(R) Core(TM) M-5Y10c CPU @ 0.80GHz, 4 cores, 3G,  Windows 10 , 64 bit Build 15063 (10.0.15063.0)
Time: Sat Oct 30 09:15:25 2021 Pacific Daylight Time elapsed time: 10284 seconds (0d 2h 51m 24s)

---------------  T H R E A D  ---------------

Current thread (0x0000019b7ef07800):  VMThread "VM Thread" [stack: 0x0000002f48100000,0x0000002f48200000] [id=8020]

Stack: [0x0000002f48100000,0x0000002f48200000]
[error occurred during error reporting (printing stack bounds), id 0xc0000005, EXCEPTION_ACCESS_VIOLATION (0xc0000005) at pc=0x0000019b038a0dad]

Native frames: (J=compiled Java code, j=interpreted, Vv=VM code, C=native code)
V  [jvm.dll+0x5de50a]
V  [jvm.dll+0x7122f5]
V  [jvm.dll+0x71384d]
V  [jvm.dll+0x713e65]
V  [jvm.dll+0x713e1b]
V  [jvm.dll+0x5dd958]
V  [jvm.dll+0x5de0f8]
C  [ntdll.dll+0xaa08d]
C  [ntdll.dll+0x19c58]
C  [ntdll.dll+0xa910e]
C  0x0000019b038a0dad

VM_Operation (0x0000002fbaefa670): G1CollectForAllocation, mode: safepoint, requested by thread 0x0000019b1e10e800


---------------  P R O C E S S  ---------------

Threads class SMR info:
_java_thread_list=0x0000019b1a14cab0, length=144, elements={
0x0000019b7dd76000, 0x0000019b7ef09800, 0x0000019b7ef0b000, 0x0000019b7f870800,
0x0000019b7f871800, 0x0000019b7f872800, 0x0000019b7f876000, 0x0000019b7ef62800,
0x0000019b7f9d8000, 0x0000019b7f9e4000, 0x0000019b190a8800, 0x0000019b19a41800,
0x0000019b19849800, 0x0000019b18cb6000, 0x0000019b18cb3800, 0x0000019b18cb6800,
0x0000019b18cb4800, 0x0000019b18c62000, 0x0000019b1ad36800, 0x0000019b2014c000,
0x0000019b1e10c800, 0x0000019b1e108800, 0x0000019b1e105800, 0x0000019b1e104000,
0x0000019b1e108000, 0x0000019b1e106000, 0x0000019b1e109800, 0x0000019b1e10a800,
0x0000019b1e104800, 0x0000019b1e110000, 0x0000019b1e10d800, 0x0000019b1e111000,
0x0000019b1e10c000, 0x0000019b1e10e800, 0x0000019b1e10b000, 0x0000019b1e111800,
0x0000019b1e10f000, 0x0000019b1ae54800, 0x0000019b1ae54000, 0x0000019b1ae57000,
0x0000019b1ae51800, 0x0000019b1ae55800, 0x0000019b1ae58000, 0x0000019b1ae56800,
0x0000019b1ae52000, 0x0000019b1ae53000, 0x0000019b1ae5d800, 0x0000019b1ae5d000,
0x0000019b1ae59800, 0x0000019b1ae5c000, 0x0000019b1ae60000, 0x0000019b1ae5a800,
0x0000019b1ae5e800, 0x0000019b1ae5b000, 0x0000019b1ae5f800, 0x0000019b2014d000,
0x0000019b2014b800, 0x0000019b2014e000, 0x0000019b20149000, 0x0000019b2014f800,
0x0000019b2014e800, 0x0000019b2014a800, 0x0000019b20149800, 0x0000019b20150000,
0x0000019b20157000, 0x0000019b20156000, 0x0000019b20155000, 0x0000019b20152000,
0x0000019b20153800, 0x0000019b20154800, 0x0000019b20152800, 0x0000019b20151000,
0x0000019b20157800, 0x0000019b2621b000, 0x0000019b26215000, 0x0000019b26217000,
0x0000019b26219800, 0x0000019b26216000, 0x0000019b2621c800, 0x0000019b2621c000,
0x0000019b26218800, 0x0000019b2621d800, 0x0000019b26217800, 0x0000019b26221800,
0x0000019b26220800, 0x0000019b26222800, 0x0000019b2621e000, 0x0000019b2621f000,
0x0000019b26220000, 0x0000019b26223000, 0x0000019b26224000, 0x0000019b1e3f7800,
0x0000019b1e3f8800, 0x0000019b1e3fb800, 0x0000019b1e3f9000, 0x0000019b1e3fa000,
0x0000019b1e3fb000, 0x0000019b1e3f6000, 0x0000019b1e3fc800, 0x0000019b1e3f6800,
0x0000019b1e3ff000, 0x0000019b1e3ff800, 0x0000019b1e400800, 0x0000019b1e403000,
0x0000019b1e3fd000, 0x0000019b1e401800, 0x0000019b1e403800, 0x0000019b1e3fe000,
0x0000019b1e404800, 0x0000019b1e2e3000, 0x0000019b1e2e4000, 0x0000019b1e2e5800,
0x0000019b1e2e0800, 0x0000019b1e2e1800, 0x0000019b1e2e0000, 0x0000019b1e2e6800,
0x0000019b1e2e7000, 0x0000019b1e2e8000, 0x0000019b1e2e2800, 0x0000019b1e2e9000,
0x0000019b1e2e9800, 0x0000019b1e2ea800, 0x0000019b1e2e4800, 0x0000019b1e2eb800,
0x0000019b1e2ec000, 0x0000019b1e2ed800, 0x0000019b1e2ee800, 0x0000019b1ad32800,
0x0000019b1ad2f000, 0x0000019b1ad30000, 0x0000019b1ad2e000, 0x0000019b1ad35000,
0x0000019b1ad30800, 0x0000019b1ad35800, 0x0000019b1ad33000, 0x0000019b1ad34000,
0x0000019b1ad37000, 0x0000019b1ad31800, 0x0000019b1ad38000, 0x0000019b1ad39000,
0x0000019b1ad3a800, 0x0000019b1ad39800, 0x0000019b1ad3b800, 0x0000019b18c63800
}

Java Threads: ( => current thread )
  0x0000019b7dd76000 JavaThread "main" [_thread_blocked, id=8676, stack(0x0000002f47b00000,0x0000002f47c00000)]
  0x0000019b7ef09800 JavaThread "Reference Handler" daemon [_thread_blocked, id=6264, stack(0x0000002f48200000,0x0000002f48300000)]
  0x0000019b7ef0b000 JavaThread "Finalizer" daemon [_thread_blocked, id=7392, stack(0x0000002f48300000,0x0000002f48400000)]
  0x0000019b7f870800 JavaThread "Signal Dispatcher" daemon [_thread_blocked, id=6812, stack(0x0000002f48400000,0x0000002f48500000)]
  0x0000019b7f871800 JavaThread "Attach Listener" daemon [_thread_blocked, id=1080, stack(0x0000002f48500000,0x0000002f48600000)]
  0x0000019b7f872800 JavaThread "C2 CompilerThread0" daemon [_thread_blocked, id=1916, stack(0x0000002f48600000,0x0000002f48700000)]
  0x0000019b7f876000 JavaThread "C1 CompilerThread0" daemon [_thread_blocked, id=8892, stack(0x0000002f48700000,0x0000002f48800000)]
  0x0000019b7ef62800 JavaThread "Sweeper thread" daemon [_thread_blocked, id=196, stack(0x0000002f48800000,0x0000002f48900000)]
  0x0000019b7f9d8000 JavaThread "Common-Cleaner" daemon [_thread_blocked, id=10872, stack(0x0000002f48900000,0x0000002f48a00000)]
  0x0000019b7f9e4000 JavaThread "Service Thread" daemon [_thread_blocked, id=11112, stack(0x0000002f48a00000,0x0000002f48b00000)]
  0x0000019b190a8800 JavaThread "Daemon health stats" [_thread_blocked, id=8504, stack(0x0000002f48f00000,0x0000002f49000000)]
  0x0000019b19a41800 JavaThread "Incoming local TCP Connector on port 63683" [_thread_in_native, id=8336, stack(0x0000002f49400000,0x0000002f49500000)]
  0x0000019b19849800 JavaThread "Daemon periodic checks" [_thread_blocked, id=5896, stack(0x0000002f49500000,0x0000002f49600000)]
  0x0000019b18cb6000 JavaThread "Cache worker for file hash cache (C:\Users\Mirza Sahb\.gradle\caches\6.7.1\fileHashes)" [_thread_blocked, id=1064, stack(0x0000002f49d00000,0x0000002f49e00000)]
  0x0000019b18cb3800 JavaThread "File lock request listener" [_thread_in_native, id=1832, stack(0x0000002f49e00000,0x0000002f49f00000)]
  0x0000019b18cb6800 JavaThread "Cache worker for journal cache (C:\Users\Mirza Sahb\.gradle\caches\journal-1)" [_thread_blocked, id=11088, stack(0x0000002f49f00000,0x0000002f4a000000)]
  0x0000019b18cb4800 JavaThread "Cache worker for execution history cache (C:\Users\Mirza Sahb\.gradle\caches\6.7.1\executionHistory)" [_thread_blocked, id=8744, stack(0x0000002f4a500000,0x0000002f4a600000)]
  0x0000019b18c62000 JavaThread "Cache worker for file content cache (C:\Users\Mirza Sahb\.gradle\caches\6.7.1\fileContent)" [_thread_blocked, id=8204, stack(0x0000002f4a800000,0x0000002f4a900000)]
  0x0000019b1ad36800 JavaThread "Memory manager" [_thread_blocked, id=8104, stack(0x0000002f51200000,0x0000002f51300000)]
  0x0000019b2014c000 JavaThread "Cache worker for Java compile cache (C:\Users\Mirza Sahb\.gradle\caches\6.7.1\javaCompile)" [_thread_blocked, id=7324, stack(0x0000002f52600000,0x0000002f52700000)]
  0x0000019b1e10c800 JavaThread "ForkJoinPool.commonPool-worker-7" daemon [_thread_blocked, id=8356, stack(0x0000002f8db00000,0x0000002f8dc00000)]
  0x0000019b1e108800 JavaThread "Daemon Thread 21" [_thread_blocked, id=4144, stack(0x0000002fba200000,0x0000002fba300000)]
  0x0000019b1e105800 JavaThread "Handler for socket connection from /127.0.0.1:63683 to /127.0.0.1:65371" [_thread_in_native, id=8984, stack(0x0000002fba300000,0x0000002fba400000)]
  0x0000019b1e104000 JavaThread "Cancel handler" [_thread_blocked, id=7916, stack(0x0000002fba400000,0x0000002fba500000)]
  0x0000019b1e108000 JavaThread "Daemon worker Thread 19" [_thread_blocked, id=6940, stack(0x0000002fba500000,0x0000002fba600000)]
  0x0000019b1e106000 JavaThread "Asynchronous log dispatcher for DefaultDaemonConnection: socket connection from /127.0.0.1:63683 to /127.0.0.1:65371" [_thread_blocked, id=8628, stack(0x0000002fba600000,0x0000002fba700000)]
  0x0000019b1e109800 JavaThread "Stdin handler" [_thread_blocked, id=7080, stack(0x0000002fba700000,0x0000002fba800000)]
  0x0000019b1e10a800 JavaThread "Thread-2724" [_thread_blocked, id=10800, stack(0x0000002fba800000,0x0000002fba900000)]
  0x0000019b1e104800 JavaThread "Cache worker for file hash cache (F:\setups\Android_Studio_Projects\covid19_registration_apk\.gradle\6.7.1\fileHashes)" [_thread_blocked, id=7016, stack(0x0000002fba900000,0x0000002fbaa00000)]
  0x0000019b1e110000 JavaThread "Cache worker for checksums cache (F:\setups\Android_Studio_Projects\covid19_registration_apk\.gradle\checksums)" [_thread_blocked, id=9008, stack(0x0000002fbaa00000,0x0000002fbab00000)]
  0x0000019b1e10d800 JavaThread "Cache worker for cache directory md-supplier (C:\Users\Mirza Sahb\.gradle\caches\6.7.1\md-supplier)" [_thread_blocked, id=4632, stack(0x0000002fbab00000,0x0000002fbac00000)]
  0x0000019b1e111000 JavaThread "Cache worker for cache directory md-rule (C:\Users\Mirza Sahb\.gradle\caches\6.7.1\md-rule)" [_thread_blocked, id=2108, stack(0x0000002fbac00000,0x0000002fbad00000)]
  0x0000019b1e10c000 JavaThread "Cache worker for Build Output Cleanup Cache (F:\setups\Android_Studio_Projects\covid19_registration_apk\.gradle\buildOutputCleanup)" [_thread_blocked, id=6700, stack(0x0000002fbad00000,0x0000002fbae00000)]
  0x0000019b1e10e800 JavaThread "Build operations" [_thread_blocked, id=1996, stack(0x0000002fbae00000,0x0000002fbaf00000)]
  0x0000019b1e10b000 JavaThread "Build operations Thread 2" [_thread_blocked, id=5792, stack(0x0000002fbaf00000,0x0000002fbb000000)]
  0x0000019b1e111800 JavaThread "Build operations Thread 3" [_thread_blocked, id=5516, stack(0x0000002fbb000000,0x0000002fbb100000)]
  0x0000019b1e10f000 JavaThread "Build operations Thread 4" [_thread_blocked, id=9524, stack(0x0000002fbb100000,0x0000002fbb200000)]
  0x0000019b1ae54800 JavaThread "jar transforms Thread 1949" [_thread_blocked, id=9816, stack(0x0000002fbb200000,0x0000002fbb300000)]
  0x0000019b1ae54000 JavaThread "jar transforms Thread 1950" [_thread_blocked, id=6852, stack(0x0000002fbb300000,0x0000002fbb400000)]
  0x0000019b1ae57000 JavaThread "jar transforms Thread 1951" [_thread_blocked, id=1828, stack(0x0000002fbb400000,0x0000002fbb500000)]
  0x0000019b1ae51800 JavaThread "jar transforms Thread 1952" [_thread_blocked, id=10656, stack(0x0000002fbb500000,0x0000002fbb600000)]
  0x0000019b1ae55800 JavaThread "jar transforms Thread 1953" [_thread_blocked, id=4972, stack(0x0000002fbb600000,0x0000002fbb700000)]
  0x0000019b1ae58000 JavaThread "jar transforms Thread 1954" [_thread_blocked, id=6368, stack(0x0000002fbb700000,0x0000002fbb800000)]
  0x0000019b1ae56800 JavaThread "jar transforms Thread 1955" [_thread_blocked, id=2240, stack(0x0000002fbb800000,0x0000002fbb900000)]
  0x0000019b1ae52000 JavaThread "jar transforms Thread 1956" [_thread_blocked, id=3800, stack(0x0000002fbb900000,0x0000002fbba00000)]
  0x0000019b1ae53000 JavaThread "jar transforms Thread 1957" [_thread_blocked, id=10320, stack(0x0000002fbba00000,0x0000002fbbb00000)]
  0x0000019b1ae5d800 JavaThread "jar transforms Thread 1958" [_thread_blocked, id=7544, stack(0x0000002fbbb00000,0x0000002fbbc00000)]
  0x0000019b1ae5d000 JavaThread "jar transforms Thread 1959" [_thread_blocked, id=10488, stack(0x0000002fbbc00000,0x0000002fbbd00000)]
  0x0000019b1ae59800 JavaThread "jar transforms Thread 1960" [_thread_blocked, id=6648, stack(0x0000002fbbd00000,0x0000002fbbe00000)]
  0x0000019b1ae5c000 JavaThread "jar transforms Thread 1961" [_thread_blocked, id=1820, stack(0x0000002fbbe00000,0x0000002fbbf00000)]
  0x0000019b1ae60000 JavaThread "jar transforms Thread 1962" [_thread_blocked, id=7260, stack(0x0000002fbbf00000,0x0000002fbc000000)]
  0x0000019b1ae5a800 JavaThread "jar transforms Thread 1963" [_thread_blocked, id=2700, stack(0x0000002fbc000000,0x0000002fbc100000)]
  0x0000019b1ae5e800 JavaThread "jar transforms Thread 1964" [_thread_blocked, id=2616, stack(0x0000002fbc100000,0x0000002fbc200000)]
  0x0000019b1ae5b000 JavaThread "jar transforms Thread 1965" [_thread_blocked, id=7428, stack(0x0000002fbc200000,0x0000002fbc300000)]
  0x0000019b1ae5f800 JavaThread "jar transforms Thread 1966" [_thread_blocked, id=9672, stack(0x0000002fbc300000,0x0000002fbc400000)]
  0x0000019b2014d000 JavaThread "jar transforms Thread 1967" [_thread_blocked, id=8736, stack(0x0000002fbc400000,0x0000002fbc500000)]
  0x0000019b2014b800 JavaThread "jar transforms Thread 1968" [_thread_blocked, id=7256, stack(0x0000002fbc500000,0x0000002fbc600000)]
  0x0000019b2014e000 JavaThread "jar transforms Thread 1969" [_thread_blocked, id=3756, stack(0x0000002fbc600000,0x0000002fbc700000)]
  0x0000019b20149000 JavaThread "jar transforms Thread 1970" [_thread_blocked, id=11208, stack(0x0000002fbc700000,0x0000002fbc800000)]
  0x0000019b2014f800 JavaThread "jar transforms Thread 1971" [_thread_blocked, id=2564, stack(0x0000002fbc800000,0x0000002fbc900000)]
  0x0000019b2014e800 JavaThread "jar transforms Thread 1972" [_thread_blocked, id=4332, stack(0x0000002fbc900000,0x0000002fbca00000)]
  0x0000019b2014a800 JavaThread "jar transforms Thread 1973" [_thread_blocked, id=10732, stack(0x0000002fbca00000,0x0000002fbcb00000)]
  0x0000019b20149800 JavaThread "jar transforms Thread 1974" [_thread_blocked, id=8572, stack(0x0000002fbcb00000,0x0000002fbcc00000)]
  0x0000019b20150000 JavaThread "jar transforms Thread 1975" [_thread_blocked, id=6360, stack(0x0000002fbcc00000,0x0000002fbcd00000)]
  0x0000019b20157000 JavaThread "jar transforms Thread 1976" [_thread_blocked, id=3516, stack(0x0000002fbcd00000,0x0000002fbce00000)]
  0x0000019b20156000 JavaThread "jar transforms Thread 1977" [_thread_blocked, id=9448, stack(0x0000002fbce00000,0x0000002fbcf00000)]
  0x0000019b20155000 JavaThread "jar transforms Thread 1978" [_thread_blocked, id=2792, stack(0x0000002fbcf00000,0x0000002fbd000000)]
  0x0000019b20152000 JavaThread "jar transforms Thread 1979" [_thread_blocked, id=5996, stack(0x0000002fbd000000,0x0000002fbd100000)]
  0x0000019b20153800 JavaThread "jar transforms Thread 1980" [_thread_blocked, id=1636, stack(0x0000002fbd100000,0x0000002fbd200000)]
  0x0000019b20154800 JavaThread "jar transforms Thread 1981" [_thread_blocked, id=1688, stack(0x0000002fbd200000,0x0000002fbd300000)]
  0x0000019b20152800 JavaThread "jar transforms Thread 1982" [_thread_blocked, id=9888, stack(0x0000002fbd300000,0x0000002fbd400000)]
  0x0000019b20151000 JavaThread "jar transforms Thread 1983" [_thread_blocked, id=4992, stack(0x0000002fbd400000,0x0000002fbd500000)]
  0x0000019b20157800 JavaThread "jar transforms Thread 1984" [_thread_blocked, id=3612, stack(0x0000002fbd500000,0x0000002fbd600000)]
  0x0000019b2621b000 JavaThread "jar transforms Thread 1985" [_thread_blocked, id=1608, stack(0x0000002fbd600000,0x0000002fbd700000)]
  0x0000019b26215000 JavaThread "jar transforms Thread 1986" [_thread_blocked, id=1472, stack(0x0000002fbd700000,0x0000002fbd800000)]
  0x0000019b26217000 JavaThread "jar transforms Thread 1987" [_thread_blocked, id=10208, stack(0x0000002fbd800000,0x0000002fbd900000)]
  0x0000019b26219800 JavaThread "jar transforms Thread 1988" [_thread_blocked, id=9620, stack(0x0000002fbd900000,0x0000002fbda00000)]
  0x0000019b26216000 JavaThread "jar transforms Thread 1989" [_thread_blocked, id=2484, stack(0x0000002fbda00000,0x0000002fbdb00000)]
  0x0000019b2621c800 JavaThread "jar transforms Thread 1990" [_thread_blocked, id=10728, stack(0x0000002fbdb00000,0x0000002fbdc00000)]
  0x0000019b2621c000 JavaThread "jar transforms Thread 1991" [_thread_blocked, id=2832, stack(0x0000002fbdc00000,0x0000002fbdd00000)]
  0x0000019b26218800 JavaThread "jar transforms Thread 1992" [_thread_blocked, id=5984, stack(0x0000002fbdd00000,0x0000002fbde00000)]
  0x0000019b2621d800 JavaThread "jar transforms Thread 1993" [_thread_blocked, id=8820, stack(0x0000002fbde00000,0x0000002fbdf00000)]
  0x0000019b26217800 JavaThread "jar transforms Thread 1994" [_thread_blocked, id=5772, stack(0x0000002fbdf00000,0x0000002fbe000000)]
  0x0000019b26221800 JavaThread "jar transforms Thread 1995" [_thread_blocked, id=3616, stack(0x0000002fbe000000,0x0000002fbe100000)]
  0x0000019b26220800 JavaThread "jar transforms Thread 1996" [_thread_blocked, id=6020, stack(0x0000002fbe100000,0x0000002fbe200000)]
  0x0000019b26222800 JavaThread "jar transforms Thread 1997" [_thread_blocked, id=1520, stack(0x0000002fbe200000,0x0000002fbe300000)]
  0x0000019b2621e000 JavaThread "jar transforms Thread 1998" [_thread_blocked, id=208, stack(0x0000002fbe300000,0x0000002fbe400000)]
  0x0000019b2621f000 JavaThread "jar transforms Thread 1999" [_thread_blocked, id=10004, stack(0x0000002fbe400000,0x0000002fbe500000)]
  0x0000019b26220000 JavaThread "jar transforms Thread 2000" [_thread_blocked, id=3128, stack(0x0000002fbe500000,0x0000002fbe600000)]
  0x0000019b26223000 JavaThread "jar transforms Thread 2001" [_thread_blocked, id=1332, stack(0x0000002fbe600000,0x0000002fbe700000)]
  0x0000019b26224000 JavaThread "jar transforms Thread 2002" [_thread_blocked, id=5400, stack(0x0000002fbe700000,0x0000002fbe800000)]
  0x0000019b1e3f7800 JavaThread "jar transforms Thread 2003" [_thread_blocked, id=9980, stack(0x0000002fbe800000,0x0000002fbe900000)]
  0x0000019b1e3f8800 JavaThread "jar transforms Thread 2004" [_thread_blocked, id=9628, stack(0x0000002fbe900000,0x0000002fbea00000)]
  0x0000019b1e3fb800 JavaThread "jar transforms Thread 2005" [_thread_blocked, id=10592, stack(0x0000002fbea00000,0x0000002fbeb00000)]
  0x0000019b1e3f9000 JavaThread "jar transforms Thread 2006" [_thread_blocked, id=2072, stack(0x0000002fbeb00000,0x0000002fbec00000)]
  0x0000019b1e3fa000 JavaThread "jar transforms Thread 2007" [_thread_blocked, id=7596, stack(0x0000002fbec00000,0x0000002fbed00000)]
  0x0000019b1e3fb000 JavaThread "jar transforms Thread 2008" [_thread_blocked, id=8500, stack(0x0000002fbed00000,0x0000002fbee00000)]
  0x0000019b1e3f6000 JavaThread "jar transforms Thread 2009" [_thread_blocked, id=10896, stack(0x0000002fbee00000,0x0000002fbef00000)]
  0x0000019b1e3fc800 JavaThread "jar transforms Thread 2010" [_thread_blocked, id=3596, stack(0x0000002fbef00000,0x0000002fbf000000)]
  0x0000019b1e3f6800 JavaThread "jar transforms Thread 2011" [_thread_blocked, id=1104, stack(0x0000002fbf000000,0x0000002fbf100000)]
  0x0000019b1e3ff000 JavaThread "jar transforms Thread 2012" [_thread_blocked, id=8120, stack(0x0000002fbf100000,0x0000002fbf200000)]
  0x0000019b1e3ff800 JavaThread "jar transforms Thread 2013" [_thread_blocked, id=5756, stack(0x0000002fbf200000,0x0000002fbf300000)]
  0x0000019b1e400800 JavaThread "jar transforms Thread 2014" [_thread_blocked, id=7572, stack(0x0000002fbf300000,0x0000002fbf400000)]
  0x0000019b1e403000 JavaThread "jar transforms Thread 2015" [_thread_blocked, id=2284, stack(0x0000002fbf400000,0x0000002fbf500000)]
  0x0000019b1e3fd000 JavaThread "jar transforms Thread 2016" [_thread_blocked, id=8472, stack(0x0000002fbf500000,0x0000002fbf600000)]
  0x0000019b1e401800 JavaThread "jar transforms Thread 2017" [_thread_blocked, id=5768, stack(0x0000002fbf600000,0x0000002fbf700000)]
  0x0000019b1e403800 JavaThread "jar transforms Thread 2018" [_thread_blocked, id=388, stack(0x0000002fbf700000,0x0000002fbf800000)]
  0x0000019b1e3fe000 JavaThread "jar transforms Thread 2019" [_thread_blocked, id=9596, stack(0x0000002fbf800000,0x0000002fbf900000)]
  0x0000019b1e404800 JavaThread "jar transforms Thread 2020" [_thread_blocked, id=6472, stack(0x0000002fbf900000,0x0000002fbfa00000)]
  0x0000019b1e2e3000 JavaThread "jar transforms Thread 2021" [_thread_blocked, id=11148, stack(0x0000002fbfa00000,0x0000002fbfb00000)]
  0x0000019b1e2e4000 JavaThread "jar transforms Thread 2022" [_thread_blocked, id=6208, stack(0x0000002fbfb00000,0x0000002fbfc00000)]
  0x0000019b1e2e5800 JavaThread "jar transforms Thread 2023" [_thread_blocked, id=7096, stack(0x0000002fbfc00000,0x0000002fbfd00000)]
  0x0000019b1e2e0800 JavaThread "jar transforms Thread 2024" [_thread_blocked, id=7880, stack(0x0000002fbfd00000,0x0000002fbfe00000)]
  0x0000019b1e2e1800 JavaThread "jar transforms Thread 2025" [_thread_blocked, id=228, stack(0x0000002fbfe00000,0x0000002fbff00000)]
  0x0000019b1e2e0000 JavaThread "jar transforms Thread 2026" [_thread_blocked, id=10200, stack(0x0000002fbff00000,0x0000002fc0000000)]
  0x0000019b1e2e6800 JavaThread "jar transforms Thread 2027" [_thread_blocked, id=6788, stack(0x0000002fc0000000,0x0000002fc0100000)]
  0x0000019b1e2e7000 JavaThread "jar transforms Thread 2028" [_thread_blocked, id=10864, stack(0x0000002fc0100000,0x0000002fc0200000)]
  0x0000019b1e2e8000 JavaThread "jar transforms Thread 2029" [_thread_blocked, id=7132, stack(0x0000002fc0200000,0x0000002fc0300000)]
  0x0000019b1e2e2800 JavaThread "jar transforms Thread 2030" [_thread_blocked, id=5432, stack(0x0000002fc0300000,0x0000002fc0400000)]
  0x0000019b1e2e9000 JavaThread "jar transforms Thread 2031" [_thread_blocked, id=8476, stack(0x0000002fc0400000,0x0000002fc0500000)]
  0x0000019b1e2e9800 JavaThread "jar transforms Thread 2032" [_thread_blocked, id=7384, stack(0x0000002fc0500000,0x0000002fc0600000)]
  0x0000019b1e2ea800 JavaThread "jar transforms Thread 2033" [_thread_blocked, id=5036, stack(0x0000002fc0600000,0x0000002fc0700000)]
  0x0000019b1e2e4800 JavaThread "jar transforms Thread 2034" [_thread_blocked, id=4276, stack(0x0000002fc0700000,0x0000002fc0800000)]
  0x0000019b1e2eb800 JavaThread "jar transforms Thread 2035" [_thread_blocked, id=416, stack(0x0000002fc0800000,0x0000002fc0900000)]
  0x0000019b1e2ec000 JavaThread "jar transforms Thread 2036" [_thread_blocked, id=4112, stack(0x0000002fc0900000,0x0000002fc0a00000)]
  0x0000019b1e2ed800 JavaThread "jar transforms Thread 2037" [_thread_blocked, id=2168, stack(0x0000002fc0a00000,0x0000002fc0b00000)]
  0x0000019b1e2ee800 JavaThread "jar transforms Thread 2038" [_thread_blocked, id=10220, stack(0x0000002fc0b00000,0x0000002fc0c00000)]
  0x0000019b1ad32800 JavaThread "jar transforms Thread 2039" [_thread_blocked, id=2772, stack(0x0000002fc0c00000,0x0000002fc0d00000)]
  0x0000019b1ad2f000 JavaThread "jar transforms Thread 2040" [_thread_blocked, id=9592, stack(0x0000002fc0d00000,0x0000002fc0e00000)]
  0x0000019b1ad30000 JavaThread "jar transforms Thread 2041" [_thread_blocked, id=7980, stack(0x0000002fc0e00000,0x0000002fc0f00000)]
  0x0000019b1ad2e000 JavaThread "jar transforms Thread 2042" [_thread_blocked, id=9032, stack(0x0000002fc0f00000,0x0000002fc1000000)]
  0x0000019b1ad35000 JavaThread "jar transforms Thread 2043" [_thread_blocked, id=6068, stack(0x0000002fc1000000,0x0000002fc1100000)]
  0x0000019b1ad30800 JavaThread "jar transforms Thread 2044" [_thread_blocked, id=1328, stack(0x0000002fc1100000,0x0000002fc1200000)]
  0x0000019b1ad35800 JavaThread "jar transforms Thread 2045" [_thread_blocked, id=10180, stack(0x0000002fc1200000,0x0000002fc1300000)]
  0x0000019b1ad33000 JavaThread "build event listener" [_thread_blocked, id=4160, stack(0x0000002fc1300000,0x0000002fc1400000)]
  0x0000019b1ad34000 JavaThread "build event listener" [_thread_blocked, id=2188, stack(0x0000002fc1400000,0x0000002fc1500000)]
  0x0000019b1ad37000 JavaThread "Execution worker for ':'" [_thread_blocked, id=9276, stack(0x0000002fc1500000,0x0000002fc1600000)]
  0x0000019b1ad31800 JavaThread "Execution worker for ':' Thread 2" [_thread_blocked, id=8184, stack(0x0000002fc1600000,0x0000002fc1700000)]
  0x0000019b1ad38000 JavaThread "Execution worker for ':' Thread 3" [_thread_blocked, id=5976, stack(0x0000002fc1700000,0x0000002fc1800000)]
  0x0000019b1ad39000 JavaThread "Cache worker for execution history cache (F:\setups\Android_Studio_Projects\covid19_registration_apk\.gradle\6.7.1\executionHistory)" [_thread_blocked, id=3824, stack(0x0000002fc1800000,0x0000002fc1900000)]
  0x0000019b1ad3a800 JavaThread "WorkerExecutor Queue" [_thread_blocked, id=9624, stack(0x0000002fc1900000,0x0000002fc1a00000)]
  0x0000019b1ad39800 JavaThread "WorkerExecutor Queue Thread 2" [_thread_blocked, id=7856, stack(0x0000002fc1a00000,0x0000002fc1b00000)]
  0x0000019b1ad3b800 JavaThread "WorkerExecutor Queue Thread 3" [_thread_blocked, id=6572, stack(0x0000002fc1b00000,0x0000002fc1c00000)]
  0x0000019b18c63800 JavaThread "WorkerExecutor Queue Thread 4" [_thread_blocked, id=8280, stack(0x0000002fc1c00000,0x0000002fc1d00000)]

Other Threads:
=>0x0000019b7ef07800 VMThread "VM Thread" [stack: 0x0000002f48100000,0x0000002f48200000] [id=8020]
  0x0000019b7f9e6000 WatcherThread [stack: 0x0000002f48b00000,0x0000002f48c00000] [id=6860]
  0x0000019b7dd8e800 GCTaskThread "GC Thread#0" [stack: 0x0000002f47c00000,0x0000002f47d00000] [id=3152]
  0x0000019b18d94800 GCTaskThread "GC Thread#1" [stack: 0x0000002f48d00000,0x0000002f48e00000] [id=4968]
  0x0000019b198f5000 GCTaskThread "GC Thread#2" [stack: 0x0000002f49000000,0x0000002f49100000] [id=8032]
  0x0000019b19fa4800 GCTaskThread "GC Thread#3" [stack: 0x0000002f49100000,0x0000002f49200000] [id=796]
  0x0000019b7ddc3000 ConcurrentGCThread "G1 Main Marker" [stack: 0x0000002f47d00000,0x0000002f47e00000] [id=7964]
  0x0000019b7ddc4800 ConcurrentGCThread "G1 Conc#0" [stack: 0x0000002f47e00000,0x0000002f47f00000] [id=8524]
  0x0000019b7de25000 ConcurrentGCThread "G1 Refine#0" [stack: 0x0000002f47f00000,0x0000002f48000000] [id=8856]
  0x0000019b7de26000 ConcurrentGCThread "G1 Young RemSet Sampling" [stack: 0x0000002f48000000,0x0000002f48100000] [id=9024]

Threads with active compile tasks:
C2 CompilerThread010284899 35729 %     4       com.android.tools.r8.ir.conversion.L::a @ 437 (1421 bytes)

VM state:at safepoint (normal execution)

VM Mutex/Monitor currently owned by a thread:  ([mutex/lock_event])
[0x0000019b7dd74bd0] Threads_lock - owner thread: 0x0000019b7ef07800
[0x0000019b7dd73e50] Heap_lock - owner thread: 0x0000019b1e10e800

Heap address: 0x0000000080000000, size: 2048 MB, Compressed Oops mode: 32-bit
Narrow klass base: 0x0000000000000000, Narrow klass shift: 3
Compressed class space size: 1073741824 Address: 0x0000000100000000

Heap:
 garbage-first heap   total 484352K, used 159991K [0x0000000080000000, 0x0000000100000000)
  region size 1024K, 1 young (1024K), 1 survivors (1024K)
 Metaspace       used 151204K, capacity 156310K, committed 156544K, reserved 1185792K
  class space    used 18069K, capacity 19798K, committed 19840K, reserved 1048576K
Heap Regions: E=young(eden), S=young(survivor), O=old, HS=humongous(starts), HC=humongous(continues), CS=collection set, F=free, A=archive, TAMS=top-at-mark-start (previous, next)
|   0|0x0000000080000000, 0x0000000080100000, 0x0000000080100000|100%| O|  |TAMS 0x0000000080100000, 0x0000000080000000| Complete 
|   1|0x0000000080100000, 0x0000000080200000, 0x0000000080200000|100%| O|  |TAMS 0x0000000080200000, 0x0000000080100000| Untracked 
|   2|0x0000000080200000, 0x0000000080300000, 0x0000000080300000|100%| O|  |TAMS 0x0000000080300000, 0x0000000080200000| Complete 
|   3|0x0000000080300000, 0x0000000080400000, 0x0000000080400000|100%|HS|  |TAMS 0x0000000080400000, 0x0000000080300000| Complete 
|   4|0x0000000080400000, 0x0000000080500000, 0x0000000080500000|100%|HC|  |TAMS 0x0000000080500000, 0x0000000080400000| Complete 
|   5|0x0000000080500000, 0x0000000080600000, 0x0000000080600000|100%|HC|  |TAMS 0x0000000080600000, 0x0000000080500000| Complete 
|   6|0x0000000080600000, 0x0000000080700000, 0x0000000080700000|100%| O|  |TAMS 0x0000000080700000, 0x0000000080600000| Untracked 
|   7|0x0000000080700000, 0x0000000080800000, 0x0000000080800000|100%| O|  |TAMS 0x0000000080800000, 0x0000000080700000| Untracked 
|   8|0x0000000080800000, 0x0000000080900000, 0x0000000080900000|100%| O|  |TAMS 0x0000000080900000, 0x0000000080800000| Complete 
|   9|0x0000000080900000, 0x0000000080a00000, 0x0000000080a00000|100%| O|  |TAMS 0x0000000080a00000, 0x0000000080900000| Untracked 
|  10|0x0000000080a00000, 0x0000000080b00000, 0x0000000080b00000|100%| O|  |TAMS 0x0000000080b00000, 0x0000000080a00000| Untracked 
|  11|0x0000000080b00000, 0x0000000080c00000, 0x0000000080c00000|100%| O|  |TAMS 0x0000000080c00000, 0x0000000080b00000| Untracked 
|  12|0x0000000080c00000, 0x0000000080d00000, 0x0000000080d00000|100%| O|  |TAMS 0x0000000080d00000, 0x0000000080c00000| Untracked 
|  13|0x0000000080d00000, 0x0000000080e00000, 0x0000000080e00000|100%| O|  |TAMS 0x0000000080e00000, 0x0000000080d00000| Complete 
|  14|0x0000000080e00000, 0x0000000080f00000, 0x0000000080f00000|100%| O|  |TAMS 0x0000000080f00000, 0x0000000080e00000| Complete 
|  15|0x0000000080f00000, 0x0000000081000000, 0x0000000081000000|100%| O|  |TAMS 0x0000000081000000, 0x0000000080f00000| Complete 
|  16|0x0000000081000000, 0x0000000081100000, 0x0000000081100000|100%| O|  |TAMS 0x0000000081100000, 0x0000000081000000| Complete 
|  17|0x0000000081100000, 0x0000000081200000, 0x0000000081200000|100%| O|  |TAMS 0x0000000081200000, 0x0000000081100000| Complete 
|  18|0x0000000081200000, 0x0000000081300000, 0x0000000081300000|100%| O|  |TAMS 0x0000000081300000, 0x0000000081200000| Untracked 
|  19|0x0000000081300000, 0x0000000081400000, 0x0000000081400000|100%| O|  |TAMS 0x0000000081400000, 0x0000000081300000| Complete 
|  20|0x0000000081400000, 0x0000000081500000, 0x0000000081500000|100%|HS|  |TAMS 0x0000000081500000, 0x0000000081400000| Complete 
|  21|0x0000000081500000, 0x0000000081600000, 0x0000000081600000|100%| O|  |TAMS 0x0000000081600000, 0x0000000081500000| Complete 
|  22|0x0000000081600000, 0x0000000081700000, 0x0000000081700000|100%| O|  |TAMS 0x0000000081700000, 0x0000000081600000| Complete 
|  23|0x0000000081700000, 0x0000000081800000, 0x0000000081800000|100%| O|  |TAMS 0x0000000081800000, 0x0000000081700000| Complete 
|  24|0x0000000081800000, 0x0000000081900000, 0x0000000081900000|100%| O|  |TAMS 0x0000000081900000, 0x0000000081800000| Complete 
|  25|0x0000000081900000, 0x0000000081a00000, 0x0000000081a00000|100%|HS|  |TAMS 0x0000000081a00000, 0x0000000081900000| Complete 
|  26|0x0000000081a00000, 0x0000000081b00000, 0x0000000081b00000|100%|HC|  |TAMS 0x0000000081b00000, 0x0000000081a00000| Complete 
|  27|0x0000000081b00000, 0x0000000081c00000, 0x0000000081c00000|100%| O|  |TAMS 0x0000000081c00000, 0x0000000081b00000| Untracked 
|  28|0x0000000081c00000, 0x0000000081d00000, 0x0000000081d00000|100%| O|  |TAMS 0x0000000081d00000, 0x0000000081c00000| Untracked 
|  29|0x0000000081d00000, 0x0000000081e00000, 0x0000000081e00000|100%| O|  |TAMS 0x0000000081e00000, 0x0000000081d00000| Complete 
|  30|0x0000000081e00000, 0x0000000081f00000, 0x0000000081f00000|100%| O|  |TAMS 0x0000000081f00000, 0x0000000081e00000| Untracked 
|  31|0x0000000081f00000, 0x0000000082000000, 0x0000000082000000|100%| O|  |TAMS 0x0000000082000000, 0x0000000081f00000| Untracked 
|  32|0x0000000082000000, 0x0000000082100000, 0x0000000082100000|100%| O|  |TAMS 0x0000000082100000, 0x0000000082000000| Untracked 
|  33|0x0000000082100000, 0x0000000082200000, 0x0000000082200000|100%| O|  |TAMS 0x0000000082200000, 0x0000000082100000| Untracked 
|  34|0x0000000082200000, 0x0000000082300000, 0x0000000082300000|100%| O|  |TAMS 0x0000000082300000, 0x0000000082200000| Untracked 
|  35|0x0000000082300000, 0x0000000082400000, 0x0000000082400000|100%| O|  |TAMS 0x0000000082400000, 0x0000000082300000| Complete 
|  36|0x0000000082400000, 0x0000000082500000, 0x0000000082500000|100%| O|  |TAMS 0x0000000082500000, 0x0000000082400000| Complete 
|  37|0x0000000082500000, 0x0000000082600000, 0x0000000082600000|100%| O|  |TAMS 0x0000000082600000, 0x0000000082500000| Complete 
|  38|0x0000000082600000, 0x0000000082700000, 0x0000000082700000|100%| O|  |TAMS 0x0000000082700000, 0x0000000082600000| Complete 
|  39|0x0000000082700000, 0x0000000082800000, 0x0000000082800000|100%| O|  |TAMS 0x0000000082800000, 0x0000000082700000| Untracked 
|  40|0x0000000082800000, 0x0000000082900000, 0x0000000082900000|100%| O|  |TAMS 0x0000000082900000, 0x0000000082800000| Untracked 
|  41|0x0000000082900000, 0x0000000082a00000, 0x0000000082a00000|100%| O|  |TAMS 0x0000000082a00000, 0x0000000082900000| Complete 
|  42|0x0000000082a00000, 0x0000000082b00000, 0x0000000082b00000|100%| O|  |TAMS 0x0000000082b00000, 0x0000000082a00000| Complete 
|  43|0x0000000082b00000, 0x0000000082c00000, 0x0000000082c00000|100%| O|  |TAMS 0x0000000082c00000, 0x0000000082b00000| Complete 
|  44|0x0000000082c00000, 0x0000000082d00000, 0x0000000082d00000|100%| O|  |TAMS 0x0000000082d00000, 0x0000000082c00000| Complete 
|  45|0x0000000082d00000, 0x0000000082e00000, 0x0000000082e00000|100%| O|  |TAMS 0x0000000082e00000, 0x0000000082d00000| Untracked 
|  46|0x0000000082e00000, 0x0000000082f00000, 0x0000000082f00000|100%| O|  |TAMS 0x0000000082f00000, 0x0000000082e00000| Untracked 
|  47|0x0000000082f00000, 0x0000000083000000, 0x0000000083000000|100%| O|  |TAMS 0x0000000083000000, 0x0000000082f00000| Complete 
|  48|0x0000000083000000, 0x0000000083100000, 0x0000000083100000|100%| O|  |TAMS 0x0000000083100000, 0x0000000083000000| Untracked 
|  49|0x0000000083100000, 0x0000000083100000, 0x0000000083200000|  0%| F|  |TAMS 0x0000000083100000, 0x0000000083100000| Untracked 
|  50|0x0000000083200000, 0x0000000083300000, 0x0000000083300000|100%| O|  |TAMS 0x0000000083300000, 0x0000000083200000| Complete 
|  51|0x0000000083300000, 0x0000000083400000, 0x0000000083400000|100%| O|  |TAMS 0x0000000083400000, 0x0000000083300000| Complete 
|  52|0x0000000083400000, 0x0000000083500000, 0x0000000083500000|100%| O|  |TAMS 0x0000000083500000, 0x0000000083400000| Complete 
|  53|0x0000000083500000, 0x0000000083600000, 0x0000000083600000|100%| O|  |TAMS 0x0000000083600000, 0x0000000083500000| Complete 
|  54|0x0000000083600000, 0x0000000083700000, 0x0000000083700000|100%| O|  |TAMS 0x0000000083700000, 0x0000000083600000| Complete 
|  55|0x0000000083700000, 0x0000000083800000, 0x0000000083800000|100%| O|  |TAMS 0x0000000083800000, 0x0000000083700000| Untracked 
|  56|0x0000000083800000, 0x0000000083900000, 0x0000000083900000|100%| O|  |TAMS 0x0000000083900000, 0x0000000083800000| Untracked 
|  57|0x0000000083900000, 0x0000000083a00000, 0x0000000083a00000|100%| O|  |TAMS 0x0000000083a00000, 0x0000000083900000| Untracked 
|  58|0x0000000083a00000, 0x0000000083b00000, 0x0000000083b00000|100%| O|  |TAMS 0x0000000083b00000, 0x0000000083a00000| Untracked 
|  59|0x0000000083b00000, 0x0000000083c00000, 0x0000000083c00000|100%| O|  |TAMS 0x0000000083c00000, 0x0000000083b00000| Untracked 
|  60|0x0000000083c00000, 0x0000000083d00000, 0x0000000083d00000|100%| O|  |TAMS 0x0000000083d00000, 0x0000000083c00000| Complete 
|  61|0x0000000083d00000, 0x0000000083e00000, 0x0000000083e00000|100%| O|  |TAMS 0x0000000083e00000, 0x0000000083d00000| Untracked 
|  62|0x0000000083e00000, 0x0000000083f00000, 0x0000000083f00000|100%| O|  |TAMS 0x0000000083f00000, 0x0000000083e00000| Untracked 
|  63|0x0000000083f00000, 0x0000000084000000, 0x0000000084000000|100%| O|  |TAMS 0x0000000084000000, 0x0000000083f00000| Complete 
|  64|0x0000000084000000, 0x0000000084100000, 0x0000000084100000|100%| O|  |TAMS 0x0000000084100000, 0x0000000084000000| Complete 
|  65|0x0000000084100000, 0x0000000084200000, 0x0000000084200000|100%| O|  |TAMS 0x0000000084200000, 0x0000000084100000| Complete 
|  66|0x0000000084200000, 0x0000000084300000, 0x0000000084300000|100%| O|  |TAMS 0x0000000084300000, 0x0000000084200000| Untracked 
|  67|0x0000000084300000, 0x0000000084400000, 0x0000000084400000|100%| O|  |TAMS 0x0000000084400000, 0x0000000084300000| Untracked 
|  68|0x0000000084400000, 0x0000000084500000, 0x0000000084500000|100%| O|  |TAMS 0x0000000084500000, 0x0000000084400000| Complete 
|  69|0x0000000084500000, 0x0000000084600000, 0x0000000084600000|100%| O|  |TAMS 0x0000000084600000, 0x0000000084500000| Complete 
|  70|0x0000000084600000, 0x0000000084700000, 0x0000000084700000|100%|HS|  |TAMS 0x0000000084700000, 0x0000000084600000| Complete 
|  71|0x0000000084700000, 0x0000000084800000, 0x0000000084800000|100%|HC|  |TAMS 0x0000000084800000, 0x0000000084700000| Complete 
|  72|0x0000000084800000, 0x0000000084900000, 0x0000000084900000|100%| O|  |TAMS 0x0000000084900000, 0x0000000084800000| Untracked 
|  73|0x0000000084900000, 0x0000000084a00000, 0x0000000084a00000|100%| O|  |TAMS 0x0000000084a00000, 0x0000000084900000| Untracked 
|  74|0x0000000084a00000, 0x0000000084b00000, 0x0000000084b00000|100%| O|  |TAMS 0x0000000084b00000, 0x0000000084a00000| Complete 
|  75|0x0000000084b00000, 0x0000000084c00000, 0x0000000084c00000|100%|HS|  |TAMS 0x0000000084c00000, 0x0000000084b00000| Complete 
|  76|0x0000000084c00000, 0x0000000084d00000, 0x0000000084d00000|100%|HC|  |TAMS 0x0000000084d00000, 0x0000000084c00000| Complete 
|  77|0x0000000084d00000, 0x0000000084e00000, 0x0000000084e00000|100%|HC|  |TAMS 0x0000000084e00000, 0x0000000084d00000| Complete 
|  78|0x0000000084e00000, 0x0000000084f00000, 0x0000000084f00000|100%| O|  |TAMS 0x0000000084f00000, 0x0000000084e00000| Complete 
|  79|0x0000000084f00000, 0x0000000085000000, 0x0000000085000000|100%| O|  |TAMS 0x0000000085000000, 0x0000000084f00000| Complete 
|  80|0x0000000085000000, 0x0000000085100000, 0x0000000085100000|100%| O|  |TAMS 0x0000000085100000, 0x0000000085000000| Complete 
|  81|0x0000000085100000, 0x0000000085200000, 0x0000000085200000|100%| O|  |TAMS 0x0000000085200000, 0x0000000085100000| Complete 
|  82|0x0000000085200000, 0x0000000085300000, 0x0000000085300000|100%| O|  |TAMS 0x0000000085300000, 0x0000000085200000| Untracked 
|  83|0x0000000085300000, 0x0000000085400000, 0x0000000085400000|100%| O|  |TAMS 0x0000000085400000, 0x0000000085300000| Untracked 
|  84|0x0000000085400000, 0x0000000085500000, 0x0000000085500000|100%| O|  |TAMS 0x0000000085500000, 0x0000000085400000| Complete 
|  85|0x0000000085500000, 0x0000000085600000, 0x0000000085600000|100%| O|  |TAMS 0x0000000085600000, 0x0000000085500000| Untracked 
|  86|0x0000000085600000, 0x0000000085700000, 0x0000000085700000|100%| O|  |TAMS 0x0000000085700000, 0x0000000085600000| Complete 
|  87|0x0000000085700000, 0x0000000085800000, 0x0000000085800000|100%| O|  |TAMS 0x0000000085800000, 0x0000000085700000| Untracked 
|  88|0x0000000085800000, 0x0000000085900000, 0x0000000085900000|100%| O|  |TAMS 0x0000000085900000, 0x0000000085800000| Untracked 
|  89|0x0000000085900000, 0x0000000085a00000, 0x0000000085a00000|100%| O|  |TAMS 0x0000000085a00000, 0x0000000085900000| Untracked 
|  90|0x0000000085a00000, 0x0000000085b00000, 0x0000000085b00000|100%| O|  |TAMS 0x0000000085b00000, 0x0000000085a00000| Complete 
|  91|0x0000000085b00000, 0x0000000085c00000, 0x0000000085c00000|100%| O|  |TAMS 0x0000000085c00000, 0x0000000085b00000| Untracked 
|  92|0x0000000085c00000, 0x0000000085d00000, 0x0000000085d00000|100%| O|  |TAMS 0x0000000085d00000, 0x0000000085c00000| Untracked 
|  93|0x0000000085d00000, 0x0000000085e00000, 0x0000000085e00000|100%| O|  |TAMS 0x0000000085e00000, 0x0000000085d00000| Complete 
|  94|0x0000000085e00000, 0x0000000085f00000, 0x0000000085f00000|100%| O|  |TAMS 0x0000000085f00000, 0x0000000085e00000| Untracked 
|  95|0x0000000085f00000, 0x0000000086000000, 0x0000000086000000|100%| O|  |TAMS 0x0000000086000000, 0x0000000085f00000| Complete 
|  96|0x0000000086000000, 0x0000000086100000, 0x0000000086100000|100%| O|  |TAMS 0x0000000086100000, 0x0000000086000000| Untracked 
|  97|0x0000000086100000, 0x0000000086200000, 0x0000000086200000|100%| O|  |TAMS 0x0000000086200000, 0x0000000086100000| Untracked 
|  98|0x0000000086200000, 0x0000000086300000, 0x0000000086300000|100%|HS|  |TAMS 0x0000000086300000, 0x0000000086200000| Complete 
|  99|0x0000000086300000, 0x0000000086400000, 0x0000000086400000|100%|HC|  |TAMS 0x0000000086400000, 0x0000000086300000| Complete 
| 100|0x0000000086400000, 0x0000000086500000, 0x0000000086500000|100%|HC|  |TAMS 0x0000000086500000, 0x0000000086400000| Complete 
| 101|0x0000000086500000, 0x0000000086600000, 0x0000000086600000|100%|HC|  |TAMS 0x0000000086600000, 0x0000000086500000| Complete 
| 102|0x0000000086600000, 0x0000000086700000, 0x0000000086700000|100%|HS|  |TAMS 0x0000000086700000, 0x0000000086600000| Complete 
| 103|0x0000000086700000, 0x0000000086800000, 0x0000000086800000|100%|HC|  |TAMS 0x0000000086800000, 0x0000000086700000| Complete 
| 104|0x0000000086800000, 0x0000000086900000, 0x0000000086900000|100%|HC|  |TAMS 0x0000000086900000, 0x0000000086800000| Complete 
| 105|0x0000000086900000, 0x0000000086a00000, 0x0000000086a00000|100%|HS|  |TAMS 0x0000000086a00000, 0x0000000086900000| Complete 
| 106|0x0000000086a00000, 0x0000000086b00000, 0x0000000086b00000|100%|HC|  |TAMS 0x0000000086b00000, 0x0000000086a00000| Complete 
| 107|0x0000000086b00000, 0x0000000086c00000, 0x0000000086c00000|100%|HC|  |TAMS 0x0000000086c00000, 0x0000000086b00000| Complete 
| 108|0x0000000086c00000, 0x0000000086d00000, 0x0000000086d00000|100%|HC|  |TAMS 0x0000000086d00000, 0x0000000086c00000| Complete 
| 109|0x0000000086d00000, 0x0000000086e00000, 0x0000000086e00000|100%| O|  |TAMS 0x0000000086e00000, 0x0000000086d00000| Untracked 
| 110|0x0000000086e00000, 0x0000000086f00000, 0x0000000086f00000|100%| O|  |TAMS 0x0000000086f00000, 0x0000000086e00000| Untracked 
| 111|0x0000000086f00000, 0x0000000087000000, 0x0000000087000000|100%| O|  |TAMS 0x0000000087000000, 0x0000000086f00000| Complete 
| 112|0x0000000087000000, 0x0000000087100000, 0x0000000087100000|100%| O|  |TAMS 0x0000000087100000, 0x0000000087000000| Complete 
| 113|0x0000000087100000, 0x0000000087200000, 0x0000000087200000|100%|HS|  |TAMS 0x0000000087200000, 0x0000000087100000| Complete 
| 114|0x0000000087200000, 0x0000000087300000, 0x0000000087300000|100%|HC|  |TAMS 0x0000000087300000, 0x0000000087200000| Complete 
| 115|0x0000000087300000, 0x0000000087400000, 0x0000000087400000|100%| O|  |TAMS 0x0000000087400000, 0x0000000087300000| Untracked 
| 116|0x0000000087400000, 0x0000000087500000, 0x0000000087500000|100%| O|  |TAMS 0x0000000087500000, 0x0000000087400000| Untracked 
| 117|0x0000000087500000, 0x0000000087600000, 0x0000000087600000|100%| O|  |TAMS 0x0000000087600000, 0x0000000087500000| Untracked 
| 118|0x0000000087600000, 0x0000000087700000, 0x0000000087700000|100%| O|  |TAMS 0x0000000087700000, 0x0000000087600000| Untracked 
| 119|0x0000000087700000, 0x0000000087800000, 0x0000000087800000|100%| O|  |TAMS 0x0000000087800000, 0x0000000087700000| Untracked 
| 120|0x0000000087800000, 0x0000000087900000, 0x0000000087900000|100%| O|  |TAMS 0x0000000087900000, 0x0000000087800000| Untracked 
| 121|0x0000000087900000, 0x0000000087a00000, 0x0000000087a00000|100%| O|  |TAMS 0x0000000087a00000, 0x0000000087900000| Complete 
| 122|0x0000000087a00000, 0x0000000087b00000, 0x0000000087b00000|100%| O|  |TAMS 0x0000000087b00000, 0x0000000087a00000| Untracked 
| 123|0x0000000087b00000, 0x0000000087c00000, 0x0000000087c00000|100%| O|  |TAMS 0x0000000087c00000, 0x0000000087b00000| Complete 
| 124|0x0000000087c00000, 0x0000000087d00000, 0x0000000087d00000|100%| O|  |TAMS 0x0000000087d00000, 0x0000000087c00000| Untracked 
| 125|0x0000000087d00000, 0x0000000087e00000, 0x0000000087e00000|100%| O|  |TAMS 0x0000000087e00000, 0x0000000087d00000| Untracked 
| 126|0x0000000087e00000, 0x0000000087f00000, 0x0000000087f00000|100%| O|  |TAMS 0x0000000087f00000, 0x0000000087e00000| Untracked 
| 127|0x0000000087f00000, 0x0000000088000000, 0x0000000088000000|100%| O|  |TAMS 0x0000000088000000, 0x0000000087f00000| Complete 
| 128|0x0000000088000000, 0x0000000088100000, 0x0000000088100000|100%| O|  |TAMS 0x0000000088100000, 0x0000000088000000| Complete 
| 129|0x0000000088100000, 0x0000000088200000, 0x0000000088200000|100%| O|  |TAMS 0x0000000088200000, 0x0000000088100000| Untracked 
| 130|0x0000000088200000, 0x0000000088300000, 0x0000000088300000|100%| O|  |TAMS 0x0000000088300000, 0x0000000088200000| Untracked 
| 131|0x0000000088300000, 0x0000000088400000, 0x0000000088400000|100%| O|  |TAMS 0x0000000088400000, 0x0000000088300000| Untracked 
| 132|0x0000000088400000, 0x0000000088500000, 0x0000000088500000|100%| O|  |TAMS 0x0000000088500000, 0x0000000088400000| Untracked 
| 133|0x0000000088500000, 0x0000000088600000, 0x0000000088600000|100%| O|  |TAMS 0x0000000088600000, 0x0000000088500000| Complete 
| 134|0x0000000088600000, 0x0000000088700000, 0x0000000088700000|100%| O|  |TAMS 0x0000000088700000, 0x0000000088600000| Complete 
| 135|0x0000000088700000, 0x0000000088700000, 0x0000000088800000|  0%| F|  |TAMS 0x0000000088700000, 0x0000000088700000| Untracked 
| 136|0x0000000088800000, 0x0000000088900000, 0x0000000088900000|100%| O|  |TAMS 0x0000000088900000, 0x0000000088800000| Complete 
| 137|0x0000000088900000, 0x0000000088a00000, 0x0000000088a00000|100%| O|  |TAMS 0x0000000088a00000, 0x0000000088900000| Complete 
| 138|0x0000000088a00000, 0x0000000088b00000, 0x0000000088b00000|100%| O|  |TAMS 0x0000000088b00000, 0x0000000088a00000| Untracked 
| 139|0x0000000088b00000, 0x0000000088c00000, 0x0000000088c00000|100%| O|  |TAMS 0x0000000088c00000, 0x0000000088b00000| Untracked 
| 140|0x0000000088c00000, 0x0000000088d00000, 0x0000000088d00000|100%| O|  |TAMS 0x0000000088d00000, 0x0000000088c00000| Untracked 
| 141|0x0000000088d00000, 0x0000000088e00000, 0x0000000088e00000|100%| O|  |TAMS 0x0000000088e00000, 0x0000000088d00000| Untracked 
| 142|0x0000000088e00000, 0x0000000088f00000, 0x0000000088f00000|100%| O|  |TAMS 0x0000000088f00000, 0x0000000088e00000| Untracked 
| 143|0x0000000088f00000, 0x0000000089000000, 0x0000000089000000|100%| O|  |TAMS 0x0000000089000000, 0x0000000088f00000| Untracked 
| 144|0x0000000089000000, 0x0000000089100000, 0x0000000089100000|100%| O|  |TAMS 0x0000000089100000, 0x0000000089000000| Untracked 
| 145|0x0000000089100000, 0x0000000089200000, 0x0000000089200000|100%| O|  |TAMS 0x0000000089190a00, 0x0000000089100000| Untracked 
| 146|0x0000000089200000, 0x0000000089300000, 0x0000000089300000|100%| O|  |TAMS 0x0000000089200000, 0x0000000089200000| Untracked 
| 147|0x0000000089300000, 0x0000000089400000, 0x0000000089400000|100%| O|  |TAMS 0x0000000089300000, 0x0000000089300000| Untracked 
| 148|0x0000000089400000, 0x0000000089500000, 0x0000000089500000|100%| O|  |TAMS 0x0000000089400000, 0x0000000089400000| Untracked 
| 149|0x0000000089500000, 0x0000000089600000, 0x0000000089600000|100%| O|  |TAMS 0x0000000089500000, 0x0000000089500000| Untracked 
| 150|0x0000000089600000, 0x0000000089700000, 0x0000000089700000|100%| O|  |TAMS 0x0000000089600000, 0x0000000089600000| Untracked 
| 151|0x0000000089700000, 0x0000000089800000, 0x0000000089800000|100%| O|  |TAMS 0x0000000089700000, 0x0000000089700000| Untracked 
| 152|0x0000000089800000, 0x0000000089900000, 0x0000000089900000|100%| O|  |TAMS 0x0000000089800000, 0x0000000089800000| Untracked 
| 153|0x0000000089900000, 0x0000000089a00000, 0x0000000089a00000|100%| O|  |TAMS 0x0000000089900000, 0x0000000089900000| Untracked 
| 154|0x0000000089a00000, 0x0000000089b00000, 0x0000000089b00000|100%| O|  |TAMS 0x0000000089a00000, 0x0000000089a00000| Untracked 
| 155|0x0000000089b00000, 0x0000000089c00000, 0x0000000089c00000|100%| O|  |TAMS 0x0000000089b00000, 0x0000000089b00000| Untracked 
| 156|0x0000000089c00000, 0x0000000089d00000, 0x0000000089d00000|100%| O|  |TAMS 0x0000000089c00000, 0x0000000089c00000| Untracked 
| 157|0x0000000089d00000, 0x0000000089d3de00, 0x0000000089e00000| 24%| O|  |TAMS 0x0000000089d00000, 0x0000000089d00000| Untracked 
| 158|0x0000000089e00000, 0x0000000089e00000, 0x0000000089f00000|  0%| F|  |TAMS 0x0000000089e00000, 0x0000000089e00000| Untracked 
| 159|0x0000000089f00000, 0x0000000089f00000, 0x000000008a000000|  0%| F|  |TAMS 0x0000000089f00000, 0x0000000089f00000| Untracked 
| 160|0x000000008a000000, 0x000000008a000000, 0x000000008a100000|  0%| F|  |TAMS 0x000000008a000000, 0x000000008a000000| Untracked 
| 161|0x000000008a100000, 0x000000008a100000, 0x000000008a200000|  0%| F|  |TAMS 0x000000008a100000, 0x000000008a100000| Untracked 
| 162|0x000000008a200000, 0x000000008a200000, 0x000000008a300000|  0%| F|  |TAMS 0x000000008a200000, 0x000000008a200000| Untracked 
| 163|0x000000008a300000, 0x000000008a300000, 0x000000008a400000|  0%| F|  |TAMS 0x000000008a300000, 0x000000008a300000| Untracked 
| 164|0x000000008a400000, 0x000000008a400000, 0x000000008a500000|  0%| F|  |TAMS 0x000000008a400000, 0x000000008a400000| Untracked 
| 165|0x000000008a500000, 0x000000008a500000, 0x000000008a600000|  0%| F|  |TAMS 0x000000008a500000, 0x000000008a500000| Untracked 
| 166|0x000000008a600000, 0x000000008a600000, 0x000000008a700000|  0%| F|  |TAMS 0x000000008a600000, 0x000000008a600000| Untracked 
| 167|0x000000008a700000, 0x000000008a700000, 0x000000008a800000|  0%| F|  |TAMS 0x000000008a700000, 0x000000008a700000| Untracked 
| 168|0x000000008a800000, 0x000000008a800000, 0x000000008a900000|  0%| F|  |TAMS 0x000000008a800000, 0x000000008a800000| Untracked 
| 169|0x000000008a900000, 0x000000008a900000, 0x000000008aa00000|  0%| F|  |TAMS 0x000000008a900000, 0x000000008a900000| Untracked 
| 170|0x000000008aa00000, 0x000000008aa00000, 0x000000008ab00000|  0%| F|  |TAMS 0x000000008aa00000, 0x000000008aa00000| Untracked 
| 171|0x000000008ab00000, 0x000000008ab00000, 0x000000008ac00000|  0%| F|  |TAMS 0x000000008ab00000, 0x000000008ab00000| Untracked 
| 172|0x000000008ac00000, 0x000000008ac00000, 0x000000008ad00000|  0%| F|  |TAMS 0x000000008ac00000, 0x000000008ac00000| Untracked 
| 173|0x000000008ad00000, 0x000000008ad00000, 0x000000008ae00000|  0%| F|  |TAMS 0x000000008ad00000, 0x000000008ad00000| Untracked 
| 174|0x000000008ae00000, 0x000000008ae00000, 0x000000008af00000|  0%| F|  |TAMS 0x000000008ae00000, 0x000000008ae00000| Untracked 
| 175|0x000000008af00000, 0x000000008af00000, 0x000000008b000000|  0%| F|  |TAMS 0x000000008af00000, 0x000000008af00000| Untracked 
| 176|0x000000008b000000, 0x000000008b000000, 0x000000008b100000|  0%| F|  |TAMS 0x000000008b000000, 0x000000008b000000| Untracked 
| 177|0x000000008b100000, 0x000000008b100000, 0x000000008b200000|  0%| F|  |TAMS 0x000000008b100000, 0x000000008b100000| Untracked 
| 178|0x000000008b200000, 0x000000008b200000, 0x000000008b300000|  0%| F|  |TAMS 0x000000008b200000, 0x000000008b200000| Untracked 
| 179|0x000000008b300000, 0x000000008b300000, 0x000000008b400000|  0%| F|  |TAMS 0x000000008b300000, 0x000000008b300000| Untracked 
| 180|0x000000008b400000, 0x000000008b400000, 0x000000008b500000|  0%| F|  |TAMS 0x000000008b400000, 0x000000008b400000| Untracked 
| 181|0x000000008b500000, 0x000000008b500000, 0x000000008b600000|  0%| F|  |TAMS 0x000000008b500000, 0x000000008b500000| Untracked 
| 182|0x000000008b600000, 0x000000008b600000, 0x000000008b700000|  0%| F|  |TAMS 0x000000008b600000, 0x000000008b600000| Untracked 
| 183|0x000000008b700000, 0x000000008b700000, 0x000000008b800000|  0%| F|  |TAMS 0x000000008b700000, 0x000000008b700000| Untracked 
| 184|0x000000008b800000, 0x000000008b800000, 0x000000008b900000|  0%| F|  |TAMS 0x000000008b800000, 0x000000008b800000| Untracked 
| 185|0x000000008b900000, 0x000000008b900000, 0x000000008ba00000|  0%| F|  |TAMS 0x000000008b900000, 0x000000008b900000| Untracked 
| 186|0x000000008ba00000, 0x000000008ba00000, 0x000000008bb00000|  0%| F|  |TAMS 0x000000008ba00000, 0x000000008ba00000| Untracked 
| 187|0x000000008bb00000, 0x000000008bb00000, 0x000000008bc00000|  0%| F|  |TAMS 0x000000008bb00000, 0x000000008bb00000| Untracked 
| 188|0x000000008bc00000, 0x000000008bc00000, 0x000000008bd00000|  0%| F|  |TAMS 0x000000008bc00000, 0x000000008bc00000| Untracked 
| 189|0x000000008bd00000, 0x000000008bd00000, 0x000000008be00000|  0%| F|  |TAMS 0x000000008bd00000, 0x000000008bd00000| Untracked 
| 190|0x000000008be00000, 0x000000008be00000, 0x000000008bf00000|  0%| F|  |TAMS 0x000000008be00000, 0x000000008be00000| Untracked 
| 191|0x000000008bf00000, 0x000000008bf00000, 0x000000008c000000|  0%| F|  |TAMS 0x000000008bf00000, 0x000000008bf00000| Untracked 
| 192|0x000000008c000000, 0x000000008c000000, 0x000000008c100000|  0%| F|  |TAMS 0x000000008c000000, 0x000000008c000000| Untracked 
| 193|0x000000008c100000, 0x000000008c100000, 0x000000008c200000|  0%| F|  |TAMS 0x000000008c100000, 0x000000008c100000| Untracked 
| 194|0x000000008c200000, 0x000000008c200000, 0x000000008c300000|  0%| F|  |TAMS 0x000000008c200000, 0x000000008c200000| Untracked 
| 195|0x000000008c300000, 0x000000008c300000, 0x000000008c400000|  0%| F|  |TAMS 0x000000008c300000, 0x000000008c300000| Untracked 
| 196|0x000000008c400000, 0x000000008c400000, 0x000000008c500000|  0%| F|  |TAMS 0x000000008c400000, 0x000000008c400000| Untracked 
| 197|0x000000008c500000, 0x000000008c500000, 0x000000008c600000|  0%| F|  |TAMS 0x000000008c500000, 0x000000008c500000| Untracked 
| 198|0x000000008c600000, 0x000000008c600000, 0x000000008c700000|  0%| F|  |TAMS 0x000000008c600000, 0x000000008c600000| Untracked 
| 199|0x000000008c700000, 0x000000008c700000, 0x000000008c800000|  0%| F|  |TAMS 0x000000008c700000, 0x000000008c700000| Untracked 
| 200|0x000000008c800000, 0x000000008c800000, 0x000000008c900000|  0%| F|  |TAMS 0x000000008c800000, 0x000000008c800000| Untracked 
| 201|0x000000008c900000, 0x000000008c900000, 0x000000008ca00000|  0%| F|  |TAMS 0x000000008c900000, 0x000000008c900000| Untracked 
| 202|0x000000008ca00000, 0x000000008ca00000, 0x000000008cb00000|  0%| F|  |TAMS 0x000000008ca00000, 0x000000008ca00000| Untracked 
| 203|0x000000008cb00000, 0x000000008cb00000, 0x000000008cc00000|  0%| F|  |TAMS 0x000000008cb00000, 0x000000008cb00000| Untracked 
| 204|0x000000008cc00000, 0x000000008cc00000, 0x000000008cd00000|  0%| F|  |TAMS 0x000000008cc00000, 0x000000008cc00000| Untracked 
| 205|0x000000008cd00000, 0x000000008cd00000, 0x000000008ce00000|  0%| F|  |TAMS 0x000000008cd00000, 0x000000008cd00000| Untracked 
| 206|0x000000008ce00000, 0x000000008ce00000, 0x000000008cf00000|  0%| F|  |TAMS 0x000000008ce00000, 0x000000008ce00000| Untracked 
| 207|0x000000008cf00000, 0x000000008cf00000, 0x000000008d000000|  0%| F|  |TAMS 0x000000008cf00000, 0x000000008cf00000| Untracked 
| 208|0x000000008d000000, 0x000000008d000000, 0x000000008d100000|  0%| F|  |TAMS 0x000000008d000000, 0x000000008d000000| Untracked 
| 209|0x000000008d100000, 0x000000008d100000, 0x000000008d200000|  0%| F|  |TAMS 0x000000008d100000, 0x000000008d100000| Untracked 
| 210|0x000000008d200000, 0x000000008d200000, 0x000000008d300000|  0%| F|  |TAMS 0x000000008d200000, 0x000000008d200000| Untracked 
| 211|0x000000008d300000, 0x000000008d300000, 0x000000008d400000|  0%| F|  |TAMS 0x000000008d300000, 0x000000008d300000| Untracked 
| 212|0x000000008d400000, 0x000000008d400000, 0x000000008d500000|  0%| F|  |TAMS 0x000000008d400000, 0x000000008d400000| Untracked 
| 213|0x000000008d500000, 0x000000008d500000, 0x000000008d600000|  0%| F|  |TAMS 0x000000008d500000, 0x000000008d500000| Untracked 
| 214|0x000000008d600000, 0x000000008d600000, 0x000000008d700000|  0%| F|  |TAMS 0x000000008d600000, 0x000000008d600000| Untracked 
| 215|0x000000008d700000, 0x000000008d700000, 0x000000008d800000|  0%| F|  |TAMS 0x000000008d700000, 0x000000008d700000| Untracked 
| 216|0x000000008d800000, 0x000000008d800000, 0x000000008d900000|  0%| F|  |TAMS 0x000000008d800000, 0x000000008d800000| Untracked 
| 217|0x000000008d900000, 0x000000008d900000, 0x000000008da00000|  0%| F|  |TAMS 0x000000008d900000, 0x000000008d900000| Untracked 
| 218|0x000000008da00000, 0x000000008da00000, 0x000000008db00000|  0%| F|  |TAMS 0x000000008da00000, 0x000000008da00000| Untracked 
| 219|0x000000008db00000, 0x000000008db00000, 0x000000008dc00000|  0%| F|  |TAMS 0x000000008db00000, 0x000000008db00000| Untracked 
| 220|0x000000008dc00000, 0x000000008dc00000, 0x000000008dd00000|  0%| F|  |TAMS 0x000000008dc00000, 0x000000008dc00000| Untracked 
| 221|0x000000008dd00000, 0x000000008dd00000, 0x000000008de00000|  0%| F|  |TAMS 0x000000008dd00000, 0x000000008dd00000| Untracked 
| 222|0x000000008de00000, 0x000000008de00000, 0x000000008df00000|  0%| F|  |TAMS 0x000000008de00000, 0x000000008de00000| Untracked 
| 223|0x000000008df00000, 0x000000008df00000, 0x000000008e000000|  0%| F|  |TAMS 0x000000008df00000, 0x000000008df00000| Untracked 
| 224|0x000000008e000000, 0x000000008e000000, 0x000000008e100000|  0%| F|  |TAMS 0x000000008e000000, 0x000000008e000000| Untracked 
| 225|0x000000008e100000, 0x000000008e100000, 0x000000008e200000|  0%| F|  |TAMS 0x000000008e100000, 0x000000008e100000| Untracked 
| 226|0x000000008e200000, 0x000000008e200000, 0x000000008e300000|  0%| F|  |TAMS 0x000000008e200000, 0x000000008e200000| Untracked 
| 227|0x000000008e300000, 0x000000008e300000, 0x000000008e400000|  0%| F|  |TAMS 0x000000008e300000, 0x000000008e300000| Untracked 
| 228|0x000000008e400000, 0x000000008e400000, 0x000000008e500000|  0%| F|  |TAMS 0x000000008e400000, 0x000000008e400000| Untracked 
| 229|0x000000008e500000, 0x000000008e500000, 0x000000008e600000|  0%| F|  |TAMS 0x000000008e500000, 0x000000008e500000| Untracked 
| 230|0x000000008e600000, 0x000000008e600000, 0x000000008e700000|  0%| F|  |TAMS 0x000000008e600000, 0x000000008e600000| Untracked 
| 231|0x000000008e700000, 0x000000008e700000, 0x000000008e800000|  0%| F|  |TAMS 0x000000008e700000, 0x000000008e700000| Untracked 
| 232|0x000000008e800000, 0x000000008e800000, 0x000000008e900000|  0%| F|  |TAMS 0x000000008e800000, 0x000000008e800000| Untracked 
| 233|0x000000008e900000, 0x000000008e900000, 0x000000008ea00000|  0%| F|  |TAMS 0x000000008e900000, 0x000000008e900000| Untracked 
| 234|0x000000008ea00000, 0x000000008ea00000, 0x000000008eb00000|  0%| F|  |TAMS 0x000000008ea00000, 0x000000008ea00000| Untracked 
| 235|0x000000008eb00000, 0x000000008eb00000, 0x000000008ec00000|  0%| F|  |TAMS 0x000000008eb00000, 0x000000008eb00000| Untracked 
| 236|0x000000008ec00000, 0x000000008ec00000, 0x000000008ed00000|  0%| F|  |TAMS 0x000000008ec00000, 0x000000008ec00000| Untracked 
| 237|0x000000008ed00000, 0x000000008ed00000, 0x000000008ee00000|  0%| F|  |TAMS 0x000000008ed00000, 0x000000008ed00000| Untracked 
| 238|0x000000008ee00000, 0x000000008ee00000, 0x000000008ef00000|  0%| F|  |TAMS 0x000000008ee00000, 0x000000008ee00000| Untracked 
| 239|0x000000008ef00000, 0x000000008ef00000, 0x000000008f000000|  0%| F|  |TAMS 0x000000008ef00000, 0x000000008ef00000| Untracked 
| 240|0x000000008f000000, 0x000000008f000000, 0x000000008f100000|  0%| F|  |TAMS 0x000000008f000000, 0x000000008f000000| Untracked 
| 241|0x000000008f100000, 0x000000008f100000, 0x000000008f200000|  0%| F|  |TAMS 0x000000008f100000, 0x000000008f100000| Untracked 
| 242|0x000000008f200000, 0x000000008f200000, 0x000000008f300000|  0%| F|  |TAMS 0x000000008f200000, 0x000000008f200000| Untracked 
| 243|0x000000008f300000, 0x000000008f300000, 0x000000008f400000|  0%| F|  |TAMS 0x000000008f300000, 0x000000008f300000| Untracked 
| 244|0x000000008f400000, 0x000000008f400000, 0x000000008f500000|  0%| F|  |TAMS 0x000000008f400000, 0x000000008f400000| Untracked 
| 245|0x000000008f500000, 0x000000008f500000, 0x000000008f600000|  0%| F|  |TAMS 0x000000008f500000, 0x000000008f500000| Untracked 
| 246|0x000000008f600000, 0x000000008f600000, 0x000000008f700000|  0%| F|  |TAMS 0x000000008f600000, 0x000000008f600000| Untracked 
| 247|0x000000008f700000, 0x000000008f700000, 0x000000008f800000|  0%| F|  |TAMS 0x000000008f700000, 0x000000008f700000| Untracked 
| 248|0x000000008f800000, 0x000000008f800000, 0x000000008f900000|  0%| F|  |TAMS 0x000000008f800000, 0x000000008f800000| Untracked 
| 249|0x000000008f900000, 0x000000008f900000, 0x000000008fa00000|  0%| F|  |TAMS 0x000000008f900000, 0x000000008f900000| Untracked 
| 250|0x000000008fa00000, 0x000000008fa00000, 0x000000008fb00000|  0%| F|  |TAMS 0x000000008fa00000, 0x000000008fa00000| Untracked 
| 251|0x000000008fb00000, 0x000000008fb00000, 0x000000008fc00000|  0%| F|  |TAMS 0x000000008fb00000, 0x000000008fb00000| Untracked 
| 252|0x000000008fc00000, 0x000000008fc00000, 0x000000008fd00000|  0%| F|  |TAMS 0x000000008fc00000, 0x000000008fc00000| Untracked 
| 253|0x000000008fd00000, 0x000000008fd00000, 0x000000008fe00000|  0%| F|  |TAMS 0x000000008fd00000, 0x000000008fd00000| Untracked 
| 254|0x000000008fe00000, 0x000000008fe00000, 0x000000008ff00000|  0%| F|  |TAMS 0x000000008fe00000, 0x000000008fe00000| Untracked 
| 255|0x000000008ff00000, 0x000000008ff00000, 0x0000000090000000|  0%| F|  |TAMS 0x000000008ff00000, 0x000000008ff00000| Untracked 
| 256|0x0000000090000000, 0x0000000090000000, 0x0000000090100000|  0%| F|  |TAMS 0x0000000090000000, 0x0000000090000000| Untracked 
| 257|0x0000000090100000, 0x0000000090100000, 0x0000000090200000|  0%| F|  |TAMS 0x0000000090100000, 0x0000000090100000| Untracked 
| 258|0x0000000090200000, 0x0000000090200000, 0x0000000090300000|  0%| F|  |TAMS 0x0000000090200000, 0x0000000090200000| Untracked 
| 259|0x0000000090300000, 0x0000000090300000, 0x0000000090400000|  0%| F|  |TAMS 0x0000000090300000, 0x0000000090300000| Untracked 
| 260|0x0000000090400000, 0x0000000090400000, 0x0000000090500000|  0%| F|  |TAMS 0x0000000090400000, 0x0000000090400000| Untracked 
| 261|0x0000000090500000, 0x0000000090500000, 0x0000000090600000|  0%| F|  |TAMS 0x0000000090500000, 0x0000000090500000| Untracked 
| 262|0x0000000090600000, 0x0000000090600000, 0x0000000090700000|  0%| F|  |TAMS 0x0000000090600000, 0x0000000090600000| Untracked 
| 263|0x0000000090700000, 0x0000000090700000, 0x0000000090800000|  0%| F|  |TAMS 0x0000000090700000, 0x0000000090700000| Untracked 
| 264|0x0000000090800000, 0x0000000090800000, 0x0000000090900000|  0%| F|  |TAMS 0x0000000090800000, 0x0000000090800000| Untracked 
| 265|0x0000000090900000, 0x0000000090900000, 0x0000000090a00000|  0%| F|  |TAMS 0x0000000090900000, 0x0000000090900000| Untracked 
| 266|0x0000000090a00000, 0x0000000090a00000, 0x0000000090b00000|  0%| F|  |TAMS 0x0000000090a00000, 0x0000000090a00000| Untracked 
| 267|0x0000000090b00000, 0x0000000090b00000, 0x0000000090c00000|  0%| F|  |TAMS 0x0000000090b00000, 0x0000000090b00000| Untracked 
| 268|0x0000000090c00000, 0x0000000090c00000, 0x0000000090d00000|  0%| F|  |TAMS 0x0000000090c00000, 0x0000000090c00000| Untracked 
| 269|0x0000000090d00000, 0x0000000090d00000, 0x0000000090e00000|  0%| F|  |TAMS 0x0000000090d00000, 0x0000000090d00000| Untracked 
| 270|0x0000000090e00000, 0x0000000090e00000, 0x0000000090f00000|  0%| F|  |TAMS 0x0000000090e00000, 0x0000000090e00000| Untracked 
| 271|0x0000000090f00000, 0x0000000090f00000, 0x0000000091000000|  0%| F|  |TAMS 0x0000000090f00000, 0x0000000090f00000| Untracked 
| 272|0x0000000091000000, 0x0000000091000000, 0x0000000091100000|  0%| F|  |TAMS 0x0000000091000000, 0x0000000091000000| Untracked 
| 273|0x0000000091100000, 0x0000000091100000, 0x0000000091200000|  0%| F|  |TAMS 0x0000000091100000, 0x0000000091100000| Untracked 
| 274|0x0000000091200000, 0x0000000091200000, 0x0000000091300000|  0%| F|  |TAMS 0x0000000091200000, 0x0000000091200000| Untracked 
| 275|0x0000000091300000, 0x0000000091300000, 0x0000000091400000|  0%| F|  |TAMS 0x0000000091300000, 0x0000000091300000| Untracked 
| 276|0x0000000091400000, 0x0000000091400000, 0x0000000091500000|  0%| F|  |TAMS 0x0000000091400000, 0x0000000091400000| Untracked 
| 277|0x0000000091500000, 0x0000000091500000, 0x0000000091600000|  0%| F|  |TAMS 0x0000000091500000, 0x0000000091500000| Untracked 
| 278|0x0000000091600000, 0x0000000091600000, 0x0000000091700000|  0%| F|  |TAMS 0x0000000091600000, 0x0000000091600000| Untracked 
| 279|0x0000000091700000, 0x0000000091700000, 0x0000000091800000|  0%| F|  |TAMS 0x0000000091700000, 0x0000000091700000| Untracked 
| 280|0x0000000091800000, 0x0000000091800000, 0x0000000091900000|  0%| F|  |TAMS 0x0000000091800000, 0x0000000091800000| Untracked 
| 281|0x0000000091900000, 0x0000000091900000, 0x0000000091a00000|  0%| F|  |TAMS 0x0000000091900000, 0x0000000091900000| Untracked 
| 282|0x0000000091a00000, 0x0000000091a00000, 0x0000000091b00000|  0%| F|  |TAMS 0x0000000091a00000, 0x0000000091a00000| Untracked 
| 283|0x0000000091b00000, 0x0000000091b00000, 0x0000000091c00000|  0%| F|  |TAMS 0x0000000091b00000, 0x0000000091b00000| Untracked 
| 284|0x0000000091c00000, 0x0000000091c00000, 0x0000000091d00000|  0%| F|  |TAMS 0x0000000091c00000, 0x0000000091c00000| Untracked 
| 285|0x0000000091d00000, 0x0000000091d00000, 0x0000000091e00000|  0%| F|  |TAMS 0x0000000091d00000, 0x0000000091d00000| Untracked 
| 286|0x0000000091e00000, 0x0000000091e00000, 0x0000000091f00000|  0%| F|  |TAMS 0x0000000091e00000, 0x0000000091e00000| Untracked 
| 287|0x0000000091f00000, 0x0000000091f00000, 0x0000000092000000|  0%| F|  |TAMS 0x0000000091f00000, 0x0000000091f00000| Untracked 
| 288|0x0000000092000000, 0x0000000092000000, 0x0000000092100000|  0%| F|  |TAMS 0x0000000092000000, 0x0000000092000000| Untracked 
| 289|0x0000000092100000, 0x0000000092100000, 0x0000000092200000|  0%| F|  |TAMS 0x0000000092100000, 0x0000000092100000| Untracked 
| 290|0x0000000092200000, 0x0000000092200000, 0x0000000092300000|  0%| F|  |TAMS 0x0000000092200000, 0x0000000092200000| Untracked 
| 291|0x0000000092300000, 0x0000000092300000, 0x0000000092400000|  0%| F|  |TAMS 0x0000000092300000, 0x0000000092300000| Untracked 
| 292|0x0000000092400000, 0x0000000092400000, 0x0000000092500000|  0%| F|  |TAMS 0x0000000092400000, 0x0000000092400000| Untracked 
| 293|0x0000000092500000, 0x0000000092500000, 0x0000000092600000|  0%| F|  |TAMS 0x0000000092500000, 0x0000000092500000| Untracked 
| 294|0x0000000092600000, 0x0000000092600000, 0x0000000092700000|  0%| F|  |TAMS 0x0000000092600000, 0x0000000092600000| Untracked 
| 295|0x0000000092700000, 0x0000000092700000, 0x0000000092800000|  0%| F|  |TAMS 0x0000000092700000, 0x0000000092700000| Untracked 
| 296|0x0000000092800000, 0x0000000092800000, 0x0000000092900000|  0%| F|  |TAMS 0x0000000092800000, 0x0000000092800000| Untracked 
| 297|0x0000000092900000, 0x0000000092900000, 0x0000000092a00000|  0%| F|  |TAMS 0x0000000092900000, 0x0000000092900000| Untracked 
| 298|0x0000000092a00000, 0x0000000092a00000, 0x0000000092b00000|  0%| F|  |TAMS 0x0000000092a00000, 0x0000000092a00000| Untracked 
| 299|0x0000000092b00000, 0x0000000092c00000, 0x0000000092c00000|100%| S|CS|TAMS 0x0000000092b00000, 0x0000000092b00000| Complete 
| 300|0x0000000092c00000, 0x0000000092c00000, 0x0000000092d00000|  0%| F|  |TAMS 0x0000000092c00000, 0x0000000092c00000| Untracked 
| 301|0x0000000092d00000, 0x0000000092d00000, 0x0000000092e00000|  0%| F|  |TAMS 0x0000000092d00000, 0x0000000092d00000| Untracked 
| 302|0x0000000092e00000, 0x0000000092e00000, 0x0000000092f00000|  0%| F|  |TAMS 0x0000000092e00000, 0x0000000092e00000| Untracked 
| 303|0x0000000092f00000, 0x0000000092f00000, 0x0000000093000000|  0%| F|  |TAMS 0x0000000092f00000, 0x0000000092f00000| Untracked 
| 304|0x0000000093000000, 0x0000000093000000, 0x0000000093100000|  0%| F|  |TAMS 0x0000000093000000, 0x0000000093000000| Untracked 
| 305|0x0000000093100000, 0x0000000093100000, 0x0000000093200000|  0%| F|  |TAMS 0x0000000093100000, 0x0000000093100000| Untracked 
| 306|0x0000000093200000, 0x0000000093200000, 0x0000000093300000|  0%| F|  |TAMS 0x0000000093200000, 0x0000000093200000| Untracked 
| 307|0x0000000093300000, 0x0000000093300000, 0x0000000093400000|  0%| F|  |TAMS 0x0000000093300000, 0x0000000093300000| Untracked 
| 308|0x0000000093400000, 0x0000000093400000, 0x0000000093500000|  0%| F|  |TAMS 0x0000000093400000, 0x0000000093400000| Untracked 
| 309|0x0000000093500000, 0x0000000093500000, 0x0000000093600000|  0%| F|  |TAMS 0x0000000093500000, 0x0000000093500000| Untracked 

Card table byte_map: [0x0000019b7e250000,0x0000019b7e650000] _byte_map_base: 0x0000019b7de50000

Marking Bits (Prev, Next): (CMBitMap*) 0x0000019b7ddb9588, (CMBitMap*) 0x0000019b7ddb95c0
 Prev Bits: [0x0000019b128a0000, 0x0000019b148a0000)
 Next Bits: [0x0000019b148a0000, 0x0000019b168a0000)

Polling page: 0x0000019b7bc60000

Metaspace:

Usage:
  Non-class:    133.31 MB capacity,   130.01 MB ( 98%) used,     2.77 MB (  2%) free+waste,   543.38 KB ( <1%) overhead. 
      Class:     19.33 MB capacity,    17.65 MB ( 91%) used,     1.46 MB (  8%) free+waste,   237.88 KB (  1%) overhead. 
       Both:    152.65 MB capacity,   147.66 MB ( 97%) used,     4.22 MB (  3%) free+waste,   781.25 KB ( <1%) overhead. 

Virtual space:
  Non-class space:      134.00 MB reserved,     133.50 MB (>99%) committed 
      Class space:        1.00 GB reserved,      19.38 MB (  2%) committed 
             Both:        1.13 GB reserved,     152.88 MB ( 13%) committed 

Chunk freelists:
   Non-Class:  0 bytes
       Class:  10.00 KB
        Both:  10.00 KB

MaxMetaspaceSize: 17179869184.00 GB
CompressedClassSpaceSize: 1.00 GB

CodeHeap 'non-profiled nmethods': size=120064Kb used=24421Kb max_used=24421Kb free=95642Kb
 bounds [0x0000019b0b360000, 0x0000019b0cb60000, 0x0000019b128a0000]
CodeHeap 'profiled nmethods': size=120000Kb used=57577Kb max_used=57577Kb free=62422Kb
 bounds [0x0000019b03e30000, 0x0000019b076d0000, 0x0000019b0b360000]
CodeHeap 'non-nmethods': size=5696Kb used=2403Kb max_used=2477Kb free=3292Kb
 bounds [0x0000019b038a0000, 0x0000019b03b20000, 0x0000019b03e30000]
 total_blobs=27563 nmethods=26523 adapters=948
 compilation: enabled
              stopped_count=0, restarted_count=0
 full_count=0

Compilation events (20 events):
Event: 10284.639 Thread 0x0000019b7f876000 35962       2       com.android.tools.r8.s.a.a.a.b::a (25 bytes)
Event: 10284.639 Thread 0x0000019b7f876000 nmethod 35962 0x0000019b076bea90 code [0x0000019b076bec40, 0x0000019b076bed78]
Event: 10284.682 Thread 0x0000019b7f876000 35964       1       com.android.tools.r8.v.b.E::W1 (3 bytes)
Event: 10284.682 Thread 0x0000019b7f876000 nmethod 35964 0x0000019b0c306e90 code [0x0000019b0c307040, 0x0000019b0c3070f8]
Event: 10284.683 Thread 0x0000019b7f876000 35965       2       com.android.tools.r8.v.b.E::a (4 bytes)
Event: 10284.684 Thread 0x0000019b7f876000 nmethod 35965 0x0000019b076bee10 code [0x0000019b076befc0, 0x0000019b076bf0b8]
Event: 10284.688 Thread 0x0000019b7f876000 35966       2       com.android.tools.r8.r.o.j::a (9 bytes)
Event: 10284.688 Thread 0x0000019b7f876000 nmethod 35966 0x0000019b076bf190 code [0x0000019b076bf360, 0x0000019b076bf588]
Event: 10284.689 Thread 0x0000019b7f876000 35967       2       com.android.tools.r8.r.o.j::a (42 bytes)
Event: 10284.690 Thread 0x0000019b7f876000 nmethod 35967 0x0000019b076bf790 code [0x0000019b076bf9a0, 0x0000019b076bfd78]
Event: 10284.690 Thread 0x0000019b7f876000 35968       2       com.android.tools.r8.v.a.t.u::m (4 bytes)
Event: 10284.690 Thread 0x0000019b7f876000 nmethod 35968 0x0000019b04397790 code [0x0000019b04397940, 0x0000019b04397a18]
Event: 10284.690 Thread 0x0000019b7f876000 35969       2       com.android.tools.r8.v.a.t.o::J (4 bytes)
Event: 10284.690 Thread 0x0000019b7f876000 nmethod 35969 0x0000019b043e2190 code [0x0000019b043e2340, 0x0000019b043e2418]
Event: 10284.692 Thread 0x0000019b7f876000 35970 %     3       com.android.tools.r8.v.b.o::a @ 278 (360 bytes)
Event: 10284.693 Thread 0x0000019b7f876000 nmethod 35970% 0x0000019b076c0010 code [0x0000019b076c02e0, 0x0000019b076c1448]
Event: 10284.697 Thread 0x0000019b7f876000 35971       1       com.android.tools.r8.r.o.z::r (2 bytes)
Event: 10284.697 Thread 0x0000019b7f876000 nmethod 35971 0x0000019b0c306b90 code [0x0000019b0c306d40, 0x0000019b0c306df8]
Event: 10284.698 Thread 0x0000019b7f876000 35972       2       com.android.tools.r8.v.b.O0::<init> (10 bytes)
Event: 10284.698 Thread 0x0000019b7f876000 nmethod 35972 0x0000019b076c1910 code [0x0000019b076c1ac0, 0x0000019b076c1bc8]

GC Heap History (20 events):
Event: 10278.089 GC heap after
{Heap after GC invocations=427 (full 0):
 garbage-first heap   total 264192K, used 115322K [0x0000000080000000, 0x0000000100000000)
  region size 1024K, 1 young (1024K), 1 survivors (1024K)
 Metaspace       used 150005K, capacity 155061K, committed 155136K, reserved 1185792K
  class space    used 17983K, capacity 19693K, committed 19712K, reserved 1048576K
}
Event: 10279.199 GC heap before
{Heap before GC invocations=428 (full 0):
 garbage-first heap   total 264192K, used 185978K [0x0000000080000000, 0x0000000100000000)
  region size 1024K, 67 young (68608K), 1 survivors (1024K)
 Metaspace       used 150209K, capacity 155269K, committed 155520K, reserved 1185792K
  class space    used 18014K, capacity 19737K, committed 19840K, reserved 1048576K
}
Event: 10279.230 GC heap after
{Heap after GC invocations=429 (full 0):
 garbage-first heap   total 264192K, used 128076K [0x0000000080000000, 0x0000000100000000)
  region size 1024K, 9 young (9216K), 9 survivors (9216K)
 Metaspace       used 150209K, capacity 155269K, committed 155520K, reserved 1185792K
  class space    used 18014K, capacity 19737K, committed 19840K, reserved 1048576K
}
Event: 10280.421 GC heap before
{Heap before GC invocations=429 (full 0):
 garbage-first heap   total 264192K, used 191564K [0x0000000080000000, 0x0000000100000000)
  region size 1024K, 72 young (73728K), 9 survivors (9216K)
 Metaspace       used 150806K, capacity 155891K, committed 156032K, reserved 1185792K
  class space    used 18059K, capacity 19792K, committed 19840K, reserved 1048576K
}
Event: 10280.468 GC heap after
{Heap after GC invocations=430 (full 0):
 garbage-first heap   total 264192K, used 134133K [0x0000000080000000, 0x0000000100000000)
  region size 1024K, 7 young (7168K), 7 survivors (7168K)
 Metaspace       used 150806K, capacity 155891K, committed 156032K, reserved 1185792K
  class space    used 18059K, capacity 19792K, committed 19840K, reserved 1048576K
}
Event: 10281.196 GC heap before
{Heap before GC invocations=431 (full 0):
 garbage-first heap   total 264192K, used 196597K [0x0000000080000000, 0x0000000100000000)
  region size 1024K, 69 young (70656K), 7 survivors (7168K)
 Metaspace       used 150891K, capacity 155962K, committed 156032K, reserved 1185792K
  class space    used 18060K, capacity 19792K, committed 19840K, reserved 1048576K
}
Event: 10281.223 GC heap after
{Heap after GC invocations=432 (full 0):
 garbage-first heap   total 264192K, used 140465K [0x0000000080000000, 0x0000000100000000)
  region size 1024K, 8 young (8192K), 8 survivors (8192K)
 Metaspace       used 150891K, capacity 155962K, committed 156032K, reserved 1185792K
  class space    used 18060K, capacity 19792K, committed 19840K, reserved 1048576K
}
Event: 10281.240 GC heap before
{Heap before GC invocations=432 (full 0):
 garbage-first heap   total 264192K, used 144561K [0x0000000080000000, 0x0000000100000000)
  region size 1024K, 12 young (12288K), 8 survivors (8192K)
 Metaspace       used 150893K, capacity 155963K, committed 156032K, reserved 1185792K
  class space    used 18060K, capacity 19792K, committed 19840K, reserved 1048576K
}
Event: 10281.259 GC heap after
{Heap after GC invocations=433 (full 0):
 garbage-first heap   total 264192K, used 138426K [0x0000000080000000, 0x0000000100000000)
  region size 1024K, 2 young (2048K), 2 survivors (2048K)
 Metaspace       used 150893K, capacity 155963K, committed 156032K, reserved 1185792K
  class space    used 18060K, capacity 19792K, committed 19840K, reserved 1048576K
}
Event: 10281.676 GC heap before
{Heap before GC invocations=433 (full 0):
 garbage-first heap   total 264192K, used 200890K [0x0000000080000000, 0x0000000100000000)
  region size 1024K, 64 young (65536K), 2 survivors (2048K)
 Metaspace       used 151001K, capacity 156035K, committed 156288K, reserved 1185792K
  class space    used 18067K, capacity 19794K, committed 19840K, reserved 1048576K
}
Event: 10281.693 GC heap after
{Heap after GC invocations=434 (full 0):
 garbage-first heap   total 317440K, used 143720K [0x0000000080000000, 0x0000000100000000)
  region size 1024K, 7 young (7168K), 7 survivors (7168K)
 Metaspace       used 151001K, capacity 156035K, committed 156288K, reserved 1185792K
  class space    used 18067K, capacity 19794K, committed 19840K, reserved 1048576K
}
Event: 10282.689 GC heap before
{Heap before GC invocations=435 (full 0):
 garbage-first heap   total 317440K, used 231784K [0x0000000080000000, 0x0000000100000000)
  region size 1024K, 93 young (95232K), 7 survivors (7168K)
 Metaspace       used 151070K, capacity 156170K, committed 156288K, reserved 1185792K
  class space    used 18068K, capacity 19796K, committed 19840K, reserved 1048576K
}
Event: 10282.716 GC heap after
{Heap after GC invocations=436 (full 0):
 garbage-first heap   total 317440K, used 150077K [0x0000000080000000, 0x0000000100000000)
  region size 1024K, 10 young (10240K), 10 survivors (10240K)
 Metaspace       used 151070K, capacity 156170K, committed 156288K, reserved 1185792K
  class space    used 18068K, capacity 19796K, committed 19840K, reserved 1048576K
}
Event: 10283.224 GC heap before
{Heap before GC invocations=436 (full 0):
 garbage-first heap   total 317440K, used 245309K [0x0000000080000000, 0x0000000100000000)
  region size 1024K, 103 young (105472K), 10 survivors (10240K)
 Metaspace       used 151115K, capacity 156244K, committed 156288K, reserved 1185792K
  class space    used 18069K, capacity 19798K, committed 19840K, reserved 1048576K
}
Event: 10283.315 GC heap after
{Heap after GC invocations=437 (full 0):
 garbage-first heap   total 317440K, used 156226K [0x0000000080000000, 0x0000000100000000)
  region size 1024K, 7 young (7168K), 7 survivors (7168K)
 Metaspace       used 151115K, capacity 156244K, committed 156288K, reserved 1185792K
  class space    used 18069K, capacity 19798K, committed 19840K, reserved 1048576K
}
Event: 10284.087 GC heap before
{Heap before GC invocations=437 (full 0):
 garbage-first heap   total 317440K, used 250434K [0x0000000080000000, 0x0000000100000000)
  region size 1024K, 99 young (101376K), 7 survivors (7168K)
 Metaspace       used 151173K, capacity 156310K, committed 156544K, reserved 1185792K
  class space    used 18069K, capacity 19798K, committed 19840K, reserved 1048576K
}
Event: 10284.116 GC heap after
{Heap after GC invocations=438 (full 0):
 garbage-first heap   total 317440K, used 158955K [0x0000000080000000, 0x0000000100000000)
  region size 1024K, 10 young (10240K), 10 survivors (10240K)
 Metaspace       used 151173K, capacity 156310K, committed 156544K, reserved 1185792K
  class space    used 18069K, capacity 19798K, committed 19840K, reserved 1048576K
}
Event: 10284.642 GC heap before
{Heap before GC invocations=439 (full 0):
 garbage-first heap   total 317440K, used 256235K [0x0000000080000000, 0x0000000100000000)
  region size 1024K, 105 young (107520K), 10 survivors (10240K)
 Metaspace       used 151202K, capacity 156310K, committed 156544K, reserved 1185792K
  class space    used 18069K, capacity 19798K, committed 19840K, reserved 1048576K
}
Event: 10284.674 GC heap after
{Heap after GC invocations=440 (full 0):
 garbage-first heap   total 317440K, used 160412K [0x0000000080000000, 0x0000000100000000)
  region size 1024K, 5 young (5120K), 5 survivors (5120K)
 Metaspace       used 151202K, capacity 156310K, committed 156544K, reserved 1185792K
  class space    used 18069K, capacity 19798K, committed 19840K, reserved 1048576K
}
Event: 10284.710 GC heap before
{Heap before GC invocations=440 (full 0):
 garbage-first heap   total 317440K, used 170652K [0x0000000080000000, 0x0000000100000000)
  region size 1024K, 15 young (15360K), 5 survivors (5120K)
 Metaspace       used 151204K, capacity 156310K, committed 156544K, reserved 1185792K
  class space    used 18069K, capacity 19798K, committed 19840K, reserved 1048576K
}

Deoptimization events (20 events):
Event: 10284.464 Thread 0x0000019b1e10e800 DEOPT PACKING pc=0x0000019b04aa75cf sp=0x0000002fbaefb420
Event: 10284.464 Thread 0x0000019b1e10e800 DEOPT UNPACKING pc=0x0000019b038c72ce sp=0x0000002fbaefa8d0 mode 0
Event: 10284.549 Thread 0x0000019b1e111800 DEOPT PACKING pc=0x0000019b07336bdb sp=0x0000002fbb0fb430
Event: 10284.549 Thread 0x0000019b1e111800 DEOPT UNPACKING pc=0x0000019b038c72ce sp=0x0000002fbb0facb0 mode 0
Event: 10284.581 Thread 0x0000019b1e111800 Uncommon trap: trap_request=0xffffff4d fr.pc=0x0000019b0bce0984 relative=0x0000000000002c64
Event: 10284.581 Thread 0x0000019b1e111800 Uncommon trap: reason=unstable_if action=reinterpret pc=0x0000019b0bce0984 method=com.android.tools.r8.ir.conversion.S.a(Lcom/android/tools/r8/graph/M1;)Lcom/android/tools/r8/v/b/X; @ 1725 c2
Event: 10284.581 Thread 0x0000019b1e111800 DEOPT PACKING pc=0x0000019b0bce0984 sp=0x0000002fbb0fb7f0
Event: 10284.581 Thread 0x0000019b1e111800 DEOPT UNPACKING pc=0x0000019b038c74af sp=0x0000002fbb0fb7c0 mode 2
Event: 10284.599 Thread 0x0000019b1e111800 DEOPT PACKING pc=0x0000019b063a55eb sp=0x0000002fbb0fb430
Event: 10284.599 Thread 0x0000019b1e111800 DEOPT UNPACKING pc=0x0000019b038c72ce sp=0x0000002fbb0fab18 mode 0
Event: 10284.602 Thread 0x0000019b1e111800 DEOPT PACKING pc=0x0000019b07336bdb sp=0x0000002fbb0fb430
Event: 10284.602 Thread 0x0000019b1e111800 DEOPT UNPACKING pc=0x0000019b038c72ce sp=0x0000002fbb0facb0 mode 0
Event: 10284.685 Thread 0x0000019b1e10e800 DEOPT PACKING pc=0x0000019b07336bdb sp=0x0000002fbaefb1f0
Event: 10284.685 Thread 0x0000019b1e10e800 DEOPT UNPACKING pc=0x0000019b038c72ce sp=0x0000002fbaefaa70 mode 0
Event: 10284.686 Thread 0x0000019b1e10e800 DEOPT PACKING pc=0x0000019b05fe70e7 sp=0x0000002fbaefb290
Event: 10284.686 Thread 0x0000019b1e10e800 DEOPT UNPACKING pc=0x0000019b038c72ce sp=0x0000002fbaefa728 mode 0
Event: 10284.696 Thread 0x0000019b1e10b000 DEOPT PACKING pc=0x0000019b06c8b599 sp=0x0000002fbaffae60
Event: 10284.696 Thread 0x0000019b1e10b000 DEOPT UNPACKING pc=0x0000019b038c72ce sp=0x0000002fbaffa5f0 mode 0
Event: 10284.699 Thread 0x0000019b1e111800 DEOPT PACKING pc=0x0000019b06c476c6 sp=0x0000002fbb0fb7f0
Event: 10284.700 Thread 0x0000019b1e111800 DEOPT UNPACKING pc=0x0000019b038c72ce sp=0x0000002fbb0faee8 mode 0

Classes redefined (0 events):
No events

Internal exceptions (20 events):
Event: 10276.399 Thread 0x0000019b1ad38000 Exception <a 'sun/nio/fs/WindowsException'{0x000000008af0fee0}> (0x000000008af0fee0) thrown at [./src/hotspot/share/prims/jni.cpp, line 615]
Event: 10276.400 Thread 0x0000019b1ad38000 Exception <a 'sun/nio/fs/WindowsException'{0x000000008af10da8}> (0x000000008af10da8) thrown at [./src/hotspot/share/prims/jni.cpp, line 615]
Event: 10276.410 Thread 0x0000019b1ad38000 Exception <a 'sun/nio/fs/WindowsException'{0x000000008af1bfc8}> (0x000000008af1bfc8) thrown at [./src/hotspot/share/prims/jni.cpp, line 615]
Event: 10276.410 Thread 0x0000019b1ad38000 Exception <a 'sun/nio/fs/WindowsException'{0x000000008af1cbb8}> (0x000000008af1cbb8) thrown at [./src/hotspot/share/prims/jni.cpp, line 615]
Event: 10276.423 Thread 0x0000019b1ad38000 Implicit null exception at 0x0000019b0b3b4da9 to 0x0000019b0b3b4e90
Event: 10276.434 Thread 0x0000019b1ad38000 Implicit null exception at 0x0000019b0c0af714 to 0x0000019b0c0b0400
Event: 10276.441 Thread 0x0000019b1ad3b800 Exception <a 'sun/nio/fs/WindowsException'{0x000000008ae75de0}> (0x000000008ae75de0) thrown at [./src/hotspot/share/prims/jni.cpp, line 615]
Event: 10276.442 Thread 0x0000019b1ad3b800 Exception <a 'sun/nio/fs/WindowsException'{0x000000008ae76100}> (0x000000008ae76100) thrown at [./src/hotspot/share/prims/jni.cpp, line 615]
Event: 10276.558 Thread 0x0000019b1e111800 Exception <a 'sun/nio/fs/WindowsException'{0x000000009010a5a8}> (0x000000009010a5a8) thrown at [./src/hotspot/share/prims/jni.cpp, line 615]
Event: 10276.830 Thread 0x0000019b1e111800 Exception <a 'sun/nio/fs/WindowsException'{0x000000008faf6b08}> (0x000000008faf6b08) thrown at [./src/hotspot/share/prims/jni.cpp, line 615]
Event: 10277.306 Thread 0x0000019b1e10e800 Exception <a 'sun/nio/fs/WindowsException'{0x000000008ebbd768}> (0x000000008ebbd768) thrown at [./src/hotspot/share/prims/jni.cpp, line 615]
Event: 10277.744 Thread 0x0000019b1e108000 Implicit null exception at 0x0000019b0bb9f9a8 to 0x0000019b0bba1d20
Event: 10278.896 Thread 0x0000019b1e10b000 Exception <a 'sun/nio/fs/WindowsException'{0x000000008d672588}> (0x000000008d672588) thrown at [./src/hotspot/share/prims/jni.cpp, line 615]
Event: 10279.326 Thread 0x0000019b1e10b000 Implicit null exception at 0x0000019b0be76a64 to 0x0000019b0be76d40
Event: 10279.363 Thread 0x0000019b1e10b000 Implicit null exception at 0x0000019b0bcdaaf8 to 0x0000019b0bcdad4c
Event: 10279.389 Thread 0x0000019b1e10b000 Exception <a 'java/lang/NoSuchMethodError'{0x000000008fd74e28}: 'java.lang.Object java.lang.invoke.DirectMethodHandle$Holder.invokeInterface(java.lang.Object, java.lang.Object, int)'> (0x000000008fd74e28) thrown at [./src/hotspot/share/interpreter/linkResolver.cpp, line 773]
Event: 10279.870 Thread 0x0000019b1e10b000 Implicit null exception at 0x0000019b0b962476 to 0x0000019b0b962634
Event: 10280.308 Thread 0x0000019b1e10e800 Exception <a 'sun/nio/fs/WindowsException'{0x000000008d0574c0}> (0x000000008d0574c0) thrown at [./src/hotspot/share/prims/jni.cpp, line 615]
Event: 10281.382 Thread 0x0000019b1e10b000 Exception <a 'java/lang/NoSuchMethodError'{0x000000008ec424a8}: 'int java.lang.invoke.DirectMethodHandle$Holder.invokeInterface(java.lang.Object, java.lang.Object, int)'> (0x000000008ec424a8) thrown at [./src/hotspot/share/interpreter/linkResolver.cpp, line 773]
Event: 10281.743 Thread 0x0000019b1e111800 Exception <a 'sun/nio/fs/WindowsException'{0x0000000092ff1e40}> (0x0000000092ff1e40) thrown at [./src/hotspot/share/prims/jni.cpp, line 615]

Events (20 events):
Event: 10283.149 loading class com/android/tools/r8/v/b/w1 done
Event: 10283.149 loading class com/android/tools/r8/ir/regalloc/e
Event: 10283.149 loading class com/android/tools/r8/ir/regalloc/e done
Event: 10283.223 Executing VM operation: RevokeBias
Event: 10283.224 Executing coalesced safepoint VM operation: G1CollectForAllocation
Event: 10283.315 Executing coalesced safepoint VM operation: G1CollectForAllocation done
Event: 10283.315 Executing VM operation: RevokeBias done
Event: 10283.381 Executing VM operation: RevokeBias
Event: 10283.381 Executing VM operation: RevokeBias done
Event: 10283.461 Executing VM operation: RevokeBias
Event: 10283.462 Executing VM operation: RevokeBias done
Event: 10283.850 Executing VM operation: CGC_Operation
Event: 10283.891 Executing VM operation: CGC_Operation done
Event: 10284.086 Executing VM operation: G1CollectForAllocation
Event: 10284.116 Executing VM operation: G1CollectForAllocation done
Event: 10284.199 Executing VM operation: CGC_Operation
Event: 10284.200 Executing VM operation: CGC_Operation done
Event: 10284.642 Executing VM operation: G1CollectForAllocation
Event: 10284.674 Executing VM operation: G1CollectForAllocation done
Event: 10284.708 Executing VM operation: G1CollectForAllocation


Dynamic libraries:
0x00007ff7071a0000 - 0x00007ff7071aa000 	F:\setups\Android Studio\jre\bin\java.exe
0x00007ffa82db0000 - 0x00007ffa82f8b000 	C:\WINDOWS\SYSTEM32\ntdll.dll
0x00007ffa825e0000 - 0x00007ffa8268e000 	C:\WINDOWS\System32\KERNEL32.DLL
0x00007ffa7f580000 - 0x00007ffa7f7c9000 	C:\WINDOWS\System32\KERNELBASE.dll
0x00007ffa7fa10000 - 0x00007ffa7fb06000 	C:\WINDOWS\System32\ucrtbase.dll
0x00007ffa7b1a0000 - 0x00007ffa7b1b9000 	F:\setups\Android Studio\jre\bin\jli.dll
0x00007ffa805a0000 - 0x00007ffa806ea000 	C:\WINDOWS\System32\USER32.dll
0x00007ffa7f510000 - 0x00007ffa7f52e000 	C:\WINDOWS\System32\win32u.dll
0x00007ffa82b30000 - 0x00007ffa82b57000 	C:\WINDOWS\System32\GDI32.dll
0x00007ffa6dc80000 - 0x00007ffa6dee7000 	C:\WINDOWS\WinSxS\amd64_microsoft.windows.common-controls_6595b64144ccf1df_6.0.15063.0_none_108e4f62dfe5d999\COMCTL32.dll
0x00007ffa7f2d0000 - 0x00007ffa7f459000 	C:\WINDOWS\System32\gdi32full.dll
0x00007ffa82b70000 - 0x00007ffa82c0d000 	C:\WINDOWS\System32\msvcrt.dll
0x00007ffa7fb70000 - 0x00007ffa7fc0a000 	C:\WINDOWS\System32\msvcp_win.dll
0x00007ffa827f0000 - 0x00007ffa82ae9000 	C:\WINDOWS\System32\combase.dll
0x00007ffa82c10000 - 0x00007ffa82d35000 	C:\WINDOWS\System32\RPCRT4.dll
0x00007ffa7f9a0000 - 0x00007ffa7fa0a000 	C:\WINDOWS\System32\bcryptPrimitives.dll
0x00007ffa7a5c0000 - 0x00007ffa7a5d7000 	F:\setups\Android Studio\jre\bin\VCRUNTIME140.dll
0x00007ffa82b00000 - 0x00007ffa82b2d000 	C:\WINDOWS\System32\IMM32.DLL
0x00007ffa6d050000 - 0x00007ffa6d0ed000 	F:\setups\Android Studio\jre\bin\msvcp140.dll
0x00007ffa55670000 - 0x00007ffa5612c000 	F:\setups\Android Studio\jre\bin\server\jvm.dll
0x00007ffa82690000 - 0x00007ffa82731000 	C:\WINDOWS\System32\ADVAPI32.dll
0x00007ffa81d70000 - 0x00007ffa81dc9000 	C:\WINDOWS\System32\sechost.dll
0x00007ffa81e30000 - 0x00007ffa81e38000 	C:\WINDOWS\System32\PSAPI.DLL
0x00007ffa70490000 - 0x00007ffa7049a000 	C:\WINDOWS\SYSTEM32\VERSION.dll
0x00007ffa7d760000 - 0x00007ffa7d783000 	C:\WINDOWS\SYSTEM32\WINMM.dll
0x00007ffa7bbf0000 - 0x00007ffa7bbf9000 	C:\WINDOWS\SYSTEM32\WSOCK32.dll
0x00007ffa82d40000 - 0x00007ffa82dac000 	C:\WINDOWS\System32\WS2_32.dll
0x00007ffa7d730000 - 0x00007ffa7d75b000 	C:\WINDOWS\SYSTEM32\WINMMBASE.dll
0x00007ffa7f530000 - 0x00007ffa7f579000 	C:\WINDOWS\System32\cfgmgr32.dll
0x00007ffa7f260000 - 0x00007ffa7f271000 	C:\WINDOWS\System32\kernel.appcore.dll
0x00007ffa75f60000 - 0x00007ffa75f71000 	F:\setups\Android Studio\jre\bin\verify.dll
0x00007ffa72270000 - 0x00007ffa72419000 	C:\WINDOWS\SYSTEM32\DBGHELP.DLL
0x00007ffa70970000 - 0x00007ffa70999000 	C:\WINDOWS\SYSTEM32\dbgcore.DLL
0x00007ffa6adc0000 - 0x00007ffa6ade9000 	F:\setups\Android Studio\jre\bin\java.dll
0x00007ffa7b180000 - 0x00007ffa7b18b000 	F:\setups\Android Studio\jre\bin\jimage.dll
0x00007ffa6d990000 - 0x00007ffa6d9a8000 	F:\setups\Android Studio\jre\bin\zip.dll
0x00007ffa806f0000 - 0x00007ffa81b27000 	C:\WINDOWS\System32\SHELL32.dll
0x00007ffa82740000 - 0x00007ffa827ea000 	C:\WINDOWS\System32\shcore.dll
0x00007ffa7fc10000 - 0x00007ffa80302000 	C:\WINDOWS\System32\windows.storage.dll
0x00007ffa80540000 - 0x00007ffa80591000 	C:\WINDOWS\System32\shlwapi.dll
0x00007ffa7f280000 - 0x00007ffa7f2cc000 	C:\WINDOWS\System32\powrprof.dll
0x00007ffa7f220000 - 0x00007ffa7f235000 	C:\WINDOWS\System32\profapi.dll
0x00007ffa6ba70000 - 0x00007ffa6ba8a000 	F:\setups\Android Studio\jre\bin\net.dll
0x00007ffa707d0000 - 0x00007ffa708a7000 	C:\WINDOWS\SYSTEM32\WINHTTP.dll
0x00007ffa7ead0000 - 0x00007ffa7eb2c000 	C:\WINDOWS\system32\mswsock.dll
0x00007ffa6b370000 - 0x00007ffa6b384000 	F:\setups\Android Studio\jre\bin\nio.dll
0x00007ffa75de0000 - 0x00007ffa75e07000 	C:\Users\Mirza Sahb\.gradle\native\fdc75f09e3144964f2cf3f50f0aa648679c211496f362492102eb8c894070792\windows-amd64\native-platform.dll
0x00007ffa6d0f0000 - 0x00007ffa6d286000 	C:\Users\Mirza Sahb\.gradle\native\12488b8bf47d2d4c9fbf2f6322a914ad602e24e48041cd04a747c6da556b65c4\windows-amd64\native-platform-file-events.dll
0x00007ffa788c0000 - 0x00007ffa788ca000 	F:\setups\Android Studio\jre\bin\management.dll
0x00007ffa787b0000 - 0x00007ffa787bc000 	F:\setups\Android Studio\jre\bin\management_ext.dll
0x00007ffa7ec70000 - 0x00007ffa7ec87000 	C:\WINDOWS\SYSTEM32\CRYPTSP.dll
0x00007ffa7e6f0000 - 0x00007ffa7e724000 	C:\WINDOWS\system32\rsaenh.dll
0x00007ffa7f0f0000 - 0x00007ffa7f115000 	C:\WINDOWS\SYSTEM32\bcrypt.dll
0x00007ffa7f120000 - 0x00007ffa7f149000 	C:\WINDOWS\SYSTEM32\USERENV.dll
0x00007ffa7ec90000 - 0x00007ffa7ec9b000 	C:\WINDOWS\SYSTEM32\CRYPTBASE.dll
0x00007ffa7e870000 - 0x00007ffa7e8a7000 	C:\WINDOWS\SYSTEM32\IPHLPAPI.DLL
0x00007ffa82af0000 - 0x00007ffa82af8000 	C:\WINDOWS\System32\NSI.dll
0x00007ffa746d0000 - 0x00007ffa746e6000 	C:\WINDOWS\SYSTEM32\dhcpcsvc6.DLL
0x00007ffa75c50000 - 0x00007ffa75c6a000 	C:\WINDOWS\SYSTEM32\dhcpcsvc.DLL
0x00007ffa78870000 - 0x00007ffa7887b000 	C:\WINDOWS\SYSTEM32\WINNSI.DLL
0x00007ffa7c0f0000 - 0x00007ffa7c117000 	F:\setups\Android Studio\jre\bin\sunec.dll
0x00007ffa7e8b0000 - 0x00007ffa7e954000 	C:\WINDOWS\SYSTEM32\DNSAPI.dll
0x00007ffa6f990000 - 0x00007ffa6f99a000 	C:\Windows\System32\rasadhlp.dll
0x00007ffa72ba0000 - 0x00007ffa72c0b000 	C:\WINDOWS\System32\fwpuclnt.dll

dbghelp: loaded successfully - version: 4.0.5 - missing functions: none
symbol engine: initialized successfully - sym options: 0x614 - pdb path: .;F:\setups\Android Studio\jre\bin;C:\WINDOWS\SYSTEM32;C:\WINDOWS\WinSxS\amd64_microsoft.windows.common-controls_6595b64144ccf1df_6.0.15063.0_none_108e4f62dfe5d999;F:\setups\Android Studio\jre\bin\server;C:\Users\Mirza Sahb\.gradle\native\fdc75f09e3144964f2cf3f50f0aa648679c211496f362492102eb8c894070792\windows-amd64;C:\Users\Mirza Sahb\.gradle\native\12488b8bf47d2d4c9fbf2f6322a914ad602e24e48041cd04a747c6da556b65c4\windows-amd64

VM Arguments:
jvm_args: --add-opens=java.base/java.util=ALL-UNNAMED --add-opens=java.base/java.lang=ALL-UNNAMED --add-opens=java.base/java.lang.invoke=ALL-UNNAMED --add-opens=java.prefs/java.util.prefs=ALL-UNNAMED -Xmx2048m -Dfile.encoding=UTF-8 -Duser.country=US -Duser.language=en -Duser.variant 
java_command: org.gradle.launcher.daemon.bootstrap.GradleDaemon 6.7.1
java_class_path (initial): C:\Users\Mirza Sahb\.gradle\wrapper\dists\gradle-6.7.1-bin\bwlcbys1h7rz3272sye1xwiv6\gradle-6.7.1\lib\gradle-launcher-6.7.1.jar
Launcher Type: SUN_STANDARD

[Global flags]
     intx CICompilerCount                          = 3                                         {product} {ergonomic}
     uint ConcGCThreads                            = 1                                         {product} {ergonomic}
     uint G1ConcRefinementThreads                  = 4                                         {product} {ergonomic}
   size_t G1HeapRegionSize                         = 1048576                                   {product} {ergonomic}
    uintx GCDrainStackTargetSize                   = 64                                        {product} {ergonomic}
   size_t InitialHeapSize                          = 67108864                                  {product} {ergonomic}
   size_t MarkStackSize                            = 4194304                                   {product} {ergonomic}
   size_t MaxHeapSize                              = 2147483648                                {product} {command line}
   size_t MaxNewSize                               = 1287651328                                {product} {ergonomic}
   size_t MinHeapDeltaBytes                        = 1048576                                   {product} {ergonomic}
    uintx NonNMethodCodeHeapSize                   = 5830732                                {pd product} {ergonomic}
    uintx NonProfiledCodeHeapSize                  = 122913754                              {pd product} {ergonomic}
    uintx ProfiledCodeHeapSize                     = 122913754                              {pd product} {ergonomic}
    uintx ReservedCodeCacheSize                    = 251658240                              {pd product} {ergonomic}
     bool SegmentedCodeCache                       = true                                      {product} {ergonomic}
     bool UseCompressedClassPointers               = true                                 {lp64_product} {ergonomic}
     bool UseCompressedOops                        = true                                 {lp64_product} {ergonomic}
     bool UseG1GC                                  = true                                      {product} {ergonomic}
     bool UseLargePagesIndividualAllocation        = false                                  {pd product} {ergonomic}

Logging:
Log output configuration:
 #0: stdout all=warning uptime,level,tags
 #1: stderr all=off uptime,level,tags

Environment Variables:
JAVA_HOME=F:\setups\Java\JRE
PATH=C:\Program Files (x86)\Common Files\Oracle\Java\javapath;C:\WINDOWS\system32;C:\WINDOWS;C:\WINDOWS\System32\Wbem;C:\WINDOWS\System32\WindowsPowerShell\v1.0\;C:\Program Files\nodejs\;C:\Program Files\Git\cmd;F:\setups\flutter\bin;C:\Users\Mirza Sahb\AppData\Local\Microsoft\WindowsApps;C:\Users\Mirza Sahb\AppData\Local\Android\Sdk\platform-tools;C:\Users\Mirza Sahb\AppData\Roaming\npm;
USERNAME=Mirza Sahb
OS=Windows_NT
PROCESSOR_IDENTIFIER=Intel64 Family 6 Model 61 Stepping 4, GenuineIntel



---------------  S Y S T E M  ---------------

OS: Windows 10 , 64 bit Build 15063 (10.0.15063.0)
OS uptime: 0 days 3:25 hours

CPU:total 4 (initial active 4) (2 cores per cpu, 2 threads per core) family 6 model 61 stepping 4, cmov, cx8, fxsr, mmx, sse, sse2, sse3, ssse3, sse4.1, sse4.2, popcnt, avx, avx2, aes, clmul, erms, 3dnowpref, lzcnt, ht, tsc, tscinvbit, bmi1, bmi2, adx, fma

Memory: 4k page, system-wide physical 4011M (349M free)
TotalPageFile size 5141M (AvailPageFile size 92M)
current process WorkingSet (physical memory assigned to process): 660M, peak: 661M
current process commit charge ("private bytes"): 780M, peak: 943M

vm_info: OpenJDK 64-Bit Server VM (11.0.8+10-b944.6842174) for windows-amd64 JRE (11.0.8+10-b944.6842174), built on Sep 19 2020 01:11:42 by "builder" with MS VC++ 14.0 (VS2015)

END.
