#
# There is insufficient memory for the Java Runtime Environment to continue.
# Native memory allocation (mmap) failed to map 113246208 bytes for Failed to commit area from 0x0000000099600000 to 0x00000000a0200000 of length 113246208.
# Possible reasons:
#   The system is out of physical RAM or swap space
#   The process is running with CompressedOops enabled, and the Java Heap may be blocking the growth of the native heap
# Possible solutions:
#   Reduce memory load on the system
#   Increase physical memory or swap space
#   Check if swap backing store is full
#   Decrease Java heap size (-Xmx/-Xms)
#   Decrease number of Java threads
#   Decrease Java thread stack sizes (-Xss)
#   Set larger code cache with -XX:ReservedCodeCacheSize=
#   JVM is running with Unscaled Compressed Oops mode in which the Java heap is
#     placed in the first 4GB address space. The Java Heap base address is the
#     maximum limit for the native heap growth. Please use -XX:HeapBaseMinAddress
#     to set the Java Heap base and to place the Java Heap above 4GB virtual address.
# This output file may be truncated or incomplete.
#
#  Out of Memory Error (./src/hotspot/os/windows/os_windows.cpp:3303), pid=1128, tid=6140
#
# JRE version: OpenJDK Runtime Environment (11.0.8+10) (build 11.0.8+10-b944.6842174)
# Java VM: OpenJDK 64-Bit Server VM (11.0.8+10-b944.6842174, mixed mode, tiered, compressed oops, g1 gc, windows-amd64)
# No core dump will be written. Minidumps are not enabled by default on client versions of Windows
#

---------------  S U M M A R Y ------------

Command Line: --add-opens=java.base/java.util=ALL-UNNAMED --add-opens=java.base/java.lang=ALL-UNNAMED --add-opens=java.base/java.lang.invoke=ALL-UNNAMED --add-opens=java.prefs/java.util.prefs=ALL-UNNAMED -Xmx2048m -Dfile.encoding=UTF-8 -Duser.country=US -Duser.language=en -Duser.variant org.gradle.launcher.daemon.bootstrap.GradleDaemon 6.7.1

Host: Intel(R) Core(TM) M-5Y10c CPU @ 0.80GHz, 4 cores, 3G,  Windows 10 , 64 bit Build 15063 (10.0.15063.0)
Time: Sat Sep 18 02:38:01 2021 Pacific Daylight Time elapsed time: 118 seconds (0d 0h 1m 58s)

---------------  T H R E A D  ---------------

Current thread (0x0000024d4b0f1000):  VMThread "VM Thread" [stack: 0x000000fb6f300000,0x000000fb6f400000] [id=6140]

Stack: [0x000000fb6f300000,0x000000fb6f400000]
[error occurred during error reporting (printing stack bounds), id 0xc0000005, EXCEPTION_ACCESS_VIOLATION (0xc0000005) at pc=0x0000024d35040dad]

Native frames: (J=compiled Java code, j=interpreted, Vv=VM code, C=native code)
V  [jvm.dll+0x5de50a]
V  [jvm.dll+0x7122f5]
V  [jvm.dll+0x71384d]
V  [jvm.dll+0x713e65]
V  [jvm.dll+0x713e1b]
V  [jvm.dll+0x5dd958]
V  [jvm.dll+0x5de0f8]
C  [ntdll.dll+0xaa08d]
C  [ntdll.dll+0x19c58]
C  [ntdll.dll+0xa910e]
C  0x0000024d35040dad

VM_Operation (0x000000fb70ffe8f0): G1CollectForAllocation, mode: safepoint, requested by thread 0x0000024d4cc7c800


---------------  P R O C E S S  ---------------

Threads class SMR info:
_java_thread_list=0x0000024d585f7710, length=46, elements={
0x0000024d316c9800, 0x0000024d4b0f9800, 0x0000024d4b0fb800, 0x0000024d4b117800,
0x0000024d4b118000, 0x0000024d4b119000, 0x0000024d4b11b000, 0x0000024d4b16e000,
0x0000024d4bbb2000, 0x0000024d4bbc7000, 0x0000024d4d9e9800, 0x0000024d4d8a4000,
0x0000024d4d917800, 0x0000024d4cf08000, 0x0000024d4d918800, 0x0000024d4d4a3800,
0x0000024d4df0b000, 0x0000024d4d5ce000, 0x0000024d4cc7c800, 0x0000024d4d5c0000,
0x0000024d4d5c1000, 0x0000024d4d5c2000, 0x0000024d4d5bf800, 0x0000024d4e6bb800,
0x0000024d4e6bc000, 0x0000024d4e6ba800, 0x0000024d4e6b6800, 0x0000024d4e6bd000,
0x0000024d4e6bd800, 0x0000024d4e6b8000, 0x0000024d4e6bf800, 0x0000024d4e6b9800,
0x0000024d4e6c3800, 0x0000024d4f0ae800, 0x0000024d4f0af800, 0x0000024d4f0aa800,
0x0000024d4f0b0000, 0x0000024d4f0ab800, 0x0000024d4dc67800, 0x0000024d4dc64000,
0x0000024d4dc68800, 0x0000024d4dc62800, 0x0000024d57bd9000, 0x0000024d4dc66800,
0x0000024d4dc69000, 0x0000024d4dc63800
}

Java Threads: ( => current thread )
  0x0000024d316c9800 JavaThread "main" [_thread_blocked, id=8396, stack(0x000000fb6ed00000,0x000000fb6ee00000)]
  0x0000024d4b0f9800 JavaThread "Reference Handler" daemon [_thread_blocked, id=5980, stack(0x000000fb6f400000,0x000000fb6f500000)]
  0x0000024d4b0fb800 JavaThread "Finalizer" daemon [_thread_blocked, id=5352, stack(0x000000fb6f500000,0x000000fb6f600000)]
  0x0000024d4b117800 JavaThread "Signal Dispatcher" daemon [_thread_blocked, id=7276, stack(0x000000fb6f600000,0x000000fb6f700000)]
  0x0000024d4b118000 JavaThread "Attach Listener" daemon [_thread_blocked, id=7028, stack(0x000000fb6f700000,0x000000fb6f800000)]
  0x0000024d4b119000 JavaThread "C2 CompilerThread0" daemon [_thread_in_native, id=4592, stack(0x000000fb6f800000,0x000000fb6f900000)]
  0x0000024d4b11b000 JavaThread "C1 CompilerThread0" daemon [_thread_blocked, id=4272, stack(0x000000fb6f900000,0x000000fb6fa00000)]
  0x0000024d4b16e000 JavaThread "Sweeper thread" daemon [_thread_blocked, id=5696, stack(0x000000fb6fa00000,0x000000fb6fb00000)]
  0x0000024d4bbb2000 JavaThread "Common-Cleaner" daemon [_thread_blocked, id=7056, stack(0x000000fb6fb00000,0x000000fb6fc00000)]
  0x0000024d4bbc7000 JavaThread "Service Thread" daemon [_thread_blocked, id=5280, stack(0x000000fb6fc00000,0x000000fb6fd00000)]
  0x0000024d4d9e9800 JavaThread "Daemon health stats" [_thread_blocked, id=1348, stack(0x000000fb70100000,0x000000fb70200000)]
  0x0000024d4d8a4000 JavaThread "Incoming local TCP Connector on port 50088" [_thread_in_native, id=9056, stack(0x000000fb70600000,0x000000fb70700000)]
  0x0000024d4d917800 JavaThread "Daemon periodic checks" [_thread_blocked, id=1204, stack(0x000000fb70800000,0x000000fb70900000)]
  0x0000024d4cf08000 JavaThread "Daemon" [_thread_blocked, id=1572, stack(0x000000fb70900000,0x000000fb70a00000)]
  0x0000024d4d918800 JavaThread "Handler for socket connection from /127.0.0.1:50088 to /127.0.0.1:50089" [_thread_in_native, id=6148, stack(0x000000fb70a00000,0x000000fb70b00000)]
  0x0000024d4d4a3800 JavaThread "Cancel handler" [_thread_blocked, id=2824, stack(0x000000fb70b00000,0x000000fb70c00000)]
  0x0000024d4df0b000 JavaThread "Daemon worker" [_thread_blocked, id=8896, stack(0x000000fb70c00000,0x000000fb70d00000)]
  0x0000024d4d5ce000 JavaThread "Asynchronous log dispatcher for DefaultDaemonConnection: socket connection from /127.0.0.1:50088 to /127.0.0.1:50089" [_thread_blocked, id=7676, stack(0x000000fb70d00000,0x000000fb70e00000)]
  0x0000024d4cc7c800 JavaThread "Thread-8" [_thread_blocked, id=4576, stack(0x000000fb70f00000,0x000000fb71000000)]
  0x0000024d4d5c0000 JavaThread "Cache worker for file hash cache (C:\Users\Mirza Sahb\.gradle\caches\6.7.1\fileHashes)" [_thread_blocked, id=7684, stack(0x000000fb71000000,0x000000fb71100000)]
  0x0000024d4d5c1000 JavaThread "File lock request listener" [_thread_in_native, id=8440, stack(0x000000fb71100000,0x000000fb71200000)]
  0x0000024d4d5c2000 JavaThread "Cache worker for journal cache (C:\Users\Mirza Sahb\.gradle\caches\journal-1)" [_thread_blocked, id=4696, stack(0x000000fb71200000,0x000000fb71300000)]
  0x0000024d4d5bf800 JavaThread "Cache worker for file hash cache (D:\setups\Android_Studio_Projects\add_calculator_apk\.gradle\6.7.1\fileHashes)" [_thread_blocked, id=6492, stack(0x000000fb71500000,0x000000fb71600000)]
  0x0000024d4e6bb800 JavaThread "Cache worker for checksums cache (D:\setups\Android_Studio_Projects\add_calculator_apk\.gradle\checksums)" [_thread_blocked, id=8384, stack(0x000000fb71600000,0x000000fb71700000)]
  0x0000024d4e6bc000 JavaThread "Cache worker for cache directory md-supplier (C:\Users\Mirza Sahb\.gradle\caches\6.7.1\md-supplier)" [_thread_blocked, id=5536, stack(0x000000fb71700000,0x000000fb71800000)]
  0x0000024d4e6ba800 JavaThread "Cache worker for cache directory md-rule (C:\Users\Mirza Sahb\.gradle\caches\6.7.1\md-rule)" [_thread_blocked, id=5016, stack(0x000000fb71800000,0x000000fb71900000)]
  0x0000024d4e6b6800 JavaThread "Cache worker for execution history cache (C:\Users\Mirza Sahb\.gradle\caches\6.7.1\executionHistory)" [_thread_blocked, id=8140, stack(0x000000fb71900000,0x000000fb71a00000)]
  0x0000024d4e6bd000 JavaThread "Cache worker for file content cache (C:\Users\Mirza Sahb\.gradle\caches\6.7.1\fileContent)" [_thread_blocked, id=4612, stack(0x000000fb71c00000,0x000000fb71d00000)]
  0x0000024d4e6bd800 JavaThread "Cache worker for Build Output Cleanup Cache (D:\setups\Android_Studio_Projects\add_calculator_apk\.gradle\buildOutputCleanup)" [_thread_blocked, id=4172, stack(0x000000fb71e00000,0x000000fb71f00000)]
  0x0000024d4e6b8000 JavaThread "Build operations" [_thread_blocked, id=9080, stack(0x000000fb72000000,0x000000fb72100000)]
  0x0000024d4e6bf800 JavaThread "Build operations Thread 2" [_thread_blocked, id=8464, stack(0x000000fb72100000,0x000000fb72200000)]
  0x0000024d4e6b9800 JavaThread "Build operations Thread 3" [_thread_blocked, id=1064, stack(0x000000fb72200000,0x000000fb72300000)]
  0x0000024d4e6c3800 JavaThread "Build operations Thread 4" [_thread_blocked, id=1656, stack(0x000000fb72300000,0x000000fb72400000)]
  0x0000024d4f0ae800 JavaThread "Memory manager" [_thread_blocked, id=7292, stack(0x000000fb78a00000,0x000000fb78b00000)]
  0x0000024d4f0af800 JavaThread "build event listener" [_thread_blocked, id=7860, stack(0x000000fb79100000,0x000000fb79200000)]
  0x0000024d4f0aa800 JavaThread "build event listener" [_thread_blocked, id=1588, stack(0x000000fb79200000,0x000000fb79300000)]
  0x0000024d4f0b0000 JavaThread "Execution worker for ':'" [_thread_blocked, id=2716, stack(0x000000fb79300000,0x000000fb79400000)]
  0x0000024d4f0ab800 JavaThread "Execution worker for ':' Thread 2" [_thread_blocked, id=736, stack(0x000000fb79400000,0x000000fb79500000)]
  0x0000024d4dc67800 JavaThread "Execution worker for ':' Thread 3" [_thread_blocked, id=2248, stack(0x000000fb79500000,0x000000fb79600000)]
  0x0000024d4dc64000 JavaThread "Cache worker for execution history cache (D:\setups\Android_Studio_Projects\add_calculator_apk\.gradle\6.7.1\executionHistory)" [_thread_blocked, id=4052, stack(0x000000fb79600000,0x000000fb79700000)]
  0x0000024d4dc68800 JavaThread "WorkerExecutor Queue" [_thread_blocked, id=2484, stack(0x000000fb79900000,0x000000fb79a00000)]
  0x0000024d4dc62800 JavaThread "WorkerExecutor Queue Thread 2" [_thread_blocked, id=4772, stack(0x000000fb79c00000,0x000000fb79d00000)]
  0x0000024d57bd9000 JavaThread "C2 CompilerThread1" daemon [_thread_in_native, id=4828, stack(0x000000fb79e00000,0x000000fb79f00000)]
  0x0000024d4dc66800 JavaThread "pool-4-thread-1" [_thread_blocked, id=1400, stack(0x000000fb79f00000,0x000000fb7a000000)]
  0x0000024d4dc69000 JavaThread "stderr" [_thread_in_native, id=7212, stack(0x000000fb7a000000,0x000000fb7a100000)]
  0x0000024d4dc63800 JavaThread "stdout" [_thread_in_native, id=8432, stack(0x000000fb7a100000,0x000000fb7a200000)]

Other Threads:
=>0x0000024d4b0f1000 VMThread "VM Thread" [stack: 0x000000fb6f300000,0x000000fb6f400000] [id=6140]
  0x0000024d4bbd8000 WatcherThread [stack: 0x000000fb6fd00000,0x000000fb6fe00000] [id=7504]
  0x0000024d316df000 GCTaskThread "GC Thread#0" [stack: 0x000000fb6ee00000,0x000000fb6ef00000] [id=1652]
  0x0000024d4c0a9800 GCTaskThread "GC Thread#1" [stack: 0x000000fb6ff00000,0x000000fb70000000] [id=6064]
  0x0000024d4de9b800 GCTaskThread "GC Thread#2" [stack: 0x000000fb70200000,0x000000fb70300000] [id=4512]
  0x0000024d4d62e800 GCTaskThread "GC Thread#3" [stack: 0x000000fb70300000,0x000000fb70400000] [id=7612]
  0x0000024d31711000 ConcurrentGCThread "G1 Main Marker" [stack: 0x000000fb6ef00000,0x000000fb6f000000] [id=1008]
  0x0000024d31712000 ConcurrentGCThread "G1 Conc#0" [stack: 0x000000fb6f000000,0x000000fb6f100000] [id=752]
  0x0000024d3176c000 ConcurrentGCThread "G1 Refine#0" [stack: 0x000000fb6f100000,0x000000fb6f200000] [id=4652]
  0x0000024d52c1f000 ConcurrentGCThread "G1 Refine#1" [stack: 0x000000fb79800000,0x000000fb79900000] [id=6716]
  0x0000024d3176d000 ConcurrentGCThread "G1 Young RemSet Sampling" [stack: 0x000000fb6f200000,0x000000fb6f300000] [id=4344]

Threads with active compile tasks:
C2 CompilerThread0 118936 14053 %     4       com.android.tools.r8.ir.regalloc.a::a @ 418 (1824 bytes)
C2 CompilerThread1 118936 13920       4       com.android.tools.r8.ir.regalloc.a::a (4001 bytes)

VM state:at safepoint (normal execution)

VM Mutex/Monitor currently owned by a thread:  ([mutex/lock_event])
[0x0000024d2f65ac50] Threads_lock - owner thread: 0x0000024d4b0f1000
[0x0000024d2f65b8b0] Heap_lock - owner thread: 0x0000024d4cc7c800

Heap address: 0x0000000080000000, size: 2048 MB, Compressed Oops mode: 32-bit
Narrow klass base: 0x0000000000000000, Narrow klass shift: 3
Compressed class space size: 1073741824 Address: 0x0000000100000000

Heap:
 garbage-first heap   total 526336K, used 153657K [0x0000000080000000, 0x0000000100000000)
  region size 1024K, 15 young (15360K), 15 survivors (15360K)
 Metaspace       used 95011K, capacity 97260K, committed 97536K, reserved 1134592K
  class space    used 12111K, capacity 12926K, committed 13056K, reserved 1048576K
Heap Regions: E=young(eden), S=young(survivor), O=old, HS=humongous(starts), HC=humongous(continues), CS=collection set, F=free, A=archive, TAMS=top-at-mark-start (previous, next)
|   0|0x0000000080000000, 0x0000000080100000, 0x0000000080100000|100%| O|  |TAMS 0x0000000080100000, 0x0000000080000000| Untracked 
|   1|0x0000000080100000, 0x0000000080200000, 0x0000000080200000|100%| O|  |TAMS 0x0000000080200000, 0x0000000080100000| Untracked 
|   2|0x0000000080200000, 0x0000000080300000, 0x0000000080300000|100%| O|  |TAMS 0x0000000080300000, 0x0000000080200000| Untracked 
|   3|0x0000000080300000, 0x0000000080400000, 0x0000000080400000|100%|HS|  |TAMS 0x0000000080400000, 0x0000000080300000| Complete 
|   4|0x0000000080400000, 0x0000000080500000, 0x0000000080500000|100%|HC|  |TAMS 0x0000000080500000, 0x0000000080400000| Complete 
|   5|0x0000000080500000, 0x0000000080600000, 0x0000000080600000|100%|HC|  |TAMS 0x0000000080600000, 0x0000000080500000| Complete 
|   6|0x0000000080600000, 0x0000000080700000, 0x0000000080700000|100%| O|  |TAMS 0x0000000080700000, 0x0000000080600000| Untracked 
|   7|0x0000000080700000, 0x0000000080800000, 0x0000000080800000|100%| O|  |TAMS 0x0000000080800000, 0x0000000080700000| Untracked 
|   8|0x0000000080800000, 0x0000000080900000, 0x0000000080900000|100%| O|  |TAMS 0x0000000080900000, 0x0000000080800000| Untracked 
|   9|0x0000000080900000, 0x0000000080a00000, 0x0000000080a00000|100%| O|  |TAMS 0x0000000080a00000, 0x0000000080900000| Untracked 
|  10|0x0000000080a00000, 0x0000000080b00000, 0x0000000080b00000|100%| O|  |TAMS 0x0000000080b00000, 0x0000000080a00000| Untracked 
|  11|0x0000000080b00000, 0x0000000080c00000, 0x0000000080c00000|100%| O|  |TAMS 0x0000000080c00000, 0x0000000080b00000| Untracked 
|  12|0x0000000080c00000, 0x0000000080d00000, 0x0000000080d00000|100%| O|  |TAMS 0x0000000080d00000, 0x0000000080c00000| Untracked 
|  13|0x0000000080d00000, 0x0000000080e00000, 0x0000000080e00000|100%| O|  |TAMS 0x0000000080e00000, 0x0000000080d00000| Untracked 
|  14|0x0000000080e00000, 0x0000000080f00000, 0x0000000080f00000|100%| O|  |TAMS 0x0000000080f00000, 0x0000000080e00000| Untracked 
|  15|0x0000000080f00000, 0x0000000081000000, 0x0000000081000000|100%| O|  |TAMS 0x0000000081000000, 0x0000000080f00000| Untracked 
|  16|0x0000000081000000, 0x0000000081100000, 0x0000000081100000|100%| O|  |TAMS 0x0000000081100000, 0x0000000081000000| Untracked 
|  17|0x0000000081100000, 0x0000000081200000, 0x0000000081200000|100%| O|  |TAMS 0x0000000081200000, 0x0000000081100000| Untracked 
|  18|0x0000000081200000, 0x0000000081300000, 0x0000000081300000|100%| O|  |TAMS 0x0000000081300000, 0x0000000081200000| Untracked 
|  19|0x0000000081300000, 0x0000000081400000, 0x0000000081400000|100%| O|  |TAMS 0x0000000081400000, 0x0000000081300000| Untracked 
|  20|0x0000000081400000, 0x0000000081500000, 0x0000000081500000|100%| O|  |TAMS 0x0000000081500000, 0x0000000081400000| Untracked 
|  21|0x0000000081500000, 0x0000000081600000, 0x0000000081600000|100%| O|  |TAMS 0x0000000081600000, 0x0000000081500000| Untracked 
|  22|0x0000000081600000, 0x0000000081700000, 0x0000000081700000|100%| O|  |TAMS 0x0000000081700000, 0x0000000081600000| Untracked 
|  23|0x0000000081700000, 0x0000000081800000, 0x0000000081800000|100%|HS|  |TAMS 0x0000000081800000, 0x0000000081700000| Complete 
|  24|0x0000000081800000, 0x0000000081900000, 0x0000000081900000|100%|HS|  |TAMS 0x0000000081900000, 0x0000000081800000| Complete 
|  25|0x0000000081900000, 0x0000000081a00000, 0x0000000081a00000|100%|HC|  |TAMS 0x0000000081a00000, 0x0000000081900000| Complete 
|  26|0x0000000081a00000, 0x0000000081b00000, 0x0000000081b00000|100%| O|  |TAMS 0x0000000081b00000, 0x0000000081a00000| Untracked 
|  27|0x0000000081b00000, 0x0000000081c00000, 0x0000000081c00000|100%| O|  |TAMS 0x0000000081c00000, 0x0000000081b00000| Untracked 
|  28|0x0000000081c00000, 0x0000000081d00000, 0x0000000081d00000|100%| O|  |TAMS 0x0000000081d00000, 0x0000000081c00000| Untracked 
|  29|0x0000000081d00000, 0x0000000081e00000, 0x0000000081e00000|100%| O|  |TAMS 0x0000000081e00000, 0x0000000081d00000| Untracked 
|  30|0x0000000081e00000, 0x0000000081f00000, 0x0000000081f00000|100%| O|  |TAMS 0x0000000081f00000, 0x0000000081e00000| Untracked 
|  31|0x0000000081f00000, 0x0000000082000000, 0x0000000082000000|100%| O|  |TAMS 0x0000000082000000, 0x0000000081f00000| Untracked 
|  32|0x0000000082000000, 0x0000000082100000, 0x0000000082100000|100%| O|  |TAMS 0x0000000082100000, 0x0000000082000000| Untracked 
|  33|0x0000000082100000, 0x0000000082200000, 0x0000000082200000|100%| O|  |TAMS 0x0000000082200000, 0x0000000082100000| Untracked 
|  34|0x0000000082200000, 0x0000000082300000, 0x0000000082300000|100%| O|  |TAMS 0x0000000082300000, 0x0000000082200000| Untracked 
|  35|0x0000000082300000, 0x0000000082400000, 0x0000000082400000|100%| O|  |TAMS 0x0000000082400000, 0x0000000082300000| Untracked 
|  36|0x0000000082400000, 0x0000000082500000, 0x0000000082500000|100%| O|  |TAMS 0x0000000082500000, 0x0000000082400000| Untracked 
|  37|0x0000000082500000, 0x0000000082600000, 0x0000000082600000|100%| O|  |TAMS 0x0000000082600000, 0x0000000082500000| Untracked 
|  38|0x0000000082600000, 0x0000000082700000, 0x0000000082700000|100%| O|  |TAMS 0x0000000082700000, 0x0000000082600000| Untracked 
|  39|0x0000000082700000, 0x0000000082800000, 0x0000000082800000|100%| O|  |TAMS 0x0000000082800000, 0x0000000082700000| Untracked 
|  40|0x0000000082800000, 0x0000000082900000, 0x0000000082900000|100%| O|  |TAMS 0x0000000082900000, 0x0000000082800000| Untracked 
|  41|0x0000000082900000, 0x0000000082a00000, 0x0000000082a00000|100%| O|  |TAMS 0x0000000082a00000, 0x0000000082900000| Untracked 
|  42|0x0000000082a00000, 0x0000000082b00000, 0x0000000082b00000|100%| O|  |TAMS 0x0000000082b00000, 0x0000000082a00000| Untracked 
|  43|0x0000000082b00000, 0x0000000082c00000, 0x0000000082c00000|100%| O|  |TAMS 0x0000000082c00000, 0x0000000082b00000| Untracked 
|  44|0x0000000082c00000, 0x0000000082d00000, 0x0000000082d00000|100%| O|  |TAMS 0x0000000082d00000, 0x0000000082c00000| Untracked 
|  45|0x0000000082d00000, 0x0000000082e00000, 0x0000000082e00000|100%| O|  |TAMS 0x0000000082e00000, 0x0000000082d00000| Untracked 
|  46|0x0000000082e00000, 0x0000000082f00000, 0x0000000082f00000|100%| O|  |TAMS 0x0000000082f00000, 0x0000000082e00000| Untracked 
|  47|0x0000000082f00000, 0x0000000083000000, 0x0000000083000000|100%| O|  |TAMS 0x0000000083000000, 0x0000000082f00000| Untracked 
|  48|0x0000000083000000, 0x0000000083100000, 0x0000000083100000|100%| O|  |TAMS 0x0000000083100000, 0x0000000083000000| Untracked 
|  49|0x0000000083100000, 0x0000000083200000, 0x0000000083200000|100%|HS|  |TAMS 0x0000000083200000, 0x0000000083100000| Complete 
|  50|0x0000000083200000, 0x0000000083300000, 0x0000000083300000|100%|HC|  |TAMS 0x0000000083300000, 0x0000000083200000| Complete 
|  51|0x0000000083300000, 0x0000000083400000, 0x0000000083400000|100%| O|  |TAMS 0x0000000083400000, 0x0000000083300000| Untracked 
|  52|0x0000000083400000, 0x0000000083500000, 0x0000000083500000|100%| O|  |TAMS 0x0000000083500000, 0x0000000083400000| Untracked 
|  53|0x0000000083500000, 0x0000000083600000, 0x0000000083600000|100%| O|  |TAMS 0x0000000083600000, 0x0000000083500000| Untracked 
|  54|0x0000000083600000, 0x0000000083700000, 0x0000000083700000|100%| O|  |TAMS 0x0000000083700000, 0x0000000083600000| Untracked 
|  55|0x0000000083700000, 0x0000000083800000, 0x0000000083800000|100%| O|  |TAMS 0x0000000083800000, 0x0000000083700000| Untracked 
|  56|0x0000000083800000, 0x0000000083900000, 0x0000000083900000|100%| O|  |TAMS 0x0000000083900000, 0x0000000083800000| Untracked 
|  57|0x0000000083900000, 0x0000000083a00000, 0x0000000083a00000|100%| O|  |TAMS 0x0000000083a00000, 0x0000000083900000| Untracked 
|  58|0x0000000083a00000, 0x0000000083b00000, 0x0000000083b00000|100%| O|  |TAMS 0x0000000083b00000, 0x0000000083a00000| Untracked 
|  59|0x0000000083b00000, 0x0000000083c00000, 0x0000000083c00000|100%| O|  |TAMS 0x0000000083c00000, 0x0000000083b00000| Untracked 
|  60|0x0000000083c00000, 0x0000000083d00000, 0x0000000083d00000|100%| O|  |TAMS 0x0000000083d00000, 0x0000000083c00000| Untracked 
|  61|0x0000000083d00000, 0x0000000083e00000, 0x0000000083e00000|100%| O|  |TAMS 0x0000000083e00000, 0x0000000083d00000| Untracked 
|  62|0x0000000083e00000, 0x0000000083f00000, 0x0000000083f00000|100%| O|  |TAMS 0x0000000083f00000, 0x0000000083e00000| Untracked 
|  63|0x0000000083f00000, 0x0000000084000000, 0x0000000084000000|100%| O|  |TAMS 0x0000000084000000, 0x0000000083f00000| Untracked 
|  64|0x0000000084000000, 0x0000000084100000, 0x0000000084100000|100%| O|  |TAMS 0x0000000084100000, 0x0000000084000000| Untracked 
|  65|0x0000000084100000, 0x0000000084200000, 0x0000000084200000|100%| O|  |TAMS 0x0000000084200000, 0x0000000084100000| Untracked 
|  66|0x0000000084200000, 0x0000000084300000, 0x0000000084300000|100%| O|  |TAMS 0x0000000084300000, 0x0000000084200000| Untracked 
|  67|0x0000000084300000, 0x0000000084400000, 0x0000000084400000|100%| O|  |TAMS 0x0000000084400000, 0x0000000084300000| Untracked 
|  68|0x0000000084400000, 0x0000000084500000, 0x0000000084500000|100%| O|  |TAMS 0x0000000084500000, 0x0000000084400000| Untracked 
|  69|0x0000000084500000, 0x0000000084600000, 0x0000000084600000|100%| O|  |TAMS 0x0000000084600000, 0x0000000084500000| Untracked 
|  70|0x0000000084600000, 0x0000000084700000, 0x0000000084700000|100%| O|  |TAMS 0x0000000084700000, 0x0000000084600000| Untracked 
|  71|0x0000000084700000, 0x0000000084800000, 0x0000000084800000|100%| O|  |TAMS 0x0000000084800000, 0x0000000084700000| Untracked 
|  72|0x0000000084800000, 0x0000000084900000, 0x0000000084900000|100%| O|  |TAMS 0x0000000084900000, 0x0000000084800000| Untracked 
|  73|0x0000000084900000, 0x0000000084a00000, 0x0000000084a00000|100%| O|  |TAMS 0x0000000084a00000, 0x0000000084900000| Untracked 
|  74|0x0000000084a00000, 0x0000000084b00000, 0x0000000084b00000|100%| O|  |TAMS 0x0000000084b00000, 0x0000000084a00000| Untracked 
|  75|0x0000000084b00000, 0x0000000084c00000, 0x0000000084c00000|100%| O|  |TAMS 0x0000000084c00000, 0x0000000084b00000| Untracked 
|  76|0x0000000084c00000, 0x0000000084d00000, 0x0000000084d00000|100%| O|  |TAMS 0x0000000084d00000, 0x0000000084c00000| Untracked 
|  77|0x0000000084d00000, 0x0000000084e00000, 0x0000000084e00000|100%| O|  |TAMS 0x0000000084e00000, 0x0000000084d00000| Untracked 
|  78|0x0000000084e00000, 0x0000000084f00000, 0x0000000084f00000|100%| O|  |TAMS 0x0000000084f00000, 0x0000000084e00000| Untracked 
|  79|0x0000000084f00000, 0x0000000085000000, 0x0000000085000000|100%| O|  |TAMS 0x0000000085000000, 0x0000000084f00000| Untracked 
|  80|0x0000000085000000, 0x0000000085100000, 0x0000000085100000|100%| O|  |TAMS 0x0000000085100000, 0x0000000085000000| Untracked 
|  81|0x0000000085100000, 0x0000000085200000, 0x0000000085200000|100%| O|  |TAMS 0x0000000085200000, 0x0000000085100000| Untracked 
|  82|0x0000000085200000, 0x0000000085300000, 0x0000000085300000|100%| O|  |TAMS 0x0000000085300000, 0x0000000085200000| Untracked 
|  83|0x0000000085300000, 0x0000000085400000, 0x0000000085400000|100%| O|  |TAMS 0x0000000085400000, 0x0000000085300000| Untracked 
|  84|0x0000000085400000, 0x0000000085500000, 0x0000000085500000|100%| O|  |TAMS 0x0000000085500000, 0x0000000085400000| Untracked 
|  85|0x0000000085500000, 0x0000000085600000, 0x0000000085600000|100%| O|  |TAMS 0x0000000085600000, 0x0000000085500000| Untracked 
|  86|0x0000000085600000, 0x0000000085700000, 0x0000000085700000|100%| O|  |TAMS 0x0000000085700000, 0x0000000085600000| Untracked 
|  87|0x0000000085700000, 0x0000000085800000, 0x0000000085800000|100%| O|  |TAMS 0x0000000085800000, 0x0000000085700000| Untracked 
|  88|0x0000000085800000, 0x0000000085900000, 0x0000000085900000|100%| O|  |TAMS 0x0000000085900000, 0x0000000085800000| Untracked 
|  89|0x0000000085900000, 0x0000000085a00000, 0x0000000085a00000|100%| O|  |TAMS 0x0000000085a00000, 0x0000000085900000| Untracked 
|  90|0x0000000085a00000, 0x0000000085b00000, 0x0000000085b00000|100%| O|  |TAMS 0x0000000085b00000, 0x0000000085a00000| Untracked 
|  91|0x0000000085b00000, 0x0000000085c00000, 0x0000000085c00000|100%| O|  |TAMS 0x0000000085c00000, 0x0000000085b00000| Untracked 
|  92|0x0000000085c00000, 0x0000000085d00000, 0x0000000085d00000|100%| O|  |TAMS 0x0000000085d00000, 0x0000000085c00000| Untracked 
|  93|0x0000000085d00000, 0x0000000085e00000, 0x0000000085e00000|100%| O|  |TAMS 0x0000000085e00000, 0x0000000085d00000| Untracked 
|  94|0x0000000085e00000, 0x0000000085f00000, 0x0000000085f00000|100%| O|  |TAMS 0x0000000085f00000, 0x0000000085e00000| Untracked 
|  95|0x0000000085f00000, 0x0000000086000000, 0x0000000086000000|100%| O|  |TAMS 0x0000000086000000, 0x0000000085f00000| Untracked 
|  96|0x0000000086000000, 0x0000000086100000, 0x0000000086100000|100%| O|  |TAMS 0x0000000086100000, 0x0000000086000000| Untracked 
|  97|0x0000000086100000, 0x0000000086200000, 0x0000000086200000|100%| O|  |TAMS 0x0000000086200000, 0x0000000086100000| Untracked 
|  98|0x0000000086200000, 0x0000000086300000, 0x0000000086300000|100%| O|  |TAMS 0x0000000086300000, 0x0000000086200000| Untracked 
|  99|0x0000000086300000, 0x0000000086400000, 0x0000000086400000|100%| O|  |TAMS 0x0000000086400000, 0x0000000086300000| Untracked 
| 100|0x0000000086400000, 0x0000000086500000, 0x0000000086500000|100%| O|  |TAMS 0x0000000086500000, 0x0000000086400000| Untracked 
| 101|0x0000000086500000, 0x0000000086600000, 0x0000000086600000|100%| O|  |TAMS 0x0000000086600000, 0x0000000086500000| Untracked 
| 102|0x0000000086600000, 0x0000000086700000, 0x0000000086700000|100%| O|  |TAMS 0x0000000086700000, 0x0000000086600000| Untracked 
| 103|0x0000000086700000, 0x0000000086800000, 0x0000000086800000|100%| O|  |TAMS 0x0000000086800000, 0x0000000086700000| Untracked 
| 104|0x0000000086800000, 0x0000000086900000, 0x0000000086900000|100%| O|  |TAMS 0x0000000086900000, 0x0000000086800000| Untracked 
| 105|0x0000000086900000, 0x0000000086a00000, 0x0000000086a00000|100%| O|  |TAMS 0x0000000086a00000, 0x0000000086900000| Untracked 
| 106|0x0000000086a00000, 0x0000000086b00000, 0x0000000086b00000|100%| O|  |TAMS 0x0000000086b00000, 0x0000000086a00000| Untracked 
| 107|0x0000000086b00000, 0x0000000086c00000, 0x0000000086c00000|100%| O|  |TAMS 0x0000000086c00000, 0x0000000086b00000| Untracked 
| 108|0x0000000086c00000, 0x0000000086d00000, 0x0000000086d00000|100%| O|  |TAMS 0x0000000086d00000, 0x0000000086c00000| Untracked 
| 109|0x0000000086d00000, 0x0000000086e00000, 0x0000000086e00000|100%| O|  |TAMS 0x0000000086e00000, 0x0000000086d00000| Untracked 
| 110|0x0000000086e00000, 0x0000000086f00000, 0x0000000086f00000|100%| O|  |TAMS 0x0000000086ebf800, 0x0000000086e00000| Untracked 
| 111|0x0000000086f00000, 0x0000000087000000, 0x0000000087000000|100%| O|  |TAMS 0x0000000086f00000, 0x0000000086f00000| Untracked 
| 112|0x0000000087000000, 0x0000000087100000, 0x0000000087100000|100%| O|  |TAMS 0x0000000087000000, 0x0000000087000000| Untracked 
| 113|0x0000000087100000, 0x0000000087200000, 0x0000000087200000|100%| O|  |TAMS 0x0000000087100000, 0x0000000087100000| Untracked 
| 114|0x0000000087200000, 0x0000000087300000, 0x0000000087300000|100%| O|  |TAMS 0x0000000087200000, 0x0000000087200000| Untracked 
| 115|0x0000000087300000, 0x0000000087400000, 0x0000000087400000|100%| O|  |TAMS 0x0000000087300000, 0x0000000087300000| Untracked 
| 116|0x0000000087400000, 0x0000000087500000, 0x0000000087500000|100%| O|  |TAMS 0x0000000087400000, 0x0000000087400000| Untracked 
| 117|0x0000000087500000, 0x0000000087600000, 0x0000000087600000|100%| O|  |TAMS 0x0000000087500000, 0x0000000087500000| Untracked 
| 118|0x0000000087600000, 0x0000000087700000, 0x0000000087700000|100%| O|  |TAMS 0x0000000087600000, 0x0000000087600000| Untracked 
| 119|0x0000000087700000, 0x0000000087800000, 0x0000000087800000|100%| O|  |TAMS 0x0000000087700000, 0x0000000087700000| Untracked 
| 120|0x0000000087800000, 0x0000000087900000, 0x0000000087900000|100%| O|  |TAMS 0x0000000087800000, 0x0000000087800000| Untracked 
| 121|0x0000000087900000, 0x0000000087a00000, 0x0000000087a00000|100%| O|  |TAMS 0x0000000087900000, 0x0000000087900000| Untracked 
| 122|0x0000000087a00000, 0x0000000087affff8, 0x0000000087b00000| 99%| O|  |TAMS 0x0000000087a00000, 0x0000000087a00000| Untracked 
| 123|0x0000000087b00000, 0x0000000087c00000, 0x0000000087c00000|100%| O|  |TAMS 0x0000000087b00000, 0x0000000087b00000| Untracked 
| 124|0x0000000087c00000, 0x0000000087d00000, 0x0000000087d00000|100%| O|  |TAMS 0x0000000087c00000, 0x0000000087c00000| Untracked 
| 125|0x0000000087d00000, 0x0000000087e00000, 0x0000000087e00000|100%| O|  |TAMS 0x0000000087d00000, 0x0000000087d00000| Untracked 
| 126|0x0000000087e00000, 0x0000000087f00000, 0x0000000087f00000|100%| O|  |TAMS 0x0000000087e00000, 0x0000000087e00000| Untracked 
| 127|0x0000000087f00000, 0x0000000088000000, 0x0000000088000000|100%| O|  |TAMS 0x0000000087f00000, 0x0000000087f00000| Untracked 
| 128|0x0000000088000000, 0x0000000088100000, 0x0000000088100000|100%| O|  |TAMS 0x0000000088000000, 0x0000000088000000| Untracked 
| 129|0x0000000088100000, 0x0000000088200000, 0x0000000088200000|100%| O|  |TAMS 0x0000000088100000, 0x0000000088100000| Untracked 
| 130|0x0000000088200000, 0x0000000088300000, 0x0000000088300000|100%| O|  |TAMS 0x0000000088200000, 0x0000000088200000| Untracked 
| 131|0x0000000088300000, 0x0000000088400000, 0x0000000088400000|100%| O|  |TAMS 0x0000000088300000, 0x0000000088300000| Untracked 
| 132|0x0000000088400000, 0x0000000088500000, 0x0000000088500000|100%| O|  |TAMS 0x0000000088400000, 0x0000000088400000| Untracked 
| 133|0x0000000088500000, 0x0000000088600000, 0x0000000088600000|100%| O|  |TAMS 0x0000000088500000, 0x0000000088500000| Untracked 
| 134|0x0000000088600000, 0x0000000088700000, 0x0000000088700000|100%| O|  |TAMS 0x0000000088600000, 0x0000000088600000| Untracked 
| 135|0x0000000088700000, 0x000000008870e800, 0x0000000088800000|  5%| O|  |TAMS 0x0000000088700000, 0x0000000088700000| Untracked 
| 136|0x0000000088800000, 0x0000000088800000, 0x0000000088900000|  0%| F|  |TAMS 0x0000000088800000, 0x0000000088800000| Untracked 
| 137|0x0000000088900000, 0x0000000088900000, 0x0000000088a00000|  0%| F|  |TAMS 0x0000000088900000, 0x0000000088900000| Untracked 
| 138|0x0000000088a00000, 0x0000000088a00000, 0x0000000088b00000|  0%| F|  |TAMS 0x0000000088a00000, 0x0000000088a00000| Untracked 
| 139|0x0000000088b00000, 0x0000000088b00000, 0x0000000088c00000|  0%| F|  |TAMS 0x0000000088b00000, 0x0000000088b00000| Untracked 
| 140|0x0000000088c00000, 0x0000000088c00000, 0x0000000088d00000|  0%| F|  |TAMS 0x0000000088c00000, 0x0000000088c00000| Untracked 
| 141|0x0000000088d00000, 0x0000000088d00000, 0x0000000088e00000|  0%| F|  |TAMS 0x0000000088d00000, 0x0000000088d00000| Untracked 
| 142|0x0000000088e00000, 0x0000000088e00000, 0x0000000088f00000|  0%| F|  |TAMS 0x0000000088e00000, 0x0000000088e00000| Untracked 
| 143|0x0000000088f00000, 0x0000000088f00000, 0x0000000089000000|  0%| F|  |TAMS 0x0000000088f00000, 0x0000000088f00000| Untracked 
| 144|0x0000000089000000, 0x0000000089000000, 0x0000000089100000|  0%| F|  |TAMS 0x0000000089000000, 0x0000000089000000| Untracked 
| 145|0x0000000089100000, 0x0000000089100000, 0x0000000089200000|  0%| F|  |TAMS 0x0000000089100000, 0x0000000089100000| Untracked 
| 146|0x0000000089200000, 0x0000000089200000, 0x0000000089300000|  0%| F|  |TAMS 0x0000000089200000, 0x0000000089200000| Untracked 
| 147|0x0000000089300000, 0x0000000089300000, 0x0000000089400000|  0%| F|  |TAMS 0x0000000089300000, 0x0000000089300000| Untracked 
| 148|0x0000000089400000, 0x0000000089400000, 0x0000000089500000|  0%| F|  |TAMS 0x0000000089400000, 0x0000000089400000| Untracked 
| 149|0x0000000089500000, 0x0000000089500000, 0x0000000089600000|  0%| F|  |TAMS 0x0000000089500000, 0x0000000089500000| Untracked 
| 150|0x0000000089600000, 0x0000000089600000, 0x0000000089700000|  0%| F|  |TAMS 0x0000000089600000, 0x0000000089600000| Untracked 
| 151|0x0000000089700000, 0x0000000089700000, 0x0000000089800000|  0%| F|  |TAMS 0x0000000089700000, 0x0000000089700000| Untracked 
| 152|0x0000000089800000, 0x0000000089800000, 0x0000000089900000|  0%| F|  |TAMS 0x0000000089800000, 0x0000000089800000| Untracked 
| 153|0x0000000089900000, 0x0000000089900000, 0x0000000089a00000|  0%| F|  |TAMS 0x0000000089900000, 0x0000000089900000| Untracked 
| 154|0x0000000089a00000, 0x0000000089a00000, 0x0000000089b00000|  0%| F|  |TAMS 0x0000000089a00000, 0x0000000089a00000| Untracked 
| 155|0x0000000089b00000, 0x0000000089b00000, 0x0000000089c00000|  0%| F|  |TAMS 0x0000000089b00000, 0x0000000089b00000| Untracked 
| 156|0x0000000089c00000, 0x0000000089c00000, 0x0000000089d00000|  0%| F|  |TAMS 0x0000000089c00000, 0x0000000089c00000| Untracked 
| 157|0x0000000089d00000, 0x0000000089d00000, 0x0000000089e00000|  0%| F|  |TAMS 0x0000000089d00000, 0x0000000089d00000| Untracked 
| 158|0x0000000089e00000, 0x0000000089e00000, 0x0000000089f00000|  0%| F|  |TAMS 0x0000000089e00000, 0x0000000089e00000| Untracked 
| 159|0x0000000089f00000, 0x0000000089f00000, 0x000000008a000000|  0%| F|  |TAMS 0x0000000089f00000, 0x0000000089f00000| Untracked 
| 160|0x000000008a000000, 0x000000008a000000, 0x000000008a100000|  0%| F|  |TAMS 0x000000008a000000, 0x000000008a000000| Untracked 
| 161|0x000000008a100000, 0x000000008a100000, 0x000000008a200000|  0%| F|  |TAMS 0x000000008a100000, 0x000000008a100000| Untracked 
| 162|0x000000008a200000, 0x000000008a200000, 0x000000008a300000|  0%| F|  |TAMS 0x000000008a200000, 0x000000008a200000| Untracked 
| 163|0x000000008a300000, 0x000000008a300000, 0x000000008a400000|  0%| F|  |TAMS 0x000000008a300000, 0x000000008a300000| Untracked 
| 164|0x000000008a400000, 0x000000008a400000, 0x000000008a500000|  0%| F|  |TAMS 0x000000008a400000, 0x000000008a400000| Untracked 
| 165|0x000000008a500000, 0x000000008a500000, 0x000000008a600000|  0%| F|  |TAMS 0x000000008a500000, 0x000000008a500000| Untracked 
| 166|0x000000008a600000, 0x000000008a600000, 0x000000008a700000|  0%| F|  |TAMS 0x000000008a600000, 0x000000008a600000| Untracked 
| 167|0x000000008a700000, 0x000000008a700000, 0x000000008a800000|  0%| F|  |TAMS 0x000000008a700000, 0x000000008a700000| Untracked 
| 168|0x000000008a800000, 0x000000008a800000, 0x000000008a900000|  0%| F|  |TAMS 0x000000008a800000, 0x000000008a800000| Untracked 
| 169|0x000000008a900000, 0x000000008a900000, 0x000000008aa00000|  0%| F|  |TAMS 0x000000008a900000, 0x000000008a900000| Untracked 
| 170|0x000000008aa00000, 0x000000008aa00000, 0x000000008ab00000|  0%| F|  |TAMS 0x000000008aa00000, 0x000000008aa00000| Untracked 
| 171|0x000000008ab00000, 0x000000008ab00000, 0x000000008ac00000|  0%| F|  |TAMS 0x000000008ab00000, 0x000000008ab00000| Untracked 
| 172|0x000000008ac00000, 0x000000008ac00000, 0x000000008ad00000|  0%| F|  |TAMS 0x000000008ac00000, 0x000000008ac00000| Untracked 
| 173|0x000000008ad00000, 0x000000008ad00000, 0x000000008ae00000|  0%| F|  |TAMS 0x000000008ad00000, 0x000000008ad00000| Untracked 
| 174|0x000000008ae00000, 0x000000008ae00000, 0x000000008af00000|  0%| F|  |TAMS 0x000000008ae00000, 0x000000008ae00000| Untracked 
| 175|0x000000008af00000, 0x000000008af00000, 0x000000008b000000|  0%| F|  |TAMS 0x000000008af00000, 0x000000008af00000| Untracked 
| 176|0x000000008b000000, 0x000000008b000000, 0x000000008b100000|  0%| F|  |TAMS 0x000000008b000000, 0x000000008b000000| Untracked 
| 177|0x000000008b100000, 0x000000008b100000, 0x000000008b200000|  0%| F|  |TAMS 0x000000008b100000, 0x000000008b100000| Untracked 
| 178|0x000000008b200000, 0x000000008b200000, 0x000000008b300000|  0%| F|  |TAMS 0x000000008b200000, 0x000000008b200000| Untracked 
| 179|0x000000008b300000, 0x000000008b300000, 0x000000008b400000|  0%| F|  |TAMS 0x000000008b300000, 0x000000008b300000| Untracked 
| 180|0x000000008b400000, 0x000000008b500000, 0x000000008b500000|100%| S|CS|TAMS 0x000000008b400000, 0x000000008b400000| Complete 
| 181|0x000000008b500000, 0x000000008b600000, 0x000000008b600000|100%| S|CS|TAMS 0x000000008b500000, 0x000000008b500000| Complete 
| 182|0x000000008b600000, 0x000000008b700000, 0x000000008b700000|100%| S|CS|TAMS 0x000000008b600000, 0x000000008b600000| Complete 
| 183|0x000000008b700000, 0x000000008b800000, 0x000000008b800000|100%| S|CS|TAMS 0x000000008b700000, 0x000000008b700000| Complete 
| 184|0x000000008b800000, 0x000000008b900000, 0x000000008b900000|100%| S|CS|TAMS 0x000000008b800000, 0x000000008b800000| Complete 
| 185|0x000000008b900000, 0x000000008ba00000, 0x000000008ba00000|100%| S|CS|TAMS 0x000000008b900000, 0x000000008b900000| Complete 
| 186|0x000000008ba00000, 0x000000008bb00000, 0x000000008bb00000|100%| S|CS|TAMS 0x000000008ba00000, 0x000000008ba00000| Complete 
| 187|0x000000008bb00000, 0x000000008bc00000, 0x000000008bc00000|100%| S|CS|TAMS 0x000000008bb00000, 0x000000008bb00000| Complete 
| 188|0x000000008bc00000, 0x000000008bd00000, 0x000000008bd00000|100%| S|CS|TAMS 0x000000008bc00000, 0x000000008bc00000| Complete 
| 189|0x000000008bd00000, 0x000000008be00000, 0x000000008be00000|100%| S|CS|TAMS 0x000000008bd00000, 0x000000008bd00000| Complete 
| 190|0x000000008be00000, 0x000000008bf00000, 0x000000008bf00000|100%| S|CS|TAMS 0x000000008be00000, 0x000000008be00000| Complete 
| 191|0x000000008bf00000, 0x000000008c000000, 0x000000008c000000|100%| S|CS|TAMS 0x000000008bf00000, 0x000000008bf00000| Complete 
| 192|0x000000008c000000, 0x000000008c100000, 0x000000008c100000|100%| S|CS|TAMS 0x000000008c000000, 0x000000008c000000| Complete 
| 193|0x000000008c100000, 0x000000008c100000, 0x000000008c200000|  0%| F|  |TAMS 0x000000008c100000, 0x000000008c100000| Untracked 
| 194|0x000000008c200000, 0x000000008c200000, 0x000000008c300000|  0%| F|  |TAMS 0x000000008c200000, 0x000000008c200000| Untracked 
| 195|0x000000008c300000, 0x000000008c300000, 0x000000008c400000|  0%| F|  |TAMS 0x000000008c300000, 0x000000008c300000| Untracked 
| 196|0x000000008c400000, 0x000000008c400000, 0x000000008c500000|  0%| F|  |TAMS 0x000000008c400000, 0x000000008c400000| Untracked 
| 197|0x000000008c500000, 0x000000008c500000, 0x000000008c600000|  0%| F|  |TAMS 0x000000008c500000, 0x000000008c500000| Untracked 
| 198|0x000000008c600000, 0x000000008c600000, 0x000000008c700000|  0%| F|  |TAMS 0x000000008c600000, 0x000000008c600000| Untracked 
| 199|0x000000008c700000, 0x000000008c700000, 0x000000008c800000|  0%| F|  |TAMS 0x000000008c700000, 0x000000008c700000| Untracked 
| 200|0x000000008c800000, 0x000000008c800000, 0x000000008c900000|  0%| F|  |TAMS 0x000000008c800000, 0x000000008c800000| Untracked 
| 201|0x000000008c900000, 0x000000008c900000, 0x000000008ca00000|  0%| F|  |TAMS 0x000000008c900000, 0x000000008c900000| Untracked 
| 202|0x000000008ca00000, 0x000000008ca00000, 0x000000008cb00000|  0%| F|  |TAMS 0x000000008ca00000, 0x000000008ca00000| Untracked 
| 203|0x000000008cb00000, 0x000000008cb00000, 0x000000008cc00000|  0%| F|  |TAMS 0x000000008cb00000, 0x000000008cb00000| Untracked 
| 204|0x000000008cc00000, 0x000000008cc00000, 0x000000008cd00000|  0%| F|  |TAMS 0x000000008cc00000, 0x000000008cc00000| Untracked 
| 205|0x000000008cd00000, 0x000000008cd00000, 0x000000008ce00000|  0%| F|  |TAMS 0x000000008cd00000, 0x000000008cd00000| Untracked 
| 206|0x000000008ce00000, 0x000000008cf00000, 0x000000008cf00000|100%| S|CS|TAMS 0x000000008ce00000, 0x000000008ce00000| Complete 
| 207|0x000000008cf00000, 0x000000008d000000, 0x000000008d000000|100%| S|CS|TAMS 0x000000008cf00000, 0x000000008cf00000| Complete 
| 208|0x000000008d000000, 0x000000008d000000, 0x000000008d100000|  0%| F|  |TAMS 0x000000008d000000, 0x000000008d000000| Untracked 
| 209|0x000000008d100000, 0x000000008d100000, 0x000000008d200000|  0%| F|  |TAMS 0x000000008d100000, 0x000000008d100000| Untracked 
| 210|0x000000008d200000, 0x000000008d200000, 0x000000008d300000|  0%| F|  |TAMS 0x000000008d200000, 0x000000008d200000| Untracked 
| 211|0x000000008d300000, 0x000000008d300000, 0x000000008d400000|  0%| F|  |TAMS 0x000000008d300000, 0x000000008d300000| Untracked 
| 212|0x000000008d400000, 0x000000008d400000, 0x000000008d500000|  0%| F|  |TAMS 0x000000008d400000, 0x000000008d400000| Untracked 
| 213|0x000000008d500000, 0x000000008d500000, 0x000000008d600000|  0%| F|  |TAMS 0x000000008d500000, 0x000000008d500000| Untracked 
| 214|0x000000008d600000, 0x000000008d600000, 0x000000008d700000|  0%| F|  |TAMS 0x000000008d600000, 0x000000008d600000| Untracked 
| 215|0x000000008d700000, 0x000000008d700000, 0x000000008d800000|  0%| F|  |TAMS 0x000000008d700000, 0x000000008d700000| Untracked 
| 216|0x000000008d800000, 0x000000008d800000, 0x000000008d900000|  0%| F|  |TAMS 0x000000008d800000, 0x000000008d800000| Untracked 
| 217|0x000000008d900000, 0x000000008d900000, 0x000000008da00000|  0%| F|  |TAMS 0x000000008d900000, 0x000000008d900000| Untracked 
| 218|0x000000008da00000, 0x000000008da00000, 0x000000008db00000|  0%| F|  |TAMS 0x000000008da00000, 0x000000008da00000| Untracked 
| 219|0x000000008db00000, 0x000000008db00000, 0x000000008dc00000|  0%| F|  |TAMS 0x000000008db00000, 0x000000008db00000| Untracked 
| 220|0x000000008dc00000, 0x000000008dc00000, 0x000000008dd00000|  0%| F|  |TAMS 0x000000008dc00000, 0x000000008dc00000| Untracked 
| 221|0x000000008dd00000, 0x000000008dd00000, 0x000000008de00000|  0%| F|  |TAMS 0x000000008dd00000, 0x000000008dd00000| Untracked 
| 222|0x000000008de00000, 0x000000008de00000, 0x000000008df00000|  0%| F|  |TAMS 0x000000008de00000, 0x000000008de00000| Untracked 
| 223|0x000000008df00000, 0x000000008df00000, 0x000000008e000000|  0%| F|  |TAMS 0x000000008df00000, 0x000000008df00000| Untracked 
| 224|0x000000008e000000, 0x000000008e000000, 0x000000008e100000|  0%| F|  |TAMS 0x000000008e000000, 0x000000008e000000| Untracked 
| 225|0x000000008e100000, 0x000000008e100000, 0x000000008e200000|  0%| F|  |TAMS 0x000000008e100000, 0x000000008e100000| Untracked 
| 226|0x000000008e200000, 0x000000008e200000, 0x000000008e300000|  0%| F|  |TAMS 0x000000008e200000, 0x000000008e200000| Untracked 
| 227|0x000000008e300000, 0x000000008e300000, 0x000000008e400000|  0%| F|  |TAMS 0x000000008e300000, 0x000000008e300000| Untracked 
| 228|0x000000008e400000, 0x000000008e400000, 0x000000008e500000|  0%| F|  |TAMS 0x000000008e400000, 0x000000008e400000| Untracked 
| 229|0x000000008e500000, 0x000000008e500000, 0x000000008e600000|  0%| F|  |TAMS 0x000000008e500000, 0x000000008e500000| Untracked 
| 230|0x000000008e600000, 0x000000008e600000, 0x000000008e700000|  0%| F|  |TAMS 0x000000008e600000, 0x000000008e600000| Untracked 
| 231|0x000000008e700000, 0x000000008e700000, 0x000000008e800000|  0%| F|  |TAMS 0x000000008e700000, 0x000000008e700000| Untracked 
| 232|0x000000008e800000, 0x000000008e800000, 0x000000008e900000|  0%| F|  |TAMS 0x000000008e800000, 0x000000008e800000| Untracked 
| 233|0x000000008e900000, 0x000000008e900000, 0x000000008ea00000|  0%| F|  |TAMS 0x000000008e900000, 0x000000008e900000| Untracked 
| 234|0x000000008ea00000, 0x000000008ea00000, 0x000000008eb00000|  0%| F|  |TAMS 0x000000008ea00000, 0x000000008ea00000| Untracked 
| 235|0x000000008eb00000, 0x000000008eb00000, 0x000000008ec00000|  0%| F|  |TAMS 0x000000008eb00000, 0x000000008eb00000| Untracked 
| 236|0x000000008ec00000, 0x000000008ec00000, 0x000000008ed00000|  0%| F|  |TAMS 0x000000008ec00000, 0x000000008ec00000| Untracked 
| 237|0x000000008ed00000, 0x000000008ed00000, 0x000000008ee00000|  0%| F|  |TAMS 0x000000008ed00000, 0x000000008ed00000| Untracked 
| 238|0x000000008ee00000, 0x000000008ee00000, 0x000000008ef00000|  0%| F|  |TAMS 0x000000008ee00000, 0x000000008ee00000| Untracked 
| 239|0x000000008ef00000, 0x000000008ef00000, 0x000000008f000000|  0%| F|  |TAMS 0x000000008ef00000, 0x000000008ef00000| Untracked 
| 240|0x000000008f000000, 0x000000008f000000, 0x000000008f100000|  0%| F|  |TAMS 0x000000008f000000, 0x000000008f000000| Untracked 
| 241|0x000000008f100000, 0x000000008f100000, 0x000000008f200000|  0%| F|  |TAMS 0x000000008f100000, 0x000000008f100000| Untracked 
| 242|0x000000008f200000, 0x000000008f200000, 0x000000008f300000|  0%| F|  |TAMS 0x000000008f200000, 0x000000008f200000| Untracked 
| 243|0x000000008f300000, 0x000000008f300000, 0x000000008f400000|  0%| F|  |TAMS 0x000000008f300000, 0x000000008f300000| Untracked 
| 244|0x000000008f400000, 0x000000008f400000, 0x000000008f500000|  0%| F|  |TAMS 0x000000008f400000, 0x000000008f400000| Untracked 
| 245|0x000000008f500000, 0x000000008f500000, 0x000000008f600000|  0%| F|  |TAMS 0x000000008f500000, 0x000000008f500000| Untracked 
| 246|0x000000008f600000, 0x000000008f600000, 0x000000008f700000|  0%| F|  |TAMS 0x000000008f600000, 0x000000008f600000| Untracked 
| 247|0x000000008f700000, 0x000000008f700000, 0x000000008f800000|  0%| F|  |TAMS 0x000000008f700000, 0x000000008f700000| Untracked 
| 248|0x000000008f800000, 0x000000008f800000, 0x000000008f900000|  0%| F|  |TAMS 0x000000008f800000, 0x000000008f800000| Untracked 
| 249|0x000000008f900000, 0x000000008f900000, 0x000000008fa00000|  0%| F|  |TAMS 0x000000008f900000, 0x000000008f900000| Untracked 
| 250|0x000000008fa00000, 0x000000008fa00000, 0x000000008fb00000|  0%| F|  |TAMS 0x000000008fa00000, 0x000000008fa00000| Untracked 
| 251|0x000000008fb00000, 0x000000008fb00000, 0x000000008fc00000|  0%| F|  |TAMS 0x000000008fb00000, 0x000000008fb00000| Untracked 
| 252|0x000000008fc00000, 0x000000008fc00000, 0x000000008fd00000|  0%| F|  |TAMS 0x000000008fc00000, 0x000000008fc00000| Untracked 
| 253|0x000000008fd00000, 0x000000008fd00000, 0x000000008fe00000|  0%| F|  |TAMS 0x000000008fd00000, 0x000000008fd00000| Untracked 
| 254|0x000000008fe00000, 0x000000008fe00000, 0x000000008ff00000|  0%| F|  |TAMS 0x000000008fe00000, 0x000000008fe00000| Untracked 
| 255|0x000000008ff00000, 0x000000008ff00000, 0x0000000090000000|  0%| F|  |TAMS 0x000000008ff00000, 0x000000008ff00000| Untracked 
| 256|0x0000000090000000, 0x0000000090000000, 0x0000000090100000|  0%| F|  |TAMS 0x0000000090000000, 0x0000000090000000| Untracked 
| 257|0x0000000090100000, 0x0000000090100000, 0x0000000090200000|  0%| F|  |TAMS 0x0000000090100000, 0x0000000090100000| Untracked 
| 258|0x0000000090200000, 0x0000000090200000, 0x0000000090300000|  0%| F|  |TAMS 0x0000000090200000, 0x0000000090200000| Untracked 
| 259|0x0000000090300000, 0x0000000090300000, 0x0000000090400000|  0%| F|  |TAMS 0x0000000090300000, 0x0000000090300000| Untracked 
| 260|0x0000000090400000, 0x0000000090400000, 0x0000000090500000|  0%| F|  |TAMS 0x0000000090400000, 0x0000000090400000| Untracked 
| 261|0x0000000090500000, 0x0000000090500000, 0x0000000090600000|  0%| F|  |TAMS 0x0000000090500000, 0x0000000090500000| Untracked 
| 262|0x0000000090600000, 0x0000000090600000, 0x0000000090700000|  0%| F|  |TAMS 0x0000000090600000, 0x0000000090600000| Untracked 
| 263|0x0000000090700000, 0x0000000090700000, 0x0000000090800000|  0%| F|  |TAMS 0x0000000090700000, 0x0000000090700000| Untracked 
| 264|0x0000000090800000, 0x0000000090800000, 0x0000000090900000|  0%| F|  |TAMS 0x0000000090800000, 0x0000000090800000| Untracked 
| 265|0x0000000090900000, 0x0000000090900000, 0x0000000090a00000|  0%| F|  |TAMS 0x0000000090900000, 0x0000000090900000| Untracked 
| 266|0x0000000090a00000, 0x0000000090a00000, 0x0000000090b00000|  0%| F|  |TAMS 0x0000000090a00000, 0x0000000090a00000| Untracked 
| 267|0x0000000090b00000, 0x0000000090b00000, 0x0000000090c00000|  0%| F|  |TAMS 0x0000000090b00000, 0x0000000090b00000| Untracked 
| 268|0x0000000090c00000, 0x0000000090c00000, 0x0000000090d00000|  0%| F|  |TAMS 0x0000000090c00000, 0x0000000090c00000| Untracked 
| 269|0x0000000090d00000, 0x0000000090d00000, 0x0000000090e00000|  0%| F|  |TAMS 0x0000000090d00000, 0x0000000090d00000| Untracked 
| 270|0x0000000090e00000, 0x0000000090e00000, 0x0000000090f00000|  0%| F|  |TAMS 0x0000000090e00000, 0x0000000090e00000| Untracked 
| 271|0x0000000090f00000, 0x0000000090f00000, 0x0000000091000000|  0%| F|  |TAMS 0x0000000090f00000, 0x0000000090f00000| Untracked 
| 272|0x0000000091000000, 0x0000000091000000, 0x0000000091100000|  0%| F|  |TAMS 0x0000000091000000, 0x0000000091000000| Untracked 
| 273|0x0000000091100000, 0x0000000091100000, 0x0000000091200000|  0%| F|  |TAMS 0x0000000091100000, 0x0000000091100000| Untracked 
| 274|0x0000000091200000, 0x0000000091200000, 0x0000000091300000|  0%| F|  |TAMS 0x0000000091200000, 0x0000000091200000| Untracked 
| 275|0x0000000091300000, 0x0000000091300000, 0x0000000091400000|  0%| F|  |TAMS 0x0000000091300000, 0x0000000091300000| Untracked 
| 276|0x0000000091400000, 0x0000000091400000, 0x0000000091500000|  0%| F|  |TAMS 0x0000000091400000, 0x0000000091400000| Untracked 
| 277|0x0000000091500000, 0x0000000091500000, 0x0000000091600000|  0%| F|  |TAMS 0x0000000091500000, 0x0000000091500000| Untracked 
| 278|0x0000000091600000, 0x0000000091600000, 0x0000000091700000|  0%| F|  |TAMS 0x0000000091600000, 0x0000000091600000| Untracked 
| 279|0x0000000091700000, 0x0000000091700000, 0x0000000091800000|  0%| F|  |TAMS 0x0000000091700000, 0x0000000091700000| Untracked 
| 280|0x0000000091800000, 0x0000000091800000, 0x0000000091900000|  0%| F|  |TAMS 0x0000000091800000, 0x0000000091800000| Untracked 
| 281|0x0000000091900000, 0x0000000091900000, 0x0000000091a00000|  0%| F|  |TAMS 0x0000000091900000, 0x0000000091900000| Untracked 
| 282|0x0000000091a00000, 0x0000000091a00000, 0x0000000091b00000|  0%| F|  |TAMS 0x0000000091a00000, 0x0000000091a00000| Untracked 
| 283|0x0000000091b00000, 0x0000000091b00000, 0x0000000091c00000|  0%| F|  |TAMS 0x0000000091b00000, 0x0000000091b00000| Untracked 
| 284|0x0000000091c00000, 0x0000000091c00000, 0x0000000091d00000|  0%| F|  |TAMS 0x0000000091c00000, 0x0000000091c00000| Untracked 
| 285|0x0000000091d00000, 0x0000000091d00000, 0x0000000091e00000|  0%| F|  |TAMS 0x0000000091d00000, 0x0000000091d00000| Untracked 
| 286|0x0000000091e00000, 0x0000000091e00000, 0x0000000091f00000|  0%| F|  |TAMS 0x0000000091e00000, 0x0000000091e00000| Untracked 
| 287|0x0000000091f00000, 0x0000000091f00000, 0x0000000092000000|  0%| F|  |TAMS 0x0000000091f00000, 0x0000000091f00000| Untracked 
| 288|0x0000000092000000, 0x0000000092000000, 0x0000000092100000|  0%| F|  |TAMS 0x0000000092000000, 0x0000000092000000| Untracked 
| 289|0x0000000092100000, 0x0000000092100000, 0x0000000092200000|  0%| F|  |TAMS 0x0000000092100000, 0x0000000092100000| Untracked 
| 290|0x0000000092200000, 0x0000000092200000, 0x0000000092300000|  0%| F|  |TAMS 0x0000000092200000, 0x0000000092200000| Untracked 
| 291|0x0000000092300000, 0x0000000092300000, 0x0000000092400000|  0%| F|  |TAMS 0x0000000092300000, 0x0000000092300000| Untracked 
| 292|0x0000000092400000, 0x0000000092400000, 0x0000000092500000|  0%| F|  |TAMS 0x0000000092400000, 0x0000000092400000| Untracked 
| 293|0x0000000092500000, 0x0000000092500000, 0x0000000092600000|  0%| F|  |TAMS 0x0000000092500000, 0x0000000092500000| Untracked 
| 294|0x0000000092600000, 0x0000000092600000, 0x0000000092700000|  0%| F|  |TAMS 0x0000000092600000, 0x0000000092600000| Untracked 
| 295|0x0000000092700000, 0x0000000092700000, 0x0000000092800000|  0%| F|  |TAMS 0x0000000092700000, 0x0000000092700000| Untracked 
| 296|0x0000000092800000, 0x0000000092800000, 0x0000000092900000|  0%| F|  |TAMS 0x0000000092800000, 0x0000000092800000| Untracked 
| 297|0x0000000092900000, 0x0000000092900000, 0x0000000092a00000|  0%| F|  |TAMS 0x0000000092900000, 0x0000000092900000| Untracked 
| 298|0x0000000092a00000, 0x0000000092a00000, 0x0000000092b00000|  0%| F|  |TAMS 0x0000000092a00000, 0x0000000092a00000| Untracked 
| 299|0x0000000092b00000, 0x0000000092b00000, 0x0000000092c00000|  0%| F|  |TAMS 0x0000000092b00000, 0x0000000092b00000| Untracked 
| 300|0x0000000092c00000, 0x0000000092c00000, 0x0000000092d00000|  0%| F|  |TAMS 0x0000000092c00000, 0x0000000092c00000| Untracked 
| 301|0x0000000092d00000, 0x0000000092d00000, 0x0000000092e00000|  0%| F|  |TAMS 0x0000000092d00000, 0x0000000092d00000| Untracked 
| 302|0x0000000092e00000, 0x0000000092e00000, 0x0000000092f00000|  0%| F|  |TAMS 0x0000000092e00000, 0x0000000092e00000| Untracked 
| 303|0x0000000092f00000, 0x0000000092f00000, 0x0000000093000000|  0%| F|  |TAMS 0x0000000092f00000, 0x0000000092f00000| Untracked 
| 304|0x0000000093000000, 0x0000000093000000, 0x0000000093100000|  0%| F|  |TAMS 0x0000000093000000, 0x0000000093000000| Untracked 
| 305|0x0000000093100000, 0x0000000093100000, 0x0000000093200000|  0%| F|  |TAMS 0x0000000093100000, 0x0000000093100000| Untracked 
| 306|0x0000000093200000, 0x0000000093200000, 0x0000000093300000|  0%| F|  |TAMS 0x0000000093200000, 0x0000000093200000| Untracked 
| 307|0x0000000093300000, 0x0000000093300000, 0x0000000093400000|  0%| F|  |TAMS 0x0000000093300000, 0x0000000093300000| Untracked 
| 308|0x0000000093400000, 0x0000000093400000, 0x0000000093500000|  0%| F|  |TAMS 0x0000000093400000, 0x0000000093400000| Untracked 
| 309|0x0000000093500000, 0x0000000093500000, 0x0000000093600000|  0%| F|  |TAMS 0x0000000093500000, 0x0000000093500000| Untracked 
| 310|0x0000000093600000, 0x0000000093600000, 0x0000000093700000|  0%| F|  |TAMS 0x0000000093600000, 0x0000000093600000| Untracked 
| 311|0x0000000093700000, 0x0000000093700000, 0x0000000093800000|  0%| F|  |TAMS 0x0000000093700000, 0x0000000093700000| Untracked 
| 312|0x0000000093800000, 0x0000000093800000, 0x0000000093900000|  0%| F|  |TAMS 0x0000000093800000, 0x0000000093800000| Untracked 
| 313|0x0000000093900000, 0x0000000093900000, 0x0000000093a00000|  0%| F|  |TAMS 0x0000000093900000, 0x0000000093900000| Untracked 
| 314|0x0000000093a00000, 0x0000000093a00000, 0x0000000093b00000|  0%| F|  |TAMS 0x0000000093a00000, 0x0000000093a00000| Untracked 
| 315|0x0000000093b00000, 0x0000000093b00000, 0x0000000093c00000|  0%| F|  |TAMS 0x0000000093b00000, 0x0000000093b00000| Untracked 
| 316|0x0000000093c00000, 0x0000000093c00000, 0x0000000093d00000|  0%| F|  |TAMS 0x0000000093c00000, 0x0000000093c00000| Untracked 
| 317|0x0000000093d00000, 0x0000000093d00000, 0x0000000093e00000|  0%| F|  |TAMS 0x0000000093d00000, 0x0000000093d00000| Untracked 
| 318|0x0000000093e00000, 0x0000000093e00000, 0x0000000093f00000|  0%| F|  |TAMS 0x0000000093e00000, 0x0000000093e00000| Untracked 
| 319|0x0000000093f00000, 0x0000000093f00000, 0x0000000094000000|  0%| F|  |TAMS 0x0000000093f00000, 0x0000000093f00000| Untracked 
| 320|0x0000000094000000, 0x0000000094000000, 0x0000000094100000|  0%| F|  |TAMS 0x0000000094000000, 0x0000000094000000| Untracked 
| 321|0x0000000094100000, 0x0000000094100000, 0x0000000094200000|  0%| F|  |TAMS 0x0000000094100000, 0x0000000094100000| Untracked 
| 322|0x0000000094200000, 0x0000000094200000, 0x0000000094300000|  0%| F|  |TAMS 0x0000000094200000, 0x0000000094200000| Untracked 
| 323|0x0000000094300000, 0x0000000094300000, 0x0000000094400000|  0%| F|  |TAMS 0x0000000094300000, 0x0000000094300000| Untracked 
| 324|0x0000000094400000, 0x0000000094400000, 0x0000000094500000|  0%| F|  |TAMS 0x0000000094400000, 0x0000000094400000| Untracked 
| 325|0x0000000094500000, 0x0000000094500000, 0x0000000094600000|  0%| F|  |TAMS 0x0000000094500000, 0x0000000094500000| Untracked 
| 326|0x0000000094600000, 0x0000000094600000, 0x0000000094700000|  0%| F|  |TAMS 0x0000000094600000, 0x0000000094600000| Untracked 
| 327|0x0000000094700000, 0x0000000094700000, 0x0000000094800000|  0%| F|  |TAMS 0x0000000094700000, 0x0000000094700000| Untracked 
| 328|0x0000000094800000, 0x0000000094800000, 0x0000000094900000|  0%| F|  |TAMS 0x0000000094800000, 0x0000000094800000| Untracked 
| 329|0x0000000094900000, 0x0000000094900000, 0x0000000094a00000|  0%| F|  |TAMS 0x0000000094900000, 0x0000000094900000| Untracked 
| 330|0x0000000094a00000, 0x0000000094a00000, 0x0000000094b00000|  0%| F|  |TAMS 0x0000000094a00000, 0x0000000094a00000| Untracked 
| 331|0x0000000094b00000, 0x0000000094b00000, 0x0000000094c00000|  0%| F|  |TAMS 0x0000000094b00000, 0x0000000094b00000| Untracked 
| 332|0x0000000094c00000, 0x0000000094c00000, 0x0000000094d00000|  0%| F|  |TAMS 0x0000000094c00000, 0x0000000094c00000| Untracked 
| 333|0x0000000094d00000, 0x0000000094d00000, 0x0000000094e00000|  0%| F|  |TAMS 0x0000000094d00000, 0x0000000094d00000| Untracked 
| 334|0x0000000094e00000, 0x0000000094e00000, 0x0000000094f00000|  0%| F|  |TAMS 0x0000000094e00000, 0x0000000094e00000| Untracked 
| 335|0x0000000094f00000, 0x0000000094f00000, 0x0000000095000000|  0%| F|  |TAMS 0x0000000094f00000, 0x0000000094f00000| Untracked 
| 336|0x0000000095000000, 0x0000000095000000, 0x0000000095100000|  0%| F|  |TAMS 0x0000000095000000, 0x0000000095000000| Untracked 
| 337|0x0000000095100000, 0x0000000095100000, 0x0000000095200000|  0%| F|  |TAMS 0x0000000095100000, 0x0000000095100000| Untracked 
| 338|0x0000000095200000, 0x0000000095200000, 0x0000000095300000|  0%| F|  |TAMS 0x0000000095200000, 0x0000000095200000| Untracked 
| 339|0x0000000095300000, 0x0000000095300000, 0x0000000095400000|  0%| F|  |TAMS 0x0000000095300000, 0x0000000095300000| Untracked 
| 340|0x0000000095400000, 0x0000000095400000, 0x0000000095500000|  0%| F|  |TAMS 0x0000000095400000, 0x0000000095400000| Untracked 
| 341|0x0000000095500000, 0x0000000095500000, 0x0000000095600000|  0%| F|  |TAMS 0x0000000095500000, 0x0000000095500000| Untracked 
| 342|0x0000000095600000, 0x0000000095600000, 0x0000000095700000|  0%| F|  |TAMS 0x0000000095600000, 0x0000000095600000| Untracked 
| 343|0x0000000095700000, 0x0000000095700000, 0x0000000095800000|  0%| F|  |TAMS 0x0000000095700000, 0x0000000095700000| Untracked 
| 344|0x0000000095800000, 0x0000000095800000, 0x0000000095900000|  0%| F|  |TAMS 0x0000000095800000, 0x0000000095800000| Untracked 
| 345|0x0000000095900000, 0x0000000095900000, 0x0000000095a00000|  0%| F|  |TAMS 0x0000000095900000, 0x0000000095900000| Untracked 
| 346|0x0000000095a00000, 0x0000000095a00000, 0x0000000095b00000|  0%| F|  |TAMS 0x0000000095a00000, 0x0000000095a00000| Untracked 
| 347|0x0000000095b00000, 0x0000000095b00000, 0x0000000095c00000|  0%| F|  |TAMS 0x0000000095b00000, 0x0000000095b00000| Untracked 
| 348|0x0000000095c00000, 0x0000000095c00000, 0x0000000095d00000|  0%| F|  |TAMS 0x0000000095c00000, 0x0000000095c00000| Untracked 
| 349|0x0000000095d00000, 0x0000000095d00000, 0x0000000095e00000|  0%| F|  |TAMS 0x0000000095d00000, 0x0000000095d00000| Untracked 
| 350|0x0000000095e00000, 0x0000000095e00000, 0x0000000095f00000|  0%| F|  |TAMS 0x0000000095e00000, 0x0000000095e00000| Untracked 
| 351|0x0000000095f00000, 0x0000000095f00000, 0x0000000096000000|  0%| F|  |TAMS 0x0000000095f00000, 0x0000000095f00000| Untracked 
| 352|0x0000000096000000, 0x0000000096000000, 0x0000000096100000|  0%| F|  |TAMS 0x0000000096000000, 0x0000000096000000| Untracked 
| 353|0x0000000096100000, 0x0000000096100000, 0x0000000096200000|  0%| F|  |TAMS 0x0000000096100000, 0x0000000096100000| Untracked 
| 354|0x0000000096200000, 0x0000000096200000, 0x0000000096300000|  0%| F|  |TAMS 0x0000000096200000, 0x0000000096200000| Untracked 
| 355|0x0000000096300000, 0x0000000096300000, 0x0000000096400000|  0%| F|  |TAMS 0x0000000096300000, 0x0000000096300000| Untracked 
| 356|0x0000000096400000, 0x0000000096400000, 0x0000000096500000|  0%| F|  |TAMS 0x0000000096400000, 0x0000000096400000| Untracked 
| 357|0x0000000096500000, 0x0000000096500000, 0x0000000096600000|  0%| F|  |TAMS 0x0000000096500000, 0x0000000096500000| Untracked 
| 358|0x0000000096600000, 0x0000000096600000, 0x0000000096700000|  0%| F|  |TAMS 0x0000000096600000, 0x0000000096600000| Untracked 
| 359|0x0000000096700000, 0x0000000096700000, 0x0000000096800000|  0%| F|  |TAMS 0x0000000096700000, 0x0000000096700000| Untracked 
| 360|0x0000000096800000, 0x0000000096800000, 0x0000000096900000|  0%| F|  |TAMS 0x0000000096800000, 0x0000000096800000| Untracked 
| 361|0x0000000096900000, 0x0000000096900000, 0x0000000096a00000|  0%| F|  |TAMS 0x0000000096900000, 0x0000000096900000| Untracked 
| 362|0x0000000096a00000, 0x0000000096a00000, 0x0000000096b00000|  0%| F|  |TAMS 0x0000000096a00000, 0x0000000096a00000| Untracked 
| 363|0x0000000096b00000, 0x0000000096b00000, 0x0000000096c00000|  0%| F|  |TAMS 0x0000000096b00000, 0x0000000096b00000| Untracked 
| 364|0x0000000096c00000, 0x0000000096c00000, 0x0000000096d00000|  0%| F|  |TAMS 0x0000000096c00000, 0x0000000096c00000| Untracked 
| 365|0x0000000096d00000, 0x0000000096d00000, 0x0000000096e00000|  0%| F|  |TAMS 0x0000000096d00000, 0x0000000096d00000| Untracked 
| 366|0x0000000096e00000, 0x0000000096e00000, 0x0000000096f00000|  0%| F|  |TAMS 0x0000000096e00000, 0x0000000096e00000| Untracked 
| 367|0x0000000096f00000, 0x0000000096f00000, 0x0000000097000000|  0%| F|  |TAMS 0x0000000096f00000, 0x0000000096f00000| Untracked 
| 368|0x0000000097000000, 0x0000000097000000, 0x0000000097100000|  0%| F|  |TAMS 0x0000000097000000, 0x0000000097000000| Untracked 
| 369|0x0000000097100000, 0x0000000097100000, 0x0000000097200000|  0%| F|  |TAMS 0x0000000097100000, 0x0000000097100000| Untracked 
| 370|0x0000000097200000, 0x0000000097200000, 0x0000000097300000|  0%| F|  |TAMS 0x0000000097200000, 0x0000000097200000| Untracked 
| 371|0x0000000097300000, 0x0000000097300000, 0x0000000097400000|  0%| F|  |TAMS 0x0000000097300000, 0x0000000097300000| Untracked 
| 372|0x0000000097400000, 0x0000000097400000, 0x0000000097500000|  0%| F|  |TAMS 0x0000000097400000, 0x0000000097400000| Untracked 
| 373|0x0000000097500000, 0x0000000097500000, 0x0000000097600000|  0%| F|  |TAMS 0x0000000097500000, 0x0000000097500000| Untracked 
| 374|0x0000000097600000, 0x0000000097600000, 0x0000000097700000|  0%| F|  |TAMS 0x0000000097600000, 0x0000000097600000| Untracked 
| 375|0x0000000097700000, 0x0000000097700000, 0x0000000097800000|  0%| F|  |TAMS 0x0000000097700000, 0x0000000097700000| Untracked 
| 376|0x0000000097800000, 0x0000000097800000, 0x0000000097900000|  0%| F|  |TAMS 0x0000000097800000, 0x0000000097800000| Untracked 
| 377|0x0000000097900000, 0x0000000097900000, 0x0000000097a00000|  0%| F|  |TAMS 0x0000000097900000, 0x0000000097900000| Untracked 
| 378|0x0000000097a00000, 0x0000000097a00000, 0x0000000097b00000|  0%| F|  |TAMS 0x0000000097a00000, 0x0000000097a00000| Untracked 
| 379|0x0000000097b00000, 0x0000000097b00000, 0x0000000097c00000|  0%| F|  |TAMS 0x0000000097b00000, 0x0000000097b00000| Untracked 
| 380|0x0000000097c00000, 0x0000000097c00000, 0x0000000097d00000|  0%| F|  |TAMS 0x0000000097c00000, 0x0000000097c00000| Untracked 
| 381|0x0000000097d00000, 0x0000000097d00000, 0x0000000097e00000|  0%| F|  |TAMS 0x0000000097d00000, 0x0000000097d00000| Untracked 
| 382|0x0000000097e00000, 0x0000000097e00000, 0x0000000097f00000|  0%| F|  |TAMS 0x0000000097e00000, 0x0000000097e00000| Untracked 
| 383|0x0000000097f00000, 0x0000000097f00000, 0x0000000098000000|  0%| F|  |TAMS 0x0000000097f00000, 0x0000000097f00000| Untracked 
| 384|0x0000000098000000, 0x0000000098000000, 0x0000000098100000|  0%| F|  |TAMS 0x0000000098000000, 0x0000000098000000| Untracked 
| 385|0x0000000098100000, 0x0000000098100000, 0x0000000098200000|  0%| F|  |TAMS 0x0000000098100000, 0x0000000098100000| Untracked 
| 386|0x0000000098200000, 0x0000000098200000, 0x0000000098300000|  0%| F|  |TAMS 0x0000000098200000, 0x0000000098200000| Untracked 
| 387|0x0000000098300000, 0x0000000098300000, 0x0000000098400000|  0%| F|  |TAMS 0x0000000098300000, 0x0000000098300000| Untracked 
| 388|0x0000000098400000, 0x0000000098400000, 0x0000000098500000|  0%| F|  |TAMS 0x0000000098400000, 0x0000000098400000| Untracked 
| 389|0x0000000098500000, 0x0000000098500000, 0x0000000098600000|  0%| F|  |TAMS 0x0000000098500000, 0x0000000098500000| Untracked 
| 390|0x0000000098600000, 0x0000000098600000, 0x0000000098700000|  0%| F|  |TAMS 0x0000000098600000, 0x0000000098600000| Untracked 
| 391|0x0000000098700000, 0x0000000098700000, 0x0000000098800000|  0%| F|  |TAMS 0x0000000098700000, 0x0000000098700000| Untracked 
| 392|0x0000000098800000, 0x0000000098800000, 0x0000000098900000|  0%| F|  |TAMS 0x0000000098800000, 0x0000000098800000| Untracked 
| 393|0x0000000098900000, 0x0000000098900000, 0x0000000098a00000|  0%| F|  |TAMS 0x0000000098900000, 0x0000000098900000| Untracked 
| 394|0x0000000098a00000, 0x0000000098a00000, 0x0000000098b00000|  0%| F|  |TAMS 0x0000000098a00000, 0x0000000098a00000| Untracked 
| 395|0x0000000098b00000, 0x0000000098b00000, 0x0000000098c00000|  0%| F|  |TAMS 0x0000000098b00000, 0x0000000098b00000| Untracked 
| 396|0x0000000098c00000, 0x0000000098c00000, 0x0000000098d00000|  0%| F|  |TAMS 0x0000000098c00000, 0x0000000098c00000| Untracked 
| 397|0x0000000098d00000, 0x0000000098d00000, 0x0000000098e00000|  0%| F|  |TAMS 0x0000000098d00000, 0x0000000098d00000| Untracked 
| 398|0x0000000098e00000, 0x0000000098e00000, 0x0000000098f00000|  0%| F|  |TAMS 0x0000000098e00000, 0x0000000098e00000| Untracked 
| 399|0x0000000098f00000, 0x0000000098f00000, 0x0000000099000000|  0%| F|  |TAMS 0x0000000098f00000, 0x0000000098f00000| Untracked 
| 400|0x0000000099000000, 0x0000000099000000, 0x0000000099100000|  0%| F|  |TAMS 0x0000000099000000, 0x0000000099000000| Untracked 
| 401|0x0000000099100000, 0x0000000099100000, 0x0000000099200000|  0%| F|  |TAMS 0x0000000099100000, 0x0000000099100000| Untracked 
| 402|0x0000000099200000, 0x0000000099200000, 0x0000000099300000|  0%| F|  |TAMS 0x0000000099200000, 0x0000000099200000| Untracked 
| 403|0x0000000099300000, 0x0000000099300000, 0x0000000099400000|  0%| F|  |TAMS 0x0000000099300000, 0x0000000099300000| Untracked 
| 404|0x0000000099400000, 0x0000000099400000, 0x0000000099500000|  0%| F|  |TAMS 0x0000000099400000, 0x0000000099400000| Untracked 
| 405|0x0000000099500000, 0x0000000099500000, 0x0000000099600000|  0%| F|  |TAMS 0x0000000099500000, 0x0000000099500000| Untracked 

Card table byte_map: [0x0000024d44440000,0x0000024d44840000] _byte_map_base: 0x0000024d44040000

Marking Bits (Prev, Next): (CMBitMap*) 0x0000024d31708030, (CMBitMap*) 0x0000024d31707ff8
 Prev Bits: [0x0000024d46c40000, 0x0000024d48c40000)
 Next Bits: [0x0000024d44c40000, 0x0000024d46c40000)

Polling page: 0x0000024d2f670000

Metaspace:

Usage:
  Non-class:     82.36 MB capacity,    80.96 MB ( 98%) used,     1.15 MB (  1%) free+waste,   254.31 KB ( <1%) overhead. 
      Class:     12.62 MB capacity,    11.83 MB ( 94%) used,   700.09 KB (  5%) free+waste,   114.56 KB ( <1%) overhead. 
       Both:     94.98 MB capacity,    92.78 MB ( 98%) used,     1.84 MB (  2%) free+waste,   368.88 KB ( <1%) overhead. 

Virtual space:
  Non-class space:       84.00 MB reserved,      82.50 MB ( 98%) committed 
      Class space:        1.00 GB reserved,      12.75 MB (  1%) committed 
             Both:        1.08 GB reserved,      95.25 MB (  9%) committed 

Chunk freelists:
   Non-Class:  18.00 KB
       Class:  34.00 KB
        Both:  52.00 KB

MaxMetaspaceSize: 17179869184.00 GB
CompressedClassSpaceSize: 1.00 GB

CodeHeap 'non-profiled nmethods': size=120064Kb used=8233Kb max_used=8233Kb free=111830Kb
 bounds [0x0000024d3cb00000, 0x0000024d3d310000, 0x0000024d44040000]
CodeHeap 'profiled nmethods': size=120000Kb used=34544Kb max_used=34544Kb free=85455Kb
 bounds [0x0000024d355d0000, 0x0000024d37790000, 0x0000024d3cb00000]
CodeHeap 'non-nmethods': size=5696Kb used=2287Kb max_used=2349Kb free=3409Kb
 bounds [0x0000024d35040000, 0x0000024d352b0000, 0x0000024d355d0000]
 total_blobs=14374 nmethods=13487 adapters=796
 compilation: enabled
              stopped_count=0, restarted_count=0
 full_count=0

Compilation events (20 events):
Event: 117.750 Thread 0x0000024d4b11b000 14158 %     3       com.android.tools.r8.ir.regalloc.j::a @ 19 (378 bytes)
Event: 117.757 Thread 0x0000024d4b11b000 nmethod 14158% 0x0000024d37789090 code [0x0000024d377894a0, 0x0000024d3778b258]
Event: 117.841 Thread 0x0000024d4b11b000 14160       2       com.android.tools.r8.ir.conversion.I::a (30 bytes)
Event: 117.843 Thread 0x0000024d4b11b000 nmethod 14160 0x0000024d3778bd10 code [0x0000024d3778bec0, 0x0000024d3778c068]
Event: 117.850 Thread 0x0000024d4b11b000 14161       2       com.android.tools.r8.v.b.s0::b (37 bytes)
Event: 117.851 Thread 0x0000024d4b11b000 nmethod 14161 0x0000024d3778c190 code [0x0000024d3778c340, 0x0000024d3778c4a8]
Event: 117.854 Thread 0x0000024d4b11b000 14162       2       com.android.tools.r8.ir.conversion.L::b (66 bytes)
Event: 117.856 Thread 0x0000024d4b11b000 nmethod 14162 0x0000024d3778c590 code [0x0000024d3778c7c0, 0x0000024d3778cb78]
Event: 118.294 Thread 0x0000024d4b11b000 14166       2       com.android.tools.r8.v.b.n1::d (10 bytes)
Event: 118.295 Thread 0x0000024d4b11b000 nmethod 14166 0x0000024d3778ce10 code [0x0000024d3778cfc0, 0x0000024d3778d148]
Event: 118.297 Thread 0x0000024d4b11b000 14167       2       com.android.tools.r8.code.P3::<init> (7 bytes)
Event: 118.298 Thread 0x0000024d4b11b000 nmethod 14167 0x0000024d3778d210 code [0x0000024d3778d3c0, 0x0000024d3778d4c8]
Event: 118.312 Thread 0x0000024d4b11b000 14168 %     3       com.android.tools.r8.s.a.a.b.Y::hashCode @ 9 (42 bytes)
Event: 118.313 Thread 0x0000024d4b11b000 nmethod 14168% 0x0000024d3778d590 code [0x0000024d3778d780, 0x0000024d3778dc08]
Event: 118.313 Thread 0x0000024d4b11b000 14169       3       com.android.tools.r8.s.a.a.b.Y::hashCode (42 bytes)
Event: 118.315 Thread 0x0000024d4b11b000 nmethod 14169 0x0000024d3778dd90 code [0x0000024d3778df80, 0x0000024d3778e388]
Event: 118.573 Thread 0x0000024d4b11b000 14170       2       com.android.tools.r8.code.T0::hashCode (21 bytes)
Event: 118.574 Thread 0x0000024d4b11b000 nmethod 14170 0x0000024d3778e510 code [0x0000024d3778e6c0, 0x0000024d3778e808]
Event: 118.677 Thread 0x0000024d4b11b000 14171       2       com.android.tools.r8.graph.O$b::hashCode (16 bytes)
Event: 118.678 Thread 0x0000024d4b11b000 nmethod 14171 0x0000024d3778e890 code [0x0000024d3778ea40, 0x0000024d3778eb68]

GC Heap History (20 events):
Event: 96.822 GC heap after
{Heap after GC invocations=49 (full 0):
 garbage-first heap   total 270336K, used 122562K [0x0000000080000000, 0x0000000100000000)
  region size 1024K, 9 young (9216K), 9 survivors (9216K)
 Metaspace       used 93557K, capacity 95793K, committed 96128K, reserved 1132544K
  class space    used 11974K, capacity 12784K, committed 12928K, reserved 1048576K
}
Event: 98.599 GC heap before
{Heap before GC invocations=49 (full 0):
 garbage-first heap   total 270336K, used 224962K [0x0000000080000000, 0x0000000100000000)
  region size 1024K, 109 young (111616K), 9 survivors (9216K)
 Metaspace       used 93609K, capacity 95947K, committed 96128K, reserved 1132544K
  class space    used 11978K, capacity 12790K, committed 12928K, reserved 1048576K
}
Event: 98.678 GC heap after
{Heap after GC invocations=50 (full 0):
 garbage-first heap   total 270336K, used 125657K [0x0000000080000000, 0x0000000100000000)
  region size 1024K, 10 young (10240K), 10 survivors (10240K)
 Metaspace       used 93609K, capacity 95947K, committed 96128K, reserved 1132544K
  class space    used 11978K, capacity 12790K, committed 12928K, reserved 1048576K
}
Event: 100.318 GC heap before
{Heap before GC invocations=50 (full 0):
 garbage-first heap   total 270336K, used 227033K [0x0000000080000000, 0x0000000100000000)
  region size 1024K, 109 young (111616K), 10 survivors (10240K)
 Metaspace       used 94133K, capacity 96462K, committed 96640K, reserved 1132544K
  class space    used 12033K, capacity 12855K, committed 12928K, reserved 1048576K
}
Event: 100.418 GC heap after
{Heap after GC invocations=51 (full 0):
 garbage-first heap   total 324608K, used 129398K [0x0000000080000000, 0x0000000100000000)
  region size 1024K, 10 young (10240K), 10 survivors (10240K)
 Metaspace       used 94133K, capacity 96462K, committed 96640K, reserved 1132544K
  class space    used 12033K, capacity 12855K, committed 12928K, reserved 1048576K
}
Event: 102.258 GC heap before
{Heap before GC invocations=51 (full 0):
 garbage-first heap   total 324608K, used 247158K [0x0000000080000000, 0x0000000100000000)
  region size 1024K, 125 young (128000K), 10 survivors (10240K)
 Metaspace       used 94620K, capacity 96879K, committed 97152K, reserved 1134592K
  class space    used 12075K, capacity 12887K, committed 12928K, reserved 1048576K
}
Event: 102.361 GC heap after
{Heap after GC invocations=52 (full 0):
 garbage-first heap   total 324608K, used 132271K [0x0000000080000000, 0x0000000100000000)
  region size 1024K, 10 young (10240K), 10 survivors (10240K)
 Metaspace       used 94620K, capacity 96879K, committed 97152K, reserved 1134592K
  class space    used 12075K, capacity 12887K, committed 12928K, reserved 1048576K
}
Event: 104.360 GC heap before
{Heap before GC invocations=52 (full 0):
 garbage-first heap   total 324608K, used 257199K [0x0000000080000000, 0x0000000100000000)
  region size 1024K, 133 young (136192K), 10 survivors (10240K)
 Metaspace       used 94766K, capacity 97007K, committed 97152K, reserved 1134592K
  class space    used 12084K, capacity 12887K, committed 12928K, reserved 1048576K
}
Event: 104.446 GC heap after
{Heap after GC invocations=53 (full 0):
 garbage-first heap   total 324608K, used 132835K [0x0000000080000000, 0x0000000100000000)
  region size 1024K, 10 young (10240K), 10 survivors (10240K)
 Metaspace       used 94766K, capacity 97007K, committed 97152K, reserved 1134592K
  class space    used 12084K, capacity 12887K, committed 12928K, reserved 1048576K
}
Event: 106.381 GC heap before
{Heap before GC invocations=53 (full 0):
 garbage-first heap   total 324608K, used 273123K [0x0000000080000000, 0x0000000100000000)
  region size 1024K, 147 young (150528K), 10 survivors (10240K)
 Metaspace       used 94787K, capacity 97013K, committed 97152K, reserved 1134592K
  class space    used 12084K, capacity 12888K, committed 12928K, reserved 1048576K
}
Event: 106.474 GC heap after
{Heap after GC invocations=54 (full 0):
 garbage-first heap   total 324608K, used 140923K [0x0000000080000000, 0x0000000100000000)
  region size 1024K, 18 young (18432K), 18 survivors (18432K)
 Metaspace       used 94787K, capacity 97013K, committed 97152K, reserved 1134592K
  class space    used 12084K, capacity 12888K, committed 12928K, reserved 1048576K
}
Event: 108.085 GC heap before
{Heap before GC invocations=54 (full 0):
 garbage-first heap   total 324608K, used 269947K [0x0000000080000000, 0x0000000100000000)
  region size 1024K, 144 young (147456K), 18 survivors (18432K)
 Metaspace       used 94813K, capacity 97089K, committed 97152K, reserved 1134592K
  class space    used 12085K, capacity 12890K, committed 12928K, reserved 1048576K
}
Event: 108.240 GC heap after
{Heap after GC invocations=55 (full 0):
 garbage-first heap   total 415744K, used 142523K [0x0000000080000000, 0x0000000100000000)
  region size 1024K, 11 young (11264K), 11 survivors (11264K)
 Metaspace       used 94813K, capacity 97089K, committed 97152K, reserved 1134592K
  class space    used 12085K, capacity 12890K, committed 12928K, reserved 1048576K
}
Event: 110.730 GC heap before
{Heap before GC invocations=55 (full 0):
 garbage-first heap   total 415744K, used 323771K [0x0000000080000000, 0x0000000100000000)
  region size 1024K, 188 young (192512K), 11 survivors (11264K)
 Metaspace       used 94840K, capacity 97089K, committed 97152K, reserved 1134592K
  class space    used 12085K, capacity 12890K, committed 12928K, reserved 1048576K
}
Event: 110.809 GC heap after
{Heap after GC invocations=56 (full 0):
 garbage-first heap   total 415744K, used 144571K [0x0000000080000000, 0x0000000100000000)
  region size 1024K, 13 young (13312K), 13 survivors (13312K)
 Metaspace       used 94840K, capacity 97089K, committed 97152K, reserved 1134592K
  class space    used 12085K, capacity 12890K, committed 12928K, reserved 1048576K
}
Event: 113.377 GC heap before
{Heap before GC invocations=56 (full 0):
 garbage-first heap   total 415744K, used 351419K [0x0000000080000000, 0x0000000100000000)
  region size 1024K, 215 young (220160K), 13 survivors (13312K)
 Metaspace       used 94849K, capacity 97089K, committed 97152K, reserved 1134592K
  class space    used 12085K, capacity 12890K, committed 12928K, reserved 1048576K
}
Event: 113.472 GC heap after
{Heap after GC invocations=57 (full 0):
 garbage-first heap   total 415744K, used 147643K [0x0000000080000000, 0x0000000100000000)
  region size 1024K, 16 young (16384K), 16 survivors (16384K)
 Metaspace       used 94849K, capacity 97089K, committed 97152K, reserved 1134592K
  class space    used 12085K, capacity 12890K, committed 12928K, reserved 1048576K
}
Event: 116.116 GC heap before
{Heap before GC invocations=57 (full 0):
 garbage-first heap   total 415744K, used 352443K [0x0000000080000000, 0x0000000100000000)
  region size 1024K, 216 young (221184K), 16 survivors (16384K)
 Metaspace       used 94960K, capacity 97249K, committed 97536K, reserved 1134592K
  class space    used 12103K, capacity 12922K, committed 13056K, reserved 1048576K
}
Event: 116.240 GC heap after
{Heap after GC invocations=58 (full 0):
 garbage-first heap   total 415744K, used 151097K [0x0000000080000000, 0x0000000100000000)
  region size 1024K, 13 young (13312K), 13 survivors (13312K)
 Metaspace       used 94960K, capacity 97249K, committed 97536K, reserved 1134592K
  class space    used 12103K, capacity 12922K, committed 13056K, reserved 1048576K
}
Event: 118.743 GC heap before
{Heap before GC invocations=58 (full 0):
 garbage-first heap   total 415744K, used 352825K [0x0000000080000000, 0x0000000100000000)
  region size 1024K, 211 young (216064K), 13 survivors (13312K)
 Metaspace       used 95011K, capacity 97260K, committed 97536K, reserved 1134592K
  class space    used 12111K, capacity 12926K, committed 13056K, reserved 1048576K
}

Deoptimization events (20 events):
Event: 117.166 Thread 0x0000024d4e6c3800 DEOPT PACKING pc=0x0000024d36e78646 sp=0x000000fb723f9730
Event: 117.167 Thread 0x0000024d4e6c3800 DEOPT UNPACKING pc=0x0000024d350672ce sp=0x000000fb723f8ee0 mode 0
Event: 117.486 Thread 0x0000024d4e6b8000 DEOPT PACKING pc=0x0000024d36e78646 sp=0x000000fb720f9a40
Event: 117.486 Thread 0x0000024d4e6b8000 DEOPT UNPACKING pc=0x0000024d350672ce sp=0x000000fb720f91f0 mode 0
Event: 117.782 Thread 0x0000024d4e6b9800 DEOPT PACKING pc=0x0000024d36e7879b sp=0x000000fb722f9880
Event: 117.782 Thread 0x0000024d4e6b9800 DEOPT UNPACKING pc=0x0000024d350672ce sp=0x000000fb722f9030 mode 0
Event: 117.913 Thread 0x0000024d4e6b8000 DEOPT PACKING pc=0x0000024d36e78646 sp=0x000000fb720f9a40
Event: 117.913 Thread 0x0000024d4e6b8000 DEOPT UNPACKING pc=0x0000024d350672ce sp=0x000000fb720f91f0 mode 0
Event: 118.044 Thread 0x0000024d4e6c3800 DEOPT PACKING pc=0x0000024d36e7879b sp=0x000000fb723f9730
Event: 118.045 Thread 0x0000024d4e6c3800 DEOPT UNPACKING pc=0x0000024d350672ce sp=0x000000fb723f8ee0 mode 0
Event: 118.241 Thread 0x0000024d4e6c3800 DEOPT PACKING pc=0x0000024d36e78646 sp=0x000000fb723f9710
Event: 118.241 Thread 0x0000024d4e6c3800 DEOPT UNPACKING pc=0x0000024d350672ce sp=0x000000fb723f8ec0 mode 0
Event: 118.297 Thread 0x0000024d4e6bf800 DEOPT PACKING pc=0x0000024d36a3d3b6 sp=0x000000fb721f99a0
Event: 118.297 Thread 0x0000024d4e6bf800 DEOPT UNPACKING pc=0x0000024d350672ce sp=0x000000fb721f92c8 mode 0
Event: 118.315 Thread 0x0000024d4e6c3800 DEOPT PACKING pc=0x0000024d36d85443 sp=0x000000fb723f9870
Event: 118.315 Thread 0x0000024d4e6c3800 DEOPT UNPACKING pc=0x0000024d350672ce sp=0x000000fb723f8d08 mode 0
Event: 118.414 Thread 0x0000024d4e6b8000 DEOPT PACKING pc=0x0000024d36e78646 sp=0x000000fb720f9a40
Event: 118.414 Thread 0x0000024d4e6b8000 DEOPT UNPACKING pc=0x0000024d350672ce sp=0x000000fb720f91f0 mode 0
Event: 118.573 Thread 0x0000024d4e6b9800 DEOPT PACKING pc=0x0000024d36e78646 sp=0x000000fb722f9880
Event: 118.573 Thread 0x0000024d4e6b9800 DEOPT UNPACKING pc=0x0000024d350672ce sp=0x000000fb722f9030 mode 0

Classes redefined (0 events):
No events

Internal exceptions (20 events):
Event: 73.180 Thread 0x0000024d4dc68800 Exception <a 'java/lang/NoSuchMethodError'{0x0000000088991ed0}: 'java.lang.Object java.lang.invoke.DirectMethodHandle$Holder.invokeStaticInit(java.lang.Object, java.lang.Object, long, java.lang.Object)'> (0x0000000088991ed0) thrown at [./src/hotspot/share/interpreter/linkResolver.cpp, line 773]
Event: 73.181 Thread 0x0000024d4dc68800 Exception <a 'java/lang/NoSuchMethodError'{0x0000000088998110}: 'java.lang.Object java.lang.invoke.DirectMethodHandle$Holder.invokeStatic(java.lang.Object, java.lang.Object, long)'> (0x0000000088998110) thrown at [./src/hotspot/share/interpreter/linkResolver.cpp, line 773]
Event: 73.188 Thread 0x0000024d4dc68800 Exception <a 'java/lang/NoSuchMethodError'{0x000000008899e688}: 'java.lang.Object java.lang.invoke.Invokers$Holder.linkToTargetMethod(java.lang.Object, long, java.lang.Object)'> (0x000000008899e688) thrown at [./src/hotspot/share/interpreter/linkResolver.cpp, line 773]
Event: 77.434 Thread 0x0000024d4e6bf800 Exception <a 'java/lang/NoSuchMethodError'{0x0000000089951728}: 'void java.lang.invoke.DirectMethodHandle$Holder.invokeStaticInit(java.lang.Object, java.lang.Object, java.lang.Object, java.lang.Object, java.lang.Object)'> (0x0000000089951728) thrown at [./src/hotspot/share/interpreter/linkResolver.cpp, line 773]
Event: 77.695 Thread 0x0000024d4e6bf800 Exception <a 'java/lang/NoSuchMethodError'{0x0000000089200898}: 'java.lang.Object java.lang.invoke.DirectMethodHandle$Holder.invokeStatic(java.lang.Object, int, java.lang.Object, java.lang.Object)'> (0x0000000089200898) thrown at [./src/hotspot/share/interpreter/linkResolver.cpp, line 773]
Event: 77.813 Thread 0x0000024d4e6b8000 Exception <a 'java/lang/NoSuchMethodError'{0x0000000089142308}: 'void java.lang.invoke.DirectMethodHandle$Holder.invokeSpecial(java.lang.Object, java.lang.Object, int, java.lang.Object)'> (0x0000000089142308) thrown at [./src/hotspot/share/interpreter/linkResolver.cpp, line 773]
Event: 77.863 Thread 0x0000024d4dc68800 Exception <a 'java/lang/NoSuchMethodError'{0x0000000088d34130}: 'int java.lang.invoke.DirectMethodHandle$Holder.invokeSpecialIFC(java.lang.Object, java.lang.Object, java.lang.Object)'> (0x0000000088d34130) thrown at [./src/hotspot/share/interpreter/linkResolver.cpp, line 773]
Event: 77.981 Thread 0x0000024d4e6bf800 Exception <a 'java/lang/NoSuchMethodError'{0x0000000088b4d110}: 'int java.lang.invoke.DirectMethodHandle$Holder.invokeSpecial(java.lang.Object, java.lang.Object, java.lang.Object, java.lang.Object, java.lang.Object)'> (0x0000000088b4d110) thrown at [./src/hotspot/share/interpreter/linkResolver.cpp, line 773]
Event: 77.981 Thread 0x0000024d4e6b8000 Exception <a 'java/lang/NoSuchMethodError'{0x0000000088b7ac68}: 'int java.lang.invoke.DirectMethodHandle$Holder.invokeSpecial(java.lang.Object, java.lang.Object, java.lang.Object, java.lang.Object, java.lang.Object)'> (0x0000000088b7ac68) thrown at [./src/hotspot/share/interpreter/linkResolver.cpp, line 773]
Event: 78.394 Thread 0x0000024d4e6bf800 Exception <a 'java/lang/NoSuchMethodError'{0x000000008a14cf00}: 'java.lang.Object java.lang.invoke.DirectMethodHandle$Holder.invokeVirtual(java.lang.Object, java.lang.Object, int, java.lang.Object)'> (0x000000008a14cf00) thrown at [./src/hotspot/share/interpreter/linkResolver.cpp, line 773]
Event: 78.580 Thread 0x0000024d4e6b8000 Exception <a 'java/lang/NoSuchMethodError'{0x0000000089ea8770}: 'void java.lang.invoke.DirectMethodHandle$Holder.invokeVirtual(java.lang.Object, java.lang.Object, int, java.lang.Object)'> (0x0000000089ea8770) thrown at [./src/hotspot/share/interpreter/linkResolver.cpp, line 773]
Event: 78.930 Thread 0x0000024d4e6b8000 Exception <a 'java/lang/NoSuchMethodError'{0x000000008994b378}: 'int java.lang.invoke.DirectMethodHandle$Holder.invokeSpecial(java.lang.Object, java.lang.Object, java.lang.Object, int, java.lang.Object)'> (0x000000008994b378) thrown at [./src/hotspot/share/interpreter/linkResolver.cpp, line 773]
Event: 79.922 Thread 0x0000024d4e6b8000 Exception <a 'java/lang/NoSuchMethodError'{0x0000000089292dc8}: 'java.lang.Object java.lang.invoke.DirectMethodHandle$Holder.invokeInterface(java.lang.Object, java.lang.Object, int)'> (0x0000000089292dc8) thrown at [./src/hotspot/share/interpreter/linkResolver.cpp, line 773]
Event: 85.108 Thread 0x0000024d4e6b8000 Exception <a 'java/lang/NoSuchMethodError'{0x000000008ca43400}: 'int java.lang.invoke.DirectMethodHandle$Holder.invokeInterface(java.lang.Object, java.lang.Object, int)'> (0x000000008ca43400) thrown at [./src/hotspot/share/interpreter/linkResolver.cpp, line 773]
Event: 95.663 Thread 0x0000024d4e6c3800 Implicit null exception at 0x0000024d3d212f44 to 0x0000024d3d213a2c
Event: 101.491 Thread 0x0000024d4dc68800 Exception <a 'sun/nio/fs/WindowsException'{0x0000000090124640}> (0x0000000090124640) thrown at [./src/hotspot/share/prims/jni.cpp, line 615]
Event: 101.498 Thread 0x0000024d4dc68800 Exception <a 'sun/nio/fs/WindowsException'{0x0000000090139458}> (0x0000000090139458) thrown at [./src/hotspot/share/prims/jni.cpp, line 615]
Event: 101.499 Thread 0x0000024d4dc68800 Exception <a 'sun/nio/fs/WindowsException'{0x0000000090139540}> (0x0000000090139540) thrown at [./src/hotspot/share/prims/jni.cpp, line 615]
Event: 102.719 Thread 0x0000024d4dc68800 Implicit null exception at 0x0000024d3d2716de to 0x0000024d3d271830
Event: 104.863 Thread 0x0000024d4e6b9800 Exception <a 'sun/nio/fs/WindowsException'{0x0000000091ccc270}> (0x0000000091ccc270) thrown at [./src/hotspot/share/prims/jni.cpp, line 615]

Events (20 events):
Event: 116.316 loading class com/android/tools/r8/graph/n0 done
Event: 116.316 loading class com/android/tools/r8/v/c/G
Event: 116.316 loading class com/android/tools/r8/v/c/G done
Event: 116.319 loading class com/android/tools/r8/graph/X1
Event: 116.319 loading class com/android/tools/r8/graph/X1 done
Event: 116.319 loading class com/android/tools/r8/graph/X1
Event: 116.319 loading class com/android/tools/r8/graph/X1 done
Event: 116.320 loading class com/android/tools/r8/graph/n0
Event: 116.320 loading class com/android/tools/r8/graph/n0 done
Event: 116.321 loading class com/android/tools/r8/graph/n0
Event: 116.321 loading class com/android/tools/r8/graph/n0 done
Event: 116.321 loading class com/android/tools/r8/graph/n0$b
Event: 116.321 loading class com/android/tools/r8/graph/n0$b done
Event: 116.321 loading class com/android/tools/r8/graph/n0
Event: 116.321 loading class com/android/tools/r8/graph/n0 done
Event: 116.321 loading class com/android/tools/r8/graph/n0
Event: 116.321 loading class com/android/tools/r8/graph/n0 done
Event: 116.321 loading class com/android/tools/r8/graph/n0
Event: 116.321 loading class com/android/tools/r8/graph/n0 done
Event: 118.742 Executing VM operation: G1CollectForAllocation


Dynamic libraries:
0x00007ff62aac0000 - 0x00007ff62aaca000 	D:\setups\Android Studio\jre\bin\java.exe
0x00007ffbcf060000 - 0x00007ffbcf23b000 	C:\WINDOWS\SYSTEM32\ntdll.dll
0x00007ffbce170000 - 0x00007ffbce21e000 	C:\WINDOWS\System32\KERNEL32.DLL
0x00007ffbcc370000 - 0x00007ffbcc5b9000 	C:\WINDOWS\System32\KERNELBASE.dll
0x00007ffbcc1d0000 - 0x00007ffbcc2c6000 	C:\WINDOWS\System32\ucrtbase.dll
0x00007ffbbd100000 - 0x00007ffbbd119000 	D:\setups\Android Studio\jre\bin\jli.dll
0x00007ffbb83a0000 - 0x00007ffbb83b7000 	D:\setups\Android Studio\jre\bin\VCRUNTIME140.dll
0x00007ffbce7c0000 - 0x00007ffbce90a000 	C:\WINDOWS\System32\USER32.dll
0x00007ffbcb580000 - 0x00007ffbcb59e000 	C:\WINDOWS\System32\win32u.dll
0x00007ffbbd870000 - 0x00007ffbbdad7000 	C:\WINDOWS\WinSxS\amd64_microsoft.windows.common-controls_6595b64144ccf1df_6.0.15063.0_none_108e4f62dfe5d999\COMCTL32.dll
0x00007ffbce320000 - 0x00007ffbce347000 	C:\WINDOWS\System32\GDI32.dll
0x00007ffbce280000 - 0x00007ffbce31d000 	C:\WINDOWS\System32\msvcrt.dll
0x00007ffbcb6a0000 - 0x00007ffbcb829000 	C:\WINDOWS\System32\gdi32full.dll
0x00007ffbceb20000 - 0x00007ffbcee19000 	C:\WINDOWS\System32\combase.dll
0x00007ffbcc2d0000 - 0x00007ffbcc36a000 	C:\WINDOWS\System32\msvcp_win.dll
0x00007ffbcc5c0000 - 0x00007ffbcc6e5000 	C:\WINDOWS\System32\RPCRT4.dll
0x00007ffbcc160000 - 0x00007ffbcc1ca000 	C:\WINDOWS\System32\bcryptPrimitives.dll
0x00007ffbce4a0000 - 0x00007ffbce4cd000 	C:\WINDOWS\System32\IMM32.DLL
0x00007ffba9080000 - 0x00007ffba911d000 	D:\setups\Android Studio\jre\bin\msvcp140.dll
0x00007ffb9faa0000 - 0x00007ffba055c000 	D:\setups\Android Studio\jre\bin\server\jvm.dll
0x00007ffbcc700000 - 0x00007ffbcc7a1000 	C:\WINDOWS\System32\ADVAPI32.dll
0x00007ffbce220000 - 0x00007ffbce279000 	C:\WINDOWS\System32\sechost.dll
0x00007ffbce910000 - 0x00007ffbce918000 	C:\WINDOWS\System32\PSAPI.DLL
0x00007ffbb5de0000 - 0x00007ffbb5de9000 	C:\WINDOWS\SYSTEM32\WSOCK32.dll
0x00007ffbc9880000 - 0x00007ffbc98a3000 	C:\WINDOWS\SYSTEM32\WINMM.dll
0x00007ffbce640000 - 0x00007ffbce6ac000 	C:\WINDOWS\System32\WS2_32.dll
0x00007ffbbbe30000 - 0x00007ffbbbe3a000 	C:\WINDOWS\SYSTEM32\VERSION.dll
0x00007ffbc95c0000 - 0x00007ffbc95eb000 	C:\WINDOWS\SYSTEM32\winmmbase.dll
0x00007ffbcb650000 - 0x00007ffbcb699000 	C:\WINDOWS\System32\cfgmgr32.dll
0x00007ffbcb560000 - 0x00007ffbcb571000 	C:\WINDOWS\System32\kernel.appcore.dll
0x00007ffba74d0000 - 0x00007ffba74e1000 	D:\setups\Android Studio\jre\bin\verify.dll
0x00007ffbc72a0000 - 0x00007ffbc7449000 	C:\WINDOWS\SYSTEM32\DBGHELP.DLL
0x00007ffbbbea0000 - 0x00007ffbbbec9000 	C:\WINDOWS\SYSTEM32\dbgcore.DLL
0x00007ffba74a0000 - 0x00007ffba74c9000 	D:\setups\Android Studio\jre\bin\java.dll
0x00007ffba8a70000 - 0x00007ffba8a7b000 	D:\setups\Android Studio\jre\bin\jimage.dll
0x00007ffba7480000 - 0x00007ffba7498000 	D:\setups\Android Studio\jre\bin\zip.dll
0x00007ffbccd30000 - 0x00007ffbce167000 	C:\WINDOWS\System32\SHELL32.dll
0x00007ffbcefb0000 - 0x00007ffbcf05a000 	C:\WINDOWS\System32\shcore.dll
0x00007ffbcba00000 - 0x00007ffbcc0f2000 	C:\WINDOWS\System32\windows.storage.dll
0x00007ffbccc50000 - 0x00007ffbccca1000 	C:\WINDOWS\System32\shlwapi.dll
0x00007ffbcb4f0000 - 0x00007ffbcb53c000 	C:\WINDOWS\System32\powrprof.dll
0x00007ffbcb4d0000 - 0x00007ffbcb4e5000 	C:\WINDOWS\System32\profapi.dll
0x00007ffba75c0000 - 0x00007ffba75da000 	D:\setups\Android Studio\jre\bin\net.dll
0x00007ffbbba20000 - 0x00007ffbbbaf7000 	C:\WINDOWS\SYSTEM32\WINHTTP.dll
0x00007ffbcad80000 - 0x00007ffbcaddc000 	C:\WINDOWS\system32\mswsock.dll
0x00007ffba75a0000 - 0x00007ffba75b4000 	D:\setups\Android Studio\jre\bin\nio.dll
0x00007ffba9370000 - 0x00007ffba9397000 	C:\Users\Mirza Sahb\.gradle\native\fdc75f09e3144964f2cf3f50f0aa648679c211496f362492102eb8c894070792\windows-amd64\native-platform.dll
0x00007ffba4a10000 - 0x00007ffba4ba6000 	C:\Users\Mirza Sahb\.gradle\native\12488b8bf47d2d4c9fbf2f6322a914ad602e24e48041cd04a747c6da556b65c4\windows-amd64\native-platform-file-events.dll
0x00007ffba8540000 - 0x00007ffba854a000 	D:\setups\Android Studio\jre\bin\management.dll
0x00007ffba8010000 - 0x00007ffba801c000 	D:\setups\Android Studio\jre\bin\management_ext.dll
0x00007ffbcaf20000 - 0x00007ffbcaf37000 	C:\WINDOWS\SYSTEM32\CRYPTSP.dll
0x00007ffbca9a0000 - 0x00007ffbca9d4000 	C:\WINDOWS\system32\rsaenh.dll
0x00007ffbcb410000 - 0x00007ffbcb435000 	C:\WINDOWS\SYSTEM32\bcrypt.dll
0x00007ffbcb3a0000 - 0x00007ffbcb3c9000 	C:\WINDOWS\SYSTEM32\USERENV.dll
0x00007ffbcb390000 - 0x00007ffbcb39b000 	C:\WINDOWS\SYSTEM32\CRYPTBASE.dll
0x00007ffbcab20000 - 0x00007ffbcab57000 	C:\WINDOWS\SYSTEM32\IPHLPAPI.DLL
0x00007ffbceee0000 - 0x00007ffbceee8000 	C:\WINDOWS\System32\NSI.dll
0x00007ffbbfaf0000 - 0x00007ffbbfb06000 	C:\WINDOWS\SYSTEM32\dhcpcsvc6.DLL
0x00007ffbbfd60000 - 0x00007ffbbfd7a000 	C:\WINDOWS\SYSTEM32\dhcpcsvc.DLL
0x00007ffbc1830000 - 0x00007ffbc183b000 	C:\WINDOWS\SYSTEM32\WINNSI.DLL

dbghelp: loaded successfully - version: 4.0.5 - missing functions: none
symbol engine: initialized successfully - sym options: 0x614 - pdb path: .;D:\setups\Android Studio\jre\bin;C:\WINDOWS\SYSTEM32;C:\WINDOWS\WinSxS\amd64_microsoft.windows.common-controls_6595b64144ccf1df_6.0.15063.0_none_108e4f62dfe5d999;D:\setups\Android Studio\jre\bin\server;C:\Users\Mirza Sahb\.gradle\native\fdc75f09e3144964f2cf3f50f0aa648679c211496f362492102eb8c894070792\windows-amd64;C:\Users\Mirza Sahb\.gradle\native\12488b8bf47d2d4c9fbf2f6322a914ad602e24e48041cd04a747c6da556b65c4\windows-amd64

VM Arguments:
jvm_args: --add-opens=java.base/java.util=ALL-UNNAMED --add-opens=java.base/java.lang=ALL-UNNAMED --add-opens=java.base/java.lang.invoke=ALL-UNNAMED --add-opens=java.prefs/java.util.prefs=ALL-UNNAMED -Xmx2048m -Dfile.encoding=UTF-8 -Duser.country=US -Duser.language=en -Duser.variant 
java_command: org.gradle.launcher.daemon.bootstrap.GradleDaemon 6.7.1
java_class_path (initial): C:\Users\Mirza Sahb\.gradle\wrapper\dists\gradle-6.7.1-bin\bwlcbys1h7rz3272sye1xwiv6\gradle-6.7.1\lib\gradle-launcher-6.7.1.jar
Launcher Type: SUN_STANDARD

[Global flags]
     intx CICompilerCount                          = 3                                         {product} {ergonomic}
     uint ConcGCThreads                            = 1                                         {product} {ergonomic}
     uint G1ConcRefinementThreads                  = 4                                         {product} {ergonomic}
   size_t G1HeapRegionSize                         = 1048576                                   {product} {ergonomic}
    uintx GCDrainStackTargetSize                   = 64                                        {product} {ergonomic}
   size_t InitialHeapSize                          = 67108864                                  {product} {ergonomic}
   size_t MarkStackSize                            = 4194304                                   {product} {ergonomic}
   size_t MaxHeapSize                              = 2147483648                                {product} {command line}
   size_t MaxNewSize                               = 1287651328                                {product} {ergonomic}
   size_t MinHeapDeltaBytes                        = 1048576                                   {product} {ergonomic}
    uintx NonNMethodCodeHeapSize                   = 5830732                                {pd product} {ergonomic}
    uintx NonProfiledCodeHeapSize                  = 122913754                              {pd product} {ergonomic}
    uintx ProfiledCodeHeapSize                     = 122913754                              {pd product} {ergonomic}
    uintx ReservedCodeCacheSize                    = 251658240                              {pd product} {ergonomic}
     bool SegmentedCodeCache                       = true                                      {product} {ergonomic}
     bool UseCompressedClassPointers               = true                                 {lp64_product} {ergonomic}
     bool UseCompressedOops                        = true                                 {lp64_product} {ergonomic}
     bool UseG1GC                                  = true                                      {product} {ergonomic}
     bool UseLargePagesIndividualAllocation        = false                                  {pd product} {ergonomic}

Logging:
Log output configuration:
 #0: stdout all=warning uptime,level,tags
 #1: stderr all=off uptime,level,tags

Environment Variables:
JAVA_HOME=D:\setups\Java\JRE
PATH=C:\Program Files (x86)\Common Files\Oracle\Java\javapath;C:\WINDOWS\system32;C:\WINDOWS;C:\WINDOWS\System32\Wbem;C:\WINDOWS\System32\WindowsPowerShell\v1.0\;C:\Program Files\nodejs\;C:\Users\Mirza Sahb\AppData\Local\Microsoft\WindowsApps;D:\setups\flutter\bin;C:\Users\Mirza Sahb\AppData\Local\Android\Sdk\platform-tools;C:\Users\Mirza Sahb\AppData\Roaming\npm
USERNAME=Mirza Sahb
OS=Windows_NT
PROCESSOR_IDENTIFIER=Intel64 Family 6 Model 61 Stepping 4, GenuineIntel



---------------  S Y S T E M  ---------------

OS: Windows 10 , 64 bit Build 15063 (10.0.15063.0)
OS uptime: 0 days 1:43 hours

CPU:total 4 (initial active 4) (2 cores per cpu, 2 threads per core) family 6 model 61 stepping 4, cmov, cx8, fxsr, mmx, sse, sse2, sse3, ssse3, sse4.1, sse4.2, popcnt, avx, avx2, aes, clmul, erms, 3dnowpref, lzcnt, ht, tsc, tscinvbit, bmi1, bmi2, adx, fma

Memory: 4k page, system-wide physical 4011M (485M free)
TotalPageFile size 5474M (AvailPageFile size 96M)
current process WorkingSet (physical memory assigned to process): 748M, peak: 749M
current process commit charge ("private bytes"): 788M, peak: 896M

vm_info: OpenJDK 64-Bit Server VM (11.0.8+10-b944.6842174) for windows-amd64 JRE (11.0.8+10-b944.6842174), built on Sep 19 2020 01:11:42 by "builder" with MS VC++ 14.0 (VS2015)

END.
