#
# There is insufficient memory for the Java Runtime Environment to continue.
# Native memory allocation (mmap) failed to map 99614720 bytes for Failed to commit area from 0x000000009b200000 to 0x00000000a1100000 of length 99614720.
# Possible reasons:
#   The system is out of physical RAM or swap space
#   The process is running with CompressedOops enabled, and the Java Heap may be blocking the growth of the native heap
# Possible solutions:
#   Reduce memory load on the system
#   Increase physical memory or swap space
#   Check if swap backing store is full
#   Decrease Java heap size (-Xmx/-Xms)
#   Decrease number of Java threads
#   Decrease Java thread stack sizes (-Xss)
#   Set larger code cache with -XX:ReservedCodeCacheSize=
#   JVM is running with Unscaled Compressed Oops mode in which the Java heap is
#     placed in the first 4GB address space. The Java Heap base address is the
#     maximum limit for the native heap growth. Please use -XX:HeapBaseMinAddress
#     to set the Java Heap base and to place the Java Heap above 4GB virtual address.
# This output file may be truncated or incomplete.
#
#  Out of Memory Error (./src/hotspot/os/windows/os_windows.cpp:3303), pid=7316, tid=7704
#
# JRE version: OpenJDK Runtime Environment (11.0.8+10) (build 11.0.8+10-b944.6842174)
# Java VM: OpenJDK 64-Bit Server VM (11.0.8+10-b944.6842174, mixed mode, tiered, compressed oops, g1 gc, windows-amd64)
# No core dump will be written. Minidumps are not enabled by default on client versions of Windows
#

---------------  S U M M A R Y ------------

Command Line: --add-opens=java.base/java.util=ALL-UNNAMED --add-opens=java.base/java.lang=ALL-UNNAMED --add-opens=java.base/java.lang.invoke=ALL-UNNAMED --add-opens=java.prefs/java.util.prefs=ALL-UNNAMED -Xmx2048m -Dfile.encoding=UTF-8 -Duser.country=US -Duser.language=en -Duser.variant org.gradle.launcher.daemon.bootstrap.GradleDaemon 6.7.1

Host: Intel(R) Core(TM) M-5Y10c CPU @ 0.80GHz, 4 cores, 3G,  Windows 10 , 64 bit Build 15063 (10.0.15063.0)
Time: Sat Sep 18 02:43:40 2021 Pacific Daylight Time elapsed time: 94 seconds (0d 0h 1m 34s)

---------------  T H R E A D  ---------------

Current thread (0x000001eff12e7800):  VMThread "VM Thread" [stack: 0x000000e57ae00000,0x000000e57af00000] [id=7704]

Stack: [0x000000e57ae00000,0x000000e57af00000]
[error occurred during error reporting (printing stack bounds), id 0xc0000005, EXCEPTION_ACCESS_VIOLATION (0xc0000005) at pc=0x000001efdb1f0dad]

Native frames: (J=compiled Java code, j=interpreted, Vv=VM code, C=native code)
V  [jvm.dll+0x5de50a]
V  [jvm.dll+0x7122f5]
V  [jvm.dll+0x71384d]
V  [jvm.dll+0x713e65]
V  [jvm.dll+0x713e1b]
V  [jvm.dll+0x5dd958]
V  [jvm.dll+0x5de0f8]
C  [ntdll.dll+0xaa08d]
C  [ntdll.dll+0x19c58]
C  [ntdll.dll+0xa910e]
C  0x000001efdb1f0dad

VM_Operation (0x000000e57daf99e0): G1CollectForAllocation, mode: safepoint, requested by thread 0x000001eff1ffa800


---------------  P R O C E S S  ---------------

Threads class SMR info:
_java_thread_list=0x000001eff6608830, length=41, elements={
0x000001efd7877000, 0x000001eff12eb800, 0x000001eff12ec800, 0x000001eff1c53800,
0x000001eff1c54800, 0x000001eff1c56000, 0x000001eff1c5a000, 0x000001eff1c5c000,
0x000001eff1da7000, 0x000001eff1dc2800, 0x000001eff2fc6800, 0x000001eff3025800,
0x000001eff3425800, 0x000001eff37bd800, 0x000001eff3e93000, 0x000001eff3e4a800,
0x000001eff4140000, 0x000001eff2e01800, 0x000001eff2e0e000, 0x000001eff3f6d800,
0x000001eff3f6b800, 0x000001eff3f6c000, 0x000001eff3f6d000, 0x000001eff1ffc000,
0x000001eff1ffd000, 0x000001eff1ff7800, 0x000001eff1ffe000, 0x000001eff1ff9000,
0x000001eff2000000, 0x000001eff1ffa800, 0x000001eff2001000, 0x000001eff1ffb800,
0x000001eff2002000, 0x000001eff290d800, 0x000001eff290e800, 0x000001eff290f000,
0x000001eff2911800, 0x000001eff8969800, 0x000001eff896b000, 0x000001eff896c000,
0x000001eff896f000
}

Java Threads: ( => current thread )
  0x000001efd7877000 JavaThread "main" [_thread_blocked, id=3888, stack(0x000000e57a800000,0x000000e57a900000)]
  0x000001eff12eb800 JavaThread "Reference Handler" daemon [_thread_blocked, id=6164, stack(0x000000e57af00000,0x000000e57b000000)]
  0x000001eff12ec800 JavaThread "Finalizer" daemon [_thread_blocked, id=7500, stack(0x000000e57b000000,0x000000e57b100000)]
  0x000001eff1c53800 JavaThread "Signal Dispatcher" daemon [_thread_blocked, id=3632, stack(0x000000e57b100000,0x000000e57b200000)]
  0x000001eff1c54800 JavaThread "Attach Listener" daemon [_thread_blocked, id=168, stack(0x000000e57b200000,0x000000e57b300000)]
  0x000001eff1c56000 JavaThread "C2 CompilerThread0" daemon [_thread_blocked, id=6488, stack(0x000000e57b300000,0x000000e57b400000)]
  0x000001eff1c5a000 JavaThread "C1 CompilerThread0" daemon [_thread_blocked, id=2844, stack(0x000000e57b400000,0x000000e57b500000)]
  0x000001eff1c5c000 JavaThread "Sweeper thread" daemon [_thread_blocked, id=4932, stack(0x000000e57b500000,0x000000e57b600000)]
  0x000001eff1da7000 JavaThread "Common-Cleaner" daemon [_thread_blocked, id=8448, stack(0x000000e57b600000,0x000000e57b700000)]
  0x000001eff1dc2800 JavaThread "Service Thread" daemon [_thread_blocked, id=7288, stack(0x000000e57b700000,0x000000e57b800000)]
  0x000001eff2fc6800 JavaThread "Daemon health stats" [_thread_blocked, id=2628, stack(0x000000e57bc00000,0x000000e57bd00000)]
  0x000001eff3025800 JavaThread "Incoming local TCP Connector on port 50108" [_thread_in_native, id=4080, stack(0x000000e57bf00000,0x000000e57c000000)]
  0x000001eff3425800 JavaThread "Daemon periodic checks" [_thread_blocked, id=1616, stack(0x000000e57c100000,0x000000e57c200000)]
  0x000001eff37bd800 JavaThread "Daemon" [_thread_blocked, id=1336, stack(0x000000e57c200000,0x000000e57c300000)]
  0x000001eff3e93000 JavaThread "Handler for socket connection from /127.0.0.1:50108 to /127.0.0.1:50109" [_thread_in_native, id=7592, stack(0x000000e57c300000,0x000000e57c400000)]
  0x000001eff3e4a800 JavaThread "Cancel handler" [_thread_blocked, id=5176, stack(0x000000e57c500000,0x000000e57c600000)]
  0x000001eff4140000 JavaThread "Daemon worker" [_thread_blocked, id=7476, stack(0x000000e57c600000,0x000000e57c700000)]
  0x000001eff2e01800 JavaThread "Asynchronous log dispatcher for DefaultDaemonConnection: socket connection from /127.0.0.1:50108 to /127.0.0.1:50109" [_thread_blocked, id=1160, stack(0x000000e57c700000,0x000000e57c800000)]
  0x000001eff2e0e000 JavaThread "Thread-8" [_thread_blocked, id=7260, stack(0x000000e57c900000,0x000000e57ca00000)]
  0x000001eff3f6d800 JavaThread "Cache worker for file hash cache (C:\Users\Mirza Sahb\.gradle\caches\6.7.1\fileHashes)" [_thread_blocked, id=8948, stack(0x000000e57cc00000,0x000000e57cd00000)]
  0x000001eff3f6b800 JavaThread "File lock request listener" [_thread_in_native, id=6088, stack(0x000000e57cd00000,0x000000e57ce00000)]
  0x000001eff3f6c000 JavaThread "Cache worker for journal cache (C:\Users\Mirza Sahb\.gradle\caches\journal-1)" [_thread_blocked, id=2092, stack(0x000000e57ce00000,0x000000e57cf00000)]
  0x000001eff3f6d000 JavaThread "Cache worker for file hash cache (D:\setups\Android_Studio_Projects\add_calculator_apk\.gradle\6.7.1\fileHashes)" [_thread_blocked, id=8880, stack(0x000000e57d000000,0x000000e57d100000)]
  0x000001eff1ffc000 JavaThread "Cache worker for checksums cache (D:\setups\Android_Studio_Projects\add_calculator_apk\.gradle\checksums)" [_thread_blocked, id=5148, stack(0x000000e57d100000,0x000000e57d200000)]
  0x000001eff1ffd000 JavaThread "Cache worker for cache directory md-supplier (C:\Users\Mirza Sahb\.gradle\caches\6.7.1\md-supplier)" [_thread_blocked, id=4168, stack(0x000000e57d200000,0x000000e57d300000)]
  0x000001eff1ff7800 JavaThread "Cache worker for cache directory md-rule (C:\Users\Mirza Sahb\.gradle\caches\6.7.1\md-rule)" [_thread_blocked, id=7584, stack(0x000000e57d400000,0x000000e57d500000)]
  0x000001eff1ffe000 JavaThread "Cache worker for execution history cache (C:\Users\Mirza Sahb\.gradle\caches\6.7.1\executionHistory)" [_thread_blocked, id=1192, stack(0x000000e57d500000,0x000000e57d600000)]
  0x000001eff1ff9000 JavaThread "Cache worker for file content cache (C:\Users\Mirza Sahb\.gradle\caches\6.7.1\fileContent)" [_thread_blocked, id=4328, stack(0x000000e57d700000,0x000000e57d800000)]
  0x000001eff2000000 JavaThread "Cache worker for Build Output Cleanup Cache (D:\setups\Android_Studio_Projects\add_calculator_apk\.gradle\buildOutputCleanup)" [_thread_blocked, id=7644, stack(0x000000e57d900000,0x000000e57da00000)]
  0x000001eff1ffa800 JavaThread "Build operations" [_thread_blocked, id=5756, stack(0x000000e57da00000,0x000000e57db00000)]
  0x000001eff2001000 JavaThread "Build operations Thread 2" [_thread_blocked, id=4184, stack(0x000000e57db00000,0x000000e57dc00000)]
  0x000001eff1ffb800 JavaThread "Build operations Thread 3" [_thread_blocked, id=5152, stack(0x000000e57dc00000,0x000000e57dd00000)]
  0x000001eff2002000 JavaThread "Build operations Thread 4" [_thread_blocked, id=3388, stack(0x000000e57dd00000,0x000000e57de00000)]
  0x000001eff290d800 JavaThread "Memory manager" [_thread_blocked, id=6188, stack(0x000000e503f00000,0x000000e504000000)]
  0x000001eff290e800 JavaThread "build event listener" [_thread_blocked, id=2340, stack(0x000000e504000000,0x000000e504100000)]
  0x000001eff290f000 JavaThread "build event listener" [_thread_blocked, id=9004, stack(0x000000e504100000,0x000000e504200000)]
  0x000001eff2911800 JavaThread "Execution worker for ':'" [_thread_blocked, id=8840, stack(0x000000e504200000,0x000000e504300000)]
  0x000001eff8969800 JavaThread "Execution worker for ':' Thread 2" [_thread_blocked, id=4576, stack(0x000000e504300000,0x000000e504400000)]
  0x000001eff896b000 JavaThread "Execution worker for ':' Thread 3" [_thread_blocked, id=1348, stack(0x000000e504400000,0x000000e504500000)]
  0x000001eff896c000 JavaThread "Cache worker for execution history cache (D:\setups\Android_Studio_Projects\add_calculator_apk\.gradle\6.7.1\executionHistory)" [_thread_blocked, id=8396, stack(0x000000e504500000,0x000000e504600000)]
  0x000001eff896f000 JavaThread "C2 CompilerThread1" daemon [_thread_blocked, id=7816, stack(0x000000e504600000,0x000000e504700000)]

Other Threads:
=>0x000001eff12e7800 VMThread "VM Thread" [stack: 0x000000e57ae00000,0x000000e57af00000] [id=7704]
  0x000001eff1dc3000 WatcherThread [stack: 0x000000e57b800000,0x000000e57b900000] [id=5224]
  0x000001efd788f800 GCTaskThread "GC Thread#0" [stack: 0x000000e57a900000,0x000000e57aa00000] [id=5228]
  0x000001eff22d4000 GCTaskThread "GC Thread#1" [stack: 0x000000e57ba00000,0x000000e57bb00000] [id=7488]
  0x000001eff344c800 GCTaskThread "GC Thread#2" [stack: 0x000000e57ca00000,0x000000e57cb00000] [id=200]
  0x000001eff3437000 GCTaskThread "GC Thread#3" [stack: 0x000000e57cb00000,0x000000e57cc00000] [id=3572]
  0x000001efd78c1800 ConcurrentGCThread "G1 Main Marker" [stack: 0x000000e57aa00000,0x000000e57ab00000] [id=6692]
  0x000001efd78c3000 ConcurrentGCThread "G1 Conc#0" [stack: 0x000000e57ab00000,0x000000e57ac00000] [id=4912]
  0x000001eff1130800 ConcurrentGCThread "G1 Refine#0" [stack: 0x000000e57ac00000,0x000000e57ad00000] [id=4364]
  0x000001eff1131800 ConcurrentGCThread "G1 Young RemSet Sampling" [stack: 0x000000e57ad00000,0x000000e57ae00000] [id=1800]

Threads with active compile tasks:
C2 CompilerThread0  94337 13448       4       com.android.tools.r8.ir.optimize.Z::a (1305 bytes)
C2 CompilerThread1  94337 13423 %     4       com.android.tools.r8.ir.regalloc.a::a @ 2126 (4001 bytes)

VM state:at safepoint (normal execution)

VM Mutex/Monitor currently owned by a thread:  ([mutex/lock_event])
[0x000001efd7875150] Threads_lock - owner thread: 0x000001eff12e7800
[0x000001efd7875660] Heap_lock - owner thread: 0x000001eff1ffa800

Heap address: 0x0000000080000000, size: 2048 MB, Compressed Oops mode: 32-bit
Narrow klass base: 0x0000000000000000, Narrow klass shift: 3
Compressed class space size: 1073741824 Address: 0x0000000100000000

Heap:
 garbage-first heap   total 541696K, used 152435K [0x0000000080000000, 0x0000000100000000)
  region size 1024K, 19 young (19456K), 19 survivors (19456K)
 Metaspace       used 88812K, capacity 91053K, committed 91212K, reserved 1128448K
  class space    used 11428K, capacity 12291K, committed 12416K, reserved 1048576K
Heap Regions: E=young(eden), S=young(survivor), O=old, HS=humongous(starts), HC=humongous(continues), CS=collection set, F=free, A=archive, TAMS=top-at-mark-start (previous, next)
|   0|0x0000000080000000, 0x0000000080100000, 0x0000000080100000|100%| O|  |TAMS 0x0000000080100000, 0x0000000080000000| Untracked 
|   1|0x0000000080100000, 0x0000000080200000, 0x0000000080200000|100%| O|  |TAMS 0x0000000080200000, 0x0000000080100000| Untracked 
|   2|0x0000000080200000, 0x0000000080300000, 0x0000000080300000|100%| O|  |TAMS 0x0000000080300000, 0x0000000080200000| Untracked 
|   3|0x0000000080300000, 0x0000000080400000, 0x0000000080400000|100%|HS|  |TAMS 0x0000000080400000, 0x0000000080300000| Complete 
|   4|0x0000000080400000, 0x0000000080500000, 0x0000000080500000|100%|HC|  |TAMS 0x0000000080500000, 0x0000000080400000| Complete 
|   5|0x0000000080500000, 0x0000000080600000, 0x0000000080600000|100%|HC|  |TAMS 0x0000000080600000, 0x0000000080500000| Complete 
|   6|0x0000000080600000, 0x0000000080700000, 0x0000000080700000|100%| O|  |TAMS 0x0000000080700000, 0x0000000080600000| Untracked 
|   7|0x0000000080700000, 0x0000000080800000, 0x0000000080800000|100%| O|  |TAMS 0x0000000080800000, 0x0000000080700000| Untracked 
|   8|0x0000000080800000, 0x0000000080900000, 0x0000000080900000|100%| O|  |TAMS 0x0000000080900000, 0x0000000080800000| Untracked 
|   9|0x0000000080900000, 0x0000000080a00000, 0x0000000080a00000|100%| O|  |TAMS 0x0000000080a00000, 0x0000000080900000| Untracked 
|  10|0x0000000080a00000, 0x0000000080b00000, 0x0000000080b00000|100%| O|  |TAMS 0x0000000080b00000, 0x0000000080a00000| Untracked 
|  11|0x0000000080b00000, 0x0000000080c00000, 0x0000000080c00000|100%| O|  |TAMS 0x0000000080c00000, 0x0000000080b00000| Untracked 
|  12|0x0000000080c00000, 0x0000000080d00000, 0x0000000080d00000|100%| O|  |TAMS 0x0000000080d00000, 0x0000000080c00000| Untracked 
|  13|0x0000000080d00000, 0x0000000080e00000, 0x0000000080e00000|100%| O|  |TAMS 0x0000000080e00000, 0x0000000080d00000| Untracked 
|  14|0x0000000080e00000, 0x0000000080f00000, 0x0000000080f00000|100%| O|  |TAMS 0x0000000080f00000, 0x0000000080e00000| Untracked 
|  15|0x0000000080f00000, 0x0000000081000000, 0x0000000081000000|100%| O|  |TAMS 0x0000000081000000, 0x0000000080f00000| Untracked 
|  16|0x0000000081000000, 0x0000000081100000, 0x0000000081100000|100%| O|  |TAMS 0x0000000081100000, 0x0000000081000000| Untracked 
|  17|0x0000000081100000, 0x0000000081200000, 0x0000000081200000|100%| O|  |TAMS 0x0000000081200000, 0x0000000081100000| Untracked 
|  18|0x0000000081200000, 0x0000000081300000, 0x0000000081300000|100%| O|  |TAMS 0x0000000081300000, 0x0000000081200000| Untracked 
|  19|0x0000000081300000, 0x0000000081400000, 0x0000000081400000|100%| O|  |TAMS 0x0000000081400000, 0x0000000081300000| Untracked 
|  20|0x0000000081400000, 0x0000000081500000, 0x0000000081500000|100%|HS|  |TAMS 0x0000000081500000, 0x0000000081400000| Complete 
|  21|0x0000000081500000, 0x0000000081600000, 0x0000000081600000|100%| O|  |TAMS 0x0000000081600000, 0x0000000081500000| Untracked 
|  22|0x0000000081600000, 0x0000000081700000, 0x0000000081700000|100%| O|  |TAMS 0x0000000081700000, 0x0000000081600000| Untracked 
|  23|0x0000000081700000, 0x0000000081800000, 0x0000000081800000|100%| O|  |TAMS 0x0000000081800000, 0x0000000081700000| Untracked 
|  24|0x0000000081800000, 0x0000000081900000, 0x0000000081900000|100%| O|  |TAMS 0x0000000081900000, 0x0000000081800000| Untracked 
|  25|0x0000000081900000, 0x0000000081a00000, 0x0000000081a00000|100%|HS|  |TAMS 0x0000000081a00000, 0x0000000081900000| Complete 
|  26|0x0000000081a00000, 0x0000000081b00000, 0x0000000081b00000|100%|HC|  |TAMS 0x0000000081b00000, 0x0000000081a00000| Complete 
|  27|0x0000000081b00000, 0x0000000081c00000, 0x0000000081c00000|100%| O|  |TAMS 0x0000000081c00000, 0x0000000081b00000| Untracked 
|  28|0x0000000081c00000, 0x0000000081d00000, 0x0000000081d00000|100%| O|  |TAMS 0x0000000081d00000, 0x0000000081c00000| Untracked 
|  29|0x0000000081d00000, 0x0000000081e00000, 0x0000000081e00000|100%| O|  |TAMS 0x0000000081e00000, 0x0000000081d00000| Untracked 
|  30|0x0000000081e00000, 0x0000000081f00000, 0x0000000081f00000|100%| O|  |TAMS 0x0000000081f00000, 0x0000000081e00000| Untracked 
|  31|0x0000000081f00000, 0x0000000082000000, 0x0000000082000000|100%| O|  |TAMS 0x0000000082000000, 0x0000000081f00000| Untracked 
|  32|0x0000000082000000, 0x0000000082100000, 0x0000000082100000|100%| O|  |TAMS 0x0000000082100000, 0x0000000082000000| Untracked 
|  33|0x0000000082100000, 0x0000000082200000, 0x0000000082200000|100%| O|  |TAMS 0x0000000082200000, 0x0000000082100000| Untracked 
|  34|0x0000000082200000, 0x0000000082300000, 0x0000000082300000|100%| O|  |TAMS 0x0000000082300000, 0x0000000082200000| Untracked 
|  35|0x0000000082300000, 0x0000000082400000, 0x0000000082400000|100%| O|  |TAMS 0x0000000082400000, 0x0000000082300000| Untracked 
|  36|0x0000000082400000, 0x0000000082500000, 0x0000000082500000|100%| O|  |TAMS 0x0000000082500000, 0x0000000082400000| Untracked 
|  37|0x0000000082500000, 0x0000000082600000, 0x0000000082600000|100%| O|  |TAMS 0x0000000082600000, 0x0000000082500000| Untracked 
|  38|0x0000000082600000, 0x0000000082700000, 0x0000000082700000|100%| O|  |TAMS 0x0000000082700000, 0x0000000082600000| Untracked 
|  39|0x0000000082700000, 0x0000000082800000, 0x0000000082800000|100%| O|  |TAMS 0x0000000082800000, 0x0000000082700000| Untracked 
|  40|0x0000000082800000, 0x0000000082900000, 0x0000000082900000|100%| O|  |TAMS 0x0000000082900000, 0x0000000082800000| Untracked 
|  41|0x0000000082900000, 0x0000000082a00000, 0x0000000082a00000|100%| O|  |TAMS 0x0000000082a00000, 0x0000000082900000| Untracked 
|  42|0x0000000082a00000, 0x0000000082b00000, 0x0000000082b00000|100%| O|  |TAMS 0x0000000082b00000, 0x0000000082a00000| Untracked 
|  43|0x0000000082b00000, 0x0000000082c00000, 0x0000000082c00000|100%| O|  |TAMS 0x0000000082c00000, 0x0000000082b00000| Untracked 
|  44|0x0000000082c00000, 0x0000000082d00000, 0x0000000082d00000|100%| O|  |TAMS 0x0000000082d00000, 0x0000000082c00000| Untracked 
|  45|0x0000000082d00000, 0x0000000082e00000, 0x0000000082e00000|100%| O|  |TAMS 0x0000000082e00000, 0x0000000082d00000| Untracked 
|  46|0x0000000082e00000, 0x0000000082f00000, 0x0000000082f00000|100%| O|  |TAMS 0x0000000082f00000, 0x0000000082e00000| Untracked 
|  47|0x0000000082f00000, 0x0000000083000000, 0x0000000083000000|100%| O|  |TAMS 0x0000000083000000, 0x0000000082f00000| Untracked 
|  48|0x0000000083000000, 0x0000000083100000, 0x0000000083100000|100%| O|  |TAMS 0x0000000083100000, 0x0000000083000000| Untracked 
|  49|0x0000000083100000, 0x0000000083200000, 0x0000000083200000|100%| O|  |TAMS 0x0000000083200000, 0x0000000083100000| Untracked 
|  50|0x0000000083200000, 0x0000000083300000, 0x0000000083300000|100%| O|  |TAMS 0x0000000083300000, 0x0000000083200000| Untracked 
|  51|0x0000000083300000, 0x0000000083400000, 0x0000000083400000|100%| O|  |TAMS 0x0000000083400000, 0x0000000083300000| Untracked 
|  52|0x0000000083400000, 0x0000000083500000, 0x0000000083500000|100%| O|  |TAMS 0x0000000083500000, 0x0000000083400000| Untracked 
|  53|0x0000000083500000, 0x0000000083600000, 0x0000000083600000|100%| O|  |TAMS 0x0000000083600000, 0x0000000083500000| Untracked 
|  54|0x0000000083600000, 0x0000000083700000, 0x0000000083700000|100%| O|  |TAMS 0x0000000083700000, 0x0000000083600000| Untracked 
|  55|0x0000000083700000, 0x0000000083800000, 0x0000000083800000|100%| O|  |TAMS 0x0000000083800000, 0x0000000083700000| Untracked 
|  56|0x0000000083800000, 0x0000000083900000, 0x0000000083900000|100%| O|  |TAMS 0x0000000083900000, 0x0000000083800000| Untracked 
|  57|0x0000000083900000, 0x0000000083a00000, 0x0000000083a00000|100%|HS|  |TAMS 0x0000000083a00000, 0x0000000083900000| Complete 
|  58|0x0000000083a00000, 0x0000000083b00000, 0x0000000083b00000|100%|HC|  |TAMS 0x0000000083b00000, 0x0000000083a00000| Complete 
|  59|0x0000000083b00000, 0x0000000083c00000, 0x0000000083c00000|100%| O|  |TAMS 0x0000000083c00000, 0x0000000083b00000| Untracked 
|  60|0x0000000083c00000, 0x0000000083d00000, 0x0000000083d00000|100%| O|  |TAMS 0x0000000083d00000, 0x0000000083c00000| Untracked 
|  61|0x0000000083d00000, 0x0000000083e00000, 0x0000000083e00000|100%| O|  |TAMS 0x0000000083e00000, 0x0000000083d00000| Untracked 
|  62|0x0000000083e00000, 0x0000000083f00000, 0x0000000083f00000|100%| O|  |TAMS 0x0000000083f00000, 0x0000000083e00000| Untracked 
|  63|0x0000000083f00000, 0x0000000084000000, 0x0000000084000000|100%| O|  |TAMS 0x0000000084000000, 0x0000000083f00000| Untracked 
|  64|0x0000000084000000, 0x0000000084100000, 0x0000000084100000|100%| O|  |TAMS 0x0000000084100000, 0x0000000084000000| Untracked 
|  65|0x0000000084100000, 0x0000000084200000, 0x0000000084200000|100%| O|  |TAMS 0x0000000084200000, 0x0000000084100000| Untracked 
|  66|0x0000000084200000, 0x0000000084300000, 0x0000000084300000|100%| O|  |TAMS 0x0000000084300000, 0x0000000084200000| Untracked 
|  67|0x0000000084300000, 0x0000000084400000, 0x0000000084400000|100%| O|  |TAMS 0x0000000084400000, 0x0000000084300000| Untracked 
|  68|0x0000000084400000, 0x0000000084500000, 0x0000000084500000|100%| O|  |TAMS 0x0000000084500000, 0x0000000084400000| Untracked 
|  69|0x0000000084500000, 0x0000000084600000, 0x0000000084600000|100%| O|  |TAMS 0x0000000084600000, 0x0000000084500000| Untracked 
|  70|0x0000000084600000, 0x0000000084700000, 0x0000000084700000|100%| O|  |TAMS 0x0000000084700000, 0x0000000084600000| Untracked 
|  71|0x0000000084700000, 0x0000000084800000, 0x0000000084800000|100%| O|  |TAMS 0x0000000084800000, 0x0000000084700000| Untracked 
|  72|0x0000000084800000, 0x0000000084900000, 0x0000000084900000|100%| O|  |TAMS 0x0000000084900000, 0x0000000084800000| Untracked 
|  73|0x0000000084900000, 0x0000000084a00000, 0x0000000084a00000|100%| O|  |TAMS 0x0000000084a00000, 0x0000000084900000| Untracked 
|  74|0x0000000084a00000, 0x0000000084b00000, 0x0000000084b00000|100%| O|  |TAMS 0x0000000084b00000, 0x0000000084a00000| Untracked 
|  75|0x0000000084b00000, 0x0000000084c00000, 0x0000000084c00000|100%| O|  |TAMS 0x0000000084c00000, 0x0000000084b00000| Untracked 
|  76|0x0000000084c00000, 0x0000000084d00000, 0x0000000084d00000|100%| O|  |TAMS 0x0000000084d00000, 0x0000000084c00000| Untracked 
|  77|0x0000000084d00000, 0x0000000084e00000, 0x0000000084e00000|100%| O|  |TAMS 0x0000000084e00000, 0x0000000084d00000| Untracked 
|  78|0x0000000084e00000, 0x0000000084f00000, 0x0000000084f00000|100%| O|  |TAMS 0x0000000084f00000, 0x0000000084e00000| Untracked 
|  79|0x0000000084f00000, 0x0000000085000000, 0x0000000085000000|100%| O|  |TAMS 0x0000000085000000, 0x0000000084f00000| Untracked 
|  80|0x0000000085000000, 0x0000000085100000, 0x0000000085100000|100%| O|  |TAMS 0x0000000085100000, 0x0000000085000000| Untracked 
|  81|0x0000000085100000, 0x0000000085200000, 0x0000000085200000|100%| O|  |TAMS 0x0000000085200000, 0x0000000085100000| Untracked 
|  82|0x0000000085200000, 0x0000000085300000, 0x0000000085300000|100%| O|  |TAMS 0x0000000085300000, 0x0000000085200000| Untracked 
|  83|0x0000000085300000, 0x0000000085400000, 0x0000000085400000|100%| O|  |TAMS 0x0000000085400000, 0x0000000085300000| Untracked 
|  84|0x0000000085400000, 0x0000000085500000, 0x0000000085500000|100%| O|  |TAMS 0x0000000085500000, 0x0000000085400000| Untracked 
|  85|0x0000000085500000, 0x0000000085600000, 0x0000000085600000|100%| O|  |TAMS 0x0000000085600000, 0x0000000085500000| Untracked 
|  86|0x0000000085600000, 0x0000000085700000, 0x0000000085700000|100%| O|  |TAMS 0x0000000085700000, 0x0000000085600000| Untracked 
|  87|0x0000000085700000, 0x0000000085800000, 0x0000000085800000|100%| O|  |TAMS 0x0000000085800000, 0x0000000085700000| Untracked 
|  88|0x0000000085800000, 0x0000000085900000, 0x0000000085900000|100%| O|  |TAMS 0x0000000085900000, 0x0000000085800000| Untracked 
|  89|0x0000000085900000, 0x0000000085a00000, 0x0000000085a00000|100%| O|  |TAMS 0x0000000085a00000, 0x0000000085900000| Untracked 
|  90|0x0000000085a00000, 0x0000000085b00000, 0x0000000085b00000|100%| O|  |TAMS 0x0000000085b00000, 0x0000000085a00000| Untracked 
|  91|0x0000000085b00000, 0x0000000085c00000, 0x0000000085c00000|100%| O|  |TAMS 0x0000000085c00000, 0x0000000085b00000| Untracked 
|  92|0x0000000085c00000, 0x0000000085d00000, 0x0000000085d00000|100%| O|  |TAMS 0x0000000085d00000, 0x0000000085c00000| Untracked 
|  93|0x0000000085d00000, 0x0000000085e00000, 0x0000000085e00000|100%| O|  |TAMS 0x0000000085e00000, 0x0000000085d00000| Untracked 
|  94|0x0000000085e00000, 0x0000000085f00000, 0x0000000085f00000|100%| O|  |TAMS 0x0000000085f00000, 0x0000000085e00000| Untracked 
|  95|0x0000000085f00000, 0x0000000086000000, 0x0000000086000000|100%| O|  |TAMS 0x0000000086000000, 0x0000000085f00000| Untracked 
|  96|0x0000000086000000, 0x0000000086100000, 0x0000000086100000|100%| O|  |TAMS 0x0000000086100000, 0x0000000086000000| Untracked 
|  97|0x0000000086100000, 0x0000000086200000, 0x0000000086200000|100%| O|  |TAMS 0x0000000086200000, 0x0000000086100000| Untracked 
|  98|0x0000000086200000, 0x0000000086300000, 0x0000000086300000|100%| O|  |TAMS 0x0000000086300000, 0x0000000086200000| Untracked 
|  99|0x0000000086300000, 0x0000000086400000, 0x0000000086400000|100%| O|  |TAMS 0x0000000086400000, 0x0000000086300000| Untracked 
| 100|0x0000000086400000, 0x0000000086500000, 0x0000000086500000|100%| O|  |TAMS 0x0000000086500000, 0x0000000086400000| Untracked 
| 101|0x0000000086500000, 0x0000000086600000, 0x0000000086600000|100%| O|  |TAMS 0x0000000086600000, 0x0000000086500000| Untracked 
| 102|0x0000000086600000, 0x0000000086700000, 0x0000000086700000|100%| O|  |TAMS 0x0000000086700000, 0x0000000086600000| Untracked 
| 103|0x0000000086700000, 0x0000000086800000, 0x0000000086800000|100%| O|  |TAMS 0x0000000086800000, 0x0000000086700000| Untracked 
| 104|0x0000000086800000, 0x0000000086900000, 0x0000000086900000|100%| O|  |TAMS 0x0000000086900000, 0x0000000086800000| Untracked 
| 105|0x0000000086900000, 0x0000000086a00000, 0x0000000086a00000|100%| O|  |TAMS 0x0000000086a00000, 0x0000000086900000| Untracked 
| 106|0x0000000086a00000, 0x0000000086b00000, 0x0000000086b00000|100%| O|  |TAMS 0x0000000086b00000, 0x0000000086a00000| Untracked 
| 107|0x0000000086b00000, 0x0000000086c00000, 0x0000000086c00000|100%| O|  |TAMS 0x0000000086c00000, 0x0000000086b00000| Untracked 
| 108|0x0000000086c00000, 0x0000000086d00000, 0x0000000086d00000|100%| O|  |TAMS 0x0000000086c55600, 0x0000000086c00000| Untracked 
| 109|0x0000000086d00000, 0x0000000086e00000, 0x0000000086e00000|100%| O|  |TAMS 0x0000000086d00000, 0x0000000086d00000| Untracked 
| 110|0x0000000086e00000, 0x0000000086f00000, 0x0000000086f00000|100%| O|  |TAMS 0x0000000086e00000, 0x0000000086e00000| Untracked 
| 111|0x0000000086f00000, 0x0000000087000000, 0x0000000087000000|100%| O|  |TAMS 0x0000000086f00000, 0x0000000086f00000| Untracked 
| 112|0x0000000087000000, 0x0000000087100000, 0x0000000087100000|100%| O|  |TAMS 0x0000000087000000, 0x0000000087000000| Untracked 
| 113|0x0000000087100000, 0x0000000087200000, 0x0000000087200000|100%| O|  |TAMS 0x0000000087100000, 0x0000000087100000| Untracked 
| 114|0x0000000087200000, 0x0000000087300000, 0x0000000087300000|100%| O|  |TAMS 0x0000000087200000, 0x0000000087200000| Untracked 
| 115|0x0000000087300000, 0x0000000087400000, 0x0000000087400000|100%| O|  |TAMS 0x0000000087300000, 0x0000000087300000| Untracked 
| 116|0x0000000087400000, 0x0000000087500000, 0x0000000087500000|100%| O|  |TAMS 0x0000000087400000, 0x0000000087400000| Untracked 
| 117|0x0000000087500000, 0x0000000087600000, 0x0000000087600000|100%| O|  |TAMS 0x0000000087500000, 0x0000000087500000| Untracked 
| 118|0x0000000087600000, 0x0000000087700000, 0x0000000087700000|100%| O|  |TAMS 0x0000000087600000, 0x0000000087600000| Untracked 
| 119|0x0000000087700000, 0x0000000087800000, 0x0000000087800000|100%| O|  |TAMS 0x0000000087700000, 0x0000000087700000| Untracked 
| 120|0x0000000087800000, 0x0000000087900000, 0x0000000087900000|100%| O|  |TAMS 0x0000000087800000, 0x0000000087800000| Untracked 
| 121|0x0000000087900000, 0x0000000087a00000, 0x0000000087a00000|100%| O|  |TAMS 0x0000000087900000, 0x0000000087900000| Untracked 
| 122|0x0000000087a00000, 0x0000000087b00000, 0x0000000087b00000|100%| O|  |TAMS 0x0000000087a00000, 0x0000000087a00000| Untracked 
| 123|0x0000000087b00000, 0x0000000087c00000, 0x0000000087c00000|100%| O|  |TAMS 0x0000000087b00000, 0x0000000087b00000| Untracked 
| 124|0x0000000087c00000, 0x0000000087d00000, 0x0000000087d00000|100%| O|  |TAMS 0x0000000087c00000, 0x0000000087c00000| Untracked 
| 125|0x0000000087d00000, 0x0000000087e00000, 0x0000000087e00000|100%| O|  |TAMS 0x0000000087d00000, 0x0000000087d00000| Untracked 
| 126|0x0000000087e00000, 0x0000000087f00000, 0x0000000087f00000|100%| O|  |TAMS 0x0000000087e00000, 0x0000000087e00000| Untracked 
| 127|0x0000000087f00000, 0x0000000088000000, 0x0000000088000000|100%| O|  |TAMS 0x0000000087f00000, 0x0000000087f00000| Untracked 
| 128|0x0000000088000000, 0x0000000088100000, 0x0000000088100000|100%| O|  |TAMS 0x0000000088000000, 0x0000000088000000| Untracked 
| 129|0x0000000088100000, 0x0000000088200000, 0x0000000088200000|100%| O|  |TAMS 0x0000000088100000, 0x0000000088100000| Untracked 
| 130|0x0000000088200000, 0x000000008825cc00, 0x0000000088300000| 36%| O|  |TAMS 0x0000000088200000, 0x0000000088200000| Untracked 
| 131|0x0000000088300000, 0x0000000088300000, 0x0000000088400000|  0%| F|  |TAMS 0x0000000088300000, 0x0000000088300000| Untracked 
| 132|0x0000000088400000, 0x0000000088400000, 0x0000000088500000|  0%| F|  |TAMS 0x0000000088400000, 0x0000000088400000| Untracked 
| 133|0x0000000088500000, 0x0000000088500000, 0x0000000088600000|  0%| F|  |TAMS 0x0000000088500000, 0x0000000088500000| Untracked 
| 134|0x0000000088600000, 0x0000000088600000, 0x0000000088700000|  0%| F|  |TAMS 0x0000000088600000, 0x0000000088600000| Untracked 
| 135|0x0000000088700000, 0x0000000088700000, 0x0000000088800000|  0%| F|  |TAMS 0x0000000088700000, 0x0000000088700000| Untracked 
| 136|0x0000000088800000, 0x0000000088800000, 0x0000000088900000|  0%| F|  |TAMS 0x0000000088800000, 0x0000000088800000| Untracked 
| 137|0x0000000088900000, 0x0000000088900000, 0x0000000088a00000|  0%| F|  |TAMS 0x0000000088900000, 0x0000000088900000| Untracked 
| 138|0x0000000088a00000, 0x0000000088a00000, 0x0000000088b00000|  0%| F|  |TAMS 0x0000000088a00000, 0x0000000088a00000| Untracked 
| 139|0x0000000088b00000, 0x0000000088b00000, 0x0000000088c00000|  0%| F|  |TAMS 0x0000000088b00000, 0x0000000088b00000| Untracked 
| 140|0x0000000088c00000, 0x0000000088c00000, 0x0000000088d00000|  0%| F|  |TAMS 0x0000000088c00000, 0x0000000088c00000| Untracked 
| 141|0x0000000088d00000, 0x0000000088d00000, 0x0000000088e00000|  0%| F|  |TAMS 0x0000000088d00000, 0x0000000088d00000| Untracked 
| 142|0x0000000088e00000, 0x0000000088e00000, 0x0000000088f00000|  0%| F|  |TAMS 0x0000000088e00000, 0x0000000088e00000| Untracked 
| 143|0x0000000088f00000, 0x0000000088f00000, 0x0000000089000000|  0%| F|  |TAMS 0x0000000088f00000, 0x0000000088f00000| Untracked 
| 144|0x0000000089000000, 0x0000000089000000, 0x0000000089100000|  0%| F|  |TAMS 0x0000000089000000, 0x0000000089000000| Untracked 
| 145|0x0000000089100000, 0x0000000089100000, 0x0000000089200000|  0%| F|  |TAMS 0x0000000089100000, 0x0000000089100000| Untracked 
| 146|0x0000000089200000, 0x0000000089200000, 0x0000000089300000|  0%| F|  |TAMS 0x0000000089200000, 0x0000000089200000| Untracked 
| 147|0x0000000089300000, 0x0000000089300000, 0x0000000089400000|  0%| F|  |TAMS 0x0000000089300000, 0x0000000089300000| Untracked 
| 148|0x0000000089400000, 0x0000000089400000, 0x0000000089500000|  0%| F|  |TAMS 0x0000000089400000, 0x0000000089400000| Untracked 
| 149|0x0000000089500000, 0x0000000089500000, 0x0000000089600000|  0%| F|  |TAMS 0x0000000089500000, 0x0000000089500000| Untracked 
| 150|0x0000000089600000, 0x0000000089600000, 0x0000000089700000|  0%| F|  |TAMS 0x0000000089600000, 0x0000000089600000| Untracked 
| 151|0x0000000089700000, 0x0000000089700000, 0x0000000089800000|  0%| F|  |TAMS 0x0000000089700000, 0x0000000089700000| Untracked 
| 152|0x0000000089800000, 0x0000000089800000, 0x0000000089900000|  0%| F|  |TAMS 0x0000000089800000, 0x0000000089800000| Untracked 
| 153|0x0000000089900000, 0x0000000089900000, 0x0000000089a00000|  0%| F|  |TAMS 0x0000000089900000, 0x0000000089900000| Untracked 
| 154|0x0000000089a00000, 0x0000000089a00000, 0x0000000089b00000|  0%| F|  |TAMS 0x0000000089a00000, 0x0000000089a00000| Untracked 
| 155|0x0000000089b00000, 0x0000000089b00000, 0x0000000089c00000|  0%| F|  |TAMS 0x0000000089b00000, 0x0000000089b00000| Untracked 
| 156|0x0000000089c00000, 0x0000000089c00000, 0x0000000089d00000|  0%| F|  |TAMS 0x0000000089c00000, 0x0000000089c00000| Untracked 
| 157|0x0000000089d00000, 0x0000000089d00000, 0x0000000089e00000|  0%| F|  |TAMS 0x0000000089d00000, 0x0000000089d00000| Untracked 
| 158|0x0000000089e00000, 0x0000000089e00000, 0x0000000089f00000|  0%| F|  |TAMS 0x0000000089e00000, 0x0000000089e00000| Untracked 
| 159|0x0000000089f00000, 0x0000000089f00000, 0x000000008a000000|  0%| F|  |TAMS 0x0000000089f00000, 0x0000000089f00000| Untracked 
| 160|0x000000008a000000, 0x000000008a000000, 0x000000008a100000|  0%| F|  |TAMS 0x000000008a000000, 0x000000008a000000| Untracked 
| 161|0x000000008a100000, 0x000000008a100000, 0x000000008a200000|  0%| F|  |TAMS 0x000000008a100000, 0x000000008a100000| Untracked 
| 162|0x000000008a200000, 0x000000008a200000, 0x000000008a300000|  0%| F|  |TAMS 0x000000008a200000, 0x000000008a200000| Untracked 
| 163|0x000000008a300000, 0x000000008a300000, 0x000000008a400000|  0%| F|  |TAMS 0x000000008a300000, 0x000000008a300000| Untracked 
| 164|0x000000008a400000, 0x000000008a400000, 0x000000008a500000|  0%| F|  |TAMS 0x000000008a400000, 0x000000008a400000| Untracked 
| 165|0x000000008a500000, 0x000000008a500000, 0x000000008a600000|  0%| F|  |TAMS 0x000000008a500000, 0x000000008a500000| Untracked 
| 166|0x000000008a600000, 0x000000008a600000, 0x000000008a700000|  0%| F|  |TAMS 0x000000008a600000, 0x000000008a600000| Untracked 
| 167|0x000000008a700000, 0x000000008a700000, 0x000000008a800000|  0%| F|  |TAMS 0x000000008a700000, 0x000000008a700000| Untracked 
| 168|0x000000008a800000, 0x000000008a800000, 0x000000008a900000|  0%| F|  |TAMS 0x000000008a800000, 0x000000008a800000| Untracked 
| 169|0x000000008a900000, 0x000000008a900000, 0x000000008aa00000|  0%| F|  |TAMS 0x000000008a900000, 0x000000008a900000| Untracked 
| 170|0x000000008aa00000, 0x000000008aa00000, 0x000000008ab00000|  0%| F|  |TAMS 0x000000008aa00000, 0x000000008aa00000| Untracked 
| 171|0x000000008ab00000, 0x000000008ab00000, 0x000000008ac00000|  0%| F|  |TAMS 0x000000008ab00000, 0x000000008ab00000| Untracked 
| 172|0x000000008ac00000, 0x000000008ac00000, 0x000000008ad00000|  0%| F|  |TAMS 0x000000008ac00000, 0x000000008ac00000| Untracked 
| 173|0x000000008ad00000, 0x000000008ad00000, 0x000000008ae00000|  0%| F|  |TAMS 0x000000008ad00000, 0x000000008ad00000| Untracked 
| 174|0x000000008ae00000, 0x000000008ae00000, 0x000000008af00000|  0%| F|  |TAMS 0x000000008ae00000, 0x000000008ae00000| Untracked 
| 175|0x000000008af00000, 0x000000008af00000, 0x000000008b000000|  0%| F|  |TAMS 0x000000008af00000, 0x000000008af00000| Untracked 
| 176|0x000000008b000000, 0x000000008b000000, 0x000000008b100000|  0%| F|  |TAMS 0x000000008b000000, 0x000000008b000000| Untracked 
| 177|0x000000008b100000, 0x000000008b180000, 0x000000008b200000| 50%| S|CS|TAMS 0x000000008b100000, 0x000000008b100000| Complete 
| 178|0x000000008b200000, 0x000000008b300000, 0x000000008b300000|100%| S|CS|TAMS 0x000000008b200000, 0x000000008b200000| Complete 
| 179|0x000000008b300000, 0x000000008b400000, 0x000000008b400000|100%| S|CS|TAMS 0x000000008b300000, 0x000000008b300000| Complete 
| 180|0x000000008b400000, 0x000000008b500000, 0x000000008b500000|100%| S|CS|TAMS 0x000000008b400000, 0x000000008b400000| Complete 
| 181|0x000000008b500000, 0x000000008b600000, 0x000000008b600000|100%| S|CS|TAMS 0x000000008b500000, 0x000000008b500000| Complete 
| 182|0x000000008b600000, 0x000000008b700000, 0x000000008b700000|100%| S|CS|TAMS 0x000000008b600000, 0x000000008b600000| Complete 
| 183|0x000000008b700000, 0x000000008b800000, 0x000000008b800000|100%| S|CS|TAMS 0x000000008b700000, 0x000000008b700000| Complete 
| 184|0x000000008b800000, 0x000000008b900000, 0x000000008b900000|100%| S|CS|TAMS 0x000000008b800000, 0x000000008b800000| Complete 
| 185|0x000000008b900000, 0x000000008ba00000, 0x000000008ba00000|100%| S|CS|TAMS 0x000000008b900000, 0x000000008b900000| Complete 
| 186|0x000000008ba00000, 0x000000008bb00000, 0x000000008bb00000|100%| S|CS|TAMS 0x000000008ba00000, 0x000000008ba00000| Complete 
| 187|0x000000008bb00000, 0x000000008bc00000, 0x000000008bc00000|100%| S|CS|TAMS 0x000000008bb00000, 0x000000008bb00000| Complete 
| 188|0x000000008bc00000, 0x000000008bd00000, 0x000000008bd00000|100%| S|CS|TAMS 0x000000008bc00000, 0x000000008bc00000| Complete 
| 189|0x000000008bd00000, 0x000000008be00000, 0x000000008be00000|100%| S|CS|TAMS 0x000000008bd00000, 0x000000008bd00000| Complete 
| 190|0x000000008be00000, 0x000000008bf00000, 0x000000008bf00000|100%| S|CS|TAMS 0x000000008be00000, 0x000000008be00000| Complete 
| 191|0x000000008bf00000, 0x000000008c000000, 0x000000008c000000|100%| S|CS|TAMS 0x000000008bf00000, 0x000000008bf00000| Complete 
| 192|0x000000008c000000, 0x000000008c000000, 0x000000008c100000|  0%| F|  |TAMS 0x000000008c000000, 0x000000008c000000| Untracked 
| 193|0x000000008c100000, 0x000000008c100000, 0x000000008c200000|  0%| F|  |TAMS 0x000000008c100000, 0x000000008c100000| Untracked 
| 194|0x000000008c200000, 0x000000008c200000, 0x000000008c300000|  0%| F|  |TAMS 0x000000008c200000, 0x000000008c200000| Untracked 
| 195|0x000000008c300000, 0x000000008c300000, 0x000000008c400000|  0%| F|  |TAMS 0x000000008c300000, 0x000000008c300000| Untracked 
| 196|0x000000008c400000, 0x000000008c400000, 0x000000008c500000|  0%| F|  |TAMS 0x000000008c400000, 0x000000008c400000| Untracked 
| 197|0x000000008c500000, 0x000000008c500000, 0x000000008c600000|  0%| F|  |TAMS 0x000000008c500000, 0x000000008c500000| Untracked 
| 198|0x000000008c600000, 0x000000008c600000, 0x000000008c700000|  0%| F|  |TAMS 0x000000008c600000, 0x000000008c600000| Untracked 
| 199|0x000000008c700000, 0x000000008c700000, 0x000000008c800000|  0%| F|  |TAMS 0x000000008c700000, 0x000000008c700000| Untracked 
| 200|0x000000008c800000, 0x000000008c800000, 0x000000008c900000|  0%| F|  |TAMS 0x000000008c800000, 0x000000008c800000| Untracked 
| 201|0x000000008c900000, 0x000000008c900000, 0x000000008ca00000|  0%| F|  |TAMS 0x000000008c900000, 0x000000008c900000| Untracked 
| 202|0x000000008ca00000, 0x000000008ca00000, 0x000000008cb00000|  0%| F|  |TAMS 0x000000008ca00000, 0x000000008ca00000| Untracked 
| 203|0x000000008cb00000, 0x000000008cb00000, 0x000000008cc00000|  0%| F|  |TAMS 0x000000008cb00000, 0x000000008cb00000| Untracked 
| 204|0x000000008cc00000, 0x000000008cc00000, 0x000000008cd00000|  0%| F|  |TAMS 0x000000008cc00000, 0x000000008cc00000| Untracked 
| 205|0x000000008cd00000, 0x000000008cd00000, 0x000000008ce00000|  0%| F|  |TAMS 0x000000008cd00000, 0x000000008cd00000| Untracked 
| 206|0x000000008ce00000, 0x000000008ce00000, 0x000000008cf00000|  0%| F|  |TAMS 0x000000008ce00000, 0x000000008ce00000| Untracked 
| 207|0x000000008cf00000, 0x000000008cf00000, 0x000000008d000000|  0%| F|  |TAMS 0x000000008cf00000, 0x000000008cf00000| Untracked 
| 208|0x000000008d000000, 0x000000008d100000, 0x000000008d100000|100%| S|CS|TAMS 0x000000008d000000, 0x000000008d000000| Complete 
| 209|0x000000008d100000, 0x000000008d200000, 0x000000008d200000|100%| S|CS|TAMS 0x000000008d100000, 0x000000008d100000| Complete 
| 210|0x000000008d200000, 0x000000008d300000, 0x000000008d300000|100%| S|CS|TAMS 0x000000008d200000, 0x000000008d200000| Complete 
| 211|0x000000008d300000, 0x000000008d400000, 0x000000008d400000|100%| S|CS|TAMS 0x000000008d300000, 0x000000008d300000| Complete 
| 212|0x000000008d400000, 0x000000008d400000, 0x000000008d500000|  0%| F|  |TAMS 0x000000008d400000, 0x000000008d400000| Untracked 
| 213|0x000000008d500000, 0x000000008d500000, 0x000000008d600000|  0%| F|  |TAMS 0x000000008d500000, 0x000000008d500000| Untracked 
| 214|0x000000008d600000, 0x000000008d600000, 0x000000008d700000|  0%| F|  |TAMS 0x000000008d600000, 0x000000008d600000| Untracked 
| 215|0x000000008d700000, 0x000000008d700000, 0x000000008d800000|  0%| F|  |TAMS 0x000000008d700000, 0x000000008d700000| Untracked 
| 216|0x000000008d800000, 0x000000008d800000, 0x000000008d900000|  0%| F|  |TAMS 0x000000008d800000, 0x000000008d800000| Untracked 
| 217|0x000000008d900000, 0x000000008d900000, 0x000000008da00000|  0%| F|  |TAMS 0x000000008d900000, 0x000000008d900000| Untracked 
| 218|0x000000008da00000, 0x000000008da00000, 0x000000008db00000|  0%| F|  |TAMS 0x000000008da00000, 0x000000008da00000| Untracked 
| 219|0x000000008db00000, 0x000000008db00000, 0x000000008dc00000|  0%| F|  |TAMS 0x000000008db00000, 0x000000008db00000| Untracked 
| 220|0x000000008dc00000, 0x000000008dc00000, 0x000000008dd00000|  0%| F|  |TAMS 0x000000008dc00000, 0x000000008dc00000| Untracked 
| 221|0x000000008dd00000, 0x000000008dd00000, 0x000000008de00000|  0%| F|  |TAMS 0x000000008dd00000, 0x000000008dd00000| Untracked 
| 222|0x000000008de00000, 0x000000008de00000, 0x000000008df00000|  0%| F|  |TAMS 0x000000008de00000, 0x000000008de00000| Untracked 
| 223|0x000000008df00000, 0x000000008df00000, 0x000000008e000000|  0%| F|  |TAMS 0x000000008df00000, 0x000000008df00000| Untracked 
| 224|0x000000008e000000, 0x000000008e000000, 0x000000008e100000|  0%| F|  |TAMS 0x000000008e000000, 0x000000008e000000| Untracked 
| 225|0x000000008e100000, 0x000000008e100000, 0x000000008e200000|  0%| F|  |TAMS 0x000000008e100000, 0x000000008e100000| Untracked 
| 226|0x000000008e200000, 0x000000008e200000, 0x000000008e300000|  0%| F|  |TAMS 0x000000008e200000, 0x000000008e200000| Untracked 
| 227|0x000000008e300000, 0x000000008e300000, 0x000000008e400000|  0%| F|  |TAMS 0x000000008e300000, 0x000000008e300000| Untracked 
| 228|0x000000008e400000, 0x000000008e400000, 0x000000008e500000|  0%| F|  |TAMS 0x000000008e400000, 0x000000008e400000| Untracked 
| 229|0x000000008e500000, 0x000000008e500000, 0x000000008e600000|  0%| F|  |TAMS 0x000000008e500000, 0x000000008e500000| Untracked 
| 230|0x000000008e600000, 0x000000008e600000, 0x000000008e700000|  0%| F|  |TAMS 0x000000008e600000, 0x000000008e600000| Untracked 
| 231|0x000000008e700000, 0x000000008e700000, 0x000000008e800000|  0%| F|  |TAMS 0x000000008e700000, 0x000000008e700000| Untracked 
| 232|0x000000008e800000, 0x000000008e800000, 0x000000008e900000|  0%| F|  |TAMS 0x000000008e800000, 0x000000008e800000| Untracked 
| 233|0x000000008e900000, 0x000000008e900000, 0x000000008ea00000|  0%| F|  |TAMS 0x000000008e900000, 0x000000008e900000| Untracked 
| 234|0x000000008ea00000, 0x000000008ea00000, 0x000000008eb00000|  0%| F|  |TAMS 0x000000008ea00000, 0x000000008ea00000| Untracked 
| 235|0x000000008eb00000, 0x000000008eb00000, 0x000000008ec00000|  0%| F|  |TAMS 0x000000008eb00000, 0x000000008eb00000| Untracked 
| 236|0x000000008ec00000, 0x000000008ec00000, 0x000000008ed00000|  0%| F|  |TAMS 0x000000008ec00000, 0x000000008ec00000| Untracked 
| 237|0x000000008ed00000, 0x000000008ed00000, 0x000000008ee00000|  0%| F|  |TAMS 0x000000008ed00000, 0x000000008ed00000| Untracked 
| 238|0x000000008ee00000, 0x000000008ee00000, 0x000000008ef00000|  0%| F|  |TAMS 0x000000008ee00000, 0x000000008ee00000| Untracked 
| 239|0x000000008ef00000, 0x000000008ef00000, 0x000000008f000000|  0%| F|  |TAMS 0x000000008ef00000, 0x000000008ef00000| Untracked 
| 240|0x000000008f000000, 0x000000008f000000, 0x000000008f100000|  0%| F|  |TAMS 0x000000008f000000, 0x000000008f000000| Untracked 
| 241|0x000000008f100000, 0x000000008f100000, 0x000000008f200000|  0%| F|  |TAMS 0x000000008f100000, 0x000000008f100000| Untracked 
| 242|0x000000008f200000, 0x000000008f200000, 0x000000008f300000|  0%| F|  |TAMS 0x000000008f200000, 0x000000008f200000| Untracked 
| 243|0x000000008f300000, 0x000000008f300000, 0x000000008f400000|  0%| F|  |TAMS 0x000000008f300000, 0x000000008f300000| Untracked 
| 244|0x000000008f400000, 0x000000008f400000, 0x000000008f500000|  0%| F|  |TAMS 0x000000008f400000, 0x000000008f400000| Untracked 
| 245|0x000000008f500000, 0x000000008f500000, 0x000000008f600000|  0%| F|  |TAMS 0x000000008f500000, 0x000000008f500000| Untracked 
| 246|0x000000008f600000, 0x000000008f600000, 0x000000008f700000|  0%| F|  |TAMS 0x000000008f600000, 0x000000008f600000| Untracked 
| 247|0x000000008f700000, 0x000000008f700000, 0x000000008f800000|  0%| F|  |TAMS 0x000000008f700000, 0x000000008f700000| Untracked 
| 248|0x000000008f800000, 0x000000008f800000, 0x000000008f900000|  0%| F|  |TAMS 0x000000008f800000, 0x000000008f800000| Untracked 
| 249|0x000000008f900000, 0x000000008f900000, 0x000000008fa00000|  0%| F|  |TAMS 0x000000008f900000, 0x000000008f900000| Untracked 
| 250|0x000000008fa00000, 0x000000008fa00000, 0x000000008fb00000|  0%| F|  |TAMS 0x000000008fa00000, 0x000000008fa00000| Untracked 
| 251|0x000000008fb00000, 0x000000008fb00000, 0x000000008fc00000|  0%| F|  |TAMS 0x000000008fb00000, 0x000000008fb00000| Untracked 
| 252|0x000000008fc00000, 0x000000008fc00000, 0x000000008fd00000|  0%| F|  |TAMS 0x000000008fc00000, 0x000000008fc00000| Untracked 
| 253|0x000000008fd00000, 0x000000008fd00000, 0x000000008fe00000|  0%| F|  |TAMS 0x000000008fd00000, 0x000000008fd00000| Untracked 
| 254|0x000000008fe00000, 0x000000008fe00000, 0x000000008ff00000|  0%| F|  |TAMS 0x000000008fe00000, 0x000000008fe00000| Untracked 
| 255|0x000000008ff00000, 0x000000008ff00000, 0x0000000090000000|  0%| F|  |TAMS 0x000000008ff00000, 0x000000008ff00000| Untracked 
| 256|0x0000000090000000, 0x0000000090000000, 0x0000000090100000|  0%| F|  |TAMS 0x0000000090000000, 0x0000000090000000| Untracked 
| 257|0x0000000090100000, 0x0000000090100000, 0x0000000090200000|  0%| F|  |TAMS 0x0000000090100000, 0x0000000090100000| Untracked 
| 258|0x0000000090200000, 0x0000000090200000, 0x0000000090300000|  0%| F|  |TAMS 0x0000000090200000, 0x0000000090200000| Untracked 
| 259|0x0000000090300000, 0x0000000090300000, 0x0000000090400000|  0%| F|  |TAMS 0x0000000090300000, 0x0000000090300000| Untracked 
| 260|0x0000000090400000, 0x0000000090400000, 0x0000000090500000|  0%| F|  |TAMS 0x0000000090400000, 0x0000000090400000| Untracked 
| 261|0x0000000090500000, 0x0000000090500000, 0x0000000090600000|  0%| F|  |TAMS 0x0000000090500000, 0x0000000090500000| Untracked 
| 262|0x0000000090600000, 0x0000000090600000, 0x0000000090700000|  0%| F|  |TAMS 0x0000000090600000, 0x0000000090600000| Untracked 
| 263|0x0000000090700000, 0x0000000090700000, 0x0000000090800000|  0%| F|  |TAMS 0x0000000090700000, 0x0000000090700000| Untracked 
| 264|0x0000000090800000, 0x0000000090800000, 0x0000000090900000|  0%| F|  |TAMS 0x0000000090800000, 0x0000000090800000| Untracked 
| 265|0x0000000090900000, 0x0000000090900000, 0x0000000090a00000|  0%| F|  |TAMS 0x0000000090900000, 0x0000000090900000| Untracked 
| 266|0x0000000090a00000, 0x0000000090a00000, 0x0000000090b00000|  0%| F|  |TAMS 0x0000000090a00000, 0x0000000090a00000| Untracked 
| 267|0x0000000090b00000, 0x0000000090b00000, 0x0000000090c00000|  0%| F|  |TAMS 0x0000000090b00000, 0x0000000090b00000| Untracked 
| 268|0x0000000090c00000, 0x0000000090c00000, 0x0000000090d00000|  0%| F|  |TAMS 0x0000000090c00000, 0x0000000090c00000| Untracked 
| 269|0x0000000090d00000, 0x0000000090d00000, 0x0000000090e00000|  0%| F|  |TAMS 0x0000000090d00000, 0x0000000090d00000| Untracked 
| 270|0x0000000090e00000, 0x0000000090e00000, 0x0000000090f00000|  0%| F|  |TAMS 0x0000000090e00000, 0x0000000090e00000| Untracked 
| 271|0x0000000090f00000, 0x0000000090f00000, 0x0000000091000000|  0%| F|  |TAMS 0x0000000090f00000, 0x0000000090f00000| Untracked 
| 272|0x0000000091000000, 0x0000000091000000, 0x0000000091100000|  0%| F|  |TAMS 0x0000000091000000, 0x0000000091000000| Untracked 
| 273|0x0000000091100000, 0x0000000091100000, 0x0000000091200000|  0%| F|  |TAMS 0x0000000091100000, 0x0000000091100000| Untracked 
| 274|0x0000000091200000, 0x0000000091200000, 0x0000000091300000|  0%| F|  |TAMS 0x0000000091200000, 0x0000000091200000| Untracked 
| 275|0x0000000091300000, 0x0000000091300000, 0x0000000091400000|  0%| F|  |TAMS 0x0000000091300000, 0x0000000091300000| Untracked 
| 276|0x0000000091400000, 0x0000000091400000, 0x0000000091500000|  0%| F|  |TAMS 0x0000000091400000, 0x0000000091400000| Untracked 
| 277|0x0000000091500000, 0x0000000091500000, 0x0000000091600000|  0%| F|  |TAMS 0x0000000091500000, 0x0000000091500000| Untracked 
| 278|0x0000000091600000, 0x0000000091600000, 0x0000000091700000|  0%| F|  |TAMS 0x0000000091600000, 0x0000000091600000| Untracked 
| 279|0x0000000091700000, 0x0000000091700000, 0x0000000091800000|  0%| F|  |TAMS 0x0000000091700000, 0x0000000091700000| Untracked 
| 280|0x0000000091800000, 0x0000000091800000, 0x0000000091900000|  0%| F|  |TAMS 0x0000000091800000, 0x0000000091800000| Untracked 
| 281|0x0000000091900000, 0x0000000091900000, 0x0000000091a00000|  0%| F|  |TAMS 0x0000000091900000, 0x0000000091900000| Untracked 
| 282|0x0000000091a00000, 0x0000000091a00000, 0x0000000091b00000|  0%| F|  |TAMS 0x0000000091a00000, 0x0000000091a00000| Untracked 
| 283|0x0000000091b00000, 0x0000000091b00000, 0x0000000091c00000|  0%| F|  |TAMS 0x0000000091b00000, 0x0000000091b00000| Untracked 
| 284|0x0000000091c00000, 0x0000000091c00000, 0x0000000091d00000|  0%| F|  |TAMS 0x0000000091c00000, 0x0000000091c00000| Untracked 
| 285|0x0000000091d00000, 0x0000000091d00000, 0x0000000091e00000|  0%| F|  |TAMS 0x0000000091d00000, 0x0000000091d00000| Untracked 
| 286|0x0000000091e00000, 0x0000000091e00000, 0x0000000091f00000|  0%| F|  |TAMS 0x0000000091e00000, 0x0000000091e00000| Untracked 
| 287|0x0000000091f00000, 0x0000000091f00000, 0x0000000092000000|  0%| F|  |TAMS 0x0000000091f00000, 0x0000000091f00000| Untracked 
| 288|0x0000000092000000, 0x0000000092000000, 0x0000000092100000|  0%| F|  |TAMS 0x0000000092000000, 0x0000000092000000| Untracked 
| 289|0x0000000092100000, 0x0000000092100000, 0x0000000092200000|  0%| F|  |TAMS 0x0000000092100000, 0x0000000092100000| Untracked 
| 290|0x0000000092200000, 0x0000000092200000, 0x0000000092300000|  0%| F|  |TAMS 0x0000000092200000, 0x0000000092200000| Untracked 
| 291|0x0000000092300000, 0x0000000092300000, 0x0000000092400000|  0%| F|  |TAMS 0x0000000092300000, 0x0000000092300000| Untracked 
| 292|0x0000000092400000, 0x0000000092400000, 0x0000000092500000|  0%| F|  |TAMS 0x0000000092400000, 0x0000000092400000| Untracked 
| 293|0x0000000092500000, 0x0000000092500000, 0x0000000092600000|  0%| F|  |TAMS 0x0000000092500000, 0x0000000092500000| Untracked 
| 294|0x0000000092600000, 0x0000000092600000, 0x0000000092700000|  0%| F|  |TAMS 0x0000000092600000, 0x0000000092600000| Untracked 
| 295|0x0000000092700000, 0x0000000092700000, 0x0000000092800000|  0%| F|  |TAMS 0x0000000092700000, 0x0000000092700000| Untracked 
| 296|0x0000000092800000, 0x0000000092800000, 0x0000000092900000|  0%| F|  |TAMS 0x0000000092800000, 0x0000000092800000| Untracked 
| 297|0x0000000092900000, 0x0000000092900000, 0x0000000092a00000|  0%| F|  |TAMS 0x0000000092900000, 0x0000000092900000| Untracked 
| 298|0x0000000092a00000, 0x0000000092a00000, 0x0000000092b00000|  0%| F|  |TAMS 0x0000000092a00000, 0x0000000092a00000| Untracked 
| 299|0x0000000092b00000, 0x0000000092b00000, 0x0000000092c00000|  0%| F|  |TAMS 0x0000000092b00000, 0x0000000092b00000| Untracked 
| 300|0x0000000092c00000, 0x0000000092c00000, 0x0000000092d00000|  0%| F|  |TAMS 0x0000000092c00000, 0x0000000092c00000| Untracked 
| 301|0x0000000092d00000, 0x0000000092d00000, 0x0000000092e00000|  0%| F|  |TAMS 0x0000000092d00000, 0x0000000092d00000| Untracked 
| 302|0x0000000092e00000, 0x0000000092e00000, 0x0000000092f00000|  0%| F|  |TAMS 0x0000000092e00000, 0x0000000092e00000| Untracked 
| 303|0x0000000092f00000, 0x0000000092f00000, 0x0000000093000000|  0%| F|  |TAMS 0x0000000092f00000, 0x0000000092f00000| Untracked 
| 304|0x0000000093000000, 0x0000000093000000, 0x0000000093100000|  0%| F|  |TAMS 0x0000000093000000, 0x0000000093000000| Untracked 
| 305|0x0000000093100000, 0x0000000093100000, 0x0000000093200000|  0%| F|  |TAMS 0x0000000093100000, 0x0000000093100000| Untracked 
| 306|0x0000000093200000, 0x0000000093200000, 0x0000000093300000|  0%| F|  |TAMS 0x0000000093200000, 0x0000000093200000| Untracked 
| 307|0x0000000093300000, 0x0000000093300000, 0x0000000093400000|  0%| F|  |TAMS 0x0000000093300000, 0x0000000093300000| Untracked 
| 308|0x0000000093400000, 0x0000000093400000, 0x0000000093500000|  0%| F|  |TAMS 0x0000000093400000, 0x0000000093400000| Untracked 
| 309|0x0000000093500000, 0x0000000093500000, 0x0000000093600000|  0%| F|  |TAMS 0x0000000093500000, 0x0000000093500000| Untracked 
| 310|0x0000000093600000, 0x0000000093600000, 0x0000000093700000|  0%| F|  |TAMS 0x0000000093600000, 0x0000000093600000| Untracked 
| 311|0x0000000093700000, 0x0000000093700000, 0x0000000093800000|  0%| F|  |TAMS 0x0000000093700000, 0x0000000093700000| Untracked 
| 312|0x0000000093800000, 0x0000000093800000, 0x0000000093900000|  0%| F|  |TAMS 0x0000000093800000, 0x0000000093800000| Untracked 
| 313|0x0000000093900000, 0x0000000093900000, 0x0000000093a00000|  0%| F|  |TAMS 0x0000000093900000, 0x0000000093900000| Untracked 
| 314|0x0000000093a00000, 0x0000000093a00000, 0x0000000093b00000|  0%| F|  |TAMS 0x0000000093a00000, 0x0000000093a00000| Untracked 
| 315|0x0000000093b00000, 0x0000000093b00000, 0x0000000093c00000|  0%| F|  |TAMS 0x0000000093b00000, 0x0000000093b00000| Untracked 
| 316|0x0000000093c00000, 0x0000000093c00000, 0x0000000093d00000|  0%| F|  |TAMS 0x0000000093c00000, 0x0000000093c00000| Untracked 
| 317|0x0000000093d00000, 0x0000000093d00000, 0x0000000093e00000|  0%| F|  |TAMS 0x0000000093d00000, 0x0000000093d00000| Untracked 
| 318|0x0000000093e00000, 0x0000000093e00000, 0x0000000093f00000|  0%| F|  |TAMS 0x0000000093e00000, 0x0000000093e00000| Untracked 
| 319|0x0000000093f00000, 0x0000000093f00000, 0x0000000094000000|  0%| F|  |TAMS 0x0000000093f00000, 0x0000000093f00000| Untracked 
| 320|0x0000000094000000, 0x0000000094000000, 0x0000000094100000|  0%| F|  |TAMS 0x0000000094000000, 0x0000000094000000| Untracked 
| 321|0x0000000094100000, 0x0000000094100000, 0x0000000094200000|  0%| F|  |TAMS 0x0000000094100000, 0x0000000094100000| Untracked 
| 322|0x0000000094200000, 0x0000000094200000, 0x0000000094300000|  0%| F|  |TAMS 0x0000000094200000, 0x0000000094200000| Untracked 
| 323|0x0000000094300000, 0x0000000094300000, 0x0000000094400000|  0%| F|  |TAMS 0x0000000094300000, 0x0000000094300000| Untracked 
| 324|0x0000000094400000, 0x0000000094400000, 0x0000000094500000|  0%| F|  |TAMS 0x0000000094400000, 0x0000000094400000| Untracked 
| 325|0x0000000094500000, 0x0000000094500000, 0x0000000094600000|  0%| F|  |TAMS 0x0000000094500000, 0x0000000094500000| Untracked 
| 326|0x0000000094600000, 0x0000000094600000, 0x0000000094700000|  0%| F|  |TAMS 0x0000000094600000, 0x0000000094600000| Untracked 
| 327|0x0000000094700000, 0x0000000094700000, 0x0000000094800000|  0%| F|  |TAMS 0x0000000094700000, 0x0000000094700000| Untracked 
| 328|0x0000000094800000, 0x0000000094800000, 0x0000000094900000|  0%| F|  |TAMS 0x0000000094800000, 0x0000000094800000| Untracked 
| 329|0x0000000094900000, 0x0000000094900000, 0x0000000094a00000|  0%| F|  |TAMS 0x0000000094900000, 0x0000000094900000| Untracked 
| 330|0x0000000094a00000, 0x0000000094a00000, 0x0000000094b00000|  0%| F|  |TAMS 0x0000000094a00000, 0x0000000094a00000| Untracked 
| 331|0x0000000094b00000, 0x0000000094b00000, 0x0000000094c00000|  0%| F|  |TAMS 0x0000000094b00000, 0x0000000094b00000| Untracked 
| 332|0x0000000094c00000, 0x0000000094c00000, 0x0000000094d00000|  0%| F|  |TAMS 0x0000000094c00000, 0x0000000094c00000| Untracked 
| 333|0x0000000094d00000, 0x0000000094d00000, 0x0000000094e00000|  0%| F|  |TAMS 0x0000000094d00000, 0x0000000094d00000| Untracked 
| 334|0x0000000094e00000, 0x0000000094e00000, 0x0000000094f00000|  0%| F|  |TAMS 0x0000000094e00000, 0x0000000094e00000| Untracked 
| 335|0x0000000094f00000, 0x0000000094f00000, 0x0000000095000000|  0%| F|  |TAMS 0x0000000094f00000, 0x0000000094f00000| Untracked 
| 336|0x0000000095000000, 0x0000000095000000, 0x0000000095100000|  0%| F|  |TAMS 0x0000000095000000, 0x0000000095000000| Untracked 
| 337|0x0000000095100000, 0x0000000095100000, 0x0000000095200000|  0%| F|  |TAMS 0x0000000095100000, 0x0000000095100000| Untracked 
| 338|0x0000000095200000, 0x0000000095200000, 0x0000000095300000|  0%| F|  |TAMS 0x0000000095200000, 0x0000000095200000| Untracked 
| 339|0x0000000095300000, 0x0000000095300000, 0x0000000095400000|  0%| F|  |TAMS 0x0000000095300000, 0x0000000095300000| Untracked 
| 340|0x0000000095400000, 0x0000000095400000, 0x0000000095500000|  0%| F|  |TAMS 0x0000000095400000, 0x0000000095400000| Untracked 
| 341|0x0000000095500000, 0x0000000095500000, 0x0000000095600000|  0%| F|  |TAMS 0x0000000095500000, 0x0000000095500000| Untracked 
| 342|0x0000000095600000, 0x0000000095600000, 0x0000000095700000|  0%| F|  |TAMS 0x0000000095600000, 0x0000000095600000| Untracked 
| 343|0x0000000095700000, 0x0000000095700000, 0x0000000095800000|  0%| F|  |TAMS 0x0000000095700000, 0x0000000095700000| Untracked 
| 344|0x0000000095800000, 0x0000000095800000, 0x0000000095900000|  0%| F|  |TAMS 0x0000000095800000, 0x0000000095800000| Untracked 
| 345|0x0000000095900000, 0x0000000095900000, 0x0000000095a00000|  0%| F|  |TAMS 0x0000000095900000, 0x0000000095900000| Untracked 
| 346|0x0000000095a00000, 0x0000000095a00000, 0x0000000095b00000|  0%| F|  |TAMS 0x0000000095a00000, 0x0000000095a00000| Untracked 
| 347|0x0000000095b00000, 0x0000000095b00000, 0x0000000095c00000|  0%| F|  |TAMS 0x0000000095b00000, 0x0000000095b00000| Untracked 
| 348|0x0000000095c00000, 0x0000000095c00000, 0x0000000095d00000|  0%| F|  |TAMS 0x0000000095c00000, 0x0000000095c00000| Untracked 
| 349|0x0000000095d00000, 0x0000000095d00000, 0x0000000095e00000|  0%| F|  |TAMS 0x0000000095d00000, 0x0000000095d00000| Untracked 
| 350|0x0000000095e00000, 0x0000000095e00000, 0x0000000095f00000|  0%| F|  |TAMS 0x0000000095e00000, 0x0000000095e00000| Untracked 
| 351|0x0000000095f00000, 0x0000000095f00000, 0x0000000096000000|  0%| F|  |TAMS 0x0000000095f00000, 0x0000000095f00000| Untracked 
| 352|0x0000000096000000, 0x0000000096000000, 0x0000000096100000|  0%| F|  |TAMS 0x0000000096000000, 0x0000000096000000| Untracked 
| 353|0x0000000096100000, 0x0000000096100000, 0x0000000096200000|  0%| F|  |TAMS 0x0000000096100000, 0x0000000096100000| Untracked 
| 354|0x0000000096200000, 0x0000000096200000, 0x0000000096300000|  0%| F|  |TAMS 0x0000000096200000, 0x0000000096200000| Untracked 
| 355|0x0000000096300000, 0x0000000096300000, 0x0000000096400000|  0%| F|  |TAMS 0x0000000096300000, 0x0000000096300000| Untracked 
| 356|0x0000000096400000, 0x0000000096400000, 0x0000000096500000|  0%| F|  |TAMS 0x0000000096400000, 0x0000000096400000| Untracked 
| 357|0x0000000096500000, 0x0000000096500000, 0x0000000096600000|  0%| F|  |TAMS 0x0000000096500000, 0x0000000096500000| Untracked 
| 358|0x0000000096600000, 0x0000000096600000, 0x0000000096700000|  0%| F|  |TAMS 0x0000000096600000, 0x0000000096600000| Untracked 
| 359|0x0000000096700000, 0x0000000096700000, 0x0000000096800000|  0%| F|  |TAMS 0x0000000096700000, 0x0000000096700000| Untracked 
| 360|0x0000000096800000, 0x0000000096800000, 0x0000000096900000|  0%| F|  |TAMS 0x0000000096800000, 0x0000000096800000| Untracked 
| 361|0x0000000096900000, 0x0000000096900000, 0x0000000096a00000|  0%| F|  |TAMS 0x0000000096900000, 0x0000000096900000| Untracked 
| 362|0x0000000096a00000, 0x0000000096a00000, 0x0000000096b00000|  0%| F|  |TAMS 0x0000000096a00000, 0x0000000096a00000| Untracked 
| 363|0x0000000096b00000, 0x0000000096b00000, 0x0000000096c00000|  0%| F|  |TAMS 0x0000000096b00000, 0x0000000096b00000| Untracked 
| 364|0x0000000096c00000, 0x0000000096c00000, 0x0000000096d00000|  0%| F|  |TAMS 0x0000000096c00000, 0x0000000096c00000| Untracked 
| 365|0x0000000096d00000, 0x0000000096d00000, 0x0000000096e00000|  0%| F|  |TAMS 0x0000000096d00000, 0x0000000096d00000| Untracked 
| 366|0x0000000096e00000, 0x0000000096e00000, 0x0000000096f00000|  0%| F|  |TAMS 0x0000000096e00000, 0x0000000096e00000| Untracked 
| 367|0x0000000096f00000, 0x0000000096f00000, 0x0000000097000000|  0%| F|  |TAMS 0x0000000096f00000, 0x0000000096f00000| Untracked 
| 368|0x0000000097000000, 0x0000000097000000, 0x0000000097100000|  0%| F|  |TAMS 0x0000000097000000, 0x0000000097000000| Untracked 
| 369|0x0000000097100000, 0x0000000097100000, 0x0000000097200000|  0%| F|  |TAMS 0x0000000097100000, 0x0000000097100000| Untracked 
| 370|0x0000000097200000, 0x0000000097200000, 0x0000000097300000|  0%| F|  |TAMS 0x0000000097200000, 0x0000000097200000| Untracked 
| 371|0x0000000097300000, 0x0000000097300000, 0x0000000097400000|  0%| F|  |TAMS 0x0000000097300000, 0x0000000097300000| Untracked 
| 372|0x0000000097400000, 0x0000000097400000, 0x0000000097500000|  0%| F|  |TAMS 0x0000000097400000, 0x0000000097400000| Untracked 
| 373|0x0000000097500000, 0x0000000097500000, 0x0000000097600000|  0%| F|  |TAMS 0x0000000097500000, 0x0000000097500000| Untracked 
| 374|0x0000000097600000, 0x0000000097600000, 0x0000000097700000|  0%| F|  |TAMS 0x0000000097600000, 0x0000000097600000| Untracked 
| 375|0x0000000097700000, 0x0000000097700000, 0x0000000097800000|  0%| F|  |TAMS 0x0000000097700000, 0x0000000097700000| Untracked 
| 376|0x0000000097800000, 0x0000000097800000, 0x0000000097900000|  0%| F|  |TAMS 0x0000000097800000, 0x0000000097800000| Untracked 
| 377|0x0000000097900000, 0x0000000097900000, 0x0000000097a00000|  0%| F|  |TAMS 0x0000000097900000, 0x0000000097900000| Untracked 
| 378|0x0000000097a00000, 0x0000000097a00000, 0x0000000097b00000|  0%| F|  |TAMS 0x0000000097a00000, 0x0000000097a00000| Untracked 
| 379|0x0000000097b00000, 0x0000000097b00000, 0x0000000097c00000|  0%| F|  |TAMS 0x0000000097b00000, 0x0000000097b00000| Untracked 
| 380|0x0000000097c00000, 0x0000000097c00000, 0x0000000097d00000|  0%| F|  |TAMS 0x0000000097c00000, 0x0000000097c00000| Untracked 
| 381|0x0000000097d00000, 0x0000000097d00000, 0x0000000097e00000|  0%| F|  |TAMS 0x0000000097d00000, 0x0000000097d00000| Untracked 
| 382|0x0000000097e00000, 0x0000000097e00000, 0x0000000097f00000|  0%| F|  |TAMS 0x0000000097e00000, 0x0000000097e00000| Untracked 
| 383|0x0000000097f00000, 0x0000000097f00000, 0x0000000098000000|  0%| F|  |TAMS 0x0000000097f00000, 0x0000000097f00000| Untracked 
| 384|0x0000000098000000, 0x0000000098000000, 0x0000000098100000|  0%| F|  |TAMS 0x0000000098000000, 0x0000000098000000| Untracked 
| 385|0x0000000098100000, 0x0000000098100000, 0x0000000098200000|  0%| F|  |TAMS 0x0000000098100000, 0x0000000098100000| Untracked 
| 386|0x0000000098200000, 0x0000000098200000, 0x0000000098300000|  0%| F|  |TAMS 0x0000000098200000, 0x0000000098200000| Untracked 
| 387|0x0000000098300000, 0x0000000098300000, 0x0000000098400000|  0%| F|  |TAMS 0x0000000098300000, 0x0000000098300000| Untracked 
| 388|0x0000000098400000, 0x0000000098400000, 0x0000000098500000|  0%| F|  |TAMS 0x0000000098400000, 0x0000000098400000| Untracked 
| 389|0x0000000098500000, 0x0000000098500000, 0x0000000098600000|  0%| F|  |TAMS 0x0000000098500000, 0x0000000098500000| Untracked 
| 390|0x0000000098600000, 0x0000000098600000, 0x0000000098700000|  0%| F|  |TAMS 0x0000000098600000, 0x0000000098600000| Untracked 
| 391|0x0000000098700000, 0x0000000098700000, 0x0000000098800000|  0%| F|  |TAMS 0x0000000098700000, 0x0000000098700000| Untracked 
| 392|0x0000000098800000, 0x0000000098800000, 0x0000000098900000|  0%| F|  |TAMS 0x0000000098800000, 0x0000000098800000| Untracked 
| 393|0x0000000098900000, 0x0000000098900000, 0x0000000098a00000|  0%| F|  |TAMS 0x0000000098900000, 0x0000000098900000| Untracked 
| 394|0x0000000098a00000, 0x0000000098a00000, 0x0000000098b00000|  0%| F|  |TAMS 0x0000000098a00000, 0x0000000098a00000| Untracked 
| 395|0x0000000098b00000, 0x0000000098b00000, 0x0000000098c00000|  0%| F|  |TAMS 0x0000000098b00000, 0x0000000098b00000| Untracked 
| 396|0x0000000098c00000, 0x0000000098c00000, 0x0000000098d00000|  0%| F|  |TAMS 0x0000000098c00000, 0x0000000098c00000| Untracked 
| 397|0x0000000098d00000, 0x0000000098d00000, 0x0000000098e00000|  0%| F|  |TAMS 0x0000000098d00000, 0x0000000098d00000| Untracked 
| 398|0x0000000098e00000, 0x0000000098e00000, 0x0000000098f00000|  0%| F|  |TAMS 0x0000000098e00000, 0x0000000098e00000| Untracked 
| 399|0x0000000098f00000, 0x0000000098f00000, 0x0000000099000000|  0%| F|  |TAMS 0x0000000098f00000, 0x0000000098f00000| Untracked 
| 400|0x0000000099000000, 0x0000000099000000, 0x0000000099100000|  0%| F|  |TAMS 0x0000000099000000, 0x0000000099000000| Untracked 
| 401|0x0000000099100000, 0x0000000099100000, 0x0000000099200000|  0%| F|  |TAMS 0x0000000099100000, 0x0000000099100000| Untracked 
| 402|0x0000000099200000, 0x0000000099200000, 0x0000000099300000|  0%| F|  |TAMS 0x0000000099200000, 0x0000000099200000| Untracked 
| 403|0x0000000099300000, 0x0000000099300000, 0x0000000099400000|  0%| F|  |TAMS 0x0000000099300000, 0x0000000099300000| Untracked 
| 404|0x0000000099400000, 0x0000000099400000, 0x0000000099500000|  0%| F|  |TAMS 0x0000000099400000, 0x0000000099400000| Untracked 
| 405|0x0000000099500000, 0x0000000099500000, 0x0000000099600000|  0%| F|  |TAMS 0x0000000099500000, 0x0000000099500000| Untracked 
| 406|0x0000000099600000, 0x0000000099600000, 0x0000000099700000|  0%| F|  |TAMS 0x0000000099600000, 0x0000000099600000| Untracked 
| 407|0x0000000099700000, 0x0000000099700000, 0x0000000099800000|  0%| F|  |TAMS 0x0000000099700000, 0x0000000099700000| Untracked 
| 408|0x0000000099800000, 0x0000000099800000, 0x0000000099900000|  0%| F|  |TAMS 0x0000000099800000, 0x0000000099800000| Untracked 
| 409|0x0000000099900000, 0x0000000099900000, 0x0000000099a00000|  0%| F|  |TAMS 0x0000000099900000, 0x0000000099900000| Untracked 
| 410|0x0000000099a00000, 0x0000000099a00000, 0x0000000099b00000|  0%| F|  |TAMS 0x0000000099a00000, 0x0000000099a00000| Untracked 
| 411|0x0000000099b00000, 0x0000000099b00000, 0x0000000099c00000|  0%| F|  |TAMS 0x0000000099b00000, 0x0000000099b00000| Untracked 
| 412|0x0000000099c00000, 0x0000000099c00000, 0x0000000099d00000|  0%| F|  |TAMS 0x0000000099c00000, 0x0000000099c00000| Untracked 
| 413|0x0000000099d00000, 0x0000000099d00000, 0x0000000099e00000|  0%| F|  |TAMS 0x0000000099d00000, 0x0000000099d00000| Untracked 
| 414|0x0000000099e00000, 0x0000000099e00000, 0x0000000099f00000|  0%| F|  |TAMS 0x0000000099e00000, 0x0000000099e00000| Untracked 
| 415|0x0000000099f00000, 0x0000000099f00000, 0x000000009a000000|  0%| F|  |TAMS 0x0000000099f00000, 0x0000000099f00000| Untracked 
| 416|0x000000009a000000, 0x000000009a000000, 0x000000009a100000|  0%| F|  |TAMS 0x000000009a000000, 0x000000009a000000| Untracked 
| 417|0x000000009a100000, 0x000000009a100000, 0x000000009a200000|  0%| F|  |TAMS 0x000000009a100000, 0x000000009a100000| Untracked 
| 418|0x000000009a200000, 0x000000009a200000, 0x000000009a300000|  0%| F|  |TAMS 0x000000009a200000, 0x000000009a200000| Untracked 
| 419|0x000000009a300000, 0x000000009a300000, 0x000000009a400000|  0%| F|  |TAMS 0x000000009a300000, 0x000000009a300000| Untracked 
| 420|0x000000009a400000, 0x000000009a400000, 0x000000009a500000|  0%| F|  |TAMS 0x000000009a400000, 0x000000009a400000| Untracked 
| 421|0x000000009a500000, 0x000000009a500000, 0x000000009a600000|  0%| F|  |TAMS 0x000000009a500000, 0x000000009a500000| Untracked 
| 422|0x000000009a600000, 0x000000009a600000, 0x000000009a700000|  0%| F|  |TAMS 0x000000009a600000, 0x000000009a600000| Untracked 
| 423|0x000000009a700000, 0x000000009a700000, 0x000000009a800000|  0%| F|  |TAMS 0x000000009a700000, 0x000000009a700000| Untracked 
| 424|0x000000009a800000, 0x000000009a800000, 0x000000009a900000|  0%| F|  |TAMS 0x000000009a800000, 0x000000009a800000| Untracked 
| 425|0x000000009a900000, 0x000000009a900000, 0x000000009aa00000|  0%| F|  |TAMS 0x000000009a900000, 0x000000009a900000| Untracked 
| 426|0x000000009aa00000, 0x000000009aa00000, 0x000000009ab00000|  0%| F|  |TAMS 0x000000009aa00000, 0x000000009aa00000| Untracked 
| 427|0x000000009ab00000, 0x000000009ab00000, 0x000000009ac00000|  0%| F|  |TAMS 0x000000009ab00000, 0x000000009ab00000| Untracked 
| 428|0x000000009ac00000, 0x000000009ac00000, 0x000000009ad00000|  0%| F|  |TAMS 0x000000009ac00000, 0x000000009ac00000| Untracked 
| 429|0x000000009ad00000, 0x000000009ad00000, 0x000000009ae00000|  0%| F|  |TAMS 0x000000009ad00000, 0x000000009ad00000| Untracked 
| 430|0x000000009ae00000, 0x000000009ae00000, 0x000000009af00000|  0%| F|  |TAMS 0x000000009ae00000, 0x000000009ae00000| Untracked 
| 431|0x000000009af00000, 0x000000009af00000, 0x000000009b000000|  0%| F|  |TAMS 0x000000009af00000, 0x000000009af00000| Untracked 
| 432|0x000000009b000000, 0x000000009b000000, 0x000000009b100000|  0%| F|  |TAMS 0x000000009b000000, 0x000000009b000000| Untracked 
| 433|0x000000009b100000, 0x000000009b100000, 0x000000009b200000|  0%| F|  |TAMS 0x000000009b100000, 0x000000009b100000| Untracked 

Card table byte_map: [0x000001efea5f0000,0x000001efea9f0000] _byte_map_base: 0x000001efea1f0000

Marking Bits (Prev, Next): (CMBitMap*) 0x000001efd78b8aa8, (CMBitMap*) 0x000001efd78b8ae0
 Prev Bits: [0x000001efeadf0000, 0x000001efecdf0000)
 Next Bits: [0x000001efecdf0000, 0x000001efeedf0000)

Polling page: 0x000001efd57d0000

Metaspace:

Usage:
  Non-class:     76.92 MB capacity,    75.57 MB ( 98%) used,     1.09 MB (  1%) free+waste,   260.25 KB ( <1%) overhead. 
      Class:     12.00 MB capacity,    11.16 MB ( 93%) used,   745.22 KB (  6%) free+waste,   117.50 KB ( <1%) overhead. 
       Both:     88.92 MB capacity,    86.73 MB ( 98%) used,     1.82 MB (  2%) free+waste,   377.75 KB ( <1%) overhead. 

Virtual space:
  Non-class space:       78.00 MB reserved,      76.95 MB ( 99%) committed 
      Class space:        1.00 GB reserved,      12.13 MB (  1%) committed 
             Both:        1.08 GB reserved,      89.07 MB (  8%) committed 

Chunk freelists:
   Non-Class:  34.00 KB
       Class:  0 bytes
        Both:  34.00 KB

MaxMetaspaceSize: 17179869184.00 GB
CompressedClassSpaceSize: 1.00 GB

CodeHeap 'non-profiled nmethods': size=120064Kb used=7591Kb max_used=7591Kb free=112472Kb
 bounds [0x000001efe2cb0000, 0x000001efe3420000, 0x000001efea1f0000]
CodeHeap 'profiled nmethods': size=120000Kb used=32633Kb max_used=32633Kb free=87366Kb
 bounds [0x000001efdb780000, 0x000001efdd770000, 0x000001efe2cb0000]
CodeHeap 'non-nmethods': size=5696Kb used=2266Kb max_used=2346Kb free=3429Kb
 bounds [0x000001efdb1f0000, 0x000001efdb460000, 0x000001efdb780000]
 total_blobs=13633 nmethods=12770 adapters=773
 compilation: enabled
              stopped_count=0, restarted_count=0
 full_count=0

Compilation events (20 events):
Event: 93.823 Thread 0x000001eff1c5a000 13470   !   2       java.lang.ref.Finalizer::<init> (49 bytes)
Event: 93.824 Thread 0x000001eff1c5a000 nmethod 13470 0x000001efdd75ae90 code [0x000001efdd75b060, 0x000001efdd75b518]
Event: 93.849 Thread 0x000001eff1c5a000 13471       1       java.util.stream.Streams$AbstractStreamBuilderImpl::characteristics (4 bytes)
Event: 93.849 Thread 0x000001eff1c5a000 nmethod 13471 0x000001efe3419d10 code [0x000001efe3419ec0, 0x000001efe3419f78]
Event: 93.849 Thread 0x000001eff1c5a000 13472       2       com.android.tools.r8.s.a.a.b.K$b::next (38 bytes)
Event: 93.851 Thread 0x000001eff1c5a000 nmethod 13472 0x000001efdd75b690 code [0x000001efdd75b880, 0x000001efdd75bc08]
Event: 93.851 Thread 0x000001eff1c5a000 13473       2       java.lang.Integer::toString (8 bytes)
Event: 93.851 Thread 0x000001eff1c5a000 nmethod 13473 0x000001efdd75be10 code [0x000001efdd75bfc0, 0x000001efdd75c0c8]
Event: 93.869 Thread 0x000001eff1c5a000 13474 %     3       java.util.TimSort::countRunAndMakeAscending @ 92 (128 bytes)
Event: 93.872 Thread 0x000001eff1c5a000 nmethod 13474% 0x000001efdd75c190 code [0x000001efdd75c3e0, 0x000001efdd75d028]
Event: 93.874 Thread 0x000001eff1c5a000 13475       2       com.android.tools.r8.ir.conversion.S::c (121 bytes)
Event: 93.875 Thread 0x000001eff1c5a000 nmethod 13475 0x000001efdd75d410 code [0x000001efdd75d620, 0x000001efdd75d928]
Event: 93.909 Thread 0x000001eff1c5a000 13476 %     3       com.android.builder.dexing.r8.ClassFileProviderFactory$OrderedClassFileResourceProvider::lambda$new$0 @ 43 (94 bytes)
Event: 93.912 Thread 0x000001eff1c5a000 nmethod 13476% 0x000001efdd75db90 code [0x000001efdd75de20, 0x000001efdd75ec08]
Event: 93.914 Thread 0x000001eff1c5a000 13477       3       com.android.builder.dexing.r8.ClassFileProviderFactory$OrderedClassFileResourceProvider::lambda$new$0 (94 bytes)
Event: 93.917 Thread 0x000001eff1c5a000 nmethod 13477 0x000001efdd75f010 code [0x000001efdd75f2e0, 0x000001efdd760328]
Event: 94.066 Thread 0x000001eff1c5a000 13479       3       java.util.TimSort::countRunAndMakeAscending (128 bytes)
Event: 94.069 Thread 0x000001eff1c5a000 nmethod 13479 0x000001efdd760810 code [0x000001efdd760a60, 0x000001efdd761568]
Event: 94.120 Thread 0x000001eff1c5a000 13480       2       com.android.tools.r8.r.o.X::<init> (91 bytes)
Event: 94.121 Thread 0x000001eff1c5a000 nmethod 13480 0x000001efdd761890 code [0x000001efdd761a40, 0x000001efdd761cb8]

GC Heap History (20 events):
Event: 70.082 GC heap after
{Heap after GC invocations=42 (full 0):
 garbage-first heap   total 289792K, used 122868K [0x0000000080000000, 0x0000000100000000)
  region size 1024K, 12 young (12288K), 12 survivors (12288K)
 Metaspace       used 88233K, capacity 90572K, committed 90828K, reserved 1128448K
  class space    used 11391K, capacity 12274K, committed 12288K, reserved 1048576K
}
Event: 71.538 GC heap before
{Heap before GC invocations=42 (full 0):
 garbage-first heap   total 289792K, used 232436K [0x0000000080000000, 0x0000000100000000)
  region size 1024K, 119 young (121856K), 12 survivors (12288K)
 Metaspace       used 88279K, capacity 90598K, committed 90828K, reserved 1128448K
  class space    used 11395K, capacity 12279K, committed 12288K, reserved 1048576K
}
Event: 71.654 GC heap after
{Heap after GC invocations=43 (full 0):
 garbage-first heap   total 289792K, used 127399K [0x0000000080000000, 0x0000000100000000)
  region size 1024K, 12 young (12288K), 12 survivors (12288K)
 Metaspace       used 88279K, capacity 90598K, committed 90828K, reserved 1128448K
  class space    used 11395K, capacity 12279K, committed 12288K, reserved 1048576K
}
Event: 73.151 GC heap before
{Heap before GC invocations=43 (full 0):
 garbage-first heap   total 289792K, used 234919K [0x0000000080000000, 0x0000000100000000)
  region size 1024K, 117 young (119808K), 12 survivors (12288K)
 Metaspace       used 88318K, capacity 90608K, committed 90828K, reserved 1128448K
  class space    used 11399K, capacity 12281K, committed 12288K, reserved 1048576K
}
Event: 73.243 GC heap after
{Heap after GC invocations=44 (full 0):
 garbage-first heap   total 351232K, used 128774K [0x0000000080000000, 0x0000000100000000)
  region size 1024K, 10 young (10240K), 10 survivors (10240K)
 Metaspace       used 88318K, capacity 90608K, committed 90828K, reserved 1128448K
  class space    used 11399K, capacity 12281K, committed 12288K, reserved 1048576K
}
Event: 75.159 GC heap before
{Heap before GC invocations=44 (full 0):
 garbage-first heap   total 351232K, used 273158K [0x0000000080000000, 0x0000000100000000)
  region size 1024K, 151 young (154624K), 10 survivors (10240K)
 Metaspace       used 88342K, capacity 90684K, committed 90828K, reserved 1128448K
  class space    used 11401K, capacity 12285K, committed 12288K, reserved 1048576K
}
Event: 75.242 GC heap after
{Heap after GC invocations=45 (full 0):
 garbage-first heap   total 351232K, used 130769K [0x0000000080000000, 0x0000000100000000)
  region size 1024K, 12 young (12288K), 12 survivors (12288K)
 Metaspace       used 88342K, capacity 90684K, committed 90828K, reserved 1128448K
  class space    used 11401K, capacity 12285K, committed 12288K, reserved 1048576K
}
Event: 77.502 GC heap before
{Heap before GC invocations=45 (full 0):
 garbage-first heap   total 351232K, used 285393K [0x0000000080000000, 0x0000000100000000)
  region size 1024K, 163 young (166912K), 12 survivors (12288K)
 Metaspace       used 88375K, capacity 90684K, committed 90828K, reserved 1128448K
  class space    used 11401K, capacity 12285K, committed 12288K, reserved 1048576K
}
Event: 77.614 GC heap after
{Heap after GC invocations=46 (full 0):
 garbage-first heap   total 351232K, used 132334K [0x0000000080000000, 0x0000000100000000)
  region size 1024K, 13 young (13312K), 13 survivors (13312K)
 Metaspace       used 88375K, capacity 90684K, committed 90828K, reserved 1128448K
  class space    used 11401K, capacity 12285K, committed 12288K, reserved 1048576K
}
Event: 79.939 GC heap before
{Heap before GC invocations=46 (full 0):
 garbage-first heap   total 351232K, used 293102K [0x0000000080000000, 0x0000000100000000)
  region size 1024K, 170 young (174080K), 13 survivors (13312K)
 Metaspace       used 88400K, capacity 90748K, committed 90828K, reserved 1128448K
  class space    used 11403K, capacity 12285K, committed 12288K, reserved 1048576K
}
Event: 80.049 GC heap after
{Heap after GC invocations=47 (full 0):
 garbage-first heap   total 351232K, used 134646K [0x0000000080000000, 0x0000000100000000)
  region size 1024K, 10 young (10240K), 10 survivors (10240K)
 Metaspace       used 88400K, capacity 90748K, committed 90828K, reserved 1128448K
  class space    used 11403K, capacity 12285K, committed 12288K, reserved 1048576K
}
Event: 82.371 GC heap before
{Heap before GC invocations=47 (full 0):
 garbage-first heap   total 351232K, used 295414K [0x0000000080000000, 0x0000000100000000)
  region size 1024K, 167 young (171008K), 10 survivors (10240K)
 Metaspace       used 88564K, capacity 90832K, committed 91084K, reserved 1128448K
  class space    used 11407K, capacity 12285K, committed 12288K, reserved 1048576K
}
Event: 82.499 GC heap after
{Heap after GC invocations=48 (full 0):
 garbage-first heap   total 444416K, used 140776K [0x0000000080000000, 0x0000000100000000)
  region size 1024K, 16 young (16384K), 16 survivors (16384K)
 Metaspace       used 88564K, capacity 90832K, committed 91084K, reserved 1128448K
  class space    used 11407K, capacity 12285K, committed 12288K, reserved 1048576K
}
Event: 84.878 GC heap before
{Heap before GC invocations=48 (full 0):
 garbage-first heap   total 444416K, used 309736K [0x0000000080000000, 0x0000000100000000)
  region size 1024K, 181 young (185344K), 16 survivors (16384K)
 Metaspace       used 88607K, capacity 90902K, committed 91084K, reserved 1128448K
  class space    used 11407K, capacity 12285K, committed 12288K, reserved 1048576K
}
Event: 84.988 GC heap after
{Heap after GC invocations=49 (full 0):
 garbage-first heap   total 444416K, used 140293K [0x0000000080000000, 0x0000000100000000)
  region size 1024K, 12 young (12288K), 12 survivors (12288K)
 Metaspace       used 88607K, capacity 90902K, committed 91084K, reserved 1128448K
  class space    used 11407K, capacity 12285K, committed 12288K, reserved 1048576K
}
Event: 88.122 GC heap before
{Heap before GC invocations=49 (full 0):
 garbage-first heap   total 444416K, used 375813K [0x0000000080000000, 0x0000000100000000)
  region size 1024K, 242 young (247808K), 12 survivors (12288K)
 Metaspace       used 88639K, capacity 90905K, committed 91084K, reserved 1128448K
  class space    used 11409K, capacity 12285K, committed 12288K, reserved 1048576K
}
Event: 88.229 GC heap after
{Heap after GC invocations=50 (full 0):
 garbage-first heap   total 444416K, used 143877K [0x0000000080000000, 0x0000000100000000)
  region size 1024K, 15 young (15360K), 15 survivors (15360K)
 Metaspace       used 88639K, capacity 90905K, committed 91084K, reserved 1128448K
  class space    used 11409K, capacity 12285K, committed 12288K, reserved 1048576K
}
Event: 90.933 GC heap before
{Heap before GC invocations=50 (full 0):
 garbage-first heap   total 444416K, used 375301K [0x0000000080000000, 0x0000000100000000)
  region size 1024K, 241 young (246784K), 15 survivors (15360K)
 Metaspace       used 88687K, capacity 90969K, committed 91084K, reserved 1128448K
  class space    used 11413K, capacity 12285K, committed 12288K, reserved 1048576K
}
Event: 91.074 GC heap after
{Heap after GC invocations=51 (full 0):
 garbage-first heap   total 444416K, used 148997K [0x0000000080000000, 0x0000000100000000)
  region size 1024K, 20 young (20480K), 20 survivors (20480K)
 Metaspace       used 88687K, capacity 90969K, committed 91084K, reserved 1128448K
  class space    used 11413K, capacity 12285K, committed 12288K, reserved 1048576K
}
Event: 94.122 GC heap before
{Heap before GC invocations=51 (full 0):
 garbage-first heap   total 444416K, used 376325K [0x0000000080000000, 0x0000000100000000)
  region size 1024K, 242 young (247808K), 20 survivors (20480K)
 Metaspace       used 88812K, capacity 91053K, committed 91212K, reserved 1128448K
  class space    used 11428K, capacity 12291K, committed 12416K, reserved 1048576K
}

Deoptimization events (20 events):
Event: 93.574 Thread 0x000001eff1ffa800 DEOPT PACKING pc=0x000001efdd08715a sp=0x000000e57daf9c60
Event: 93.574 Thread 0x000001eff1ffa800 DEOPT UNPACKING pc=0x000001efdb2172ce sp=0x000000e57daf9428 mode 0
Event: 93.728 Thread 0x000001eff2001000 DEOPT PACKING pc=0x000001efdd08715a sp=0x000000e57dbf9800
Event: 93.728 Thread 0x000001eff2001000 DEOPT UNPACKING pc=0x000001efdb2172ce sp=0x000000e57dbf8fc8 mode 0
Event: 93.851 Thread 0x000001eff1ffb800 DEOPT PACKING pc=0x000001efdd66d490 sp=0x000000e57dcfa0b0
Event: 93.851 Thread 0x000001eff1ffb800 DEOPT UNPACKING pc=0x000001efdb2172ce sp=0x000000e57dcf95b0 mode 0
Event: 93.866 Thread 0x000001eff2002000 DEOPT PACKING pc=0x000001efdd08834b sp=0x000000e57ddf9960
Event: 93.866 Thread 0x000001eff2002000 DEOPT UNPACKING pc=0x000001efdb2172ce sp=0x000000e57ddf9128 mode 0
Event: 93.924 Thread 0x000001eff1ffb800 DEOPT PACKING pc=0x000001efdd66d490 sp=0x000000e57dcfa270
Event: 93.924 Thread 0x000001eff1ffb800 DEOPT UNPACKING pc=0x000001efdb2172ce sp=0x000000e57dcf9770 mode 0
Event: 93.929 Thread 0x000001eff1ffb800 DEOPT PACKING pc=0x000001efdd66d46f sp=0x000000e57dcfa1a0
Event: 93.929 Thread 0x000001eff1ffb800 DEOPT UNPACKING pc=0x000001efdb2172ce sp=0x000000e57dcf96a0 mode 0
Event: 93.975 Thread 0x000001eff2002000 DEOPT PACKING pc=0x000001efdd66d490 sp=0x000000e57ddf9640
Event: 93.975 Thread 0x000001eff2002000 DEOPT UNPACKING pc=0x000001efdb2172ce sp=0x000000e57ddf8b40 mode 0
Event: 93.995 Thread 0x000001eff1ffb800 DEOPT PACKING pc=0x000001efdd66d490 sp=0x000000e57dcf9fc0
Event: 93.995 Thread 0x000001eff1ffb800 DEOPT UNPACKING pc=0x000001efdb2172ce sp=0x000000e57dcf94c0 mode 0
Event: 94.008 Thread 0x000001eff1ffb800 DEOPT PACKING pc=0x000001efdd66d490 sp=0x000000e57dcfa150
Event: 94.008 Thread 0x000001eff1ffb800 DEOPT UNPACKING pc=0x000001efdb2172ce sp=0x000000e57dcf9650 mode 0
Event: 94.101 Thread 0x000001eff1ffb800 DEOPT PACKING pc=0x000001efdd66d46f sp=0x000000e57dcfa2f0
Event: 94.101 Thread 0x000001eff1ffb800 DEOPT UNPACKING pc=0x000001efdb2172ce sp=0x000000e57dcf97f0 mode 0

Classes redefined (0 events):
No events

Internal exceptions (20 events):
Event: 60.711 Thread 0x000001eff1ffb800 Exception <a 'java/lang/NoSuchMethodError'{0x000000008b2318c0}: 'int java.lang.invoke.DirectMethodHandle$Holder.invokeInterface(java.lang.Object, java.lang.Object, int)'> (0x000000008b2318c0) thrown at [./src/hotspot/share/interpreter/linkResolver.cpp, line 773]
Event: 64.315 Thread 0x000001eff1ffb800 Exception <a 'java/lang/NoSuchMethodError'{0x0000000090bad228}: 'java.lang.Object java.lang.invoke.DirectMethodHandle$Holder.invokeSpecial(java.lang.Object, java.lang.Object, java.lang.Object, java.lang.Object, java.lang.Object, java.lang.Object, java.lang.Object, java.lang.Object, java.lang.Object, java.lang.Object)'> (0x0000000090bad228) thrown at [./src/hotspot/share/interpreter/linkResolver.cpp, line 773]
Event: 64.317 Thread 0x000001eff1ffb800 Exception <a 'java/lang/NoSuchMethodError'{0x0000000090bb1868}: 'java.lang.Object java.lang.invoke.Invokers$Holder.linkToTargetMethod(java.lang.Object, java.lang.Object, java.lang.Object, java.lang.Object, java.lang.Object, java.lang.Object, java.lang.Object, java.lang.Object, java.lang.Object)'> (0x0000000090bb1868) thrown at [./src/hotspot/share/interpreter/linkResolver.cpp, line 773]
Event: 66.081 Thread 0x000001eff1ffb800 Exception <a 'java/lang/NoSuchMethodError'{0x000000008d8a9d48}: 'void java.lang.invoke.DirectMethodHandle$Holder.invokeVirtual(java.lang.Object, java.lang.Object, int)'> (0x000000008d8a9d48) thrown at [./src/hotspot/share/interpreter/linkResolver.cpp, line 773]
Event: 66.487 Thread 0x000001eff1ffb800 Exception <a 'sun/nio/fs/WindowsException'{0x000000009117ded8}> (0x000000009117ded8) thrown at [./src/hotspot/share/prims/jni.cpp, line 615]
Event: 68.190 Thread 0x000001eff1ffb800 Exception <a 'sun/nio/fs/WindowsException'{0x00000000916b5258}> (0x00000000916b5258) thrown at [./src/hotspot/share/prims/jni.cpp, line 615]
Event: 69.958 Thread 0x000001eff1ffb800 Exception <a 'sun/nio/fs/WindowsException'{0x000000008a278e18}> (0x000000008a278e18) thrown at [./src/hotspot/share/prims/jni.cpp, line 615]
Event: 71.026 Thread 0x000001eff1ffb800 Exception <a 'sun/nio/fs/WindowsException'{0x000000008d7afe60}> (0x000000008d7afe60) thrown at [./src/hotspot/share/prims/jni.cpp, line 615]
Event: 77.737 Thread 0x000001eff2001000 Implicit null exception at 0x000001efe335ac84 to 0x000001efe3360718
Event: 80.886 Thread 0x000001eff1ffb800 Exception <a 'sun/nio/fs/WindowsException'{0x00000000931e8918}> (0x00000000931e8918) thrown at [./src/hotspot/share/prims/jni.cpp, line 615]
Event: 81.649 Thread 0x000001eff1ffb800 Exception <a 'sun/nio/fs/WindowsException'{0x000000008f3d2238}> (0x000000008f3d2238) thrown at [./src/hotspot/share/prims/jni.cpp, line 615]
Event: 84.459 Thread 0x000001eff1ffb800 Exception <a 'sun/nio/fs/WindowsException'{0x0000000092fa5ed0}> (0x0000000092fa5ed0) thrown at [./src/hotspot/share/prims/jni.cpp, line 615]
Event: 85.433 Thread 0x000001eff1ffb800 Exception <a 'sun/nio/fs/WindowsException'{0x0000000098f53408}> (0x0000000098f53408) thrown at [./src/hotspot/share/prims/jni.cpp, line 615]
Event: 87.519 Thread 0x000001eff1ffb800 Exception <a 'sun/nio/fs/WindowsException'{0x000000008ed1ab20}> (0x000000008ed1ab20) thrown at [./src/hotspot/share/prims/jni.cpp, line 615]
Event: 88.316 Thread 0x000001eff1ffb800 Exception <a 'sun/nio/fs/WindowsException'{0x000000009aa7e4b0}> (0x000000009aa7e4b0) thrown at [./src/hotspot/share/prims/jni.cpp, line 615]
Event: 92.139 Thread 0x000001eff1ffb800 Exception <a 'sun/nio/fs/WindowsException'{0x00000000969b2608}> (0x00000000969b2608) thrown at [./src/hotspot/share/prims/jni.cpp, line 615]
Event: 92.622 Thread 0x000001eff1ffb800 Exception <a 'sun/nio/fs/WindowsException'{0x000000009404cbd8}> (0x000000009404cbd8) thrown at [./src/hotspot/share/prims/jni.cpp, line 615]
Event: 93.035 Thread 0x000001eff1ffb800 Exception <a 'sun/nio/fs/WindowsException'{0x00000000921c39f8}> (0x00000000921c39f8) thrown at [./src/hotspot/share/prims/jni.cpp, line 615]
Event: 93.173 Thread 0x000001eff1ffb800 Implicit null exception at 0x000001efe340809b to 0x000001efe3408854
Event: 93.845 Thread 0x000001eff1ffb800 Exception <a 'sun/nio/fs/WindowsException'{0x000000008e6576d8}> (0x000000008e6576d8) thrown at [./src/hotspot/share/prims/jni.cpp, line 615]

Events (20 events):
Event: 91.205 loading class com/android/tools/r8/graph/n0
Event: 91.205 loading class com/android/tools/r8/graph/n0 done
Event: 91.205 loading class com/android/tools/r8/graph/n0
Event: 91.205 loading class com/android/tools/r8/graph/n0 done
Event: 91.205 loading class com/android/tools/r8/graph/n0
Event: 91.205 loading class com/android/tools/r8/graph/n0 done
Event: 91.784 loading class com/android/tools/r8/v/b/o0
Event: 91.784 loading class com/android/tools/r8/v/b/o0 done
Event: 91.784 loading class com/android/tools/r8/v/b/o0
Event: 91.784 loading class com/android/tools/r8/v/b/o0 done
Event: 91.786 loading class com/android/tools/r8/w/a/a/a/f/X$g
Event: 91.786 loading class com/android/tools/r8/w/a/a/a/f/X$g done
Event: 91.791 loading class com/android/tools/r8/v/b/o
Event: 91.791 loading class com/android/tools/r8/v/b/o done
Event: 91.791 loading class com/android/tools/r8/v/b/o
Event: 91.791 loading class com/android/tools/r8/v/b/o done
Event: 91.791 loading class com/android/tools/r8/v/a/t/t
Event: 91.791 loading class com/android/tools/r8/v/a/t/t done
Event: 93.130 Thread 0x000001eff2911000 Thread exited: 0x000001eff2911000
Event: 94.121 Executing VM operation: G1CollectForAllocation


Dynamic libraries:
0x00007ff62aac0000 - 0x00007ff62aaca000 	D:\setups\Android Studio\jre\bin\java.exe
0x00007ffbcf060000 - 0x00007ffbcf23b000 	C:\WINDOWS\SYSTEM32\ntdll.dll
0x00007ffbce170000 - 0x00007ffbce21e000 	C:\WINDOWS\System32\KERNEL32.DLL
0x00007ffbcc370000 - 0x00007ffbcc5b9000 	C:\WINDOWS\System32\KERNELBASE.dll
0x00007ffbcc1d0000 - 0x00007ffbcc2c6000 	C:\WINDOWS\System32\ucrtbase.dll
0x00007ffbc70f0000 - 0x00007ffbc7109000 	D:\setups\Android Studio\jre\bin\jli.dll
0x00007ffbbd100000 - 0x00007ffbbd117000 	D:\setups\Android Studio\jre\bin\VCRUNTIME140.dll
0x00007ffbce7c0000 - 0x00007ffbce90a000 	C:\WINDOWS\System32\USER32.dll
0x00007ffbcb580000 - 0x00007ffbcb59e000 	C:\WINDOWS\System32\win32u.dll
0x00007ffbbd870000 - 0x00007ffbbdad7000 	C:\WINDOWS\WinSxS\amd64_microsoft.windows.common-controls_6595b64144ccf1df_6.0.15063.0_none_108e4f62dfe5d999\COMCTL32.dll
0x00007ffbce280000 - 0x00007ffbce31d000 	C:\WINDOWS\System32\msvcrt.dll
0x00007ffbce320000 - 0x00007ffbce347000 	C:\WINDOWS\System32\GDI32.dll
0x00007ffbceb20000 - 0x00007ffbcee19000 	C:\WINDOWS\System32\combase.dll
0x00007ffbcb6a0000 - 0x00007ffbcb829000 	C:\WINDOWS\System32\gdi32full.dll
0x00007ffbcc5c0000 - 0x00007ffbcc6e5000 	C:\WINDOWS\System32\RPCRT4.dll
0x00007ffbcc2d0000 - 0x00007ffbcc36a000 	C:\WINDOWS\System32\msvcp_win.dll
0x00007ffbcc160000 - 0x00007ffbcc1ca000 	C:\WINDOWS\System32\bcryptPrimitives.dll
0x00007ffbce4a0000 - 0x00007ffbce4cd000 	C:\WINDOWS\System32\IMM32.DLL
0x00007ffba9080000 - 0x00007ffba911d000 	D:\setups\Android Studio\jre\bin\msvcp140.dll
0x00007ffb9faa0000 - 0x00007ffba055c000 	D:\setups\Android Studio\jre\bin\server\jvm.dll
0x00007ffbcc700000 - 0x00007ffbcc7a1000 	C:\WINDOWS\System32\ADVAPI32.dll
0x00007ffbce220000 - 0x00007ffbce279000 	C:\WINDOWS\System32\sechost.dll
0x00007ffbce910000 - 0x00007ffbce918000 	C:\WINDOWS\System32\PSAPI.DLL
0x00007ffbc9880000 - 0x00007ffbc98a3000 	C:\WINDOWS\SYSTEM32\WINMM.dll
0x00007ffbbbe30000 - 0x00007ffbbbe3a000 	C:\WINDOWS\SYSTEM32\VERSION.dll
0x00007ffbb5de0000 - 0x00007ffbb5de9000 	C:\WINDOWS\SYSTEM32\WSOCK32.dll
0x00007ffbce640000 - 0x00007ffbce6ac000 	C:\WINDOWS\System32\WS2_32.dll
0x00007ffbc95c0000 - 0x00007ffbc95eb000 	C:\WINDOWS\SYSTEM32\winmmbase.dll
0x00007ffbcb650000 - 0x00007ffbcb699000 	C:\WINDOWS\System32\cfgmgr32.dll
0x00007ffbcb560000 - 0x00007ffbcb571000 	C:\WINDOWS\System32\kernel.appcore.dll
0x00007ffba74d0000 - 0x00007ffba74e1000 	D:\setups\Android Studio\jre\bin\verify.dll
0x00007ffbc72a0000 - 0x00007ffbc7449000 	C:\WINDOWS\SYSTEM32\DBGHELP.DLL
0x00007ffbbbea0000 - 0x00007ffbbbec9000 	C:\WINDOWS\SYSTEM32\dbgcore.DLL
0x00007ffba74a0000 - 0x00007ffba74c9000 	D:\setups\Android Studio\jre\bin\java.dll
0x00007ffba8a70000 - 0x00007ffba8a7b000 	D:\setups\Android Studio\jre\bin\jimage.dll
0x00007ffba7480000 - 0x00007ffba7498000 	D:\setups\Android Studio\jre\bin\zip.dll
0x00007ffbccd30000 - 0x00007ffbce167000 	C:\WINDOWS\System32\SHELL32.dll
0x00007ffbcefb0000 - 0x00007ffbcf05a000 	C:\WINDOWS\System32\shcore.dll
0x00007ffbcba00000 - 0x00007ffbcc0f2000 	C:\WINDOWS\System32\windows.storage.dll
0x00007ffbccc50000 - 0x00007ffbccca1000 	C:\WINDOWS\System32\shlwapi.dll
0x00007ffbcb4f0000 - 0x00007ffbcb53c000 	C:\WINDOWS\System32\powrprof.dll
0x00007ffbcb4d0000 - 0x00007ffbcb4e5000 	C:\WINDOWS\System32\profapi.dll
0x00007ffba75c0000 - 0x00007ffba75da000 	D:\setups\Android Studio\jre\bin\net.dll
0x00007ffbbba20000 - 0x00007ffbbbaf7000 	C:\WINDOWS\SYSTEM32\WINHTTP.dll
0x00007ffbcad80000 - 0x00007ffbcaddc000 	C:\WINDOWS\system32\mswsock.dll
0x00007ffba75a0000 - 0x00007ffba75b4000 	D:\setups\Android Studio\jre\bin\nio.dll
0x00007ffba9370000 - 0x00007ffba9397000 	C:\Users\Mirza Sahb\.gradle\native\fdc75f09e3144964f2cf3f50f0aa648679c211496f362492102eb8c894070792\windows-amd64\native-platform.dll
0x00007ffba4a10000 - 0x00007ffba4ba6000 	C:\Users\Mirza Sahb\.gradle\native\12488b8bf47d2d4c9fbf2f6322a914ad602e24e48041cd04a747c6da556b65c4\windows-amd64\native-platform-file-events.dll
0x00007ffba8540000 - 0x00007ffba854a000 	D:\setups\Android Studio\jre\bin\management.dll
0x00007ffba8010000 - 0x00007ffba801c000 	D:\setups\Android Studio\jre\bin\management_ext.dll
0x00007ffbcaf20000 - 0x00007ffbcaf37000 	C:\WINDOWS\SYSTEM32\CRYPTSP.dll
0x00007ffbca9a0000 - 0x00007ffbca9d4000 	C:\WINDOWS\system32\rsaenh.dll
0x00007ffbcb410000 - 0x00007ffbcb435000 	C:\WINDOWS\SYSTEM32\bcrypt.dll
0x00007ffbcb3a0000 - 0x00007ffbcb3c9000 	C:\WINDOWS\SYSTEM32\USERENV.dll
0x00007ffbcb390000 - 0x00007ffbcb39b000 	C:\WINDOWS\SYSTEM32\CRYPTBASE.dll
0x00007ffbcab20000 - 0x00007ffbcab57000 	C:\WINDOWS\SYSTEM32\IPHLPAPI.DLL
0x00007ffbceee0000 - 0x00007ffbceee8000 	C:\WINDOWS\System32\NSI.dll
0x00007ffbbfaf0000 - 0x00007ffbbfb06000 	C:\WINDOWS\SYSTEM32\dhcpcsvc6.DLL
0x00007ffbbfd60000 - 0x00007ffbbfd7a000 	C:\WINDOWS\SYSTEM32\dhcpcsvc.DLL
0x00007ffbc1830000 - 0x00007ffbc183b000 	C:\WINDOWS\SYSTEM32\WINNSI.DLL

dbghelp: loaded successfully - version: 4.0.5 - missing functions: none
symbol engine: initialized successfully - sym options: 0x614 - pdb path: .;D:\setups\Android Studio\jre\bin;C:\WINDOWS\SYSTEM32;C:\WINDOWS\WinSxS\amd64_microsoft.windows.common-controls_6595b64144ccf1df_6.0.15063.0_none_108e4f62dfe5d999;D:\setups\Android Studio\jre\bin\server;C:\Users\Mirza Sahb\.gradle\native\fdc75f09e3144964f2cf3f50f0aa648679c211496f362492102eb8c894070792\windows-amd64;C:\Users\Mirza Sahb\.gradle\native\12488b8bf47d2d4c9fbf2f6322a914ad602e24e48041cd04a747c6da556b65c4\windows-amd64

VM Arguments:
jvm_args: --add-opens=java.base/java.util=ALL-UNNAMED --add-opens=java.base/java.lang=ALL-UNNAMED --add-opens=java.base/java.lang.invoke=ALL-UNNAMED --add-opens=java.prefs/java.util.prefs=ALL-UNNAMED -Xmx2048m -Dfile.encoding=UTF-8 -Duser.country=US -Duser.language=en -Duser.variant 
java_command: org.gradle.launcher.daemon.bootstrap.GradleDaemon 6.7.1
java_class_path (initial): C:\Users\Mirza Sahb\.gradle\wrapper\dists\gradle-6.7.1-bin\bwlcbys1h7rz3272sye1xwiv6\gradle-6.7.1\lib\gradle-launcher-6.7.1.jar
Launcher Type: SUN_STANDARD

[Global flags]
     intx CICompilerCount                          = 3                                         {product} {ergonomic}
     uint ConcGCThreads                            = 1                                         {product} {ergonomic}
     uint G1ConcRefinementThreads                  = 4                                         {product} {ergonomic}
   size_t G1HeapRegionSize                         = 1048576                                   {product} {ergonomic}
    uintx GCDrainStackTargetSize                   = 64                                        {product} {ergonomic}
   size_t InitialHeapSize                          = 67108864                                  {product} {ergonomic}
   size_t MarkStackSize                            = 4194304                                   {product} {ergonomic}
   size_t MaxHeapSize                              = 2147483648                                {product} {command line}
   size_t MaxNewSize                               = 1287651328                                {product} {ergonomic}
   size_t MinHeapDeltaBytes                        = 1048576                                   {product} {ergonomic}
    uintx NonNMethodCodeHeapSize                   = 5830732                                {pd product} {ergonomic}
    uintx NonProfiledCodeHeapSize                  = 122913754                              {pd product} {ergonomic}
    uintx ProfiledCodeHeapSize                     = 122913754                              {pd product} {ergonomic}
    uintx ReservedCodeCacheSize                    = 251658240                              {pd product} {ergonomic}
     bool SegmentedCodeCache                       = true                                      {product} {ergonomic}
     bool UseCompressedClassPointers               = true                                 {lp64_product} {ergonomic}
     bool UseCompressedOops                        = true                                 {lp64_product} {ergonomic}
     bool UseG1GC                                  = true                                      {product} {ergonomic}
     bool UseLargePagesIndividualAllocation        = false                                  {pd product} {ergonomic}

Logging:
Log output configuration:
 #0: stdout all=warning uptime,level,tags
 #1: stderr all=off uptime,level,tags

Environment Variables:
JAVA_HOME=D:\setups\Java\JRE
PATH=C:\Program Files (x86)\Common Files\Oracle\Java\javapath;C:\WINDOWS\system32;C:\WINDOWS;C:\WINDOWS\System32\Wbem;C:\WINDOWS\System32\WindowsPowerShell\v1.0\;C:\Program Files\nodejs\;C:\Users\Mirza Sahb\AppData\Local\Microsoft\WindowsApps;D:\setups\flutter\bin;C:\Users\Mirza Sahb\AppData\Local\Android\Sdk\platform-tools;C:\Users\Mirza Sahb\AppData\Roaming\npm
USERNAME=Mirza Sahb
OS=Windows_NT
PROCESSOR_IDENTIFIER=Intel64 Family 6 Model 61 Stepping 4, GenuineIntel



---------------  S Y S T E M  ---------------

OS: Windows 10 , 64 bit Build 15063 (10.0.15063.0)
OS uptime: 0 days 1:49 hours

CPU:total 4 (initial active 4) (2 cores per cpu, 2 threads per core) family 6 model 61 stepping 4, cmov, cx8, fxsr, mmx, sse, sse2, sse3, ssse3, sse4.1, sse4.2, popcnt, avx, avx2, aes, clmul, erms, 3dnowpref, lzcnt, ht, tsc, tscinvbit, bmi1, bmi2, adx, fma

Memory: 4k page, system-wide physical 4011M (608M free)
TotalPageFile size 5474M (AvailPageFile size 70M)
current process WorkingSet (physical memory assigned to process): 763M, peak: 772M
current process commit charge ("private bytes"): 810M, peak: 905M

vm_info: OpenJDK 64-Bit Server VM (11.0.8+10-b944.6842174) for windows-amd64 JRE (11.0.8+10-b944.6842174), built on Sep 19 2020 01:11:42 by "builder" with MS VC++ 14.0 (VS2015)

END.
