#
# There is insufficient memory for the Java Runtime Environment to continue.
# Native memory allocation (malloc) failed to allocate 32744 bytes for ChunkPool::allocate
# Possible reasons:
#   The system is out of physical RAM or swap space
#   The process is running with CompressedOops enabled, and the Java Heap may be blocking the growth of the native heap
# Possible solutions:
#   Reduce memory load on the system
#   Increase physical memory or swap space
#   Check if swap backing store is full
#   Decrease Java heap size (-Xmx/-Xms)
#   Decrease number of Java threads
#   Decrease Java thread stack sizes (-Xss)
#   Set larger code cache with -XX:ReservedCodeCacheSize=
#   JVM is running with Unscaled Compressed Oops mode in which the Java heap is
#     placed in the first 4GB address space. The Java Heap base address is the
#     maximum limit for the native heap growth. Please use -XX:HeapBaseMinAddress
#     to set the Java Heap base and to place the Java Heap above 4GB virtual address.
# This output file may be truncated or incomplete.
#
#  Out of Memory Error (./src/hotspot/share/memory/arena.cpp:81), pid=8868, tid=6128
#
# JRE version: OpenJDK Runtime Environment (11.0.8+10) (build 11.0.8+10-b944.6842174)
# Java VM: OpenJDK 64-Bit Server VM (11.0.8+10-b944.6842174, mixed mode, tiered, compressed oops, g1 gc, windows-amd64)
# No core dump will be written. Minidumps are not enabled by default on client versions of Windows
#

---------------  S U M M A R Y ------------

Command Line: --add-opens=java.base/java.util=ALL-UNNAMED --add-opens=java.base/java.lang=ALL-UNNAMED --add-opens=java.base/java.lang.invoke=ALL-UNNAMED --add-opens=java.prefs/java.util.prefs=ALL-UNNAMED -Xmx2048m -Dfile.encoding=UTF-8 -Duser.country=US -Duser.language=en -Duser.variant org.gradle.launcher.daemon.bootstrap.GradleDaemon 6.7.1

Host: Intel(R) Core(TM) M-5Y10c CPU @ 0.80GHz, 4 cores, 3G,  Windows 10 , 64 bit Build 15063 (10.0.15063.0)
Time: Sat Sep 18 02:30:01 2021 Pacific Daylight Time elapsed time: 329 seconds (0d 0h 5m 29s)

---------------  T H R E A D  ---------------

Current thread (0x000001dd11dc5800):  JavaThread "C2 CompilerThread1" daemon [_thread_in_native, id=6128, stack(0x000000a970200000,0x000000a970300000)]


Current CompileTask:
C2: 329717 21416 %     4       com.android.tools.r8.ir.regalloc.a::a @ 1408 (4001 bytes)

Stack: [0x000000a970200000,0x000000a970300000]
Native frames: (J=compiled Java code, j=interpreted, Vv=VM code, C=native code)
V  [jvm.dll+0x5de50a]
V  [jvm.dll+0x7122f5]
V  [jvm.dll+0x71384d]
V  [jvm.dll+0x713f03]
V  [jvm.dll+0x23e728]
V  [jvm.dll+0xb8beb]
V  [jvm.dll+0xb8e9c]
V  [jvm.dll+0x35562c]
V  [jvm.dll+0x4e69ae]
V  [jvm.dll+0x4e5dc3]
V  [jvm.dll+0x4e6596]
V  [jvm.dll+0x31ded2]
V  [jvm.dll+0x31d39a]
V  [jvm.dll+0x1f7702]
V  [jvm.dll+0x1f68d4]
V  [jvm.dll+0x17f32c]
V  [jvm.dll+0x205047]
V  [jvm.dll+0x203891]
V  [jvm.dll+0x6dad3f]
V  [jvm.dll+0x6d3895]
V  [jvm.dll+0x5dd4a6]
C  [ucrtbase.dll+0x20369]
C  [KERNEL32.DLL+0x12774]
C  [ntdll.dll+0x70d61]


---------------  P R O C E S S  ---------------

Threads class SMR info:
_java_thread_list=0x000001dd1a0f01a0, length=47, elements={
0x000001dd73757000, 0x000001dd7e189800, 0x000001dd7e18b800, 0x000001dd7eaf0800,
0x000001dd7eaf1800, 0x000001dd7eaf2800, 0x000001dd7eaf6800, 0x000001dd7eb4e000,
0x000001dd7ec42000, 0x000001dd7ec65800, 0x000001dd0fa63800, 0x000001dd7f6a6000,
0x000001dd0f557800, 0x000001dd0f2c1000, 0x000001dd0f2bf800, 0x000001dd0f2c0800,
0x000001dd11dc7800, 0x000001dd11dc3800, 0x000001dd0f9b8800, 0x000001dd0f9b2800,
0x000001dd0f9b3800, 0x000001dd0f9b9000, 0x000001dd0f9b7800, 0x000001dd0f9ba000,
0x000001dd0f9bb000, 0x000001dd0f9b5000, 0x000001dd0f9bb800, 0x000001dd0f9b6000,
0x000001dd0f9bc800, 0x000001dd0f9c0800, 0x000001dd0f9bd800, 0x000001dd0f9c1800,
0x000001dd0f9be000, 0x000001dd0f9bf000, 0x000001dd14351800, 0x000001dd1434d800,
0x000001dd14350000, 0x000001dd15cdc800, 0x000001dd15cdd800, 0x000001dd15cd8800,
0x000001dd15cd9800, 0x000001dd15cdf000, 0x000001dd15cda000, 0x000001dd15ce0800,
0x000001dd11dc2800, 0x000001dd11dc5000, 0x000001dd11dc5800
}

Java Threads: ( => current thread )
  0x000001dd73757000 JavaThread "main" [_thread_blocked, id=6156, stack(0x000000a95d100000,0x000000a95d200000)]
  0x000001dd7e189800 JavaThread "Reference Handler" daemon [_thread_blocked, id=3644, stack(0x000000a95d800000,0x000000a95d900000)]
  0x000001dd7e18b800 JavaThread "Finalizer" daemon [_thread_blocked, id=5792, stack(0x000000a95d900000,0x000000a95da00000)]
  0x000001dd7eaf0800 JavaThread "Signal Dispatcher" daemon [_thread_blocked, id=852, stack(0x000000a95da00000,0x000000a95db00000)]
  0x000001dd7eaf1800 JavaThread "Attach Listener" daemon [_thread_blocked, id=6924, stack(0x000000a95db00000,0x000000a95dc00000)]
  0x000001dd7eaf2800 JavaThread "C2 CompilerThread0" daemon [_thread_in_native, id=4584, stack(0x000000a95dc00000,0x000000a95dd00000)]
  0x000001dd7eaf6800 JavaThread "C1 CompilerThread0" daemon [_thread_blocked, id=2636, stack(0x000000a95dd00000,0x000000a95de00000)]
  0x000001dd7eb4e000 JavaThread "Sweeper thread" daemon [_thread_blocked, id=4168, stack(0x000000a95de00000,0x000000a95df00000)]
  0x000001dd7ec42000 JavaThread "Common-Cleaner" daemon [_thread_blocked, id=5840, stack(0x000000a95df00000,0x000000a95e000000)]
  0x000001dd7ec65800 JavaThread "Service Thread" daemon [_thread_blocked, id=4032, stack(0x000000a95e000000,0x000000a95e100000)]
  0x000001dd0fa63800 JavaThread "Daemon health stats" [_thread_blocked, id=7252, stack(0x000000a95e300000,0x000000a95e400000)]
  0x000001dd7f6a6000 JavaThread "Incoming local TCP Connector on port 50036" [_thread_in_native, id=6708, stack(0x000000a95e800000,0x000000a95e900000)]
  0x000001dd0f557800 JavaThread "Daemon periodic checks" [_thread_blocked, id=4152, stack(0x000000a95e900000,0x000000a95ea00000)]
  0x000001dd0f2c1000 JavaThread "Cache worker for file hash cache (C:\Users\Mirza Sahb\.gradle\caches\6.7.1\fileHashes)" [_thread_blocked, id=6816, stack(0x000000a95f100000,0x000000a95f200000)]
  0x000001dd0f2bf800 JavaThread "File lock request listener" [_thread_in_native, id=7388, stack(0x000000a95f200000,0x000000a95f300000)]
  0x000001dd0f2c0800 JavaThread "Cache worker for journal cache (C:\Users\Mirza Sahb\.gradle\caches\journal-1)" [_thread_blocked, id=6472, stack(0x000000a95f300000,0x000000a95f400000)]
  0x000001dd11dc7800 JavaThread "Cache worker for execution history cache (C:\Users\Mirza Sahb\.gradle\caches\6.7.1\executionHistory)" [_thread_blocked, id=7884, stack(0x000000a960d00000,0x000000a960e00000)]
  0x000001dd11dc3800 JavaThread "Cache worker for file content cache (C:\Users\Mirza Sahb\.gradle\caches\6.7.1\fileContent)" [_thread_blocked, id=7136, stack(0x000000a960e00000,0x000000a960f00000)]
  0x000001dd0f9b8800 JavaThread "Memory manager" [_thread_blocked, id=3200, stack(0x000000a966000000,0x000000a966100000)]
  0x000001dd0f9b2800 JavaThread "Daemon Thread 2" [_thread_blocked, id=5668, stack(0x000000a966600000,0x000000a966700000)]
  0x000001dd0f9b3800 JavaThread "Handler for socket connection from /127.0.0.1:50036 to /127.0.0.1:50049" [_thread_in_native, id=3228, stack(0x000000a966700000,0x000000a966800000)]
  0x000001dd0f9b9000 JavaThread "Cancel handler" [_thread_blocked, id=8436, stack(0x000000a966800000,0x000000a966900000)]
  0x000001dd0f9b7800 JavaThread "Daemon worker Thread 2" [_thread_blocked, id=4700, stack(0x000000a966900000,0x000000a966a00000)]
  0x000001dd0f9ba000 JavaThread "Asynchronous log dispatcher for DefaultDaemonConnection: socket connection from /127.0.0.1:50036 to /127.0.0.1:50049" [_thread_blocked, id=6236, stack(0x000000a966a00000,0x000000a966b00000)]
  0x000001dd0f9bb000 JavaThread "Thread-129" [_thread_blocked, id=6108, stack(0x000000a966c00000,0x000000a966d00000)]
  0x000001dd0f9b5000 JavaThread "Cache worker for file hash cache (D:\setups\Android_Studio_Projects\add_calculator_apk\.gradle\6.7.1\fileHashes)" [_thread_blocked, id=5076, stack(0x000000a966e00000,0x000000a966f00000)]
  0x000001dd0f9bb800 JavaThread "Cache worker for checksums cache (D:\setups\Android_Studio_Projects\add_calculator_apk\.gradle\checksums)" [_thread_blocked, id=3460, stack(0x000000a966f00000,0x000000a967000000)]
  0x000001dd0f9b6000 JavaThread "Cache worker for cache directory md-supplier (C:\Users\Mirza Sahb\.gradle\caches\6.7.1\md-supplier)" [_thread_blocked, id=7844, stack(0x000000a967000000,0x000000a967100000)]
  0x000001dd0f9bc800 JavaThread "Cache worker for cache directory md-rule (C:\Users\Mirza Sahb\.gradle\caches\6.7.1\md-rule)" [_thread_blocked, id=3876, stack(0x000000a967100000,0x000000a967200000)]
  0x000001dd0f9c0800 JavaThread "Cache worker for Build Output Cleanup Cache (D:\setups\Android_Studio_Projects\add_calculator_apk\.gradle\buildOutputCleanup)" [_thread_blocked, id=5128, stack(0x000000a967400000,0x000000a967500000)]
  0x000001dd0f9bd800 JavaThread "Build operations" [_thread_in_Java, id=8448, stack(0x000000a967600000,0x000000a967700000)]
  0x000001dd0f9c1800 JavaThread "Build operations Thread 2" [_thread_in_Java, id=8664, stack(0x000000a967700000,0x000000a967800000)]
  0x000001dd0f9be000 JavaThread "Build operations Thread 3" [_thread_in_Java, id=7216, stack(0x000000a967800000,0x000000a967900000)]
  0x000001dd0f9bf000 JavaThread "Build operations Thread 4" [_thread_in_Java, id=5312, stack(0x000000a967900000,0x000000a967a00000)]
  0x000001dd14351800 JavaThread "build event listener" [_thread_blocked, id=7496, stack(0x000000a96db00000,0x000000a96dc00000)]
  0x000001dd1434d800 JavaThread "build event listener" [_thread_blocked, id=8408, stack(0x000000a96dc00000,0x000000a96dd00000)]
  0x000001dd14350000 JavaThread "Execution worker for ':'" [_thread_blocked, id=7296, stack(0x000000a96dd00000,0x000000a96de00000)]
  0x000001dd15cdc800 JavaThread "Execution worker for ':' Thread 2" [_thread_blocked, id=3164, stack(0x000000a96de00000,0x000000a96df00000)]
  0x000001dd15cdd800 JavaThread "Execution worker for ':' Thread 3" [_thread_blocked, id=7292, stack(0x000000a96df00000,0x000000a96e000000)]
  0x000001dd15cd8800 JavaThread "Cache worker for execution history cache (D:\setups\Android_Studio_Projects\add_calculator_apk\.gradle\6.7.1\executionHistory)" [_thread_blocked, id=8080, stack(0x000000a96e000000,0x000000a96e100000)]
  0x000001dd15cd9800 JavaThread "WorkerExecutor Queue Thread 5" [_thread_blocked, id=6392, stack(0x000000a96ef00000,0x000000a96f000000)]
  0x000001dd15cdf000 JavaThread "pool-7-thread-1" [_thread_blocked, id=5164, stack(0x000000a96f500000,0x000000a96f600000)]
  0x000001dd15cda000 JavaThread "stderr" [_thread_in_native, id=7748, stack(0x000000a96f600000,0x000000a96f700000)]
  0x000001dd15ce0800 JavaThread "stdout" [_thread_in_native, id=8012, stack(0x000000a96f700000,0x000000a96f800000)]
  0x000001dd11dc2800 JavaThread "WorkerExecutor Queue Thread 6" [_thread_blocked, id=2680, stack(0x000000a96fc00000,0x000000a96fd00000)]
  0x000001dd11dc5000 JavaThread "WorkerExecutor Queue Thread 7" [_thread_blocked, id=2964, stack(0x000000a96fe00000,0x000000a96ff00000)]
=>0x000001dd11dc5800 JavaThread "C2 CompilerThread1" daemon [_thread_in_native, id=6128, stack(0x000000a970200000,0x000000a970300000)]

Other Threads:
  0x000001dd7e185000 VMThread "VM Thread" [stack: 0x000000a95d700000,0x000000a95d800000] [id=2104]
  0x000001dd7ec67000 WatcherThread [stack: 0x000000a95e100000,0x000000a95e200000] [id=4640]
  0x000001dd73770000 GCTaskThread "GC Thread#0" [stack: 0x000000a95d200000,0x000000a95d300000] [id=8468]
  0x000001dd7f0ef000 GCTaskThread "GC Thread#1" [stack: 0x000000a95e200000,0x000000a95e300000] [id=6508]
  0x000001dd10244800 GCTaskThread "GC Thread#2" [stack: 0x000000a95e400000,0x000000a95e500000] [id=5500]
  0x000001dd0f84c000 GCTaskThread "GC Thread#3" [stack: 0x000000a95e500000,0x000000a95e600000] [id=8748]
  0x000001dd737a1800 ConcurrentGCThread "G1 Main Marker" [stack: 0x000000a95d300000,0x000000a95d400000] [id=6104]
  0x000001dd737a2800 ConcurrentGCThread "G1 Conc#0" [stack: 0x000000a95d400000,0x000000a95d500000] [id=5224]
  0x000001dd73800000 ConcurrentGCThread "G1 Refine#0" [stack: 0x000000a95d500000,0x000000a95d600000] [id=8580]
  0x000001dd73801000 ConcurrentGCThread "G1 Young RemSet Sampling" [stack: 0x000000a95d600000,0x000000a95d700000] [id=2648]

Threads with active compile tasks:
C2 CompilerThread0 329930 21408 %     4       com.android.tools.r8.ir.regalloc.a::a @ 1542 (1824 bytes)
C2 CompilerThread1 329930 21416 %     4       com.android.tools.r8.ir.regalloc.a::a @ 1408 (4001 bytes)

VM state:not at safepoint (normal execution)

VM Mutex/Monitor currently owned by a thread: None

Heap address: 0x0000000080000000, size: 2048 MB, Compressed Oops mode: 32-bit
Narrow klass base: 0x0000000000000000, Narrow klass shift: 3
Compressed class space size: 1073741824 Address: 0x0000000100000000

Heap:
 garbage-first heap   total 377856K, used 286363K [0x0000000080000000, 0x0000000100000000)
  region size 1024K, 117 young (119808K), 11 survivors (11264K)
 Metaspace       used 130217K, capacity 133766K, committed 133916K, reserved 1165312K
  class space    used 15964K, capacity 17162K, committed 17280K, reserved 1048576K
Heap Regions: E=young(eden), S=young(survivor), O=old, HS=humongous(starts), HC=humongous(continues), CS=collection set, F=free, A=archive, TAMS=top-at-mark-start (previous, next)
|   0|0x0000000080000000, 0x0000000080100000, 0x0000000080100000|100%| O|  |TAMS 0x0000000080100000, 0x0000000080000000| Untracked 
|   1|0x0000000080100000, 0x0000000080200000, 0x0000000080200000|100%| O|  |TAMS 0x0000000080200000, 0x0000000080100000| Untracked 
|   2|0x0000000080200000, 0x0000000080300000, 0x0000000080300000|100%| O|  |TAMS 0x0000000080300000, 0x0000000080200000| Untracked 
|   3|0x0000000080300000, 0x0000000080400000, 0x0000000080400000|100%|HS|  |TAMS 0x0000000080400000, 0x0000000080300000| Complete 
|   4|0x0000000080400000, 0x0000000080500000, 0x0000000080500000|100%|HC|  |TAMS 0x0000000080500000, 0x0000000080400000| Complete 
|   5|0x0000000080500000, 0x0000000080600000, 0x0000000080600000|100%|HC|  |TAMS 0x0000000080600000, 0x0000000080500000| Complete 
|   6|0x0000000080600000, 0x0000000080700000, 0x0000000080700000|100%| O|  |TAMS 0x0000000080700000, 0x0000000080600000| Untracked 
|   7|0x0000000080700000, 0x0000000080800000, 0x0000000080800000|100%| O|  |TAMS 0x0000000080800000, 0x0000000080700000| Untracked 
|   8|0x0000000080800000, 0x0000000080900000, 0x0000000080900000|100%| O|  |TAMS 0x0000000080900000, 0x0000000080800000| Untracked 
|   9|0x0000000080900000, 0x0000000080a00000, 0x0000000080a00000|100%| O|  |TAMS 0x0000000080a00000, 0x0000000080900000| Untracked 
|  10|0x0000000080a00000, 0x0000000080b00000, 0x0000000080b00000|100%| O|  |TAMS 0x0000000080b00000, 0x0000000080a00000| Untracked 
|  11|0x0000000080b00000, 0x0000000080c00000, 0x0000000080c00000|100%| O|  |TAMS 0x0000000080c00000, 0x0000000080b00000| Untracked 
|  12|0x0000000080c00000, 0x0000000080d00000, 0x0000000080d00000|100%| O|  |TAMS 0x0000000080d00000, 0x0000000080c00000| Untracked 
|  13|0x0000000080d00000, 0x0000000080e00000, 0x0000000080e00000|100%| O|  |TAMS 0x0000000080e00000, 0x0000000080d00000| Untracked 
|  14|0x0000000080e00000, 0x0000000080f00000, 0x0000000080f00000|100%| O|  |TAMS 0x0000000080f00000, 0x0000000080e00000| Untracked 
|  15|0x0000000080f00000, 0x0000000081000000, 0x0000000081000000|100%| O|  |TAMS 0x0000000081000000, 0x0000000080f00000| Untracked 
|  16|0x0000000081000000, 0x0000000081100000, 0x0000000081100000|100%|HS|  |TAMS 0x0000000081100000, 0x0000000081000000| Complete 
|  17|0x0000000081100000, 0x0000000081200000, 0x0000000081200000|100%|HC|  |TAMS 0x0000000081200000, 0x0000000081100000| Complete 
|  18|0x0000000081200000, 0x0000000081300000, 0x0000000081300000|100%|HS|  |TAMS 0x0000000081300000, 0x0000000081200000| Complete 
|  19|0x0000000081300000, 0x0000000081400000, 0x0000000081400000|100%|HC|  |TAMS 0x0000000081400000, 0x0000000081300000| Complete 
|  20|0x0000000081400000, 0x0000000081500000, 0x0000000081500000|100%|HC|  |TAMS 0x0000000081500000, 0x0000000081400000| Complete 
|  21|0x0000000081500000, 0x0000000081600000, 0x0000000081600000|100%|HS|  |TAMS 0x0000000081600000, 0x0000000081500000| Complete 
|  22|0x0000000081600000, 0x0000000081700000, 0x0000000081700000|100%|HC|  |TAMS 0x0000000081700000, 0x0000000081600000| Complete 
|  23|0x0000000081700000, 0x0000000081800000, 0x0000000081800000|100%|HC|  |TAMS 0x0000000081800000, 0x0000000081700000| Complete 
|  24|0x0000000081800000, 0x0000000081900000, 0x0000000081900000|100%|HC|  |TAMS 0x0000000081900000, 0x0000000081800000| Complete 
|  25|0x0000000081900000, 0x0000000081a00000, 0x0000000081a00000|100%| O|  |TAMS 0x0000000081a00000, 0x0000000081900000| Untracked 
|  26|0x0000000081a00000, 0x0000000081b00000, 0x0000000081b00000|100%| O|  |TAMS 0x0000000081b00000, 0x0000000081a00000| Untracked 
|  27|0x0000000081b00000, 0x0000000081c00000, 0x0000000081c00000|100%| O|  |TAMS 0x0000000081c00000, 0x0000000081b00000| Untracked 
|  28|0x0000000081c00000, 0x0000000081d00000, 0x0000000081d00000|100%| O|  |TAMS 0x0000000081d00000, 0x0000000081c00000| Untracked 
|  29|0x0000000081d00000, 0x0000000081e00000, 0x0000000081e00000|100%| O|  |TAMS 0x0000000081e00000, 0x0000000081d00000| Untracked 
|  30|0x0000000081e00000, 0x0000000081f00000, 0x0000000081f00000|100%| O|  |TAMS 0x0000000081f00000, 0x0000000081e00000| Untracked 
|  31|0x0000000081f00000, 0x0000000082000000, 0x0000000082000000|100%| O|  |TAMS 0x0000000082000000, 0x0000000081f00000| Untracked 
|  32|0x0000000082000000, 0x0000000082100000, 0x0000000082100000|100%| O|  |TAMS 0x0000000082100000, 0x0000000082000000| Untracked 
|  33|0x0000000082100000, 0x0000000082200000, 0x0000000082200000|100%|HS|  |TAMS 0x0000000082200000, 0x0000000082100000| Complete 
|  34|0x0000000082200000, 0x0000000082300000, 0x0000000082300000|100%|HC|  |TAMS 0x0000000082300000, 0x0000000082200000| Complete 
|  35|0x0000000082300000, 0x0000000082400000, 0x0000000082400000|100%|HC|  |TAMS 0x0000000082400000, 0x0000000082300000| Complete 
|  36|0x0000000082400000, 0x0000000082500000, 0x0000000082500000|100%|HC|  |TAMS 0x0000000082500000, 0x0000000082400000| Complete 
|  37|0x0000000082500000, 0x0000000082600000, 0x0000000082600000|100%| O|  |TAMS 0x0000000082600000, 0x0000000082500000| Untracked 
|  38|0x0000000082600000, 0x0000000082700000, 0x0000000082700000|100%|HS|  |TAMS 0x0000000082700000, 0x0000000082600000| Complete 
|  39|0x0000000082700000, 0x0000000082800000, 0x0000000082800000|100%|HC|  |TAMS 0x0000000082800000, 0x0000000082700000| Complete 
|  40|0x0000000082800000, 0x0000000082900000, 0x0000000082900000|100%|HC|  |TAMS 0x0000000082900000, 0x0000000082800000| Complete 
|  41|0x0000000082900000, 0x0000000082a00000, 0x0000000082a00000|100%| O|  |TAMS 0x0000000082a00000, 0x0000000082900000| Untracked 
|  42|0x0000000082a00000, 0x0000000082b00000, 0x0000000082b00000|100%| O|  |TAMS 0x0000000082b00000, 0x0000000082a00000| Untracked 
|  43|0x0000000082b00000, 0x0000000082c00000, 0x0000000082c00000|100%| O|  |TAMS 0x0000000082c00000, 0x0000000082b00000| Untracked 
|  44|0x0000000082c00000, 0x0000000082d00000, 0x0000000082d00000|100%| O|  |TAMS 0x0000000082d00000, 0x0000000082c00000| Untracked 
|  45|0x0000000082d00000, 0x0000000082e00000, 0x0000000082e00000|100%| O|  |TAMS 0x0000000082e00000, 0x0000000082d00000| Untracked 
|  46|0x0000000082e00000, 0x0000000082f00000, 0x0000000082f00000|100%| O|  |TAMS 0x0000000082f00000, 0x0000000082e00000| Untracked 
|  47|0x0000000082f00000, 0x0000000083000000, 0x0000000083000000|100%| O|  |TAMS 0x0000000083000000, 0x0000000082f00000| Untracked 
|  48|0x0000000083000000, 0x0000000083100000, 0x0000000083100000|100%| O|  |TAMS 0x0000000083100000, 0x0000000083000000| Untracked 
|  49|0x0000000083100000, 0x0000000083200000, 0x0000000083200000|100%| O|  |TAMS 0x0000000083200000, 0x0000000083100000| Untracked 
|  50|0x0000000083200000, 0x0000000083300000, 0x0000000083300000|100%|HS|  |TAMS 0x0000000083300000, 0x0000000083200000| Complete 
|  51|0x0000000083300000, 0x0000000083400000, 0x0000000083400000|100%|HS|  |TAMS 0x0000000083400000, 0x0000000083300000| Complete 
|  52|0x0000000083400000, 0x0000000083500000, 0x0000000083500000|100%|HC|  |TAMS 0x0000000083500000, 0x0000000083400000| Complete 
|  53|0x0000000083500000, 0x0000000083600000, 0x0000000083600000|100%| O|  |TAMS 0x0000000083600000, 0x0000000083500000| Untracked 
|  54|0x0000000083600000, 0x0000000083700000, 0x0000000083700000|100%| O|  |TAMS 0x0000000083700000, 0x0000000083600000| Untracked 
|  55|0x0000000083700000, 0x0000000083800000, 0x0000000083800000|100%| O|  |TAMS 0x0000000083800000, 0x0000000083700000| Untracked 
|  56|0x0000000083800000, 0x0000000083900000, 0x0000000083900000|100%| O|  |TAMS 0x0000000083900000, 0x0000000083800000| Untracked 
|  57|0x0000000083900000, 0x0000000083a00000, 0x0000000083a00000|100%| O|  |TAMS 0x0000000083a00000, 0x0000000083900000| Untracked 
|  58|0x0000000083a00000, 0x0000000083b00000, 0x0000000083b00000|100%| O|  |TAMS 0x0000000083b00000, 0x0000000083a00000| Untracked 
|  59|0x0000000083b00000, 0x0000000083c00000, 0x0000000083c00000|100%| O|  |TAMS 0x0000000083c00000, 0x0000000083b00000| Untracked 
|  60|0x0000000083c00000, 0x0000000083d00000, 0x0000000083d00000|100%| O|  |TAMS 0x0000000083d00000, 0x0000000083c00000| Untracked 
|  61|0x0000000083d00000, 0x0000000083e00000, 0x0000000083e00000|100%| O|  |TAMS 0x0000000083e00000, 0x0000000083d00000| Untracked 
|  62|0x0000000083e00000, 0x0000000083f00000, 0x0000000083f00000|100%| O|  |TAMS 0x0000000083f00000, 0x0000000083e00000| Untracked 
|  63|0x0000000083f00000, 0x0000000084000000, 0x0000000084000000|100%| O|  |TAMS 0x0000000084000000, 0x0000000083f00000| Untracked 
|  64|0x0000000084000000, 0x0000000084100000, 0x0000000084100000|100%| O|  |TAMS 0x0000000084100000, 0x0000000084000000| Untracked 
|  65|0x0000000084100000, 0x0000000084200000, 0x0000000084200000|100%| O|  |TAMS 0x0000000084200000, 0x0000000084100000| Untracked 
|  66|0x0000000084200000, 0x0000000084300000, 0x0000000084300000|100%| O|  |TAMS 0x0000000084300000, 0x0000000084200000| Untracked 
|  67|0x0000000084300000, 0x0000000084400000, 0x0000000084400000|100%| O|  |TAMS 0x0000000084400000, 0x0000000084300000| Untracked 
|  68|0x0000000084400000, 0x0000000084500000, 0x0000000084500000|100%| O|  |TAMS 0x0000000084500000, 0x0000000084400000| Untracked 
|  69|0x0000000084500000, 0x0000000084600000, 0x0000000084600000|100%| O|  |TAMS 0x0000000084600000, 0x0000000084500000| Untracked 
|  70|0x0000000084600000, 0x0000000084700000, 0x0000000084700000|100%| O|  |TAMS 0x0000000084700000, 0x0000000084600000| Untracked 
|  71|0x0000000084700000, 0x0000000084800000, 0x0000000084800000|100%| O|  |TAMS 0x0000000084800000, 0x0000000084700000| Untracked 
|  72|0x0000000084800000, 0x0000000084900000, 0x0000000084900000|100%| O|  |TAMS 0x0000000084900000, 0x0000000084800000| Untracked 
|  73|0x0000000084900000, 0x0000000084a00000, 0x0000000084a00000|100%| O|  |TAMS 0x0000000084a00000, 0x0000000084900000| Untracked 
|  74|0x0000000084a00000, 0x0000000084b00000, 0x0000000084b00000|100%| O|  |TAMS 0x0000000084b00000, 0x0000000084a00000| Untracked 
|  75|0x0000000084b00000, 0x0000000084c00000, 0x0000000084c00000|100%| O|  |TAMS 0x0000000084c00000, 0x0000000084b00000| Untracked 
|  76|0x0000000084c00000, 0x0000000084d00000, 0x0000000084d00000|100%| O|  |TAMS 0x0000000084d00000, 0x0000000084c00000| Untracked 
|  77|0x0000000084d00000, 0x0000000084e00000, 0x0000000084e00000|100%| O|  |TAMS 0x0000000084e00000, 0x0000000084d00000| Untracked 
|  78|0x0000000084e00000, 0x0000000084f00000, 0x0000000084f00000|100%| O|  |TAMS 0x0000000084f00000, 0x0000000084e00000| Untracked 
|  79|0x0000000084f00000, 0x0000000085000000, 0x0000000085000000|100%| O|  |TAMS 0x0000000085000000, 0x0000000084f00000| Untracked 
|  80|0x0000000085000000, 0x0000000085100000, 0x0000000085100000|100%| O|  |TAMS 0x0000000085100000, 0x0000000085000000| Untracked 
|  81|0x0000000085100000, 0x0000000085200000, 0x0000000085200000|100%| O|  |TAMS 0x0000000085200000, 0x0000000085100000| Untracked 
|  82|0x0000000085200000, 0x0000000085300000, 0x0000000085300000|100%| O|  |TAMS 0x0000000085300000, 0x0000000085200000| Untracked 
|  83|0x0000000085300000, 0x0000000085400000, 0x0000000085400000|100%| O|  |TAMS 0x0000000085400000, 0x0000000085300000| Untracked 
|  84|0x0000000085400000, 0x0000000085500000, 0x0000000085500000|100%| O|  |TAMS 0x0000000085500000, 0x0000000085400000| Untracked 
|  85|0x0000000085500000, 0x0000000085600000, 0x0000000085600000|100%| O|  |TAMS 0x0000000085600000, 0x0000000085500000| Untracked 
|  86|0x0000000085600000, 0x0000000085700000, 0x0000000085700000|100%| O|  |TAMS 0x0000000085700000, 0x0000000085600000| Untracked 
|  87|0x0000000085700000, 0x0000000085800000, 0x0000000085800000|100%| O|  |TAMS 0x0000000085800000, 0x0000000085700000| Untracked 
|  88|0x0000000085800000, 0x0000000085900000, 0x0000000085900000|100%| O|  |TAMS 0x0000000085900000, 0x0000000085800000| Untracked 
|  89|0x0000000085900000, 0x0000000085a00000, 0x0000000085a00000|100%| O|  |TAMS 0x0000000085a00000, 0x0000000085900000| Untracked 
|  90|0x0000000085a00000, 0x0000000085b00000, 0x0000000085b00000|100%| O|  |TAMS 0x0000000085b00000, 0x0000000085a00000| Untracked 
|  91|0x0000000085b00000, 0x0000000085c00000, 0x0000000085c00000|100%| O|  |TAMS 0x0000000085c00000, 0x0000000085b00000| Untracked 
|  92|0x0000000085c00000, 0x0000000085d00000, 0x0000000085d00000|100%| O|  |TAMS 0x0000000085d00000, 0x0000000085c00000| Untracked 
|  93|0x0000000085d00000, 0x0000000085e00000, 0x0000000085e00000|100%| O|  |TAMS 0x0000000085e00000, 0x0000000085d00000| Untracked 
|  94|0x0000000085e00000, 0x0000000085f00000, 0x0000000085f00000|100%| O|  |TAMS 0x0000000085f00000, 0x0000000085e00000| Untracked 
|  95|0x0000000085f00000, 0x0000000086000000, 0x0000000086000000|100%| O|  |TAMS 0x0000000086000000, 0x0000000085f00000| Untracked 
|  96|0x0000000086000000, 0x0000000086100000, 0x0000000086100000|100%| O|  |TAMS 0x0000000086100000, 0x0000000086000000| Untracked 
|  97|0x0000000086100000, 0x0000000086200000, 0x0000000086200000|100%| O|  |TAMS 0x0000000086200000, 0x0000000086100000| Untracked 
|  98|0x0000000086200000, 0x0000000086300000, 0x0000000086300000|100%| O|  |TAMS 0x0000000086300000, 0x0000000086200000| Untracked 
|  99|0x0000000086300000, 0x0000000086400000, 0x0000000086400000|100%| O|  |TAMS 0x0000000086400000, 0x0000000086300000| Untracked 
| 100|0x0000000086400000, 0x0000000086500000, 0x0000000086500000|100%| O|  |TAMS 0x0000000086500000, 0x0000000086400000| Untracked 
| 101|0x0000000086500000, 0x0000000086600000, 0x0000000086600000|100%| O|  |TAMS 0x0000000086600000, 0x0000000086500000| Untracked 
| 102|0x0000000086600000, 0x0000000086700000, 0x0000000086700000|100%| O|  |TAMS 0x0000000086700000, 0x0000000086600000| Untracked 
| 103|0x0000000086700000, 0x0000000086800000, 0x0000000086800000|100%| O|  |TAMS 0x0000000086800000, 0x0000000086700000| Untracked 
| 104|0x0000000086800000, 0x0000000086900000, 0x0000000086900000|100%| O|  |TAMS 0x0000000086900000, 0x0000000086800000| Untracked 
| 105|0x0000000086900000, 0x0000000086a00000, 0x0000000086a00000|100%| O|  |TAMS 0x0000000086a00000, 0x0000000086900000| Untracked 
| 106|0x0000000086a00000, 0x0000000086b00000, 0x0000000086b00000|100%| O|  |TAMS 0x0000000086b00000, 0x0000000086a00000| Untracked 
| 107|0x0000000086b00000, 0x0000000086c00000, 0x0000000086c00000|100%| O|  |TAMS 0x0000000086c00000, 0x0000000086b00000| Untracked 
| 108|0x0000000086c00000, 0x0000000086d00000, 0x0000000086d00000|100%| O|  |TAMS 0x0000000086d00000, 0x0000000086c00000| Untracked 
| 109|0x0000000086d00000, 0x0000000086e00000, 0x0000000086e00000|100%| O|  |TAMS 0x0000000086e00000, 0x0000000086d00000| Untracked 
| 110|0x0000000086e00000, 0x0000000086f00000, 0x0000000086f00000|100%| O|  |TAMS 0x0000000086f00000, 0x0000000086e00000| Untracked 
| 111|0x0000000086f00000, 0x0000000087000000, 0x0000000087000000|100%|HS|  |TAMS 0x0000000087000000, 0x0000000086f00000| Complete 
| 112|0x0000000087000000, 0x0000000087100000, 0x0000000087100000|100%|HC|  |TAMS 0x0000000087100000, 0x0000000087000000| Complete 
| 113|0x0000000087100000, 0x0000000087200000, 0x0000000087200000|100%| O|  |TAMS 0x0000000087200000, 0x0000000087100000| Untracked 
| 114|0x0000000087200000, 0x0000000087300000, 0x0000000087300000|100%| O|  |TAMS 0x0000000087300000, 0x0000000087200000| Untracked 
| 115|0x0000000087300000, 0x0000000087400000, 0x0000000087400000|100%| O|  |TAMS 0x0000000087400000, 0x0000000087300000| Untracked 
| 116|0x0000000087400000, 0x0000000087500000, 0x0000000087500000|100%| O|  |TAMS 0x0000000087500000, 0x0000000087400000| Untracked 
| 117|0x0000000087500000, 0x0000000087600000, 0x0000000087600000|100%| O|  |TAMS 0x0000000087600000, 0x0000000087500000| Untracked 
| 118|0x0000000087600000, 0x0000000087700000, 0x0000000087700000|100%| O|  |TAMS 0x0000000087700000, 0x0000000087600000| Untracked 
| 119|0x0000000087700000, 0x0000000087800000, 0x0000000087800000|100%| O|  |TAMS 0x0000000087800000, 0x0000000087700000| Untracked 
| 120|0x0000000087800000, 0x0000000087900000, 0x0000000087900000|100%| O|  |TAMS 0x0000000087900000, 0x0000000087800000| Untracked 
| 121|0x0000000087900000, 0x0000000087a00000, 0x0000000087a00000|100%| O|  |TAMS 0x0000000087a00000, 0x0000000087900000| Untracked 
| 122|0x0000000087a00000, 0x0000000087b00000, 0x0000000087b00000|100%| O|  |TAMS 0x0000000087b00000, 0x0000000087a00000| Untracked 
| 123|0x0000000087b00000, 0x0000000087c00000, 0x0000000087c00000|100%| O|  |TAMS 0x0000000087c00000, 0x0000000087b00000| Untracked 
| 124|0x0000000087c00000, 0x0000000087d00000, 0x0000000087d00000|100%| O|  |TAMS 0x0000000087d00000, 0x0000000087c00000| Untracked 
| 125|0x0000000087d00000, 0x0000000087e00000, 0x0000000087e00000|100%| O|  |TAMS 0x0000000087e00000, 0x0000000087d00000| Untracked 
| 126|0x0000000087e00000, 0x0000000087f00000, 0x0000000087f00000|100%| O|  |TAMS 0x0000000087f00000, 0x0000000087e00000| Untracked 
| 127|0x0000000087f00000, 0x0000000088000000, 0x0000000088000000|100%| O|  |TAMS 0x0000000088000000, 0x0000000087f00000| Untracked 
| 128|0x0000000088000000, 0x0000000088100000, 0x0000000088100000|100%| O|  |TAMS 0x0000000088100000, 0x0000000088000000| Untracked 
| 129|0x0000000088100000, 0x0000000088200000, 0x0000000088200000|100%| O|  |TAMS 0x0000000088200000, 0x0000000088100000| Untracked 
| 130|0x0000000088200000, 0x0000000088300000, 0x0000000088300000|100%| O|  |TAMS 0x0000000088300000, 0x0000000088200000| Untracked 
| 131|0x0000000088300000, 0x0000000088400000, 0x0000000088400000|100%| O|  |TAMS 0x0000000088400000, 0x0000000088300000| Untracked 
| 132|0x0000000088400000, 0x0000000088500000, 0x0000000088500000|100%| O|  |TAMS 0x0000000088500000, 0x0000000088400000| Untracked 
| 133|0x0000000088500000, 0x0000000088600000, 0x0000000088600000|100%| O|  |TAMS 0x0000000088600000, 0x0000000088500000| Untracked 
| 134|0x0000000088600000, 0x0000000088700000, 0x0000000088700000|100%| O|  |TAMS 0x0000000088700000, 0x0000000088600000| Untracked 
| 135|0x0000000088700000, 0x0000000088800000, 0x0000000088800000|100%| O|  |TAMS 0x0000000088800000, 0x0000000088700000| Untracked 
| 136|0x0000000088800000, 0x0000000088900000, 0x0000000088900000|100%| O|  |TAMS 0x0000000088900000, 0x0000000088800000| Untracked 
| 137|0x0000000088900000, 0x0000000088a00000, 0x0000000088a00000|100%| O|  |TAMS 0x0000000088a00000, 0x0000000088900000| Untracked 
| 138|0x0000000088a00000, 0x0000000088b00000, 0x0000000088b00000|100%| O|  |TAMS 0x0000000088b00000, 0x0000000088a00000| Untracked 
| 139|0x0000000088b00000, 0x0000000088c00000, 0x0000000088c00000|100%| O|  |TAMS 0x0000000088c00000, 0x0000000088b00000| Untracked 
| 140|0x0000000088c00000, 0x0000000088d00000, 0x0000000088d00000|100%| O|  |TAMS 0x0000000088d00000, 0x0000000088c00000| Untracked 
| 141|0x0000000088d00000, 0x0000000088e00000, 0x0000000088e00000|100%| O|  |TAMS 0x0000000088e00000, 0x0000000088d00000| Untracked 
| 142|0x0000000088e00000, 0x0000000088f00000, 0x0000000088f00000|100%| O|  |TAMS 0x0000000088f00000, 0x0000000088e00000| Untracked 
| 143|0x0000000088f00000, 0x0000000089000000, 0x0000000089000000|100%| O|  |TAMS 0x0000000089000000, 0x0000000088f00000| Untracked 
| 144|0x0000000089000000, 0x0000000089100000, 0x0000000089100000|100%| O|  |TAMS 0x0000000089100000, 0x0000000089000000| Untracked 
| 145|0x0000000089100000, 0x0000000089200000, 0x0000000089200000|100%| O|  |TAMS 0x0000000089200000, 0x0000000089100000| Untracked 
| 146|0x0000000089200000, 0x0000000089300000, 0x0000000089300000|100%| O|  |TAMS 0x0000000089300000, 0x0000000089200000| Untracked 
| 147|0x0000000089300000, 0x0000000089400000, 0x0000000089400000|100%| O|  |TAMS 0x0000000089400000, 0x0000000089300000| Untracked 
| 148|0x0000000089400000, 0x0000000089500000, 0x0000000089500000|100%| O|  |TAMS 0x0000000089500000, 0x0000000089400000| Untracked 
| 149|0x0000000089500000, 0x0000000089600000, 0x0000000089600000|100%| O|  |TAMS 0x0000000089600000, 0x0000000089500000| Untracked 
| 150|0x0000000089600000, 0x0000000089700000, 0x0000000089700000|100%| O|  |TAMS 0x0000000089700000, 0x0000000089600000| Untracked 
| 151|0x0000000089700000, 0x0000000089800000, 0x0000000089800000|100%| O|  |TAMS 0x0000000089800000, 0x0000000089700000| Untracked 
| 152|0x0000000089800000, 0x0000000089900000, 0x0000000089900000|100%| O|  |TAMS 0x0000000089900000, 0x0000000089800000| Untracked 
| 153|0x0000000089900000, 0x0000000089a00000, 0x0000000089a00000|100%| O|  |TAMS 0x0000000089a00000, 0x0000000089900000| Untracked 
| 154|0x0000000089a00000, 0x0000000089b00000, 0x0000000089b00000|100%| O|  |TAMS 0x0000000089aff200, 0x0000000089a00000| Untracked 
| 155|0x0000000089b00000, 0x0000000089c00000, 0x0000000089c00000|100%| O|  |TAMS 0x0000000089b00000, 0x0000000089b00000| Untracked 
| 156|0x0000000089c00000, 0x0000000089d00000, 0x0000000089d00000|100%| O|  |TAMS 0x0000000089c00000, 0x0000000089c00000| Untracked 
| 157|0x0000000089d00000, 0x0000000089e00000, 0x0000000089e00000|100%| O|  |TAMS 0x0000000089d00000, 0x0000000089d00000| Untracked 
| 158|0x0000000089e00000, 0x0000000089f00000, 0x0000000089f00000|100%| O|  |TAMS 0x0000000089e00000, 0x0000000089e00000| Untracked 
| 159|0x0000000089f00000, 0x000000008a000000, 0x000000008a000000|100%| O|  |TAMS 0x0000000089f00000, 0x0000000089f00000| Untracked 
| 160|0x000000008a000000, 0x000000008a100000, 0x000000008a100000|100%| O|  |TAMS 0x000000008a000000, 0x000000008a000000| Untracked 
| 161|0x000000008a100000, 0x000000008a200000, 0x000000008a200000|100%| O|  |TAMS 0x000000008a100000, 0x000000008a100000| Untracked 
| 162|0x000000008a200000, 0x000000008a300000, 0x000000008a300000|100%| O|  |TAMS 0x000000008a200000, 0x000000008a200000| Untracked 
| 163|0x000000008a300000, 0x000000008a3a6c00, 0x000000008a400000| 65%| O|  |TAMS 0x000000008a300000, 0x000000008a300000| Untracked 
| 164|0x000000008a400000, 0x000000008a400000, 0x000000008a500000|  0%| F|  |TAMS 0x000000008a400000, 0x000000008a400000| Untracked 
| 165|0x000000008a500000, 0x000000008a500000, 0x000000008a600000|  0%| F|  |TAMS 0x000000008a500000, 0x000000008a500000| Untracked 
| 166|0x000000008a600000, 0x000000008a600000, 0x000000008a700000|  0%| F|  |TAMS 0x000000008a600000, 0x000000008a600000| Untracked 
| 167|0x000000008a700000, 0x000000008a700000, 0x000000008a800000|  0%| F|  |TAMS 0x000000008a700000, 0x000000008a700000| Untracked 
| 168|0x000000008a800000, 0x000000008a800000, 0x000000008a900000|  0%| F|  |TAMS 0x000000008a800000, 0x000000008a800000| Untracked 
| 169|0x000000008a900000, 0x000000008a900000, 0x000000008aa00000|  0%| F|  |TAMS 0x000000008a900000, 0x000000008a900000| Untracked 
| 170|0x000000008aa00000, 0x000000008aa00000, 0x000000008ab00000|  0%| F|  |TAMS 0x000000008aa00000, 0x000000008aa00000| Untracked 
| 171|0x000000008ab00000, 0x000000008ab00000, 0x000000008ac00000|  0%| F|  |TAMS 0x000000008ab00000, 0x000000008ab00000| Untracked 
| 172|0x000000008ac00000, 0x000000008ac00000, 0x000000008ad00000|  0%| F|  |TAMS 0x000000008ac00000, 0x000000008ac00000| Untracked 
| 173|0x000000008ad00000, 0x000000008ad00000, 0x000000008ae00000|  0%| F|  |TAMS 0x000000008ad00000, 0x000000008ad00000| Untracked 
| 174|0x000000008ae00000, 0x000000008ae00000, 0x000000008af00000|  0%| F|  |TAMS 0x000000008ae00000, 0x000000008ae00000| Untracked 
| 175|0x000000008af00000, 0x000000008af00000, 0x000000008b000000|  0%| F|  |TAMS 0x000000008af00000, 0x000000008af00000| Untracked 
| 176|0x000000008b000000, 0x000000008b000000, 0x000000008b100000|  0%| F|  |TAMS 0x000000008b000000, 0x000000008b000000| Untracked 
| 177|0x000000008b100000, 0x000000008b100000, 0x000000008b200000|  0%| F|  |TAMS 0x000000008b100000, 0x000000008b100000| Untracked 
| 178|0x000000008b200000, 0x000000008b200000, 0x000000008b300000|  0%| F|  |TAMS 0x000000008b200000, 0x000000008b200000| Untracked 
| 179|0x000000008b300000, 0x000000008b300000, 0x000000008b400000|  0%| F|  |TAMS 0x000000008b300000, 0x000000008b300000| Untracked 
| 180|0x000000008b400000, 0x000000008b400000, 0x000000008b500000|  0%| F|  |TAMS 0x000000008b400000, 0x000000008b400000| Untracked 
| 181|0x000000008b500000, 0x000000008b500000, 0x000000008b600000|  0%| F|  |TAMS 0x000000008b500000, 0x000000008b500000| Untracked 
| 182|0x000000008b600000, 0x000000008b600000, 0x000000008b700000|  0%| F|  |TAMS 0x000000008b600000, 0x000000008b600000| Untracked 
| 183|0x000000008b700000, 0x000000008b700000, 0x000000008b800000|  0%| F|  |TAMS 0x000000008b700000, 0x000000008b700000| Untracked 
| 184|0x000000008b800000, 0x000000008b800000, 0x000000008b900000|  0%| F|  |TAMS 0x000000008b800000, 0x000000008b800000| Untracked 
| 185|0x000000008b900000, 0x000000008b900000, 0x000000008ba00000|  0%| F|  |TAMS 0x000000008b900000, 0x000000008b900000| Untracked 
| 186|0x000000008ba00000, 0x000000008ba00000, 0x000000008bb00000|  0%| F|  |TAMS 0x000000008ba00000, 0x000000008ba00000| Untracked 
| 187|0x000000008bb00000, 0x000000008bb00000, 0x000000008bc00000|  0%| F|  |TAMS 0x000000008bb00000, 0x000000008bb00000| Untracked 
| 188|0x000000008bc00000, 0x000000008bc00000, 0x000000008bd00000|  0%| F|  |TAMS 0x000000008bc00000, 0x000000008bc00000| Untracked 
| 189|0x000000008bd00000, 0x000000008bd00000, 0x000000008be00000|  0%| F|  |TAMS 0x000000008bd00000, 0x000000008bd00000| Untracked 
| 190|0x000000008be00000, 0x000000008be00000, 0x000000008bf00000|  0%| F|  |TAMS 0x000000008be00000, 0x000000008be00000| Untracked 
| 191|0x000000008bf00000, 0x000000008bf00000, 0x000000008c000000|  0%| F|  |TAMS 0x000000008bf00000, 0x000000008bf00000| Untracked 
| 192|0x000000008c000000, 0x000000008c000000, 0x000000008c100000|  0%| F|  |TAMS 0x000000008c000000, 0x000000008c000000| Untracked 
| 193|0x000000008c100000, 0x000000008c100000, 0x000000008c200000|  0%| F|  |TAMS 0x000000008c100000, 0x000000008c100000| Untracked 
| 194|0x000000008c200000, 0x000000008c200000, 0x000000008c300000|  0%| F|  |TAMS 0x000000008c200000, 0x000000008c200000| Untracked 
| 195|0x000000008c300000, 0x000000008c300000, 0x000000008c400000|  0%| F|  |TAMS 0x000000008c300000, 0x000000008c300000| Untracked 
| 196|0x000000008c400000, 0x000000008c400000, 0x000000008c500000|  0%| F|  |TAMS 0x000000008c400000, 0x000000008c400000| Untracked 
| 197|0x000000008c500000, 0x000000008c500000, 0x000000008c600000|  0%| F|  |TAMS 0x000000008c500000, 0x000000008c500000| Untracked 
| 198|0x000000008c600000, 0x000000008c600000, 0x000000008c700000|  0%| F|  |TAMS 0x000000008c600000, 0x000000008c600000| Untracked 
| 199|0x000000008c700000, 0x000000008c700000, 0x000000008c800000|  0%| F|  |TAMS 0x000000008c700000, 0x000000008c700000| Untracked 
| 200|0x000000008c800000, 0x000000008c800000, 0x000000008c900000|  0%| F|  |TAMS 0x000000008c800000, 0x000000008c800000| Untracked 
| 201|0x000000008c900000, 0x000000008c900000, 0x000000008ca00000|  0%| F|  |TAMS 0x000000008c900000, 0x000000008c900000| Untracked 
| 202|0x000000008ca00000, 0x000000008ca00000, 0x000000008cb00000|  0%| F|  |TAMS 0x000000008ca00000, 0x000000008ca00000| Untracked 
| 203|0x000000008cb00000, 0x000000008cb00000, 0x000000008cc00000|  0%| F|  |TAMS 0x000000008cb00000, 0x000000008cb00000| Untracked 
| 204|0x000000008cc00000, 0x000000008cc00000, 0x000000008cd00000|  0%| F|  |TAMS 0x000000008cc00000, 0x000000008cc00000| Untracked 
| 205|0x000000008cd00000, 0x000000008cd00000, 0x000000008ce00000|  0%| F|  |TAMS 0x000000008cd00000, 0x000000008cd00000| Untracked 
| 206|0x000000008ce00000, 0x000000008ce00000, 0x000000008cf00000|  0%| F|  |TAMS 0x000000008ce00000, 0x000000008ce00000| Untracked 
| 207|0x000000008cf00000, 0x000000008cf00000, 0x000000008d000000|  0%| F|  |TAMS 0x000000008cf00000, 0x000000008cf00000| Untracked 
| 208|0x000000008d000000, 0x000000008d000000, 0x000000008d100000|  0%| F|  |TAMS 0x000000008d000000, 0x000000008d000000| Untracked 
| 209|0x000000008d100000, 0x000000008d100000, 0x000000008d200000|  0%| F|  |TAMS 0x000000008d100000, 0x000000008d100000| Untracked 
| 210|0x000000008d200000, 0x000000008d200000, 0x000000008d300000|  0%| F|  |TAMS 0x000000008d200000, 0x000000008d200000| Untracked 
| 211|0x000000008d300000, 0x000000008d300000, 0x000000008d400000|  0%| F|  |TAMS 0x000000008d300000, 0x000000008d300000| Untracked 
| 212|0x000000008d400000, 0x000000008d400000, 0x000000008d500000|  0%| F|  |TAMS 0x000000008d400000, 0x000000008d400000| Untracked 
| 213|0x000000008d500000, 0x000000008d500000, 0x000000008d600000|  0%| F|  |TAMS 0x000000008d500000, 0x000000008d500000| Untracked 
| 214|0x000000008d600000, 0x000000008d600000, 0x000000008d700000|  0%| F|  |TAMS 0x000000008d600000, 0x000000008d600000| Untracked 
| 215|0x000000008d700000, 0x000000008d700000, 0x000000008d800000|  0%| F|  |TAMS 0x000000008d700000, 0x000000008d700000| Untracked 
| 216|0x000000008d800000, 0x000000008d800000, 0x000000008d900000|  0%| F|  |TAMS 0x000000008d800000, 0x000000008d800000| Untracked 
| 217|0x000000008d900000, 0x000000008d900000, 0x000000008da00000|  0%| F|  |TAMS 0x000000008d900000, 0x000000008d900000| Untracked 
| 218|0x000000008da00000, 0x000000008da00000, 0x000000008db00000|  0%| F|  |TAMS 0x000000008da00000, 0x000000008da00000| Untracked 
| 219|0x000000008db00000, 0x000000008db00000, 0x000000008dc00000|  0%| F|  |TAMS 0x000000008db00000, 0x000000008db00000| Untracked 
| 220|0x000000008dc00000, 0x000000008dc00000, 0x000000008dd00000|  0%| F|  |TAMS 0x000000008dc00000, 0x000000008dc00000| Untracked 
| 221|0x000000008dd00000, 0x000000008dd00000, 0x000000008de00000|  0%| F|  |TAMS 0x000000008dd00000, 0x000000008dd00000| Untracked 
| 222|0x000000008de00000, 0x000000008df00000, 0x000000008df00000|100%| S|CS|TAMS 0x000000008de00000, 0x000000008de00000| Complete 
| 223|0x000000008df00000, 0x000000008e000000, 0x000000008e000000|100%| S|CS|TAMS 0x000000008df00000, 0x000000008df00000| Complete 
| 224|0x000000008e000000, 0x000000008e100000, 0x000000008e100000|100%| S|CS|TAMS 0x000000008e000000, 0x000000008e000000| Complete 
| 225|0x000000008e100000, 0x000000008e200000, 0x000000008e200000|100%| S|CS|TAMS 0x000000008e100000, 0x000000008e100000| Complete 
| 226|0x000000008e200000, 0x000000008e300000, 0x000000008e300000|100%| S|CS|TAMS 0x000000008e200000, 0x000000008e200000| Complete 
| 227|0x000000008e300000, 0x000000008e400000, 0x000000008e400000|100%| S|CS|TAMS 0x000000008e300000, 0x000000008e300000| Complete 
| 228|0x000000008e400000, 0x000000008e500000, 0x000000008e500000|100%| S|CS|TAMS 0x000000008e400000, 0x000000008e400000| Complete 
| 229|0x000000008e500000, 0x000000008e600000, 0x000000008e600000|100%| S|CS|TAMS 0x000000008e500000, 0x000000008e500000| Complete 
| 230|0x000000008e600000, 0x000000008e700000, 0x000000008e700000|100%| S|CS|TAMS 0x000000008e600000, 0x000000008e600000| Complete 
| 231|0x000000008e700000, 0x000000008e800000, 0x000000008e800000|100%| S|CS|TAMS 0x000000008e700000, 0x000000008e700000| Complete 
| 232|0x000000008e800000, 0x000000008e900000, 0x000000008e900000|100%| S|CS|TAMS 0x000000008e800000, 0x000000008e800000| Complete 
| 233|0x000000008e900000, 0x000000008e900000, 0x000000008ea00000|  0%| F|  |TAMS 0x000000008e900000, 0x000000008e900000| Untracked 
| 234|0x000000008ea00000, 0x000000008ea00000, 0x000000008eb00000|  0%| F|  |TAMS 0x000000008ea00000, 0x000000008ea00000| Untracked 
| 235|0x000000008eb00000, 0x000000008eb00000, 0x000000008ec00000|  0%| F|  |TAMS 0x000000008eb00000, 0x000000008eb00000| Untracked 
| 236|0x000000008ec00000, 0x000000008ec00000, 0x000000008ed00000|  0%| F|  |TAMS 0x000000008ec00000, 0x000000008ec00000| Untracked 
| 237|0x000000008ed00000, 0x000000008ed00000, 0x000000008ee00000|  0%| F|  |TAMS 0x000000008ed00000, 0x000000008ed00000| Untracked 
| 238|0x000000008ee00000, 0x000000008ee00000, 0x000000008ef00000|  0%| F|  |TAMS 0x000000008ee00000, 0x000000008ee00000| Untracked 
| 239|0x000000008ef00000, 0x000000008ef00000, 0x000000008f000000|  0%| F|  |TAMS 0x000000008ef00000, 0x000000008ef00000| Untracked 
| 240|0x000000008f000000, 0x000000008f000000, 0x000000008f100000|  0%| F|  |TAMS 0x000000008f000000, 0x000000008f000000| Untracked 
| 241|0x000000008f100000, 0x000000008f100000, 0x000000008f200000|  0%| F|  |TAMS 0x000000008f100000, 0x000000008f100000| Untracked 
| 242|0x000000008f200000, 0x000000008f200000, 0x000000008f300000|  0%| F|  |TAMS 0x000000008f200000, 0x000000008f200000| Untracked 
| 243|0x000000008f300000, 0x000000008f300000, 0x000000008f400000|  0%| F|  |TAMS 0x000000008f300000, 0x000000008f300000| Untracked 
| 244|0x000000008f400000, 0x000000008f400000, 0x000000008f500000|  0%| F|  |TAMS 0x000000008f400000, 0x000000008f400000| Untracked 
| 245|0x000000008f500000, 0x000000008f500000, 0x000000008f600000|  0%| F|  |TAMS 0x000000008f500000, 0x000000008f500000| Untracked 
| 246|0x000000008f600000, 0x000000008f600000, 0x000000008f700000|  0%| F|  |TAMS 0x000000008f600000, 0x000000008f600000| Untracked 
| 247|0x000000008f700000, 0x000000008f700000, 0x000000008f800000|  0%| F|  |TAMS 0x000000008f700000, 0x000000008f700000| Untracked 
| 248|0x000000008f800000, 0x000000008f800000, 0x000000008f900000|  0%| F|  |TAMS 0x000000008f800000, 0x000000008f800000| Untracked 
| 249|0x000000008f900000, 0x000000008f900000, 0x000000008fa00000|  0%| F|  |TAMS 0x000000008f900000, 0x000000008f900000| Untracked 
| 250|0x000000008fa00000, 0x000000008fa00000, 0x000000008fb00000|  0%| F|  |TAMS 0x000000008fa00000, 0x000000008fa00000| Untracked 
| 251|0x000000008fb00000, 0x000000008fb00000, 0x000000008fc00000|  0%| F|  |TAMS 0x000000008fb00000, 0x000000008fb00000| Untracked 
| 252|0x000000008fc00000, 0x000000008fc00000, 0x000000008fd00000|  0%| F|  |TAMS 0x000000008fc00000, 0x000000008fc00000| Untracked 
| 253|0x000000008fd00000, 0x000000008fd00000, 0x000000008fe00000|  0%| F|  |TAMS 0x000000008fd00000, 0x000000008fd00000| Untracked 
| 254|0x000000008fe00000, 0x000000008fe00000, 0x000000008ff00000|  0%| F|  |TAMS 0x000000008fe00000, 0x000000008fe00000| Untracked 
| 255|0x000000008ff00000, 0x000000008ff00000, 0x0000000090000000|  0%| F|  |TAMS 0x000000008ff00000, 0x000000008ff00000| Untracked 
| 256|0x0000000090000000, 0x0000000090000000, 0x0000000090100000|  0%| F|  |TAMS 0x0000000090000000, 0x0000000090000000| Untracked 
| 257|0x0000000090100000, 0x0000000090100000, 0x0000000090200000|  0%| F|  |TAMS 0x0000000090100000, 0x0000000090100000| Untracked 
| 258|0x0000000090200000, 0x0000000090200000, 0x0000000090300000|  0%| F|  |TAMS 0x0000000090200000, 0x0000000090200000| Untracked 
| 259|0x0000000090300000, 0x0000000090300000, 0x0000000090400000|  0%| F|  |TAMS 0x0000000090300000, 0x0000000090300000| Untracked 
| 260|0x0000000090400000, 0x0000000090400000, 0x0000000090500000|  0%| F|  |TAMS 0x0000000090400000, 0x0000000090400000| Untracked 
| 261|0x0000000090500000, 0x0000000090500000, 0x0000000090600000|  0%| F|  |TAMS 0x0000000090500000, 0x0000000090500000| Untracked 
| 262|0x0000000090600000, 0x0000000090680800, 0x0000000090700000| 50%| E|  |TAMS 0x0000000090600000, 0x0000000090600000| Complete 
| 263|0x0000000090700000, 0x0000000090800000, 0x0000000090800000|100%| E|CS|TAMS 0x0000000090700000, 0x0000000090700000| Complete 
| 264|0x0000000090800000, 0x0000000090900000, 0x0000000090900000|100%| E|CS|TAMS 0x0000000090800000, 0x0000000090800000| Complete 
| 265|0x0000000090900000, 0x0000000090a00000, 0x0000000090a00000|100%| E|CS|TAMS 0x0000000090900000, 0x0000000090900000| Complete 
| 266|0x0000000090a00000, 0x0000000090b00000, 0x0000000090b00000|100%| E|CS|TAMS 0x0000000090a00000, 0x0000000090a00000| Complete 
| 267|0x0000000090b00000, 0x0000000090c00000, 0x0000000090c00000|100%| E|CS|TAMS 0x0000000090b00000, 0x0000000090b00000| Complete 
| 268|0x0000000090c00000, 0x0000000090d00000, 0x0000000090d00000|100%| E|CS|TAMS 0x0000000090c00000, 0x0000000090c00000| Complete 
| 269|0x0000000090d00000, 0x0000000090e00000, 0x0000000090e00000|100%| E|CS|TAMS 0x0000000090d00000, 0x0000000090d00000| Complete 
| 270|0x0000000090e00000, 0x0000000090f00000, 0x0000000090f00000|100%| E|CS|TAMS 0x0000000090e00000, 0x0000000090e00000| Complete 
| 271|0x0000000090f00000, 0x0000000091000000, 0x0000000091000000|100%| E|CS|TAMS 0x0000000090f00000, 0x0000000090f00000| Complete 
| 272|0x0000000091000000, 0x0000000091100000, 0x0000000091100000|100%| E|CS|TAMS 0x0000000091000000, 0x0000000091000000| Complete 
| 273|0x0000000091100000, 0x0000000091200000, 0x0000000091200000|100%| E|CS|TAMS 0x0000000091100000, 0x0000000091100000| Complete 
| 274|0x0000000091200000, 0x0000000091300000, 0x0000000091300000|100%| E|CS|TAMS 0x0000000091200000, 0x0000000091200000| Complete 
| 275|0x0000000091300000, 0x0000000091400000, 0x0000000091400000|100%| E|CS|TAMS 0x0000000091300000, 0x0000000091300000| Complete 
| 276|0x0000000091400000, 0x0000000091500000, 0x0000000091500000|100%| E|CS|TAMS 0x0000000091400000, 0x0000000091400000| Complete 
| 277|0x0000000091500000, 0x0000000091600000, 0x0000000091600000|100%| E|CS|TAMS 0x0000000091500000, 0x0000000091500000| Complete 
| 278|0x0000000091600000, 0x0000000091700000, 0x0000000091700000|100%| E|CS|TAMS 0x0000000091600000, 0x0000000091600000| Complete 
| 279|0x0000000091700000, 0x0000000091800000, 0x0000000091800000|100%| E|CS|TAMS 0x0000000091700000, 0x0000000091700000| Complete 
| 280|0x0000000091800000, 0x0000000091900000, 0x0000000091900000|100%| E|CS|TAMS 0x0000000091800000, 0x0000000091800000| Complete 
| 281|0x0000000091900000, 0x0000000091a00000, 0x0000000091a00000|100%| E|CS|TAMS 0x0000000091900000, 0x0000000091900000| Complete 
| 282|0x0000000091a00000, 0x0000000091b00000, 0x0000000091b00000|100%| E|CS|TAMS 0x0000000091a00000, 0x0000000091a00000| Complete 
| 283|0x0000000091b00000, 0x0000000091c00000, 0x0000000091c00000|100%| E|CS|TAMS 0x0000000091b00000, 0x0000000091b00000| Complete 
| 284|0x0000000091c00000, 0x0000000091d00000, 0x0000000091d00000|100%| E|CS|TAMS 0x0000000091c00000, 0x0000000091c00000| Complete 
| 285|0x0000000091d00000, 0x0000000091e00000, 0x0000000091e00000|100%| E|CS|TAMS 0x0000000091d00000, 0x0000000091d00000| Complete 
| 286|0x0000000091e00000, 0x0000000091f00000, 0x0000000091f00000|100%| E|CS|TAMS 0x0000000091e00000, 0x0000000091e00000| Complete 
| 287|0x0000000091f00000, 0x0000000092000000, 0x0000000092000000|100%| E|CS|TAMS 0x0000000091f00000, 0x0000000091f00000| Complete 
| 288|0x0000000092000000, 0x0000000092100000, 0x0000000092100000|100%| E|CS|TAMS 0x0000000092000000, 0x0000000092000000| Complete 
| 289|0x0000000092100000, 0x0000000092200000, 0x0000000092200000|100%| E|CS|TAMS 0x0000000092100000, 0x0000000092100000| Complete 
| 290|0x0000000092200000, 0x0000000092300000, 0x0000000092300000|100%| E|CS|TAMS 0x0000000092200000, 0x0000000092200000| Complete 
| 291|0x0000000092300000, 0x0000000092400000, 0x0000000092400000|100%| E|CS|TAMS 0x0000000092300000, 0x0000000092300000| Complete 
| 292|0x0000000092400000, 0x0000000092500000, 0x0000000092500000|100%| E|CS|TAMS 0x0000000092400000, 0x0000000092400000| Complete 
| 293|0x0000000092500000, 0x0000000092600000, 0x0000000092600000|100%| E|CS|TAMS 0x0000000092500000, 0x0000000092500000| Complete 
| 294|0x0000000092600000, 0x0000000092700000, 0x0000000092700000|100%| E|CS|TAMS 0x0000000092600000, 0x0000000092600000| Complete 
| 295|0x0000000092700000, 0x0000000092800000, 0x0000000092800000|100%| E|CS|TAMS 0x0000000092700000, 0x0000000092700000| Complete 
| 296|0x0000000092800000, 0x0000000092900000, 0x0000000092900000|100%| E|CS|TAMS 0x0000000092800000, 0x0000000092800000| Complete 
| 297|0x0000000092900000, 0x0000000092a00000, 0x0000000092a00000|100%| E|CS|TAMS 0x0000000092900000, 0x0000000092900000| Complete 
| 298|0x0000000092a00000, 0x0000000092b00000, 0x0000000092b00000|100%| E|CS|TAMS 0x0000000092a00000, 0x0000000092a00000| Complete 
| 299|0x0000000092b00000, 0x0000000092c00000, 0x0000000092c00000|100%| E|CS|TAMS 0x0000000092b00000, 0x0000000092b00000| Complete 
| 300|0x0000000092c00000, 0x0000000092d00000, 0x0000000092d00000|100%| E|CS|TAMS 0x0000000092c00000, 0x0000000092c00000| Complete 
| 301|0x0000000092d00000, 0x0000000092e00000, 0x0000000092e00000|100%| E|CS|TAMS 0x0000000092d00000, 0x0000000092d00000| Complete 
| 302|0x0000000092e00000, 0x0000000092f00000, 0x0000000092f00000|100%| E|CS|TAMS 0x0000000092e00000, 0x0000000092e00000| Complete 
| 303|0x0000000092f00000, 0x0000000093000000, 0x0000000093000000|100%| E|CS|TAMS 0x0000000092f00000, 0x0000000092f00000| Complete 
| 304|0x0000000093000000, 0x0000000093100000, 0x0000000093100000|100%| E|CS|TAMS 0x0000000093000000, 0x0000000093000000| Complete 
| 305|0x0000000093100000, 0x0000000093200000, 0x0000000093200000|100%| E|CS|TAMS 0x0000000093100000, 0x0000000093100000| Complete 
| 306|0x0000000093200000, 0x0000000093300000, 0x0000000093300000|100%| E|CS|TAMS 0x0000000093200000, 0x0000000093200000| Complete 
| 307|0x0000000093300000, 0x0000000093400000, 0x0000000093400000|100%| E|CS|TAMS 0x0000000093300000, 0x0000000093300000| Complete 
| 308|0x0000000093400000, 0x0000000093500000, 0x0000000093500000|100%| E|CS|TAMS 0x0000000093400000, 0x0000000093400000| Complete 
| 309|0x0000000093500000, 0x0000000093600000, 0x0000000093600000|100%| E|CS|TAMS 0x0000000093500000, 0x0000000093500000| Complete 
| 310|0x0000000093600000, 0x0000000093700000, 0x0000000093700000|100%| E|CS|TAMS 0x0000000093600000, 0x0000000093600000| Complete 
| 311|0x0000000093700000, 0x0000000093800000, 0x0000000093800000|100%| E|CS|TAMS 0x0000000093700000, 0x0000000093700000| Complete 
| 312|0x0000000093800000, 0x0000000093900000, 0x0000000093900000|100%| E|CS|TAMS 0x0000000093800000, 0x0000000093800000| Complete 
| 313|0x0000000093900000, 0x0000000093a00000, 0x0000000093a00000|100%| E|CS|TAMS 0x0000000093900000, 0x0000000093900000| Complete 
| 314|0x0000000093a00000, 0x0000000093b00000, 0x0000000093b00000|100%| E|CS|TAMS 0x0000000093a00000, 0x0000000093a00000| Complete 
| 315|0x0000000093b00000, 0x0000000093c00000, 0x0000000093c00000|100%| E|CS|TAMS 0x0000000093b00000, 0x0000000093b00000| Complete 
| 316|0x0000000093c00000, 0x0000000093d00000, 0x0000000093d00000|100%| E|CS|TAMS 0x0000000093c00000, 0x0000000093c00000| Complete 
| 317|0x0000000093d00000, 0x0000000093e00000, 0x0000000093e00000|100%| E|CS|TAMS 0x0000000093d00000, 0x0000000093d00000| Complete 
| 318|0x0000000093e00000, 0x0000000093f00000, 0x0000000093f00000|100%| E|CS|TAMS 0x0000000093e00000, 0x0000000093e00000| Complete 
| 319|0x0000000093f00000, 0x0000000094000000, 0x0000000094000000|100%| E|CS|TAMS 0x0000000093f00000, 0x0000000093f00000| Complete 
| 320|0x0000000094000000, 0x0000000094100000, 0x0000000094100000|100%| E|CS|TAMS 0x0000000094000000, 0x0000000094000000| Complete 
| 321|0x0000000094100000, 0x0000000094200000, 0x0000000094200000|100%| E|CS|TAMS 0x0000000094100000, 0x0000000094100000| Complete 
| 322|0x0000000094200000, 0x0000000094300000, 0x0000000094300000|100%| E|CS|TAMS 0x0000000094200000, 0x0000000094200000| Complete 
| 323|0x0000000094300000, 0x0000000094400000, 0x0000000094400000|100%| E|CS|TAMS 0x0000000094300000, 0x0000000094300000| Complete 
| 324|0x0000000094400000, 0x0000000094500000, 0x0000000094500000|100%| E|CS|TAMS 0x0000000094400000, 0x0000000094400000| Complete 
| 325|0x0000000094500000, 0x0000000094600000, 0x0000000094600000|100%| E|CS|TAMS 0x0000000094500000, 0x0000000094500000| Complete 
| 326|0x0000000094600000, 0x0000000094700000, 0x0000000094700000|100%| E|CS|TAMS 0x0000000094600000, 0x0000000094600000| Complete 
| 327|0x0000000094700000, 0x0000000094800000, 0x0000000094800000|100%| E|CS|TAMS 0x0000000094700000, 0x0000000094700000| Complete 
| 328|0x0000000094800000, 0x0000000094900000, 0x0000000094900000|100%| E|CS|TAMS 0x0000000094800000, 0x0000000094800000| Complete 
| 329|0x0000000094900000, 0x0000000094a00000, 0x0000000094a00000|100%| E|CS|TAMS 0x0000000094900000, 0x0000000094900000| Complete 
| 330|0x0000000094a00000, 0x0000000094b00000, 0x0000000094b00000|100%| E|CS|TAMS 0x0000000094a00000, 0x0000000094a00000| Complete 
| 331|0x0000000094b00000, 0x0000000094c00000, 0x0000000094c00000|100%| E|CS|TAMS 0x0000000094b00000, 0x0000000094b00000| Complete 
| 332|0x0000000094c00000, 0x0000000094d00000, 0x0000000094d00000|100%| E|CS|TAMS 0x0000000094c00000, 0x0000000094c00000| Complete 
| 333|0x0000000094d00000, 0x0000000094e00000, 0x0000000094e00000|100%| E|CS|TAMS 0x0000000094d00000, 0x0000000094d00000| Complete 
| 334|0x0000000094e00000, 0x0000000094f00000, 0x0000000094f00000|100%| E|CS|TAMS 0x0000000094e00000, 0x0000000094e00000| Complete 
| 335|0x0000000094f00000, 0x0000000095000000, 0x0000000095000000|100%| E|CS|TAMS 0x0000000094f00000, 0x0000000094f00000| Complete 
| 336|0x0000000095000000, 0x0000000095100000, 0x0000000095100000|100%| E|CS|TAMS 0x0000000095000000, 0x0000000095000000| Complete 
| 337|0x0000000095100000, 0x0000000095200000, 0x0000000095200000|100%| E|CS|TAMS 0x0000000095100000, 0x0000000095100000| Complete 
| 338|0x0000000095200000, 0x0000000095300000, 0x0000000095300000|100%| E|CS|TAMS 0x0000000095200000, 0x0000000095200000| Complete 
| 339|0x0000000095300000, 0x0000000095400000, 0x0000000095400000|100%| E|CS|TAMS 0x0000000095300000, 0x0000000095300000| Complete 
| 340|0x0000000095400000, 0x0000000095500000, 0x0000000095500000|100%| E|CS|TAMS 0x0000000095400000, 0x0000000095400000| Complete 
| 341|0x0000000095500000, 0x0000000095600000, 0x0000000095600000|100%| E|CS|TAMS 0x0000000095500000, 0x0000000095500000| Complete 
| 342|0x0000000095600000, 0x0000000095700000, 0x0000000095700000|100%| E|CS|TAMS 0x0000000095600000, 0x0000000095600000| Complete 
| 343|0x0000000095700000, 0x0000000095800000, 0x0000000095800000|100%| E|CS|TAMS 0x0000000095700000, 0x0000000095700000| Complete 
| 344|0x0000000095800000, 0x0000000095900000, 0x0000000095900000|100%| E|CS|TAMS 0x0000000095800000, 0x0000000095800000| Complete 
| 345|0x0000000095900000, 0x0000000095a00000, 0x0000000095a00000|100%| E|CS|TAMS 0x0000000095900000, 0x0000000095900000| Complete 
| 346|0x0000000095a00000, 0x0000000095b00000, 0x0000000095b00000|100%| E|CS|TAMS 0x0000000095a00000, 0x0000000095a00000| Complete 
| 347|0x0000000095b00000, 0x0000000095c00000, 0x0000000095c00000|100%| E|CS|TAMS 0x0000000095b00000, 0x0000000095b00000| Complete 
| 348|0x0000000095c00000, 0x0000000095d00000, 0x0000000095d00000|100%| E|CS|TAMS 0x0000000095c00000, 0x0000000095c00000| Complete 
| 349|0x0000000095d00000, 0x0000000095e00000, 0x0000000095e00000|100%| E|CS|TAMS 0x0000000095d00000, 0x0000000095d00000| Complete 
| 350|0x0000000095e00000, 0x0000000095f00000, 0x0000000095f00000|100%| E|CS|TAMS 0x0000000095e00000, 0x0000000095e00000| Complete 
| 351|0x0000000095f00000, 0x0000000096000000, 0x0000000096000000|100%| E|CS|TAMS 0x0000000095f00000, 0x0000000095f00000| Complete 
| 352|0x0000000096000000, 0x0000000096100000, 0x0000000096100000|100%| E|CS|TAMS 0x0000000096000000, 0x0000000096000000| Complete 
| 353|0x0000000096100000, 0x0000000096200000, 0x0000000096200000|100%| E|CS|TAMS 0x0000000096100000, 0x0000000096100000| Complete 
| 354|0x0000000096200000, 0x0000000096300000, 0x0000000096300000|100%| E|CS|TAMS 0x0000000096200000, 0x0000000096200000| Complete 
| 355|0x0000000096300000, 0x0000000096400000, 0x0000000096400000|100%| E|CS|TAMS 0x0000000096300000, 0x0000000096300000| Complete 
| 356|0x0000000096400000, 0x0000000096500000, 0x0000000096500000|100%| E|CS|TAMS 0x0000000096400000, 0x0000000096400000| Complete 
| 357|0x0000000096500000, 0x0000000096600000, 0x0000000096600000|100%| E|CS|TAMS 0x0000000096500000, 0x0000000096500000| Complete 
| 358|0x0000000096600000, 0x0000000096700000, 0x0000000096700000|100%| E|CS|TAMS 0x0000000096600000, 0x0000000096600000| Complete 
| 359|0x0000000096700000, 0x0000000096800000, 0x0000000096800000|100%| E|CS|TAMS 0x0000000096700000, 0x0000000096700000| Complete 
| 360|0x0000000096800000, 0x0000000096900000, 0x0000000096900000|100%| E|CS|TAMS 0x0000000096800000, 0x0000000096800000| Complete 
| 361|0x0000000096900000, 0x0000000096a00000, 0x0000000096a00000|100%| E|CS|TAMS 0x0000000096900000, 0x0000000096900000| Complete 
| 362|0x0000000096a00000, 0x0000000096b00000, 0x0000000096b00000|100%| E|CS|TAMS 0x0000000096a00000, 0x0000000096a00000| Complete 
| 363|0x0000000096b00000, 0x0000000096c00000, 0x0000000096c00000|100%| E|CS|TAMS 0x0000000096b00000, 0x0000000096b00000| Complete 
| 364|0x0000000096c00000, 0x0000000096d00000, 0x0000000096d00000|100%| E|CS|TAMS 0x0000000096c00000, 0x0000000096c00000| Complete 
| 365|0x0000000096d00000, 0x0000000096e00000, 0x0000000096e00000|100%| E|CS|TAMS 0x0000000096d00000, 0x0000000096d00000| Complete 
| 366|0x0000000096e00000, 0x0000000096f00000, 0x0000000096f00000|100%| E|CS|TAMS 0x0000000096e00000, 0x0000000096e00000| Complete 
| 367|0x0000000096f00000, 0x0000000097000000, 0x0000000097000000|100%| E|CS|TAMS 0x0000000096f00000, 0x0000000096f00000| Complete 
| 368|0x0000000097000000, 0x0000000097100000, 0x0000000097100000|100%| E|CS|TAMS 0x0000000097000000, 0x0000000097000000| Complete 

Card table byte_map: [0x000001dd774d0000,0x000001dd778d0000] _byte_map_base: 0x000001dd770d0000

Marking Bits (Prev, Next): (CMBitMap*) 0x000001dd73798920, (CMBitMap*) 0x000001dd737988e8
 Prev Bits: [0x000001dd79cd0000, 0x000001dd7bcd0000)
 Next Bits: [0x000001dd77cd0000, 0x000001dd79cd0000)

Polling page: 0x000001dd71620000

Metaspace:

Usage:
  Non-class:    113.87 MB capacity,   111.57 MB ( 98%) used,     1.94 MB (  2%) free+waste,   366.56 KB ( <1%) overhead. 
      Class:     16.76 MB capacity,    15.59 MB ( 93%) used,     1.01 MB (  6%) free+waste,   162.50 KB ( <1%) overhead. 
       Both:    130.63 MB capacity,   127.17 MB ( 97%) used,     2.95 MB (  2%) free+waste,   529.06 KB ( <1%) overhead. 

Virtual space:
  Non-class space:      114.00 MB reserved,     113.90 MB (>99%) committed 
      Class space:        1.00 GB reserved,      16.88 MB (  2%) committed 
             Both:        1.11 GB reserved,     130.78 MB ( 11%) committed 

Chunk freelists:
   Non-Class:  32.00 KB
       Class:  0 bytes
        Both:  32.00 KB

MaxMetaspaceSize: 17179869184.00 GB
CompressedClassSpaceSize: 1.00 GB

CodeHeap 'non-profiled nmethods': size=120064Kb used=10689Kb max_used=10689Kb free=109374Kb
 bounds [0x000001dd07ac0000, 0x000001dd08540000, 0x000001dd0f000000]
CodeHeap 'profiled nmethods': size=120000Kb used=45605Kb max_used=45605Kb free=74394Kb
 bounds [0x000001dd00590000, 0x000001dd03240000, 0x000001dd07ac0000]
CodeHeap 'non-nmethods': size=5696Kb used=2375Kb max_used=2436Kb free=3320Kb
 bounds [0x000001dd00000000, 0x000001dd00270000, 0x000001dd00590000]
 total_blobs=19489 nmethods=18485 adapters=914
 compilation: enabled
              stopped_count=0, restarted_count=0
 full_count=0

Compilation events (20 events):
Event: 329.487 Thread 0x000001dd7eaf6800 21467       2       com.android.tools.r8.v.b.k1::a (179 bytes)
Event: 329.491 Thread 0x000001dd7eaf6800 nmethod 21467 0x000001dd03223910 code [0x000001dd03223ba0, 0x000001dd03224158]
Event: 329.491 Thread 0x000001dd7eaf6800 21468       2       com.android.tools.r8.w.a.a.a.f.X$e::contains (207 bytes)
Event: 329.493 Thread 0x000001dd7eaf6800 nmethod 21468 0x000001dd03224610 code [0x000001dd03224840, 0x000001dd03224d98]
Event: 329.499 Thread 0x000001dd7eaf6800 21469       2       com.android.tools.r8.code.L1::<init> (8 bytes)
Event: 329.499 Thread 0x000001dd7eaf6800 nmethod 21469 0x000001dd03225110 code [0x000001dd032252c0, 0x000001dd032253c8]
Event: 329.500 Thread 0x000001dd7eaf6800 21470       2       com.android.tools.r8.code.T1::<init> (8 bytes)
Event: 329.501 Thread 0x000001dd7eaf6800 nmethod 21470 0x000001dd03225490 code [0x000001dd03225640, 0x000001dd03225748]
Event: 329.539 Thread 0x000001dd7eaf6800 21471       2       java.util.ArrayDeque::newCapacity (62 bytes)
Event: 329.540 Thread 0x000001dd7eaf6800 nmethod 21471 0x000001dd03225810 code [0x000001dd032259e0, 0x000001dd03225c08]
Event: 329.607 Thread 0x000001dd7eaf6800 21472       2       com.android.tools.r8.v.b.s0::a (15 bytes)
Event: 329.608 Thread 0x000001dd7eaf6800 nmethod 21472 0x000001dd03225d10 code [0x000001dd03225ec0, 0x000001dd03225ff8]
Event: 329.650 Thread 0x000001dd7eaf6800 21474       2       com.android.tools.r8.code.Y0::<init> (42 bytes)
Event: 329.651 Thread 0x000001dd7eaf6800 nmethod 21474 0x000001dd03226110 code [0x000001dd032262c0, 0x000001dd032263b8]
Event: 329.651 Thread 0x000001dd7eaf6800 21475       2       com.android.tools.r8.code.Y0::hashCode (11 bytes)
Event: 329.651 Thread 0x000001dd7eaf6800 nmethod 21475 0x000001dd03226490 code [0x000001dd03226640, 0x000001dd03226768]
Event: 329.657 Thread 0x000001dd7eaf6800 21476       1       com.android.tools.r8.v.b.s0::u1 (2 bytes)
Event: 329.657 Thread 0x000001dd7eaf6800 nmethod 21476 0x000001dd080cb310 code [0x000001dd080cb4c0, 0x000001dd080cb578]
Event: 329.665 Thread 0x000001dd7eaf6800 21477       1       com.android.tools.r8.v.b.q1::W1 (3 bytes)
Event: 329.665 Thread 0x000001dd7eaf6800 nmethod 21477 0x000001dd080cb010 code [0x000001dd080cb1c0, 0x000001dd080cb278]

GC Heap History (20 events):
Event: 309.953 GC heap before
{Heap before GC invocations=110 (full 0):
 garbage-first heap   total 261120K, used 162242K [0x0000000080000000, 0x0000000100000000)
  region size 1024K, 12 young (12288K), 4 survivors (4096K)
 Metaspace       used 126620K, capacity 130064K, committed 130204K, reserved 1163264K
  class space    used 15663K, capacity 16807K, committed 16896K, reserved 1048576K
}
Event: 310.001 GC heap after
{Heap after GC invocations=111 (full 0):
 garbage-first heap   total 261120K, used 154563K [0x0000000080000000, 0x0000000100000000)
  region size 1024K, 2 young (2048K), 2 survivors (2048K)
 Metaspace       used 126620K, capacity 130064K, committed 130204K, reserved 1163264K
  class space    used 15663K, capacity 16807K, committed 16896K, reserved 1048576K
}
Event: 311.980 GC heap before
{Heap before GC invocations=111 (full 0):
 garbage-first heap   total 261120K, used 198595K [0x0000000080000000, 0x0000000100000000)
  region size 1024K, 45 young (46080K), 2 survivors (2048K)
 Metaspace       used 127640K, capacity 131056K, committed 131228K, reserved 1163264K
  class space    used 15732K, capacity 16875K, committed 16896K, reserved 1048576K
}
Event: 312.027 GC heap after
{Heap after GC invocations=112 (full 0):
 garbage-first heap   total 261120K, used 159114K [0x0000000080000000, 0x0000000100000000)
  region size 1024K, 6 young (6144K), 6 survivors (6144K)
 Metaspace       used 127640K, capacity 131056K, committed 131228K, reserved 1163264K
  class space    used 15732K, capacity 16875K, committed 16896K, reserved 1048576K
}
Event: 313.697 GC heap before
{Heap before GC invocations=112 (full 0):
 garbage-first heap   total 261120K, used 204170K [0x0000000080000000, 0x0000000100000000)
  region size 1024K, 50 young (51200K), 6 survivors (6144K)
 Metaspace       used 128092K, capacity 131548K, committed 131868K, reserved 1165312K
  class space    used 15759K, capacity 16909K, committed 17024K, reserved 1048576K
}
Event: 313.743 GC heap after
{Heap after GC invocations=113 (full 0):
 garbage-first heap   total 261120K, used 162002K [0x0000000080000000, 0x0000000100000000)
  region size 1024K, 4 young (4096K), 4 survivors (4096K)
 Metaspace       used 128092K, capacity 131548K, committed 131868K, reserved 1165312K
  class space    used 15759K, capacity 16909K, committed 17024K, reserved 1048576K
}
Event: 314.968 GC heap before
{Heap before GC invocations=113 (full 0):
 garbage-first heap   total 261120K, used 207058K [0x0000000080000000, 0x0000000100000000)
  region size 1024K, 48 young (49152K), 4 survivors (4096K)
 Metaspace       used 128252K, capacity 131757K, committed 132124K, reserved 1165312K
  class space    used 15760K, capacity 16911K, committed 17024K, reserved 1048576K
}
Event: 315.008 GC heap after
{Heap after GC invocations=114 (full 0):
 garbage-first heap   total 314368K, used 162962K [0x0000000080000000, 0x0000000100000000)
  region size 1024K, 5 young (5120K), 5 survivors (5120K)
 Metaspace       used 128252K, capacity 131757K, committed 132124K, reserved 1165312K
  class space    used 15760K, capacity 16911K, committed 17024K, reserved 1048576K
}
Event: 319.917 GC heap before
{Heap before GC invocations=115 (full 0):
 garbage-first heap   total 314368K, used 232594K [0x0000000080000000, 0x0000000100000000)
  region size 1024K, 73 young (74752K), 5 survivors (5120K)
 Metaspace       used 128634K, capacity 132101K, committed 132380K, reserved 1165312K
  class space    used 15770K, capacity 16935K, committed 17024K, reserved 1048576K
}
Event: 319.970 GC heap after
{Heap after GC invocations=116 (full 0):
 garbage-first heap   total 314368K, used 164207K [0x0000000080000000, 0x0000000100000000)
  region size 1024K, 6 young (6144K), 6 survivors (6144K)
 Metaspace       used 128634K, capacity 132101K, committed 132380K, reserved 1165312K
  class space    used 15770K, capacity 16935K, committed 17024K, reserved 1048576K
}
Event: 322.093 GC heap before
{Heap before GC invocations=116 (full 0):
 garbage-first heap   total 314368K, used 238959K [0x0000000080000000, 0x0000000100000000)
  region size 1024K, 79 young (80896K), 6 survivors (6144K)
 Metaspace       used 129512K, capacity 132993K, committed 133276K, reserved 1165312K
  class space    used 15888K, capacity 17062K, committed 17152K, reserved 1048576K
}
Event: 322.160 GC heap after
{Heap after GC invocations=117 (full 0):
 garbage-first heap   total 314368K, used 166094K [0x0000000080000000, 0x0000000100000000)
  region size 1024K, 5 young (5120K), 5 survivors (5120K)
 Metaspace       used 129512K, capacity 132993K, committed 133276K, reserved 1165312K
  class space    used 15888K, capacity 17062K, committed 17152K, reserved 1048576K
}
Event: 323.678 GC heap before
{Heap before GC invocations=117 (full 0):
 garbage-first heap   total 314368K, used 244942K [0x0000000080000000, 0x0000000100000000)
  region size 1024K, 83 young (84992K), 5 survivors (5120K)
 Metaspace       used 130044K, capacity 133596K, committed 133916K, reserved 1165312K
  class space    used 15950K, capacity 17153K, committed 17280K, reserved 1048576K
}
Event: 323.734 GC heap after
{Heap after GC invocations=118 (full 0):
 garbage-first heap   total 314368K, used 168677K [0x0000000080000000, 0x0000000100000000)
  region size 1024K, 8 young (8192K), 8 survivors (8192K)
 Metaspace       used 130044K, capacity 133596K, committed 133916K, reserved 1165312K
  class space    used 15950K, capacity 17153K, committed 17280K, reserved 1048576K
}
Event: 324.846 GC heap before
{Heap before GC invocations=118 (full 0):
 garbage-first heap   total 314368K, used 249573K [0x0000000080000000, 0x0000000100000000)
  region size 1024K, 88 young (90112K), 8 survivors (8192K)
 Metaspace       used 130092K, capacity 133665K, committed 133916K, reserved 1165312K
  class space    used 15950K, capacity 17153K, committed 17280K, reserved 1048576K
}
Event: 324.931 GC heap after
{Heap after GC invocations=119 (full 0):
 garbage-first heap   total 377856K, used 174307K [0x0000000080000000, 0x0000000100000000)
  region size 1024K, 11 young (11264K), 11 survivors (11264K)
 Metaspace       used 130092K, capacity 133665K, committed 133916K, reserved 1165312K
  class space    used 15950K, capacity 17153K, committed 17280K, reserved 1048576K
}
Event: 326.679 GC heap before
{Heap before GC invocations=119 (full 0):
 garbage-first heap   total 377856K, used 292067K [0x0000000080000000, 0x0000000100000000)
  region size 1024K, 126 young (129024K), 11 survivors (11264K)
 Metaspace       used 130131K, capacity 133680K, committed 133916K, reserved 1165312K
  class space    used 15954K, capacity 17156K, committed 17280K, reserved 1048576K
}
Event: 326.757 GC heap after
{Heap after GC invocations=120 (full 0):
 garbage-first heap   total 377856K, used 177251K [0x0000000080000000, 0x0000000100000000)
  region size 1024K, 10 young (10240K), 10 survivors (10240K)
 Metaspace       used 130131K, capacity 133680K, committed 133916K, reserved 1165312K
  class space    used 15954K, capacity 17156K, committed 17280K, reserved 1048576K
}
Event: 328.591 GC heap before
{Heap before GC invocations=120 (full 0):
 garbage-first heap   total 377856K, used 306275K [0x0000000080000000, 0x0000000100000000)
  region size 1024K, 136 young (139264K), 10 survivors (10240K)
 Metaspace       used 130184K, capacity 133766K, committed 133916K, reserved 1165312K
  class space    used 15960K, capacity 17162K, committed 17280K, reserved 1048576K
}
Event: 328.655 GC heap after
{Heap after GC invocations=121 (full 0):
 garbage-first heap   total 377856K, used 178843K [0x0000000080000000, 0x0000000100000000)
  region size 1024K, 11 young (11264K), 11 survivors (11264K)
 Metaspace       used 130184K, capacity 133766K, committed 133916K, reserved 1165312K
  class space    used 15960K, capacity 17162K, committed 17280K, reserved 1048576K
}

Deoptimization events (20 events):
Event: 329.387 Thread 0x000001dd0f9be000 DEOPT PACKING pc=0x000001dd01380ecd sp=0x000000a9678f91f0
Event: 329.388 Thread 0x000001dd0f9be000 DEOPT UNPACKING pc=0x000001dd000272ce sp=0x000000a9678f8698 mode 0
Event: 329.395 Thread 0x000001dd0f9c1800 Uncommon trap: trap_request=0xffffffbe fr.pc=0x000001dd0852563c relative=0x000000000000633c
Event: 329.395 Thread 0x000001dd0f9c1800 Uncommon trap: reason=profile_predicate action=maybe_recompile pc=0x000001dd0852563c method=com.android.tools.r8.ir.regalloc.a.a(Lcom/android/tools/r8/ir/regalloc/a$a;Z)Lcom/android/tools/r8/ir/regalloc/a$a; @ 988 c2
Event: 329.395 Thread 0x000001dd0f9c1800 DEOPT PACKING pc=0x000001dd0852563c sp=0x000000a9677f9310
Event: 329.396 Thread 0x000001dd0f9c1800 DEOPT UNPACKING pc=0x000001dd000274af sp=0x000000a9677f9338 mode 2
Event: 329.397 Thread 0x000001dd0f9c1800 Uncommon trap: trap_request=0xffffffbe fr.pc=0x000001dd0852563c relative=0x000000000000633c
Event: 329.397 Thread 0x000001dd0f9c1800 Uncommon trap: reason=profile_predicate action=maybe_recompile pc=0x000001dd0852563c method=com.android.tools.r8.ir.regalloc.a.a(Lcom/android/tools/r8/ir/regalloc/a$a;Z)Lcom/android/tools/r8/ir/regalloc/a$a; @ 988 c2
Event: 329.397 Thread 0x000001dd0f9c1800 DEOPT PACKING pc=0x000001dd0852563c sp=0x000000a9677f9310
Event: 329.397 Thread 0x000001dd0f9c1800 DEOPT UNPACKING pc=0x000001dd000274af sp=0x000000a9677f9338 mode 2
Event: 329.428 Thread 0x000001dd0f9c1800 Uncommon trap: trap_request=0xffffff4d fr.pc=0x000001dd07f5b4c8 relative=0x0000000000000988
Event: 329.428 Thread 0x000001dd0f9c1800 Uncommon trap: reason=unstable_if action=reinterpret pc=0x000001dd07f5b4c8 method=com.android.tools.r8.w.a.a.a.f.X$e.contains(Ljava/lang/Object;)Z @ 176 c2
Event: 329.428 Thread 0x000001dd0f9c1800 DEOPT PACKING pc=0x000001dd07f5b4c8 sp=0x000000a9677f9490
Event: 329.428 Thread 0x000001dd0f9c1800 DEOPT UNPACKING pc=0x000001dd000274af sp=0x000000a9677f9358 mode 2
Event: 329.461 Thread 0x000001dd0f9be000 DEOPT PACKING pc=0x000001dd01b9a771 sp=0x000000a9678f96f0
Event: 329.461 Thread 0x000001dd0f9be000 DEOPT UNPACKING pc=0x000001dd000272ce sp=0x000000a9678f8c58 mode 0
Event: 329.488 Thread 0x000001dd0f9c1800 Uncommon trap: trap_request=0xffffff4d fr.pc=0x000001dd07ec9428 relative=0x00000000000003c8
Event: 329.488 Thread 0x000001dd0f9c1800 Uncommon trap: reason=unstable_if action=reinterpret pc=0x000001dd07ec9428 method=com.android.tools.r8.w.a.a.a.f.X$e.contains(Ljava/lang/Object;)Z @ 176 c2
Event: 329.488 Thread 0x000001dd0f9c1800 DEOPT PACKING pc=0x000001dd07ec9428 sp=0x000000a9677f9410
Event: 329.488 Thread 0x000001dd0f9c1800 DEOPT UNPACKING pc=0x000001dd000274af sp=0x000000a9677f9388 mode 2

Classes redefined (0 events):
No events

Internal exceptions (20 events):
Event: 302.885 Thread 0x000001dd15cd9800 Exception <a 'sun/nio/fs/WindowsException'{0x000000008b2a2f28}> (0x000000008b2a2f28) thrown at [./src/hotspot/share/prims/jni.cpp, line 615]
Event: 302.886 Thread 0x000001dd15cd9800 Exception <a 'sun/nio/fs/WindowsException'{0x000000008b2a3208}> (0x000000008b2a3208) thrown at [./src/hotspot/share/prims/jni.cpp, line 615]
Event: 306.029 Thread 0x000001dd0f9bd800 Exception <a 'java/lang/NoSuchMethodError'{0x000000008d27beb8}: 'void java.lang.invoke.DirectMethodHandle$Holder.invokeSpecial(java.lang.Object, java.lang.Object, int, java.lang.Object)'> (0x000000008d27beb8) thrown at [./src/hotspot/share/interpreter/linkResolver.cpp, line 773]
Event: 306.145 Thread 0x000001dd0f9be000 Exception <a 'java/lang/NoSuchMethodError'{0x000000008cbf75d0}: 'int java.lang.invoke.DirectMethodHandle$Holder.invokeSpecial(java.lang.Object, java.lang.Object, java.lang.Object, java.lang.Object, java.lang.Object)'> (0x000000008cbf75d0) thrown at [./src/hotspot/share/interpreter/linkResolver.cpp, line 773]
Event: 306.428 Thread 0x000001dd0f9be000 Exception <a 'java/lang/NoSuchMethodError'{0x000000008bdb7528}: 'java.lang.Object java.lang.invoke.DirectMethodHandle$Holder.invokeVirtual(java.lang.Object, java.lang.Object, int, java.lang.Object)'> (0x000000008bdb7528) thrown at [./src/hotspot/share/interpreter/linkResolver.cpp, line 773]
Event: 306.428 Thread 0x000001dd0f9bd800 Exception <a 'java/lang/NoSuchMethodError'{0x000000008bf103d0}: 'java.lang.Object java.lang.invoke.DirectMethodHandle$Holder.invokeVirtual(java.lang.Object, java.lang.Object, int, java.lang.Object)'> (0x000000008bf103d0) thrown at [./src/hotspot/share/interpreter/linkResolver.cpp, line 773]
Event: 306.555 Thread 0x000001dd0f9be000 Exception <a 'java/lang/NoSuchMethodError'{0x000000008b9a4c50}: 'void java.lang.invoke.DirectMethodHandle$Holder.invokeVirtual(java.lang.Object, java.lang.Object, int, java.lang.Object)'> (0x000000008b9a4c50) thrown at [./src/hotspot/share/interpreter/linkResolver.cpp, line 773]
Event: 309.009 Thread 0x000001dd0f9bb000 Exception <a 'java/lang/NoSuchMethodError'{0x000000008be0fa08}: <clinit>> (0x000000008be0fa08) thrown at [./src/hotspot/share/prims/jni.cpp, line 1362]
Event: 309.013 Thread 0x000001dd0f9bb000 Exception <a 'java/lang/NoSuchMethodError'{0x000000008be2ec50}: <clinit>> (0x000000008be2ec50) thrown at [./src/hotspot/share/prims/jni.cpp, line 1362]
Event: 309.563 Thread 0x000001dd0f9be000 Exception <a 'java/lang/NoSuchMethodError'{0x000000008bc33028}: 'java.lang.Object java.lang.invoke.DirectMethodHandle$Holder.invokeInterface(java.lang.Object, java.lang.Object, int)'> (0x000000008bc33028) thrown at [./src/hotspot/share/interpreter/linkResolver.cpp, line 773]
Event: 310.080 Thread 0x000001dd0f9c1800 Exception <a 'sun/nio/fs/WindowsException'{0x000000008fcd0618}> (0x000000008fcd0618) thrown at [./src/hotspot/share/prims/jni.cpp, line 615]
Event: 313.816 Thread 0x000001dd0f9be000 Exception <a 'java/lang/NoSuchMethodError'{0x000000008f97d300}: 'int java.lang.invoke.DirectMethodHandle$Holder.invokeInterface(java.lang.Object, java.lang.Object, int)'> (0x000000008f97d300) thrown at [./src/hotspot/share/interpreter/linkResolver.cpp, line 773]
Event: 315.315 Thread 0x000001dd0f9bd800 Implicit null exception at 0x000001dd07ed3fc4 to 0x000001dd07eda1b8
Event: 321.297 Thread 0x000001dd0f9c1800 Exception <a 'java/lang/NoSuchMethodError'{0x0000000090cc0db0}: 'java.lang.Object java.lang.invoke.DirectMethodHandle$Holder.invokeSpecial(java.lang.Object, java.lang.Object, java.lang.Object, java.lang.Object, java.lang.Object, java.lang.Object, java.lang.Object, java.lang.Object, java.lang.Object, java.lang.Object)'> (0x0000000090cc0db0) thrown at [./src/hotspot/share/interpreter/linkResolver.cpp, line 773]
Event: 321.299 Thread 0x000001dd0f9c1800 Exception <a 'java/lang/NoSuchMethodError'{0x0000000090cc53f0}: 'java.lang.Object java.lang.invoke.Invokers$Holder.linkToTargetMethod(java.lang.Object, java.lang.Object, java.lang.Object, java.lang.Object, java.lang.Object, java.lang.Object, java.lang.Object, java.lang.Object, java.lang.Object)'> (0x0000000090cc53f0) thrown at [./src/hotspot/share/interpreter/linkResolver.cpp, line 773]
Event: 322.167 Thread 0x000001dd0f9c1800 Implicit null exception at 0x000001dd08488a5f to 0x000001dd0848e594
Event: 322.573 Thread 0x000001dd0f9c1800 Exception <a 'java/lang/NoSuchMethodError'{0x0000000091f6a730}: 'void java.lang.invoke.DirectMethodHandle$Holder.invokeVirtual(java.lang.Object, java.lang.Object, int)'> (0x0000000091f6a730) thrown at [./src/hotspot/share/interpreter/linkResolver.cpp, line 773]
Event: 322.855 Thread 0x000001dd0f9c1800 Exception <a 'sun/nio/fs/WindowsException'{0x0000000091781280}> (0x0000000091781280) thrown at [./src/hotspot/share/prims/jni.cpp, line 615]
Event: 323.925 Thread 0x000001dd0f9be000 Implicit null exception at 0x000001dd084f3d66 to 0x000001dd084f73f4
Event: 324.345 Thread 0x000001dd0f9c1800 Exception <a 'sun/nio/fs/WindowsException'{0x0000000090efa410}> (0x0000000090efa410) thrown at [./src/hotspot/share/prims/jni.cpp, line 615]

Events (20 events):
Event: 328.379 loading class com/android/tools/r8/v/b/x0
Event: 328.379 loading class com/android/tools/r8/v/b/x0 done
Event: 328.379 loading class com/android/tools/r8/v/b/x0
Event: 328.379 loading class com/android/tools/r8/v/b/x0 done
Event: 328.380 loading class com/android/tools/r8/w/a/a/a/h/b0
Event: 328.380 loading class com/android/tools/r8/w/a/a/a/h/b0 done
Event: 328.381 loading class com/android/tools/r8/w/a/a/a/h/b0
Event: 328.381 loading class com/android/tools/r8/w/a/a/a/h/b0 done
Event: 328.382 loading class com/android/tools/r8/w/a/a/a/h/b0
Event: 328.382 loading class com/android/tools/r8/w/a/a/a/h/b0 done
Event: 328.382 loading class com/android/tools/r8/w/a/a/a/h/b0
Event: 328.382 loading class com/android/tools/r8/w/a/a/a/h/b0 done
Event: 328.383 loading class com/android/tools/r8/v/b/X
Event: 328.383 loading class com/android/tools/r8/v/b/X done
Event: 328.383 loading class com/android/tools/r8/w/a/a/a/h/b0
Event: 328.383 loading class com/android/tools/r8/w/a/a/a/h/b0 done
Event: 328.383 loading class com/android/tools/r8/ir/optimize/w
Event: 328.383 loading class com/android/tools/r8/ir/optimize/w done
Event: 328.589 Executing VM operation: G1CollectForAllocation
Event: 328.656 Executing VM operation: G1CollectForAllocation done


Dynamic libraries:
0x00007ff62aac0000 - 0x00007ff62aaca000 	D:\setups\Android Studio\jre\bin\java.exe
0x00007ffbcf060000 - 0x00007ffbcf23b000 	C:\WINDOWS\SYSTEM32\ntdll.dll
0x00007ffbce170000 - 0x00007ffbce21e000 	C:\WINDOWS\System32\KERNEL32.DLL
0x00007ffbcc370000 - 0x00007ffbcc5b9000 	C:\WINDOWS\System32\KERNELBASE.dll
0x00007ffbcc1d0000 - 0x00007ffbcc2c6000 	C:\WINDOWS\System32\ucrtbase.dll
0x00007ffba8c20000 - 0x00007ffba8c39000 	D:\setups\Android Studio\jre\bin\jli.dll
0x00007ffbce7c0000 - 0x00007ffbce90a000 	C:\WINDOWS\System32\USER32.dll
0x00007ffbcb580000 - 0x00007ffbcb59e000 	C:\WINDOWS\System32\win32u.dll
0x00007ffbbd870000 - 0x00007ffbbdad7000 	C:\WINDOWS\WinSxS\amd64_microsoft.windows.common-controls_6595b64144ccf1df_6.0.15063.0_none_108e4f62dfe5d999\COMCTL32.dll
0x00007ffbce320000 - 0x00007ffbce347000 	C:\WINDOWS\System32\GDI32.dll
0x00007ffbce280000 - 0x00007ffbce31d000 	C:\WINDOWS\System32\msvcrt.dll
0x00007ffbcb6a0000 - 0x00007ffbcb829000 	C:\WINDOWS\System32\gdi32full.dll
0x00007ffbcc2d0000 - 0x00007ffbcc36a000 	C:\WINDOWS\System32\msvcp_win.dll
0x00007ffbceb20000 - 0x00007ffbcee19000 	C:\WINDOWS\System32\combase.dll
0x00007ffbcc5c0000 - 0x00007ffbcc6e5000 	C:\WINDOWS\System32\RPCRT4.dll
0x00007ffbcc160000 - 0x00007ffbcc1ca000 	C:\WINDOWS\System32\bcryptPrimitives.dll
0x00007ffba88a0000 - 0x00007ffba88b7000 	D:\setups\Android Studio\jre\bin\VCRUNTIME140.dll
0x00007ffbce4a0000 - 0x00007ffbce4cd000 	C:\WINDOWS\System32\IMM32.DLL
0x00007ffba8800000 - 0x00007ffba889d000 	D:\setups\Android Studio\jre\bin\msvcp140.dll
0x00007ffb9faa0000 - 0x00007ffba055c000 	D:\setups\Android Studio\jre\bin\server\jvm.dll
0x00007ffbcc700000 - 0x00007ffbcc7a1000 	C:\WINDOWS\System32\ADVAPI32.dll
0x00007ffbce220000 - 0x00007ffbce279000 	C:\WINDOWS\System32\sechost.dll
0x00007ffbce910000 - 0x00007ffbce918000 	C:\WINDOWS\System32\PSAPI.DLL
0x00007ffbb5de0000 - 0x00007ffbb5de9000 	C:\WINDOWS\SYSTEM32\WSOCK32.dll
0x00007ffbce640000 - 0x00007ffbce6ac000 	C:\WINDOWS\System32\WS2_32.dll
0x00007ffbc9880000 - 0x00007ffbc98a3000 	C:\WINDOWS\SYSTEM32\WINMM.dll
0x00007ffbbbe30000 - 0x00007ffbbbe3a000 	C:\WINDOWS\SYSTEM32\VERSION.dll
0x00007ffbc95c0000 - 0x00007ffbc95eb000 	C:\WINDOWS\SYSTEM32\WINMMBASE.dll
0x00007ffbcb650000 - 0x00007ffbcb699000 	C:\WINDOWS\System32\cfgmgr32.dll
0x00007ffbcb560000 - 0x00007ffbcb571000 	C:\WINDOWS\System32\kernel.appcore.dll
0x00007ffba74d0000 - 0x00007ffba74e1000 	D:\setups\Android Studio\jre\bin\verify.dll
0x00007ffbc72a0000 - 0x00007ffbc7449000 	C:\WINDOWS\SYSTEM32\DBGHELP.DLL
0x00007ffbbbea0000 - 0x00007ffbbbec9000 	C:\WINDOWS\SYSTEM32\dbgcore.DLL
0x00007ffba74a0000 - 0x00007ffba74c9000 	D:\setups\Android Studio\jre\bin\java.dll
0x00007ffba8a70000 - 0x00007ffba8a7b000 	D:\setups\Android Studio\jre\bin\jimage.dll
0x00007ffba7480000 - 0x00007ffba7498000 	D:\setups\Android Studio\jre\bin\zip.dll
0x00007ffbccd30000 - 0x00007ffbce167000 	C:\WINDOWS\System32\SHELL32.dll
0x00007ffbcefb0000 - 0x00007ffbcf05a000 	C:\WINDOWS\System32\shcore.dll
0x00007ffbcba00000 - 0x00007ffbcc0f2000 	C:\WINDOWS\System32\windows.storage.dll
0x00007ffbccc50000 - 0x00007ffbccca1000 	C:\WINDOWS\System32\shlwapi.dll
0x00007ffbcb4f0000 - 0x00007ffbcb53c000 	C:\WINDOWS\System32\powrprof.dll
0x00007ffbcb4d0000 - 0x00007ffbcb4e5000 	C:\WINDOWS\System32\profapi.dll
0x00007ffba75c0000 - 0x00007ffba75da000 	D:\setups\Android Studio\jre\bin\net.dll
0x00007ffbbba20000 - 0x00007ffbbbaf7000 	C:\WINDOWS\SYSTEM32\WINHTTP.dll
0x00007ffbcad80000 - 0x00007ffbcaddc000 	C:\WINDOWS\system32\mswsock.dll
0x00007ffba75a0000 - 0x00007ffba75b4000 	D:\setups\Android Studio\jre\bin\nio.dll
0x00007ffba9370000 - 0x00007ffba9397000 	C:\Users\Mirza Sahb\.gradle\native\fdc75f09e3144964f2cf3f50f0aa648679c211496f362492102eb8c894070792\windows-amd64\native-platform.dll
0x00007ffba4a10000 - 0x00007ffba4ba6000 	C:\Users\Mirza Sahb\.gradle\native\12488b8bf47d2d4c9fbf2f6322a914ad602e24e48041cd04a747c6da556b65c4\windows-amd64\native-platform-file-events.dll
0x00007ffba8540000 - 0x00007ffba854a000 	D:\setups\Android Studio\jre\bin\management.dll
0x00007ffba8010000 - 0x00007ffba801c000 	D:\setups\Android Studio\jre\bin\management_ext.dll
0x00007ffbcaf20000 - 0x00007ffbcaf37000 	C:\WINDOWS\SYSTEM32\CRYPTSP.dll
0x00007ffbca9a0000 - 0x00007ffbca9d4000 	C:\WINDOWS\system32\rsaenh.dll
0x00007ffbcb410000 - 0x00007ffbcb435000 	C:\WINDOWS\SYSTEM32\bcrypt.dll
0x00007ffbcb3a0000 - 0x00007ffbcb3c9000 	C:\WINDOWS\SYSTEM32\USERENV.dll
0x00007ffbcb390000 - 0x00007ffbcb39b000 	C:\WINDOWS\SYSTEM32\CRYPTBASE.dll
0x00007ffbcab20000 - 0x00007ffbcab57000 	C:\WINDOWS\SYSTEM32\IPHLPAPI.DLL
0x00007ffbceee0000 - 0x00007ffbceee8000 	C:\WINDOWS\System32\NSI.dll
0x00007ffbbfaf0000 - 0x00007ffbbfb06000 	C:\WINDOWS\SYSTEM32\dhcpcsvc6.DLL
0x00007ffbbfd60000 - 0x00007ffbbfd7a000 	C:\WINDOWS\SYSTEM32\dhcpcsvc.DLL
0x00007ffbc1830000 - 0x00007ffbc183b000 	C:\WINDOWS\SYSTEM32\WINNSI.DLL
0x00007ffba6fb0000 - 0x00007ffba6fd7000 	D:\setups\Android Studio\jre\bin\sunec.dll
0x00007ffbcab60000 - 0x00007ffbcac04000 	C:\WINDOWS\SYSTEM32\DNSAPI.dll
0x00007ffbbab60000 - 0x00007ffbbab6a000 	C:\Windows\System32\rasadhlp.dll
0x00007ffbbe4b0000 - 0x00007ffbbe51b000 	C:\WINDOWS\System32\fwpuclnt.dll
0x00007ffbc9aa0000 - 0x00007ffbc9b1e000 	C:\WINDOWS\system32\apphelp.dll

dbghelp: loaded successfully - version: 4.0.5 - missing functions: none
symbol engine: initialized successfully - sym options: 0x614 - pdb path: .;D:\setups\Android Studio\jre\bin;C:\WINDOWS\SYSTEM32;C:\WINDOWS\WinSxS\amd64_microsoft.windows.common-controls_6595b64144ccf1df_6.0.15063.0_none_108e4f62dfe5d999;D:\setups\Android Studio\jre\bin\server;C:\Users\Mirza Sahb\.gradle\native\fdc75f09e3144964f2cf3f50f0aa648679c211496f362492102eb8c894070792\windows-amd64;C:\Users\Mirza Sahb\.gradle\native\12488b8bf47d2d4c9fbf2f6322a914ad602e24e48041cd04a747c6da556b65c4\windows-amd64

VM Arguments:
jvm_args: --add-opens=java.base/java.util=ALL-UNNAMED --add-opens=java.base/java.lang=ALL-UNNAMED --add-opens=java.base/java.lang.invoke=ALL-UNNAMED --add-opens=java.prefs/java.util.prefs=ALL-UNNAMED -Xmx2048m -Dfile.encoding=UTF-8 -Duser.country=US -Duser.language=en -Duser.variant 
java_command: org.gradle.launcher.daemon.bootstrap.GradleDaemon 6.7.1
java_class_path (initial): C:\Users\Mirza Sahb\.gradle\wrapper\dists\gradle-6.7.1-bin\bwlcbys1h7rz3272sye1xwiv6\gradle-6.7.1\lib\gradle-launcher-6.7.1.jar
Launcher Type: SUN_STANDARD

[Global flags]
     intx CICompilerCount                          = 3                                         {product} {ergonomic}
     uint ConcGCThreads                            = 1                                         {product} {ergonomic}
     uint G1ConcRefinementThreads                  = 4                                         {product} {ergonomic}
   size_t G1HeapRegionSize                         = 1048576                                   {product} {ergonomic}
    uintx GCDrainStackTargetSize                   = 64                                        {product} {ergonomic}
   size_t InitialHeapSize                          = 67108864                                  {product} {ergonomic}
   size_t MarkStackSize                            = 4194304                                   {product} {ergonomic}
   size_t MaxHeapSize                              = 2147483648                                {product} {command line}
   size_t MaxNewSize                               = 1287651328                                {product} {ergonomic}
   size_t MinHeapDeltaBytes                        = 1048576                                   {product} {ergonomic}
    uintx NonNMethodCodeHeapSize                   = 5830732                                {pd product} {ergonomic}
    uintx NonProfiledCodeHeapSize                  = 122913754                              {pd product} {ergonomic}
    uintx ProfiledCodeHeapSize                     = 122913754                              {pd product} {ergonomic}
    uintx ReservedCodeCacheSize                    = 251658240                              {pd product} {ergonomic}
     bool SegmentedCodeCache                       = true                                      {product} {ergonomic}
     bool UseCompressedClassPointers               = true                                 {lp64_product} {ergonomic}
     bool UseCompressedOops                        = true                                 {lp64_product} {ergonomic}
     bool UseG1GC                                  = true                                      {product} {ergonomic}
     bool UseLargePagesIndividualAllocation        = false                                  {pd product} {ergonomic}

Logging:
Log output configuration:
 #0: stdout all=warning uptime,level,tags
 #1: stderr all=off uptime,level,tags

Environment Variables:
JAVA_HOME=D:\setups\Java\JRE
PATH=C:\Program Files (x86)\Common Files\Oracle\Java\javapath;C:\WINDOWS\system32;C:\WINDOWS;C:\WINDOWS\System32\Wbem;C:\WINDOWS\System32\WindowsPowerShell\v1.0\;C:\Program Files\nodejs\;C:\Users\Mirza Sahb\AppData\Local\Microsoft\WindowsApps;D:\setups\flutter\bin;C:\Users\Mirza Sahb\AppData\Local\Android\Sdk\platform-tools;C:\Users\Mirza Sahb\AppData\Roaming\npm
USERNAME=Mirza Sahb
OS=Windows_NT
PROCESSOR_IDENTIFIER=Intel64 Family 6 Model 61 Stepping 4, GenuineIntel



---------------  S Y S T E M  ---------------

OS: Windows 10 , 64 bit Build 15063 (10.0.15063.0)
OS uptime: 0 days 1:35 hours

CPU:total 4 (initial active 4) (2 cores per cpu, 2 threads per core) family 6 model 61 stepping 4, cmov, cx8, fxsr, mmx, sse, sse2, sse3, ssse3, sse4.1, sse4.2, popcnt, avx, avx2, aes, clmul, erms, 3dnowpref, lzcnt, ht, tsc, tscinvbit, bmi1, bmi2, adx, fma

Memory: 4k page, system-wide physical 4011M (485M free)
TotalPageFile size 5474M (AvailPageFile size 0M)
current process WorkingSet (physical memory assigned to process): 751M, peak: 751M
current process commit charge ("private bytes"): 833M, peak: 833M

vm_info: OpenJDK 64-Bit Server VM (11.0.8+10-b944.6842174) for windows-amd64 JRE (11.0.8+10-b944.6842174), built on Sep 19 2020 01:11:42 by "builder" with MS VC++ 14.0 (VS2015)

END.
